{"name":"POST - As a user I failed to create account with not use domain email","id":"as-user-i-want-to-create-account-so-that-i-can-login-and-see-home-page;post---as-a-user-i-failed-to-create-account-with-not-use-domain-email","testSteps":[{"number":1,"description":"Given user set endpoint for register","duration":9,"startTime":"2022-06-17T19:50:58.347+07:00[Asia/Bangkok]","result":"SUCCESS","precondition":false,"level":0,"children":[{"number":2,"description":"user set endpoint for register","duration":1,"startTime":"2022-06-17T19:50:58.353+07:00[Asia/Bangkok]","result":"SUCCESS","precondition":false,"level":1}]},{"number":3,"description":"When user send POST HTTP request with not use domain email","duration":1754,"startTime":"2022-06-17T19:50:58.357+07:00[Asia/Bangkok]","result":"SUCCESS","precondition":false,"level":0,"children":[{"number":4,"description":"user send POST HTTP request with not use domain email","duration":1748,"startTime":"2022-06-17T19:50:58.360+07:00[Asia/Bangkok]","result":"SUCCESS","precondition":false,"level":1,"children":[{"number":5,"description":"user set endpoint for register","duration":1,"startTime":"2022-06-17T19:50:58.366+07:00[Asia/Bangkok]","result":"SUCCESS","precondition":false,"level":2},{"number":6,"description":"POST http://3.88.14.239:80/api/auth/signup\r","duration":0,"startTime":"2022-06-17T19:51:00.108+07:00[Asia/Bangkok]","result":"SUCCESS","restQuery":{"method":"POST","path":"http://3.88.14.239:80/api/auth/signup\r","content":"{\n    \"password\": \"password!2\",\n    \"email\": \"user111@fksk\",\n    \"username\": \"user111\"\n}\r","contentType":"application/json","requestHeaders":"Accept\u003d*/*\r\n\t\t\t\tContent-Type\u003dapplication/json; charset\u003dUTF-8\r","requestCookies":"\r","responseHeaders":"X-Content-Type-Options: nosniff\r\nX-XSS-Protection: 1; mode\u003dblock\r\nCache-Control: no-cache, no-store, max-age\u003d0, must-revalidate\r\nPragma: no-cache\r\nExpires: 0\r\nX-Frame-Options: SAMEORIGIN\r\nContent-Type: application/json\r\nDate: Fri, 17 Jun 2022 12:51:00 GMT\r\nTransfer-Encoding: chunked\r\nConnection: keep-alive\r\nVary: Origin\r","responseCookies":"\r","responseBody":"{\n    \"message\": \"User registered successfully!\"\n}","statusCode":200},"precondition":false,"level":2}]}]},{"number":7,"description":"Then user see status code 400 and fail to create account","duration":96,"startTime":"2022-06-17T19:51:00.113+07:00[Asia/Bangkok]","exception":{"errorType":"java.lang.AssertionError","message":"1 expectation failed.\nExpected status code \u003c400\u003e but was \u003c200\u003e.\n","stackTrace":[{"declaringClass":"io.restassured.internal.ResponseSpecificationImpl","methodName":"validateResponseIfRequired","fileName":"ResponseSpecificationImpl.groovy","lineNumber":674},{"declaringClass":"io.restassured.internal.ResponseSpecificationImpl","methodName":"statusCode","fileName":"ResponseSpecificationImpl.groovy","lineNumber":126},{"declaringClass":"io.restassured.internal.ResponseSpecificationImpl","methodName":"statusCode","fileName":"ResponseSpecificationImpl.groovy","lineNumber":134},{"declaringClass":"io.restassured.internal.ValidatableResponseOptionsImpl","methodName":"statusCode","fileName":"ValidatableResponseOptionsImpl.java","lineNumber":89},{"declaringClass":"io.restassured.internal.ValidatableResponseImpl","methodName":"super$2$statusCode","fileName":"ValidatableResponseImpl.groovy","lineNumber":-1},{"declaringClass":"groovy.lang.MetaMethod","methodName":"doMethodInvoke","fileName":"MetaMethod.java","lineNumber":323},{"declaringClass":"groovy.lang.MetaClassImpl","methodName":"invokeMethod","fileName":"MetaClassImpl.java","lineNumber":1267},{"declaringClass":"io.restassured.internal.ValidatableResponseImpl","methodName":"statusCode","fileName":"ValidatableResponseImpl.groovy","lineNumber":142},{"declaringClass":"io.restassured.internal.ValidatableResponseImpl","methodName":"statusCode","fileName":"ValidatableResponseImpl.groovy","lineNumber":-1},{"declaringClass":"starter.register.PostRegist","methodName":"lambda$receiveResponseCode400$2","fileName":"PostRegist.java","lineNumber":54},{"declaringClass":"net.serenitybdd.rest.SerenityRest","methodName":"restAssuredThat","fileName":"SerenityRest.java","lineNumber":626},{"declaringClass":"starter.register.PostRegist","methodName":"receiveResponseCode400","fileName":"PostRegist.java","lineNumber":54},{"declaringClass":"starter.stepdefenitions.RegistStep","methodName":"userSeeStatusCodeAndFailToCreateAccount","fileName":"RegistStep.java","lineNumber":41},{"declaringClass":"âœ½","methodName":"user see status code 400 and fail to create account","fileName":"file:///D:/kampus%20merdeka/QE_Capstone%20Kanbo/capstone/api/src/test/resources/api/Register.feature","lineNumber":36}]},"result":"FAILURE","precondition":false,"level":0,"children":[{"number":8,"description":"user get respone code 400","duration":76,"startTime":"2022-06-17T19:51:00.117+07:00[Asia/Bangkok]","exception":{"errorType":"java.lang.AssertionError","message":"1 expectation failed.\nExpected status code \u003c400\u003e but was \u003c200\u003e.\n","stackTrace":[{"declaringClass":"io.restassured.internal.ResponseSpecificationImpl","methodName":"validateResponseIfRequired","fileName":"ResponseSpecificationImpl.groovy","lineNumber":674},{"declaringClass":"io.restassured.internal.ResponseSpecificationImpl","methodName":"statusCode","fileName":"ResponseSpecificationImpl.groovy","lineNumber":126},{"declaringClass":"io.restassured.internal.ResponseSpecificationImpl","methodName":"statusCode","fileName":"ResponseSpecificationImpl.groovy","lineNumber":134},{"declaringClass":"io.restassured.internal.ValidatableResponseOptionsImpl","methodName":"statusCode","fileName":"ValidatableResponseOptionsImpl.java","lineNumber":89},{"declaringClass":"io.restassured.internal.ValidatableResponseImpl","methodName":"super$2$statusCode","fileName":"ValidatableResponseImpl.groovy","lineNumber":-1},{"declaringClass":"groovy.lang.MetaMethod","methodName":"doMethodInvoke","fileName":"MetaMethod.java","lineNumber":323},{"declaringClass":"groovy.lang.MetaClassImpl","methodName":"invokeMethod","fileName":"MetaClassImpl.java","lineNumber":1267},{"declaringClass":"io.restassured.internal.ValidatableResponseImpl","methodName":"statusCode","fileName":"ValidatableResponseImpl.groovy","lineNumber":142},{"declaringClass":"io.restassured.internal.ValidatableResponseImpl","methodName":"statusCode","fileName":"ValidatableResponseImpl.groovy","lineNumber":-1},{"declaringClass":"starter.register.PostRegist","methodName":"lambda$receiveResponseCode400$2","fileName":"PostRegist.java","lineNumber":54},{"declaringClass":"net.serenitybdd.rest.SerenityRest","methodName":"restAssuredThat","fileName":"SerenityRest.java","lineNumber":626},{"declaringClass":"starter.register.PostRegist","methodName":"receiveResponseCode400","fileName":"PostRegist.java","lineNumber":54},{"declaringClass":"starter.stepdefenitions.RegistStep","methodName":"userSeeStatusCodeAndFailToCreateAccount","fileName":"RegistStep.java","lineNumber":41},{"declaringClass":"io.cucumber.java.Invoker","methodName":"doInvoke","fileName":"Invoker.java","lineNumber":66},{"declaringClass":"io.cucumber.java.Invoker","methodName":"invoke","fileName":"Invoker.java","lineNumber":24},{"declaringClass":"io.cucumber.java.AbstractGlueDefinition","methodName":"invokeMethod","fileName":"AbstractGlueDefinition.java","lineNumber":47},{"declaringClass":"io.cucumber.java.JavaStepDefinition","methodName":"execute","fileName":"JavaStepDefinition.java","lineNumber":29},{"declaringClass":"io.cucumber.core.runner.CoreStepDefinition","methodName":"execute","fileName":"CoreStepDefinition.java","lineNumber":66},{"declaringClass":"io.cucumber.core.runner.PickleStepDefinitionMatch","methodName":"runStep","fileName":"PickleStepDefinitionMatch.java","lineNumber":63},{"declaringClass":"io.cucumber.core.runner.TestStep","methodName":"executeStep","fileName":"TestStep.java","lineNumber":92},{"declaringClass":"io.cucumber.core.runner.TestStep","methodName":"run","fileName":"TestStep.java","lineNumber":64},{"declaringClass":"io.cucumber.core.runner.PickleStepTestStep","methodName":"run","fileName":"PickleStepTestStep.java","lineNumber":51},{"declaringClass":"io.cucumber.core.runner.TestCase","methodName":"run","fileName":"TestCase.java","lineNumber":104},{"declaringClass":"io.cucumber.core.runner.Runner","methodName":"runPickle","fileName":"Runner.java","lineNumber":73},{"declaringClass":"io.cucumber.junit.FeatureRunner","methodName":"runChild","fileName":"FeatureRunner.java","lineNumber":135},{"declaringClass":"io.cucumber.junit.FeatureRunner","methodName":"runChild","fileName":"FeatureRunner.java","lineNumber":27},{"declaringClass":"io.cucumber.junit.CucumberSerenityRunner","methodName":"runChild","fileName":"CucumberSerenityRunner.java","lineNumber":258},{"declaringClass":"io.cucumber.junit.CucumberSerenityRunner","methodName":"runChild","fileName":"CucumberSerenityRunner.java","lineNumber":57}]},"result":"FAILURE","precondition":false,"level":1}]},{"number":9,"description":"And user get error message after regist","duration":7,"startTime":"2022-06-17T19:51:00.215+07:00[Asia/Bangkok]","result":"SKIPPED","precondition":false,"level":0}],"userStory":{"id":"as-user-i-want-to-create-account-so-that-i-can-login-and-see-home-page","storyName":"As user i want to create account So that i can login and see home page","path":"file:///D:/kampus%20merdeka/QE_Capstone%20Kanbo/capstone/api/src/test/resources/api/Register.feature","type":"feature"},"featureTag":{"name":"Api/As user i want to create account So that i can login and see home page","type":"feature","displayName":"Api/As user i want to create account So that i can login and see home page"},"title":"POST - As a user I failed to create account with not use domain email","description":"","tags":[{"name":"register-negative","type":"tag","displayName":"register-negative"},{"name":"register","type":"tag","displayName":"register"}],"startTime":"2022-06-17T19:50:58.342+07:00[Asia/Bangkok]","duration":1884,"testFailureCause":{"errorType":"java.lang.AssertionError","message":"1 expectation failed.\nExpected status code \u003c400\u003e but was \u003c200\u003e.\n","stackTrace":[{"declaringClass":"io.restassured.internal.ResponseSpecificationImpl","methodName":"validateResponseIfRequired","fileName":"ResponseSpecificationImpl.groovy","lineNumber":674},{"declaringClass":"io.restassured.internal.ResponseSpecificationImpl","methodName":"statusCode","fileName":"ResponseSpecificationImpl.groovy","lineNumber":126},{"declaringClass":"io.restassured.internal.ResponseSpecificationImpl","methodName":"statusCode","fileName":"ResponseSpecificationImpl.groovy","lineNumber":134},{"declaringClass":"io.restassured.internal.ValidatableResponseOptionsImpl","methodName":"statusCode","fileName":"ValidatableResponseOptionsImpl.java","lineNumber":89},{"declaringClass":"io.restassured.internal.ValidatableResponseImpl","methodName":"super$2$statusCode","fileName":"ValidatableResponseImpl.groovy","lineNumber":-1},{"declaringClass":"groovy.lang.MetaMethod","methodName":"doMethodInvoke","fileName":"MetaMethod.java","lineNumber":323},{"declaringClass":"groovy.lang.MetaClassImpl","methodName":"invokeMethod","fileName":"MetaClassImpl.java","lineNumber":1267},{"declaringClass":"io.restassured.internal.ValidatableResponseImpl","methodName":"statusCode","fileName":"ValidatableResponseImpl.groovy","lineNumber":142},{"declaringClass":"io.restassured.internal.ValidatableResponseImpl","methodName":"statusCode","fileName":"ValidatableResponseImpl.groovy","lineNumber":-1},{"declaringClass":"starter.register.PostRegist","methodName":"lambda$receiveResponseCode400$2","fileName":"PostRegist.java","lineNumber":54},{"declaringClass":"net.serenitybdd.rest.SerenityRest","methodName":"restAssuredThat","fileName":"SerenityRest.java","lineNumber":626},{"declaringClass":"starter.register.PostRegist","methodName":"receiveResponseCode400","fileName":"PostRegist.java","lineNumber":54},{"declaringClass":"starter.stepdefenitions.RegistStep","methodName":"userSeeStatusCodeAndFailToCreateAccount","fileName":"RegistStep.java","lineNumber":41},{"declaringClass":"io.cucumber.java.Invoker","methodName":"doInvoke","fileName":"Invoker.java","lineNumber":66},{"declaringClass":"io.cucumber.java.Invoker","methodName":"invoke","fileName":"Invoker.java","lineNumber":24},{"declaringClass":"io.cucumber.java.AbstractGlueDefinition","methodName":"invokeMethod","fileName":"AbstractGlueDefinition.java","lineNumber":47},{"declaringClass":"io.cucumber.java.JavaStepDefinition","methodName":"execute","fileName":"JavaStepDefinition.java","lineNumber":29},{"declaringClass":"io.cucumber.core.runner.CoreStepDefinition","methodName":"execute","fileName":"CoreStepDefinition.java","lineNumber":66},{"declaringClass":"io.cucumber.core.runner.PickleStepDefinitionMatch","methodName":"runStep","fileName":"PickleStepDefinitionMatch.java","lineNumber":63},{"declaringClass":"io.cucumber.core.runner.TestStep","methodName":"executeStep","fileName":"TestStep.java","lineNumber":92},{"declaringClass":"io.cucumber.core.runner.TestStep","methodName":"run","fileName":"TestStep.java","lineNumber":64},{"declaringClass":"io.cucumber.core.runner.PickleStepTestStep","methodName":"run","fileName":"PickleStepTestStep.java","lineNumber":51},{"declaringClass":"io.cucumber.core.runner.TestCase","methodName":"run","fileName":"TestCase.java","lineNumber":104},{"declaringClass":"io.cucumber.core.runner.Runner","methodName":"runPickle","fileName":"Runner.java","lineNumber":73},{"declaringClass":"io.cucumber.junit.FeatureRunner","methodName":"runChild","fileName":"FeatureRunner.java","lineNumber":135},{"declaringClass":"io.cucumber.junit.FeatureRunner","methodName":"runChild","fileName":"FeatureRunner.java","lineNumber":27},{"declaringClass":"io.cucumber.junit.CucumberSerenityRunner","methodName":"runChild","fileName":"CucumberSerenityRunner.java","lineNumber":258},{"declaringClass":"io.cucumber.junit.CucumberSerenityRunner","methodName":"runChild","fileName":"CucumberSerenityRunner.java","lineNumber":57}]},"testFailureClassname":"java.lang.AssertionError","testFailureMessage":"1 expectation failed.\nExpected status code \u003c400\u003e but was \u003c200\u003e.\n","testFailureSummary":"FAILURE;java.lang.AssertionError;1 expectation failed.\nExpected status code \u003c400\u003e but was \u003c200\u003e.\n;ResponseSpecificationImpl.groovy","projectKey":"","annotatedResult":"FAILURE","isManualTestingUpToDate":false,"manual":false,"testSource":"Cucumber","result":"FAILURE"}