<?xml version="1.0" encoding="UTF-8"?><testsuite errors="0" failures="0" name="As admin i want to create account So that i can login and see home page" skipped="0" tests="17" time="22.3" timestamp="2022-07-03 08:12:12"><testcase name="POST - As a admin I success to create account with valid data"/><testcase name="POST - As a admin I failed to create account with empty data"/><testcase name="POST - As a admin I failed to create account with empty email"/><testcase name="POST - As a admin I failed to create account with not use @ in email"/><testcase name="POST - As a admin I failed to create account with not use domain email"/><testcase name="POST - As a admin I failed to create account with registered email"/><testcase name="POST - As a admin I failed to create account with empty username"/><testcase name="POST - As a admin I failed to create account with registered username"/><testcase name="POST - As a admin I success to create account with fill number on username field"/><testcase name="POST - As a admin I success to create account with fill letter only on username field"/><testcase name="POST - As a admin I failed to create account with empty password"/><testcase name="POST - As a admin I failed to create account with invalid password"/><testcase name="POST - As a admin I success to create account with fill password with number only"/><testcase name="POST - As a admin i success to create account with fill password with letter only"/><testcase name="POST - As a admin i success to create account with fill password with combination char"/><testcase name="POST - As a admin I failed to create account with maks random char"/><testcase name="POST - As a admin I failed to create account with invalid endpoint"/></testsuite>