<?xml version="1.0" encoding="UTF-8"?><testsuite errors="0" failures="4" name="As a admin I want to manage city" skipped="0" tests="7" time="17.14" timestamp="2022-06-24 06:59:59"><testcase name=": As admin i want to login so that i can manage city"/><testcase name="As admin i want to see all list city with valid endpoint"><failure message="1 expectation failed.&#10;Expected status code &lt;200&gt; but was &lt;401&gt;.&#10;" type="java.lang.AssertionError">1 expectation failed.
Expected status code &lt;200&gt; but was &lt;401&gt;.
</failure><system-err>1 expectation failed.
Expected status code &lt;200&gt; but was &lt;401&gt;.
&#13;
io.restassured.internal.ResponseSpecificationImpl.validateResponseIfRequired(ResponseSpecificationImpl.groovy:674)&#13;
io.restassured.internal.ResponseSpecificationImpl.statusCode(ResponseSpecificationImpl.groovy:126)&#13;
io.restassured.internal.ResponseSpecificationImpl.statusCode(ResponseSpecificationImpl.groovy:134)&#13;
io.restassured.internal.ValidatableResponseOptionsImpl.statusCode(ValidatableResponseOptionsImpl.java:89)&#13;
io.restassured.internal.ValidatableResponseImpl.super$2$statusCode(ValidatableResponseImpl.groovy)&#13;
groovy.lang.MetaMethod.doMethodInvoke(MetaMethod.java:323)&#13;
groovy.lang.MetaClassImpl.invokeMethod(MetaClassImpl.java:1267)&#13;
io.restassured.internal.ValidatableResponseImpl.statusCode(ValidatableResponseImpl.groovy:142)&#13;
io.restassured.internal.ValidatableResponseImpl.statusCode(ValidatableResponseImpl.groovy)&#13;
starter.manage.city.PostCity.lambda$getStatusCodeOnCity$3(PostCity.java:87)&#13;
net.serenitybdd.rest.SerenityRest.restAssuredThat(SerenityRest.java:626)&#13;
starter.manage.city.PostCity.getStatusCodeOnCity(PostCity.java:87)&#13;
starter.stepdefenitions.CitySteps.adminGetStatusCodeOnCity(CitySteps.java:96)&#13;
✽.admin get status code 200 on city(file:///D:/kampus%20merdeka/QE_Capstone%20Kanbo/capstone/api/src/test/resources/api/City.feature:13)&#13;
</system-err></testcase><testcase name="As admin i want to see all list city with invalid endpoint"/><testcase name="As admin i want to create new city with valid endpoint"><failure message="1 expectation failed.&#10;Expected status code &lt;200&gt; but was &lt;401&gt;.&#10;" type="java.lang.AssertionError">1 expectation failed.
Expected status code &lt;200&gt; but was &lt;401&gt;.
</failure><system-err>1 expectation failed.
Expected status code &lt;200&gt; but was &lt;401&gt;.
&#13;
io.restassured.internal.ResponseSpecificationImpl.validateResponseIfRequired(ResponseSpecificationImpl.groovy:674)&#13;
io.restassured.internal.ResponseSpecificationImpl.statusCode(ResponseSpecificationImpl.groovy:126)&#13;
io.restassured.internal.ResponseSpecificationImpl.statusCode(ResponseSpecificationImpl.groovy:134)&#13;
io.restassured.internal.ValidatableResponseOptionsImpl.statusCode(ValidatableResponseOptionsImpl.java:89)&#13;
io.restassured.internal.ValidatableResponseImpl.super$2$statusCode(ValidatableResponseImpl.groovy)&#13;
groovy.lang.MetaMethod.doMethodInvoke(MetaMethod.java:323)&#13;
groovy.lang.MetaClassImpl.invokeMethod(MetaClassImpl.java:1267)&#13;
io.restassured.internal.ValidatableResponseImpl.statusCode(ValidatableResponseImpl.groovy:142)&#13;
io.restassured.internal.ValidatableResponseImpl.statusCode(ValidatableResponseImpl.groovy)&#13;
starter.manage.city.PostCity.lambda$getStatusCodeOnCity$3(PostCity.java:87)&#13;
net.serenitybdd.rest.SerenityRest.restAssuredThat(SerenityRest.java:626)&#13;
starter.manage.city.PostCity.getStatusCodeOnCity(PostCity.java:87)&#13;
starter.stepdefenitions.CitySteps.adminGetStatusCodeOnCity(CitySteps.java:96)&#13;
✽.admin get status code 200 on city(file:///D:/kampus%20merdeka/QE_Capstone%20Kanbo/capstone/api/src/test/resources/api/City.feature:25)&#13;
</system-err></testcase><testcase name="As admin i want to create new city with invalid endpoint"/><testcase name="As admin i want to create new city with invalid input data"><failure message="1 expectation failed.&#10;Expected status code &lt;400&gt; but was &lt;401&gt;.&#10;" type="java.lang.AssertionError">1 expectation failed.
Expected status code &lt;400&gt; but was &lt;401&gt;.
</failure><system-err>1 expectation failed.
Expected status code &lt;400&gt; but was &lt;401&gt;.
&#13;
io.restassured.internal.ResponseSpecificationImpl.validateResponseIfRequired(ResponseSpecificationImpl.groovy:674)&#13;
io.restassured.internal.ResponseSpecificationImpl.statusCode(ResponseSpecificationImpl.groovy:126)&#13;
io.restassured.internal.ResponseSpecificationImpl.statusCode(ResponseSpecificationImpl.groovy:134)&#13;
io.restassured.internal.ValidatableResponseOptionsImpl.statusCode(ValidatableResponseOptionsImpl.java:89)&#13;
io.restassured.internal.ValidatableResponseImpl.super$2$statusCode(ValidatableResponseImpl.groovy)&#13;
groovy.lang.MetaMethod.doMethodInvoke(MetaMethod.java:323)&#13;
groovy.lang.MetaClassImpl.invokeMethod(MetaClassImpl.java:1267)&#13;
io.restassured.internal.ValidatableResponseImpl.statusCode(ValidatableResponseImpl.groovy:142)&#13;
io.restassured.internal.ValidatableResponseImpl.statusCode(ValidatableResponseImpl.groovy)&#13;
starter.manage.city.PostCity.lambda$getStatusCodeOnCity$3(PostCity.java:87)&#13;
net.serenitybdd.rest.SerenityRest.restAssuredThat(SerenityRest.java:626)&#13;
starter.manage.city.PostCity.getStatusCodeOnCity(PostCity.java:87)&#13;
starter.stepdefenitions.CitySteps.adminGetStatusCodeOnCity(CitySteps.java:96)&#13;
✽.admin get status code 400 on city(file:///D:/kampus%20merdeka/QE_Capstone%20Kanbo/capstone/api/src/test/resources/api/City.feature:37)&#13;
</system-err></testcase><testcase name="As admin i want to create new city with same name"><failure message="1 expectation failed.&#10;Expected status code &lt;400&gt; but was &lt;401&gt;.&#10;" type="java.lang.AssertionError">1 expectation failed.
Expected status code &lt;400&gt; but was &lt;401&gt;.
</failure><system-err>1 expectation failed.
Expected status code &lt;400&gt; but was &lt;401&gt;.
&#13;
io.restassured.internal.ResponseSpecificationImpl.validateResponseIfRequired(ResponseSpecificationImpl.groovy:674)&#13;
io.restassured.internal.ResponseSpecificationImpl.statusCode(ResponseSpecificationImpl.groovy:126)&#13;
io.restassured.internal.ResponseSpecificationImpl.statusCode(ResponseSpecificationImpl.groovy:134)&#13;
io.restassured.internal.ValidatableResponseOptionsImpl.statusCode(ValidatableResponseOptionsImpl.java:89)&#13;
io.restassured.internal.ValidatableResponseImpl.super$2$statusCode(ValidatableResponseImpl.groovy)&#13;
groovy.lang.MetaMethod.doMethodInvoke(MetaMethod.java:323)&#13;
groovy.lang.MetaClassImpl.invokeMethod(MetaClassImpl.java:1267)&#13;
io.restassured.internal.ValidatableResponseImpl.statusCode(ValidatableResponseImpl.groovy:142)&#13;
io.restassured.internal.ValidatableResponseImpl.statusCode(ValidatableResponseImpl.groovy)&#13;
starter.manage.city.PostCity.lambda$getStatusCodeOnCity$3(PostCity.java:87)&#13;
net.serenitybdd.rest.SerenityRest.restAssuredThat(SerenityRest.java:626)&#13;
starter.manage.city.PostCity.getStatusCodeOnCity(PostCity.java:87)&#13;
starter.stepdefenitions.CitySteps.adminGetStatusCodeOnCity(CitySteps.java:96)&#13;
✽.admin get status code 400 on city(file:///D:/kampus%20merdeka/QE_Capstone%20Kanbo/capstone/api/src/test/resources/api/City.feature:43)&#13;
</system-err></testcase></testsuite>