-------------------------------------------------------------------------------
Test set: As admin i want to create account So that i can login and see home page
-------------------------------------------------------------------------------
Tests run: 1, Failures: 0, Errors: 1, Skipped: 0, Time elapsed: 56.793 s <<< FAILURE! - in As admin i want to create account So that i can login and see home page
As admin i want to create account So that i can login and see home page.POST - As a admin I success to create account with fill letter only on username field  Time elapsed: 56.793 s  <<< ERROR!
java.lang.RuntimeException: Some exception during recording fields
Caused by: java.net.SocketTimeoutException: Read timed out

