<?xml version="1.0" encoding="UTF-8"?>
<testsuite xmlns:xsi="http://www.w3.org/2001/XMLSchema-instance" xsi:noNamespaceSchemaLocation="https://maven.apache.org/surefire/maven-failsafe-plugin/xsd/failsafe-test-report-3.0.xsd" version="3.0" name="As admin i want to create account So that i can login and see home page" time="23.024" tests="17" errors="0" skipped="0" failures="0">
  <properties>
[...]
</properties>
  <testcase name="POST - As a admin I success to create account with valid data" classname="As admin i want to create account So that i can login and see home page" time="8.381">
    <system-out><![CDATA[08:12:11.401 [pool-2-thread-1] INFO io.cucumber.core.plugin.SerenityReporter - Running feature from file:///D:/kampus%20merdeka/QE_Capstone%20Kanbo/capstone/api/src/test/resources/api/City.feature

08:12:11.405 [pool-2-thread-1] WARN io.cucumber.core.plugin.SerenityReporter - Feature from file:///D:/kampus%20merdeka/QE_Capstone%20Kanbo/capstone/api/src/test/resources/api/City.feature is not under the 'features' directory. Requirements report will not be correctly generated!

08:12:11.653 [pool-2-thread-1] INFO  - 

-------------------------------------------------------------------------------------
     _______. _______ .______       _______ .__   __.  __  .___________.____    ____ 
    /       ||   ____||   _  \     |   ____||  \ |  | |  | |           |\   \  /   / 
   |   (----`|  |__   |  |_)  |    |  |__   |   \|  | |  | `---|  |----` \   \/   /  
    \   \    |   __|  |      /     |   __|  |  . `  | |  |     |  |       \_    _/   
.----)   |   |  |____ |  |\  \----.|  |____ |  |\   | |  |     |  |         |  |     
|_______/    |_______|| _| `._____||_______||__| \__| |__|     |__|         |__|    
                                                                                     
 News and tutorials at http://www.serenity-bdd.info                                  
 Documentation at https://wakaleo.gitbooks.io/the-serenity-book/content/             
 Join the Serenity Community on Gitter: https://gitter.im/serenity-bdd/serenity-core 
 Serenity BDD Support and Training at http://serenity-bdd.info/#/trainingandsupport  
-------------------------------------------------------------------------------------


08:12:11.656 [pool-2-thread-1] DEBUG net.thucydides.core.steps.StepEventBus - Test suite started for story net.thucydides.core.model.Story@e1f09af

08:12:11.660 [pool-2-thread-1] INFO  - Test Suite Started: As a admin I want to manage city

08:12:11.690 [pool-2-thread-1] INFO io.cucumber.core.plugin.SerenityReporter - Running feature from file:///D:/kampus%20merdeka/QE_Capstone%20Kanbo/capstone/api/src/test/resources/api/Districts.feature

08:12:11.690 [pool-2-thread-1] WARN io.cucumber.core.plugin.SerenityReporter - Feature from file:///D:/kampus%20merdeka/QE_Capstone%20Kanbo/capstone/api/src/test/resources/api/Districts.feature is not under the 'features' directory. Requirements report will not be correctly generated!

08:12:11.701 [pool-2-thread-1] DEBUG net.thucydides.core.steps.StepEventBus - Test suite started for story net.thucydides.core.model.Story@185cd4f8

08:12:11.702 [pool-2-thread-1] INFO  - Test Suite Started: As admin i want to manage district

08:12:11.703 [pool-2-thread-1] INFO io.cucumber.core.plugin.SerenityReporter - Running feature from file:///D:/kampus%20merdeka/QE_Capstone%20Kanbo/capstone/api/src/test/resources/api/Login.feature

08:12:11.703 [pool-2-thread-1] WARN io.cucumber.core.plugin.SerenityReporter - Feature from file:///D:/kampus%20merdeka/QE_Capstone%20Kanbo/capstone/api/src/test/resources/api/Login.feature is not under the 'features' directory. Requirements report will not be correctly generated!

08:12:11.716 [pool-2-thread-1] DEBUG net.thucydides.core.steps.StepEventBus - Test suite started for story net.thucydides.core.model.Story@1607b6b0

08:12:11.717 [pool-2-thread-1] INFO  - Test Suite Started: As user I want to see home page So that i can booking office

08:12:11.718 [pool-2-thread-1] INFO io.cucumber.core.plugin.SerenityReporter - Running feature from file:///D:/kampus%20merdeka/QE_Capstone%20Kanbo/capstone/api/src/test/resources/api/Register.feature

08:12:11.718 [pool-2-thread-1] WARN io.cucumber.core.plugin.SerenityReporter - Feature from file:///D:/kampus%20merdeka/QE_Capstone%20Kanbo/capstone/api/src/test/resources/api/Register.feature is not under the 'features' directory. Requirements report will not be correctly generated!

08:12:11.736 [pool-2-thread-1] DEBUG net.thucydides.core.steps.StepEventBus - Test suite started for story net.thucydides.core.model.Story@c2c0b688

08:12:11.737 [pool-2-thread-1] INFO  - Test Suite Started: As admin i want to create account So that i can login and see home page



17
 Scenarios (
&amp#27;[32m17 passed&amp#27;[0m
)


68
 Steps (
&amp#27;[32m68 passed&amp#27;[0m
)


0m
23.376s






08:12:34.775 [pool-2-thread-1] DEBUG net.thucydides.core.reports.ReportService - Reporting formats: [JSON, HTML]

08:12:34.847 [pool-2-thread-1] DEBUG net.thucydides.core.reports.ReportService - Reporting formats: [JSON, HTML]

08:12:34.862 [pool-2-thread-1] DEBUG net.thucydides.core.reports.ReportService - Generating reports for 17 test outcomes using: net.thucydides.core.reports.json.JSONTestOutcomeReporter@2aac1e52

08:12:34.863 [pool-2-thread-3] DEBUG net.thucydides.core.reports.ReportService - Processing test outcome As admin i want to create account So that i can login and see home page:POST - As a admin I failed to create account with empty email

08:12:34.864 [pool-2-thread-4] DEBUG net.thucydides.core.reports.ReportService - Processing test outcome As admin i want to create account So that i can login and see home page:POST - As a admin I failed to create account with not use @ in email

08:12:34.864 [pool-2-thread-4] INFO net.thucydides.core.reports.ReportService - net.thucydides.core.reports.json.JSONTestOutcomeReporter@2aac1e52: Generating report for test outcome: As admin i want to create account So that i can login and see home page:POST - As a admin I failed to create account with not use @ in email

08:12:34.863 [pool-2-thread-1] DEBUG net.thucydides.core.reports.ReportService - Processing test outcome As admin i want to create account So that i can login and see home page:POST - As a admin I success to create account with valid data

08:12:34.863 [pool-2-thread-2] DEBUG net.thucydides.core.reports.ReportService - Processing test outcome As admin i want to create account So that i can login and see home page:POST - As a admin I failed to create account with empty data

08:12:34.864 [pool-2-thread-3] INFO net.thucydides.core.reports.ReportService - net.thucydides.core.reports.json.JSONTestOutcomeReporter@2aac1e52: Generating report for test outcome: As admin i want to create account So that i can login and see home page:POST - As a admin I failed to create account with empty email

08:12:34.864 [pool-2-thread-1] INFO net.thucydides.core.reports.ReportService - net.thucydides.core.reports.json.JSONTestOutcomeReporter@2aac1e52: Generating report for test outcome: As admin i want to create account So that i can login and see home page:POST - As a admin I success to create account with valid data

08:12:34.864 [pool-2-thread-2] INFO net.thucydides.core.reports.ReportService - net.thucydides.core.reports.json.JSONTestOutcomeReporter@2aac1e52: Generating report for test outcome: As admin i want to create account So that i can login and see home page:POST - As a admin I failed to create account with empty data

08:12:34.876 [pool-2-thread-2] DEBUG net.thucydides.core.reports.json.JSONTestOutcomeReporter - Generating JSON report for POST - As a admin I failed to create account with empty data to file D:\kampus merdeka\QE_Capstone Kanbo\capstone\api\target\site\serenity\200412b6f21b369a4aac63e3283f41928ab822f862cd6b8c04a81209a244bb87.json (using temp file D:\kampus merdeka\QE_Capstone Kanbo\capstone\api\target\site\serenity\200412b6f21b369a4aac63e3283f41928ab822f862cd6b8c04a81209a244bb87.jsonb62767cf-0f12-475c-b3ae-59653c6523a1)

08:12:34.876 [pool-2-thread-1] DEBUG net.thucydides.core.reports.json.JSONTestOutcomeReporter - Generating JSON report for POST - As a admin I success to create account with valid data to file D:\kampus merdeka\QE_Capstone Kanbo\capstone\api\target\site\serenity\85e2258da27bf95d4afefaa6067c367f99d92fdf1aa2e78e45a6c757558f094a.json (using temp file D:\kampus merdeka\QE_Capstone Kanbo\capstone\api\target\site\serenity\85e2258da27bf95d4afefaa6067c367f99d92fdf1aa2e78e45a6c757558f094a.jsona1802b17-54c2-43c6-a3bd-fc8624123930)

08:12:34.876 [pool-2-thread-4] DEBUG net.thucydides.core.reports.json.JSONTestOutcomeReporter - Generating JSON report for POST - As a admin I failed to create account with not use @ in email to file D:\kampus merdeka\QE_Capstone Kanbo\capstone\api\target\site\serenity\3cdc0626e2248fdcb2dbfe7196e3810053efb8322e0290a5c3b83be2e1abc3a9.json (using temp file D:\kampus merdeka\QE_Capstone Kanbo\capstone\api\target\site\serenity\3cdc0626e2248fdcb2dbfe7196e3810053efb8322e0290a5c3b83be2e1abc3a9.jsonbbf4bce1-b016-4092-bde5-6ecdd6555957)

08:12:34.876 [pool-2-thread-3] DEBUG net.thucydides.core.reports.json.JSONTestOutcomeReporter - Generating JSON report for POST - As a admin I failed to create account with empty email to file D:\kampus merdeka\QE_Capstone Kanbo\capstone\api\target\site\serenity\e46997ee64104f03b09704280f2b03985ce5fb7ca4232d1e9375a42283de9ec2.json (using temp file D:\kampus merdeka\QE_Capstone Kanbo\capstone\api\target\site\serenity\e46997ee64104f03b09704280f2b03985ce5fb7ca4232d1e9375a42283de9ec2.jsoneaecd537-1ba5-4bb0-a2fb-f3e910304456)

08:12:34.949 [pool-2-thread-1] DEBUG net.thucydides.core.reports.ReportService - Processing test outcome As admin i want to create account So that i can login and see home page:POST - As a admin I success to create account with valid data done

08:12:34.949 [pool-2-thread-2] DEBUG net.thucydides.core.reports.ReportService - Processing test outcome As admin i want to create account So that i can login and see home page:POST - As a admin I failed to create account with empty data done

08:12:34.949 [pool-2-thread-4] DEBUG net.thucydides.core.reports.ReportService - Processing test outcome As admin i want to create account So that i can login and see home page:POST - As a admin I failed to create account with not use @ in email done

08:12:34.949 [pool-2-thread-3] DEBUG net.thucydides.core.reports.ReportService - Processing test outcome As admin i want to create account So that i can login and see home page:POST - As a admin I failed to create account with empty email done

08:12:34.949 [pool-2-thread-2] DEBUG net.thucydides.core.reports.ReportService - Processing test outcome As admin i want to create account So that i can login and see home page:POST - As a admin I failed to create account with registered email

08:12:34.949 [pool-2-thread-1] DEBUG net.thucydides.core.reports.ReportService - Processing test outcome As admin i want to create account So that i can login and see home page:POST - As a admin I failed to create account with not use domain email

08:12:34.950 [pool-2-thread-4] DEBUG net.thucydides.core.reports.ReportService - Processing test outcome As admin i want to create account So that i can login and see home page:POST - As a admin I failed to create account with empty username

08:12:34.950 [pool-2-thread-3] DEBUG net.thucydides.core.reports.ReportService - Processing test outcome As admin i want to create account So that i can login and see home page:POST - As a admin I failed to create account with registered username

08:12:34.950 [pool-2-thread-2] INFO net.thucydides.core.reports.ReportService - net.thucydides.core.reports.json.JSONTestOutcomeReporter@2aac1e52: Generating report for test outcome: As admin i want to create account So that i can login and see home page:POST - As a admin I failed to create account with registered email

08:12:34.950 [pool-2-thread-1] INFO net.thucydides.core.reports.ReportService - net.thucydides.core.reports.json.JSONTestOutcomeReporter@2aac1e52: Generating report for test outcome: As admin i want to create account So that i can login and see home page:POST - As a admin I failed to create account with not use domain email

08:12:34.950 [pool-2-thread-4] INFO net.thucydides.core.reports.ReportService - net.thucydides.core.reports.json.JSONTestOutcomeReporter@2aac1e52: Generating report for test outcome: As admin i want to create account So that i can login and see home page:POST - As a admin I failed to create account with empty username

08:12:34.950 [pool-2-thread-3] INFO net.thucydides.core.reports.ReportService - net.thucydides.core.reports.json.JSONTestOutcomeReporter@2aac1e52: Generating report for test outcome: As admin i want to create account So that i can login and see home page:POST - As a admin I failed to create account with registered username

08:12:34.952 [pool-2-thread-1] DEBUG net.thucydides.core.reports.json.JSONTestOutcomeReporter - Generating JSON report for POST - As a admin I failed to create account with not use domain email to file D:\kampus merdeka\QE_Capstone Kanbo\capstone\api\target\site\serenity\5382a4f68bdcba5c07e79c9b630e78afa0032e1b36ce3ccbb567947da7427a6b.json (using temp file D:\kampus merdeka\QE_Capstone Kanbo\capstone\api\target\site\serenity\5382a4f68bdcba5c07e79c9b630e78afa0032e1b36ce3ccbb567947da7427a6b.json7ee0f73b-3b48-4ca7-a934-8293debfd6c0)

08:12:34.952 [pool-2-thread-4] DEBUG net.thucydides.core.reports.json.JSONTestOutcomeReporter - Generating JSON report for POST - As a admin I failed to create account with empty username to file D:\kampus merdeka\QE_Capstone Kanbo\capstone\api\target\site\serenity\c54821ea9f6ad074cd998626c77f7149de4b0401dddb829f98c18cde864f457c.json (using temp file D:\kampus merdeka\QE_Capstone Kanbo\capstone\api\target\site\serenity\c54821ea9f6ad074cd998626c77f7149de4b0401dddb829f98c18cde864f457c.json4eac1c38-df69-4392-950a-eb76d83c722d)

08:12:34.952 [pool-2-thread-2] DEBUG net.thucydides.core.reports.json.JSONTestOutcomeReporter - Generating JSON report for POST - As a admin I failed to create account with registered email to file D:\kampus merdeka\QE_Capstone Kanbo\capstone\api\target\site\serenity\37c7deffc58af39e735c95e129607638c9a7be56792c35b60db6fc46c6ec99f9.json (using temp file D:\kampus merdeka\QE_Capstone Kanbo\capstone\api\target\site\serenity\37c7deffc58af39e735c95e129607638c9a7be56792c35b60db6fc46c6ec99f9.json2f892445-feb7-4cb7-b2b1-5931d82280f8)

08:12:34.952 [pool-2-thread-3] DEBUG net.thucydides.core.reports.json.JSONTestOutcomeReporter - Generating JSON report for POST - As a admin I failed to create account with registered username to file D:\kampus merdeka\QE_Capstone Kanbo\capstone\api\target\site\serenity\1f23abc7ea4341f12b8fa6a57ac898f6dc0f5f69baae8400066c661288fd01e5.json (using temp file D:\kampus merdeka\QE_Capstone Kanbo\capstone\api\target\site\serenity\1f23abc7ea4341f12b8fa6a57ac898f6dc0f5f69baae8400066c661288fd01e5.json403ff30f-a6e5-4cc9-a83f-0bc6b804d88f)

08:12:34.981 [pool-2-thread-4] DEBUG net.thucydides.core.reports.ReportService - Processing test outcome As admin i want to create account So that i can login and see home page:POST - As a admin I failed to create account with empty username done

08:12:34.981 [pool-2-thread-4] DEBUG net.thucydides.core.reports.ReportService - Processing test outcome As admin i want to create account So that i can login and see home page:POST - As a admin I success to create account with fill number on username field

08:12:34.982 [pool-2-thread-4] INFO net.thucydides.core.reports.ReportService - net.thucydides.core.reports.json.JSONTestOutcomeReporter@2aac1e52: Generating report for test outcome: As admin i want to create account So that i can login and see home page:POST - As a admin I success to create account with fill number on username field

08:12:34.982 [pool-2-thread-4] DEBUG net.thucydides.core.reports.json.JSONTestOutcomeReporter - Generating JSON report for POST - As a admin I success to create account with fill number on username field to file D:\kampus merdeka\QE_Capstone Kanbo\capstone\api\target\site\serenity\cb720af6868d245b55b104904209d5854d5fa5428e6993e0b5987bdd554dea17.json (using temp file D:\kampus merdeka\QE_Capstone Kanbo\capstone\api\target\site\serenity\cb720af6868d245b55b104904209d5854d5fa5428e6993e0b5987bdd554dea17.json1fe66da0-2c5e-4f96-957c-528181464643)

08:12:34.990 [pool-2-thread-4] DEBUG net.thucydides.core.reports.ReportService - Processing test outcome As admin i want to create account So that i can login and see home page:POST - As a admin I success to create account with fill number on username field done

08:12:34.990 [pool-2-thread-4] DEBUG net.thucydides.core.reports.ReportService - Processing test outcome As admin i want to create account So that i can login and see home page:POST - As a admin I success to create account with fill letter only on username field

08:12:34.990 [pool-2-thread-4] INFO net.thucydides.core.reports.ReportService - net.thucydides.core.reports.json.JSONTestOutcomeReporter@2aac1e52: Generating report for test outcome: As admin i want to create account So that i can login and see home page:POST - As a admin I success to create account with fill letter only on username field

08:12:34.991 [pool-2-thread-4] DEBUG net.thucydides.core.reports.json.JSONTestOutcomeReporter - Generating JSON report for POST - As a admin I success to create account with fill letter only on username field to file D:\kampus merdeka\QE_Capstone Kanbo\capstone\api\target\site\serenity\2e202e73604c2ac6183ebc4a577bf147e50d51f6944c70a8b992960acaf78e9a.json (using temp file D:\kampus merdeka\QE_Capstone Kanbo\capstone\api\target\site\serenity\2e202e73604c2ac6183ebc4a577bf147e50d51f6944c70a8b992960acaf78e9a.jsondb6b7444-01c2-4426-99fb-a840681d648c)

08:12:34.992 [pool-2-thread-1] DEBUG net.thucydides.core.reports.ReportService - Processing test outcome As admin i want to create account So that i can login and see home page:POST - As a admin I failed to create account with not use domain email done

08:12:34.995 [pool-2-thread-4] DEBUG net.thucydides.core.reports.ReportService - Processing test outcome As admin i want to create account So that i can login and see home page:POST - As a admin I success to create account with fill letter only on username field done

08:12:34.996 [pool-2-thread-4] DEBUG net.thucydides.core.reports.ReportService - Processing test outcome As admin i want to create account So that i can login and see home page:POST - As a admin I failed to create account with empty password

08:12:34.996 [pool-2-thread-4] INFO net.thucydides.core.reports.ReportService - net.thucydides.core.reports.json.JSONTestOutcomeReporter@2aac1e52: Generating report for test outcome: As admin i want to create account So that i can login and see home page:POST - As a admin I failed to create account with empty password

08:12:34.996 [pool-2-thread-1] DEBUG net.thucydides.core.reports.ReportService - Processing test outcome As admin i want to create account So that i can login and see home page:POST - As a admin I failed to create account with invalid password

08:12:34.996 [pool-2-thread-1] INFO net.thucydides.core.reports.ReportService - net.thucydides.core.reports.json.JSONTestOutcomeReporter@2aac1e52: Generating report for test outcome: As admin i want to create account So that i can login and see home page:POST - As a admin I failed to create account with invalid password

08:12:34.997 [pool-2-thread-4] DEBUG net.thucydides.core.reports.json.JSONTestOutcomeReporter - Generating JSON report for POST - As a admin I failed to create account with empty password to file D:\kampus merdeka\QE_Capstone Kanbo\capstone\api\target\site\serenity\d7a1d9124352a53740a129c542c4bfea67d4d673f963cf9cf2cb991a808f2ef1.json (using temp file D:\kampus merdeka\QE_Capstone Kanbo\capstone\api\target\site\serenity\d7a1d9124352a53740a129c542c4bfea67d4d673f963cf9cf2cb991a808f2ef1.jsond5b3459d-7f94-47e7-a2d0-faa6419ecc46)

08:12:35.001 [pool-2-thread-2] DEBUG net.thucydides.core.reports.ReportService - Processing test outcome As admin i want to create account So that i can login and see home page:POST - As a admin I failed to create account with registered email done

08:12:35.001 [pool-2-thread-2] DEBUG net.thucydides.core.reports.ReportService - Processing test outcome As admin i want to create account So that i can login and see home page:POST - As a admin I success to create account with fill password with number only

08:12:35.001 [pool-2-thread-2] INFO net.thucydides.core.reports.ReportService - net.thucydides.core.reports.json.JSONTestOutcomeReporter@2aac1e52: Generating report for test outcome: As admin i want to create account So that i can login and see home page:POST - As a admin I success to create account with fill password with number only

08:12:35.002 [pool-2-thread-2] DEBUG net.thucydides.core.reports.json.JSONTestOutcomeReporter - Generating JSON report for POST - As a admin I success to create account with fill password with number only to file D:\kampus merdeka\QE_Capstone Kanbo\capstone\api\target\site\serenity\b8d66ccaad5ac918b4a1a4d1860baa64d368eb4e017bd9ba019aa5c1cd6abd6d.json (using temp file D:\kampus merdeka\QE_Capstone Kanbo\capstone\api\target\site\serenity\b8d66ccaad5ac918b4a1a4d1860baa64d368eb4e017bd9ba019aa5c1cd6abd6d.json07db4693-37c1-49f2-afd0-a0c8f8fb1455)

08:12:35.003 [pool-2-thread-4] DEBUG net.thucydides.core.reports.ReportService - Processing test outcome As admin i want to create account So that i can login and see home page:POST - As a admin I failed to create account with empty password done

08:12:35.003 [pool-2-thread-4] DEBUG net.thucydides.core.reports.ReportService - Processing test outcome As admin i want to create account So that i can login and see home page:POST - As a admin i success to create account with fill password with letter only

08:12:35.004 [pool-2-thread-4] INFO net.thucydides.core.reports.ReportService - net.thucydides.core.reports.json.JSONTestOutcomeReporter@2aac1e52: Generating report for test outcome: As admin i want to create account So that i can login and see home page:POST - As a admin i success to create account with fill password with letter only

08:12:35.005 [pool-2-thread-4] DEBUG net.thucydides.core.reports.json.JSONTestOutcomeReporter - Generating JSON report for POST - As a admin i success to create account with fill password with letter only to file D:\kampus merdeka\QE_Capstone Kanbo\capstone\api\target\site\serenity\65d476d5c63160ea0e91ea20a6921b373321b706678ccd3f030cc6cf094b460d.json (using temp file D:\kampus merdeka\QE_Capstone Kanbo\capstone\api\target\site\serenity\65d476d5c63160ea0e91ea20a6921b373321b706678ccd3f030cc6cf094b460d.json1e89cf72-55ad-4f99-8d22-3069369c9e1e)

08:12:35.011 [pool-2-thread-2] DEBUG net.thucydides.core.reports.ReportService - Processing test outcome As admin i want to create account So that i can login and see home page:POST - As a admin I success to create account with fill password with number only done

08:12:35.011 [pool-2-thread-2] DEBUG net.thucydides.core.reports.ReportService - Processing test outcome As admin i want to create account So that i can login and see home page:POST - As a admin i success to create account with fill password with combination char

08:12:35.011 [pool-2-thread-2] INFO net.thucydides.core.reports.ReportService - net.thucydides.core.reports.json.JSONTestOutcomeReporter@2aac1e52: Generating report for test outcome: As admin i want to create account So that i can login and see home page:POST - As a admin i success to create account with fill password with combination char

08:12:35.012 [pool-2-thread-2] DEBUG net.thucydides.core.reports.json.JSONTestOutcomeReporter - Generating JSON report for POST - As a admin i success to create account with fill password with combination char to file D:\kampus merdeka\QE_Capstone Kanbo\capstone\api\target\site\serenity\a523fd48f127ba5646661db6eb412985bc385ec33c7ca96b7a0571a03246a591.json (using temp file D:\kampus merdeka\QE_Capstone Kanbo\capstone\api\target\site\serenity\a523fd48f127ba5646661db6eb412985bc385ec33c7ca96b7a0571a03246a591.json5fca578a-7195-4241-b4ae-5e78a5cf7640)

08:12:35.013 [pool-2-thread-3] DEBUG net.thucydides.core.reports.ReportService - Processing test outcome As admin i want to create account So that i can login and see home page:POST - As a admin I failed to create account with registered username done

08:12:35.013 [pool-2-thread-4] DEBUG net.thucydides.core.reports.ReportService - Processing test outcome As admin i want to create account So that i can login and see home page:POST - As a admin i success to create account with fill password with letter only done

08:12:35.014 [pool-2-thread-4] DEBUG net.thucydides.core.reports.ReportService - Processing test outcome As admin i want to create account So that i can login and see home page:POST - As a admin I failed to create account with maks random char

08:12:35.014 [pool-2-thread-1] DEBUG net.thucydides.core.reports.json.JSONTestOutcomeReporter - Generating JSON report for POST - As a admin I failed to create account with invalid password to file D:\kampus merdeka\QE_Capstone Kanbo\capstone\api\target\site\serenity\03b7de697f7da61f18ad2777d55ec6ec9a6a3613d6db1b6988205b79c12ea09e.json (using temp file D:\kampus merdeka\QE_Capstone Kanbo\capstone\api\target\site\serenity\03b7de697f7da61f18ad2777d55ec6ec9a6a3613d6db1b6988205b79c12ea09e.jsonec3fbb6f-487c-4f7b-8b1d-18b6ee0605a4)

08:12:35.014 [pool-2-thread-4] INFO net.thucydides.core.reports.ReportService - net.thucydides.core.reports.json.JSONTestOutcomeReporter@2aac1e52: Generating report for test outcome: As admin i want to create account So that i can login and see home page:POST - As a admin I failed to create account with maks random char

08:12:35.016 [pool-2-thread-2] DEBUG net.thucydides.core.reports.ReportService - Processing test outcome As admin i want to create account So that i can login and see home page:POST - As a admin i success to create account with fill password with combination char done

08:12:35.017 [pool-2-thread-4] DEBUG net.thucydides.core.reports.json.JSONTestOutcomeReporter - Generating JSON report for POST - As a admin I failed to create account with maks random char to file D:\kampus merdeka\QE_Capstone Kanbo\capstone\api\target\site\serenity\b67e95c865e60089a6303b8e14b38b36bef3e6aa723a34b1502f219d7b9b5717.json (using temp file D:\kampus merdeka\QE_Capstone Kanbo\capstone\api\target\site\serenity\b67e95c865e60089a6303b8e14b38b36bef3e6aa723a34b1502f219d7b9b5717.json08062eb8-eb9f-4055-b6fc-5d79a47b36bd)

08:12:35.014 [pool-2-thread-3] DEBUG net.thucydides.core.reports.ReportService - Processing test outcome As admin i want to create account So that i can login and see home page:POST - As a admin I failed to create account with invalid endpoint

08:12:35.018 [pool-2-thread-3] INFO net.thucydides.core.reports.ReportService - net.thucydides.core.reports.json.JSONTestOutcomeReporter@2aac1e52: Generating report for test outcome: As admin i want to create account So that i can login and see home page:POST - As a admin I failed to create account with invalid endpoint

08:12:35.021 [pool-2-thread-3] DEBUG net.thucydides.core.reports.json.JSONTestOutcomeReporter - Generating JSON report for POST - As a admin I failed to create account with invalid endpoint to file D:\kampus merdeka\QE_Capstone Kanbo\capstone\api\target\site\serenity\77626c831b55f7ed902d63ebaa61e0016e914566c6536eb80cfc3ab4f25e8f6a.json (using temp file D:\kampus merdeka\QE_Capstone Kanbo\capstone\api\target\site\serenity\77626c831b55f7ed902d63ebaa61e0016e914566c6536eb80cfc3ab4f25e8f6a.json9002112f-8bf6-4f65-bab3-7d545d8b70b9)

08:12:35.026 [pool-2-thread-1] DEBUG net.thucydides.core.reports.ReportService - Processing test outcome As admin i want to create account So that i can login and see home page:POST - As a admin I failed to create account with invalid password done

08:12:35.026 [pool-2-thread-3] DEBUG net.thucydides.core.reports.ReportService - Processing test outcome As admin i want to create account So that i can login and see home page:POST - As a admin I failed to create account with invalid endpoint done

08:12:35.026 [pool-2-thread-4] DEBUG net.thucydides.core.reports.ReportService - Processing test outcome As admin i want to create account So that i can login and see home page:POST - As a admin I failed to create account with maks random char done

08:12:35.026 [pool-2-thread-1] DEBUG net.thucydides.core.reports.ReportService - Shutting down executor service

08:12:35.027 [pool-2-thread-1] DEBUG net.thucydides.core.reports.ReportService - Reports generated in: 165 ms

08:12:35.027 [pool-2-thread-1] DEBUG net.thucydides.core.reports.ReportService - Generating reports for 17 test outcomes using: net.thucydides.core.reports.html.HtmlAcceptanceTestReporter@535a78f5

08:12:35.032 [pool-3-thread-4] DEBUG net.thucydides.core.reports.ReportService - Processing test outcome As admin i want to create account So that i can login and see home page:POST - As a admin I failed to create account with not use @ in email

08:12:35.032 [pool-3-thread-1] DEBUG net.thucydides.core.reports.ReportService - Processing test outcome As admin i want to create account So that i can login and see home page:POST - As a admin I success to create account with valid data

08:12:35.032 [pool-3-thread-1] INFO net.thucydides.core.reports.ReportService - net.thucydides.core.reports.html.HtmlAcceptanceTestReporter@535a78f5: Generating report for test outcome: As admin i want to create account So that i can login and see home page:POST - As a admin I success to create account with valid data

08:12:35.032 [pool-3-thread-2] DEBUG net.thucydides.core.reports.ReportService - Processing test outcome As admin i want to create account So that i can login and see home page:POST - As a admin I failed to create account with empty data

08:12:35.035 [pool-3-thread-2] INFO net.thucydides.core.reports.ReportService - net.thucydides.core.reports.html.HtmlAcceptanceTestReporter@535a78f5: Generating report for test outcome: As admin i want to create account So that i can login and see home page:POST - As a admin I failed to create account with empty data

08:12:35.032 [pool-3-thread-4] INFO net.thucydides.core.reports.ReportService - net.thucydides.core.reports.html.HtmlAcceptanceTestReporter@535a78f5: Generating report for test outcome: As admin i want to create account So that i can login and see home page:POST - As a admin I failed to create account with not use @ in email

08:12:35.032 [pool-3-thread-3] DEBUG net.thucydides.core.reports.ReportService - Processing test outcome As admin i want to create account So that i can login and see home page:POST - As a admin I failed to create account with empty email

08:12:35.036 [pool-3-thread-3] INFO net.thucydides.core.reports.ReportService - net.thucydides.core.reports.html.HtmlAcceptanceTestReporter@535a78f5: Generating report for test outcome: As admin i want to create account So that i can login and see home page:POST - As a admin I failed to create account with empty email

08:12:35.076 [pool-3-thread-1] WARN net.thucydides.core.requirements.RequirementsTagProvider - Failed to load requirements: Illegal char <:> at index 4: file:\D:\kampus%20merdeka\QE_Capstone%20Kanbo\capstone\api\src\test\resources\api\Register.feature
java.nio.file.InvalidPathException: Illegal char <:> at index 4: file:\D:\kampus%20merdeka\QE_Capstone%20Kanbo\capstone\api\src\test\resources\api\Register.feature
	at sun.nio.fs.WindowsPathParser.normalize(WindowsPathParser.java:182)
	at sun.nio.fs.WindowsPathParser.parse(WindowsPathParser.java:153)
	at sun.nio.fs.WindowsPathParser.parse(WindowsPathParser.java:77)
	at sun.nio.fs.WindowsPath.parse(WindowsPath.java:94)
	at sun.nio.fs.WindowsFileSystem.getPath(WindowsFileSystem.java:255)
	at java.io.File.toPath(File.java:2271)
	at net.thucydides.core.requirements.RootDirectory.getRelativePathOf(RootDirectory.java:364)
	at net.thucydides.core.requirements.FileSystemRequirementsTagProvider.requirementWithMatchingPath(FileSystemRequirementsTagProvider.java:372)
	at net.thucydides.core.requirements.FileSystemRequirementsTagProvider.getParentRequirementOf(FileSystemRequirementsTagProvider.java:335)
	at net.thucydides.core.requirements.ParentRequirementsProvided.forOutcome(ParentRequirementsProvided.java:26)
	at net.thucydides.core.requirements.BaseRequirementsService.getParentRequirementOf(BaseRequirementsService.java:138)
	at net.thucydides.core.requirements.BaseRequirementsService.getParentRequirementFor(BaseRequirementsService.java:48)
	at net.thucydides.core.reports.html.HtmlAcceptanceTestReporter.addParentRequirmentFieldToContext(HtmlAcceptanceTestReporter.java:196)
	at net.thucydides.core.reports.html.HtmlAcceptanceTestReporter.addTestOutcomeToContext(HtmlAcceptanceTestReporter.java:190)
	at net.thucydides.core.reports.html.HtmlAcceptanceTestReporter.generateReportFor(HtmlAcceptanceTestReporter.java:105)
	at net.thucydides.core.reports.ReportService.generateReportFor(ReportService.java:246)
	at net.thucydides.core.reports.ReportService.lambda$generateReportsFor$0(ReportService.java:184)
	at java.util.concurrent.Executors$RunnableAdapter.call(Executors.java:511)
	at java.util.concurrent.FutureTask.run(FutureTask.java:266)
	at java.util.concurrent.ThreadPoolExecutor.runWorker(ThreadPoolExecutor.java:1149)
	at java.util.concurrent.ThreadPoolExecutor$Worker.run(ThreadPoolExecutor.java:624)
	at java.lang.Thread.run(Thread.java:750)

08:12:35.077 [pool-3-thread-4] WARN net.thucydides.core.requirements.RequirementsTagProvider - Failed to load requirements: Illegal char <:> at index 4: file:\D:\kampus%20merdeka\QE_Capstone%20Kanbo\capstone\api\src\test\resources\api\Register.feature
java.nio.file.InvalidPathException: Illegal char <:> at index 4: file:\D:\kampus%20merdeka\QE_Capstone%20Kanbo\capstone\api\src\test\resources\api\Register.feature
	at sun.nio.fs.WindowsPathParser.normalize(WindowsPathParser.java:182)
	at sun.nio.fs.WindowsPathParser.parse(WindowsPathParser.java:153)
	at sun.nio.fs.WindowsPathParser.parse(WindowsPathParser.java:77)
	at sun.nio.fs.WindowsPath.parse(WindowsPath.java:94)
	at sun.nio.fs.WindowsFileSystem.getPath(WindowsFileSystem.java:255)
	at java.io.File.toPath(File.java:2271)
	at net.thucydides.core.requirements.RootDirectory.getRelativePathOf(RootDirectory.java:364)
	at net.thucydides.core.requirements.FileSystemRequirementsTagProvider.requirementWithMatchingPath(FileSystemRequirementsTagProvider.java:372)
	at net.thucydides.core.requirements.FileSystemRequirementsTagProvider.getParentRequirementOf(FileSystemRequirementsTagProvider.java:335)
	at net.thucydides.core.requirements.ParentRequirementsProvided.forOutcome(ParentRequirementsProvided.java:26)
	at net.thucydides.core.requirements.BaseRequirementsService.getParentRequirementOf(BaseRequirementsService.java:138)
	at net.thucydides.core.requirements.BaseRequirementsService.getParentRequirementFor(BaseRequirementsService.java:48)
	at net.thucydides.core.reports.html.HtmlAcceptanceTestReporter.addParentRequirmentFieldToContext(HtmlAcceptanceTestReporter.java:196)
	at net.thucydides.core.reports.html.HtmlAcceptanceTestReporter.addTestOutcomeToContext(HtmlAcceptanceTestReporter.java:190)
	at net.thucydides.core.reports.html.HtmlAcceptanceTestReporter.generateReportFor(HtmlAcceptanceTestReporter.java:105)
	at net.thucydides.core.reports.ReportService.generateReportFor(ReportService.java:246)
	at net.thucydides.core.reports.ReportService.lambda$generateReportsFor$0(ReportService.java:184)
	at java.util.concurrent.Executors$RunnableAdapter.call(Executors.java:511)
	at java.util.concurrent.FutureTask.run(FutureTask.java:266)
	at java.util.concurrent.ThreadPoolExecutor.runWorker(ThreadPoolExecutor.java:1149)
	at java.util.concurrent.ThreadPoolExecutor$Worker.run(ThreadPoolExecutor.java:624)
	at java.lang.Thread.run(Thread.java:750)

08:12:35.080 [pool-3-thread-1] WARN net.thucydides.core.requirements.RequirementsTagProvider - Failed to load requirements: Illegal char <:> at index 4: file:\D:\kampus%20merdeka\QE_Capstone%20Kanbo\capstone\api\src\test\resources\api\Register.feature
java.nio.file.InvalidPathException: Illegal char <:> at index 4: file:\D:\kampus%20merdeka\QE_Capstone%20Kanbo\capstone\api\src\test\resources\api\Register.feature
	at sun.nio.fs.WindowsPathParser.normalize(WindowsPathParser.java:182)
	at sun.nio.fs.WindowsPathParser.parse(WindowsPathParser.java:153)
	at sun.nio.fs.WindowsPathParser.parse(WindowsPathParser.java:77)
	at sun.nio.fs.WindowsPath.parse(WindowsPath.java:94)
	at sun.nio.fs.WindowsFileSystem.getPath(WindowsFileSystem.java:255)
	at java.io.File.toPath(File.java:2271)
	at net.thucydides.core.requirements.RootDirectory.getRelativePathOf(RootDirectory.java:364)
	at net.thucydides.core.requirements.FileSystemRequirementsTagProvider.requirementWithMatchingPath(FileSystemRequirementsTagProvider.java:372)
	at net.thucydides.core.requirements.FileSystemRequirementsTagProvider.getParentRequirementOf(FileSystemRequirementsTagProvider.java:335)
	at net.thucydides.core.requirements.ParentRequirementsProvided.forOutcome(ParentRequirementsProvided.java:26)
	at net.thucydides.core.requirements.BaseRequirementsService.getParentRequirementOf(BaseRequirementsService.java:138)
	at net.thucydides.core.requirements.BaseRequirementsService.getAncestorRequirementsFor(BaseRequirementsService.java:78)
	at net.thucydides.core.reports.html.HtmlAcceptanceTestReporter.addBreadcrumbs(HtmlAcceptanceTestReporter.java:226)
	at net.thucydides.core.reports.html.HtmlAcceptanceTestReporter.addParentRequirmentFieldToContext(HtmlAcceptanceTestReporter.java:214)
	at net.thucydides.core.reports.html.HtmlAcceptanceTestReporter.addTestOutcomeToContext(HtmlAcceptanceTestReporter.java:190)
	at net.thucydides.core.reports.html.HtmlAcceptanceTestReporter.generateReportFor(HtmlAcceptanceTestReporter.java:105)
	at net.thucydides.core.reports.ReportService.generateReportFor(ReportService.java:246)
	at net.thucydides.core.reports.ReportService.lambda$generateReportsFor$0(ReportService.java:184)
	at java.util.concurrent.Executors$RunnableAdapter.call(Executors.java:511)
	at java.util.concurrent.FutureTask.run(FutureTask.java:266)
	at java.util.concurrent.ThreadPoolExecutor.runWorker(ThreadPoolExecutor.java:1149)
	at java.util.concurrent.ThreadPoolExecutor$Worker.run(ThreadPoolExecutor.java:624)
	at java.lang.Thread.run(Thread.java:750)

08:12:35.082 [pool-3-thread-4] WARN net.thucydides.core.requirements.RequirementsTagProvider - Failed to load requirements: Illegal char <:> at index 4: file:\D:\kampus%20merdeka\QE_Capstone%20Kanbo\capstone\api\src\test\resources\api\Register.feature
java.nio.file.InvalidPathException: Illegal char <:> at index 4: file:\D:\kampus%20merdeka\QE_Capstone%20Kanbo\capstone\api\src\test\resources\api\Register.feature
	at sun.nio.fs.WindowsPathParser.normalize(WindowsPathParser.java:182)
	at sun.nio.fs.WindowsPathParser.parse(WindowsPathParser.java:153)
	at sun.nio.fs.WindowsPathParser.parse(WindowsPathParser.java:77)
	at sun.nio.fs.WindowsPath.parse(WindowsPath.java:94)
	at sun.nio.fs.WindowsFileSystem.getPath(WindowsFileSystem.java:255)
	at java.io.File.toPath(File.java:2271)
	at net.thucydides.core.requirements.RootDirectory.getRelativePathOf(RootDirectory.java:364)
	at net.thucydides.core.requirements.FileSystemRequirementsTagProvider.requirementWithMatchingPath(FileSystemRequirementsTagProvider.java:372)
	at net.thucydides.core.requirements.FileSystemRequirementsTagProvider.getParentRequirementOf(FileSystemRequirementsTagProvider.java:335)
	at net.thucydides.core.requirements.ParentRequirementsProvided.forOutcome(ParentRequirementsProvided.java:26)
	at net.thucydides.core.requirements.BaseRequirementsService.getParentRequirementOf(BaseRequirementsService.java:138)
	at net.thucydides.core.requirements.BaseRequirementsService.getAncestorRequirementsFor(BaseRequirementsService.java:78)
	at net.thucydides.core.reports.html.HtmlAcceptanceTestReporter.addBreadcrumbs(HtmlAcceptanceTestReporter.java:226)
	at net.thucydides.core.reports.html.HtmlAcceptanceTestReporter.addParentRequirmentFieldToContext(HtmlAcceptanceTestReporter.java:214)
	at net.thucydides.core.reports.html.HtmlAcceptanceTestReporter.addTestOutcomeToContext(HtmlAcceptanceTestReporter.java:190)
	at net.thucydides.core.reports.html.HtmlAcceptanceTestReporter.generateReportFor(HtmlAcceptanceTestReporter.java:105)
	at net.thucydides.core.reports.ReportService.generateReportFor(ReportService.java:246)
	at net.thucydides.core.reports.ReportService.lambda$generateReportsFor$0(ReportService.java:184)
	at java.util.concurrent.Executors$RunnableAdapter.call(Executors.java:511)
	at java.util.concurrent.FutureTask.run(FutureTask.java:266)
	at java.util.concurrent.ThreadPoolExecutor.runWorker(ThreadPoolExecutor.java:1149)
	at java.util.concurrent.ThreadPoolExecutor$Worker.run(ThreadPoolExecutor.java:624)
	at java.lang.Thread.run(Thread.java:750)

08:12:35.082 [pool-3-thread-4] WARN net.thucydides.core.requirements.RequirementsTagProvider - Failed to load requirements: Illegal char <:> at index 4: file:\D:\kampus%20merdeka\QE_Capstone%20Kanbo\capstone\api\src\test\resources\api\Register.feature
java.nio.file.InvalidPathException: Illegal char <:> at index 4: file:\D:\kampus%20merdeka\QE_Capstone%20Kanbo\capstone\api\src\test\resources\api\Register.feature
	at sun.nio.fs.WindowsPathParser.normalize(WindowsPathParser.java:182)
	at sun.nio.fs.WindowsPathParser.parse(WindowsPathParser.java:153)
	at sun.nio.fs.WindowsPathParser.parse(WindowsPathParser.java:77)
	at sun.nio.fs.WindowsPath.parse(WindowsPath.java:94)
	at sun.nio.fs.WindowsFileSystem.getPath(WindowsFileSystem.java:255)
	at java.io.File.toPath(File.java:2271)
	at net.thucydides.core.requirements.RootDirectory.getRelativePathOf(RootDirectory.java:364)
	at net.thucydides.core.requirements.FileSystemRequirementsTagProvider.requirementWithMatchingPath(FileSystemRequirementsTagProvider.java:372)
	at net.thucydides.core.requirements.FileSystemRequirementsTagProvider.getParentRequirementOf(FileSystemRequirementsTagProvider.java:335)
	at net.thucydides.core.requirements.ParentRequirementsProvided.forOutcome(ParentRequirementsProvided.java:26)
	at net.thucydides.core.requirements.BaseRequirementsService.getParentRequirementOf(BaseRequirementsService.java:138)
	at net.thucydides.core.requirements.BaseRequirementsService.getAncestorRequirementsFor(BaseRequirementsService.java:78)
	at net.thucydides.core.tags.BreadcrumbTagFilter.getRequirementBreadcrumbsFrom(BreadcrumbTagFilter.java:51)
	at net.thucydides.core.reports.html.HtmlAcceptanceTestReporter.addBreadcrumbs(HtmlAcceptanceTestReporter.java:227)
	at net.thucydides.core.reports.html.HtmlAcceptanceTestReporter.addParentRequirmentFieldToContext(HtmlAcceptanceTestReporter.java:214)
	at net.thucydides.core.reports.html.HtmlAcceptanceTestReporter.addTestOutcomeToContext(HtmlAcceptanceTestReporter.java:190)
	at net.thucydides.core.reports.html.HtmlAcceptanceTestReporter.generateReportFor(HtmlAcceptanceTestReporter.java:105)
	at net.thucydides.core.reports.ReportService.generateReportFor(ReportService.java:246)
	at net.thucydides.core.reports.ReportService.lambda$generateReportsFor$0(ReportService.java:184)
	at java.util.concurrent.Executors$RunnableAdapter.call(Executors.java:511)
	at java.util.concurrent.FutureTask.run(FutureTask.java:266)
	at java.util.concurrent.ThreadPoolExecutor.runWorker(ThreadPoolExecutor.java:1149)
	at java.util.concurrent.ThreadPoolExecutor$Worker.run(ThreadPoolExecutor.java:624)
	at java.lang.Thread.run(Thread.java:750)

08:12:35.087 [pool-3-thread-3] WARN net.thucydides.core.requirements.RequirementsTagProvider - Failed to load requirements: Illegal char <:> at index 4: file:\D:\kampus%20merdeka\QE_Capstone%20Kanbo\capstone\api\src\test\resources\api\Register.feature
java.nio.file.InvalidPathException: Illegal char <:> at index 4: file:\D:\kampus%20merdeka\QE_Capstone%20Kanbo\capstone\api\src\test\resources\api\Register.feature
	at sun.nio.fs.WindowsPathParser.normalize(WindowsPathParser.java:182)
	at sun.nio.fs.WindowsPathParser.parse(WindowsPathParser.java:153)
	at sun.nio.fs.WindowsPathParser.parse(WindowsPathParser.java:77)
	at sun.nio.fs.WindowsPath.parse(WindowsPath.java:94)
	at sun.nio.fs.WindowsFileSystem.getPath(WindowsFileSystem.java:255)
	at java.io.File.toPath(File.java:2271)
	at net.thucydides.core.requirements.RootDirectory.getRelativePathOf(RootDirectory.java:364)
	at net.thucydides.core.requirements.FileSystemRequirementsTagProvider.requirementWithMatchingPath(FileSystemRequirementsTagProvider.java:372)
	at net.thucydides.core.requirements.FileSystemRequirementsTagProvider.getParentRequirementOf(FileSystemRequirementsTagProvider.java:335)
	at net.thucydides.core.requirements.ParentRequirementsProvided.forOutcome(ParentRequirementsProvided.java:26)
	at net.thucydides.core.requirements.BaseRequirementsService.getParentRequirementOf(BaseRequirementsService.java:138)
	at net.thucydides.core.requirements.BaseRequirementsService.getParentRequirementFor(BaseRequirementsService.java:48)
	at net.thucydides.core.reports.html.HtmlAcceptanceTestReporter.addParentRequirmentFieldToContext(HtmlAcceptanceTestReporter.java:196)
	at net.thucydides.core.reports.html.HtmlAcceptanceTestReporter.addTestOutcomeToContext(HtmlAcceptanceTestReporter.java:190)
	at net.thucydides.core.reports.html.HtmlAcceptanceTestReporter.generateReportFor(HtmlAcceptanceTestReporter.java:105)
	at net.thucydides.core.reports.ReportService.generateReportFor(ReportService.java:246)
	at net.thucydides.core.reports.ReportService.lambda$generateReportsFor$0(ReportService.java:184)
	at java.util.concurrent.Executors$RunnableAdapter.call(Executors.java:511)
	at java.util.concurrent.FutureTask.run(FutureTask.java:266)
	at java.util.concurrent.ThreadPoolExecutor.runWorker(ThreadPoolExecutor.java:1149)
	at java.util.concurrent.ThreadPoolExecutor$Worker.run(ThreadPoolExecutor.java:624)
	at java.lang.Thread.run(Thread.java:750)

08:12:35.092 [pool-3-thread-3] WARN net.thucydides.core.requirements.RequirementsTagProvider - Failed to load requirements: Illegal char <:> at index 4: file:\D:\kampus%20merdeka\QE_Capstone%20Kanbo\capstone\api\src\test\resources\api\Register.feature
java.nio.file.InvalidPathException: Illegal char <:> at index 4: file:\D:\kampus%20merdeka\QE_Capstone%20Kanbo\capstone\api\src\test\resources\api\Register.feature
	at sun.nio.fs.WindowsPathParser.normalize(WindowsPathParser.java:182)
	at sun.nio.fs.WindowsPathParser.parse(WindowsPathParser.java:153)
	at sun.nio.fs.WindowsPathParser.parse(WindowsPathParser.java:77)
	at sun.nio.fs.WindowsPath.parse(WindowsPath.java:94)
	at sun.nio.fs.WindowsFileSystem.getPath(WindowsFileSystem.java:255)
	at java.io.File.toPath(File.java:2271)
	at net.thucydides.core.requirements.RootDirectory.getRelativePathOf(RootDirectory.java:364)
	at net.thucydides.core.requirements.FileSystemRequirementsTagProvider.requirementWithMatchingPath(FileSystemRequirementsTagProvider.java:372)
	at net.thucydides.core.requirements.FileSystemRequirementsTagProvider.getParentRequirementOf(FileSystemRequirementsTagProvider.java:335)
	at net.thucydides.core.requirements.ParentRequirementsProvided.forOutcome(ParentRequirementsProvided.java:26)
	at net.thucydides.core.requirements.BaseRequirementsService.getParentRequirementOf(BaseRequirementsService.java:138)
	at net.thucydides.core.requirements.BaseRequirementsService.getAncestorRequirementsFor(BaseRequirementsService.java:78)
	at net.thucydides.core.reports.html.HtmlAcceptanceTestReporter.addBreadcrumbs(HtmlAcceptanceTestReporter.java:226)
	at net.thucydides.core.reports.html.HtmlAcceptanceTestReporter.addParentRequirmentFieldToContext(HtmlAcceptanceTestReporter.java:214)
	at net.thucydides.core.reports.html.HtmlAcceptanceTestReporter.addTestOutcomeToContext(HtmlAcceptanceTestReporter.java:190)
	at net.thucydides.core.reports.html.HtmlAcceptanceTestReporter.generateReportFor(HtmlAcceptanceTestReporter.java:105)
	at net.thucydides.core.reports.ReportService.generateReportFor(ReportService.java:246)
	at net.thucydides.core.reports.ReportService.lambda$generateReportsFor$0(ReportService.java:184)
	at java.util.concurrent.Executors$RunnableAdapter.call(Executors.java:511)
	at java.util.concurrent.FutureTask.run(FutureTask.java:266)
	at java.util.concurrent.ThreadPoolExecutor.runWorker(ThreadPoolExecutor.java:1149)
	at java.util.concurrent.ThreadPoolExecutor$Worker.run(ThreadPoolExecutor.java:624)
	at java.lang.Thread.run(Thread.java:750)

08:12:35.093 [pool-3-thread-3] WARN net.thucydides.core.requirements.RequirementsTagProvider - Failed to load requirements: Illegal char <:> at index 4: file:\D:\kampus%20merdeka\QE_Capstone%20Kanbo\capstone\api\src\test\resources\api\Register.feature
java.nio.file.InvalidPathException: Illegal char <:> at index 4: file:\D:\kampus%20merdeka\QE_Capstone%20Kanbo\capstone\api\src\test\resources\api\Register.feature
	at sun.nio.fs.WindowsPathParser.normalize(WindowsPathParser.java:182)
	at sun.nio.fs.WindowsPathParser.parse(WindowsPathParser.java:153)
	at sun.nio.fs.WindowsPathParser.parse(WindowsPathParser.java:77)
	at sun.nio.fs.WindowsPath.parse(WindowsPath.java:94)
	at sun.nio.fs.WindowsFileSystem.getPath(WindowsFileSystem.java:255)
	at java.io.File.toPath(File.java:2271)
	at net.thucydides.core.requirements.RootDirectory.getRelativePathOf(RootDirectory.java:364)
	at net.thucydides.core.requirements.FileSystemRequirementsTagProvider.requirementWithMatchingPath(FileSystemRequirementsTagProvider.java:372)
	at net.thucydides.core.requirements.FileSystemRequirementsTagProvider.getParentRequirementOf(FileSystemRequirementsTagProvider.java:335)
	at net.thucydides.core.requirements.ParentRequirementsProvided.forOutcome(ParentRequirementsProvided.java:26)
	at net.thucydides.core.requirements.BaseRequirementsService.getParentRequirementOf(BaseRequirementsService.java:138)
	at net.thucydides.core.requirements.BaseRequirementsService.getAncestorRequirementsFor(BaseRequirementsService.java:78)
	at net.thucydides.core.tags.BreadcrumbTagFilter.getRequirementBreadcrumbsFrom(BreadcrumbTagFilter.java:51)
	at net.thucydides.core.reports.html.HtmlAcceptanceTestReporter.addBreadcrumbs(HtmlAcceptanceTestReporter.java:227)
	at net.thucydides.core.reports.html.HtmlAcceptanceTestReporter.addParentRequirmentFieldToContext(HtmlAcceptanceTestReporter.java:214)
	at net.thucydides.core.reports.html.HtmlAcceptanceTestReporter.addTestOutcomeToContext(HtmlAcceptanceTestReporter.java:190)
	at net.thucydides.core.reports.html.HtmlAcceptanceTestReporter.generateReportFor(HtmlAcceptanceTestReporter.java:105)
	at net.thucydides.core.reports.ReportService.generateReportFor(ReportService.java:246)
	at net.thucydides.core.reports.ReportService.lambda$generateReportsFor$0(ReportService.java:184)
	at java.util.concurrent.Executors$RunnableAdapter.call(Executors.java:511)
	at java.util.concurrent.FutureTask.run(FutureTask.java:266)
	at java.util.concurrent.ThreadPoolExecutor.runWorker(ThreadPoolExecutor.java:1149)
	at java.util.concurrent.ThreadPoolExecutor$Worker.run(ThreadPoolExecutor.java:624)
	at java.lang.Thread.run(Thread.java:750)

08:12:35.117 [pool-3-thread-2] WARN net.thucydides.core.requirements.RequirementsTagProvider - Failed to load requirements: Illegal char <:> at index 4: file:\D:\kampus%20merdeka\QE_Capstone%20Kanbo\capstone\api\src\test\resources\api\Register.feature
java.nio.file.InvalidPathException: Illegal char <:> at index 4: file:\D:\kampus%20merdeka\QE_Capstone%20Kanbo\capstone\api\src\test\resources\api\Register.feature
	at sun.nio.fs.WindowsPathParser.normalize(WindowsPathParser.java:182)
	at sun.nio.fs.WindowsPathParser.parse(WindowsPathParser.java:153)
	at sun.nio.fs.WindowsPathParser.parse(WindowsPathParser.java:77)
	at sun.nio.fs.WindowsPath.parse(WindowsPath.java:94)
	at sun.nio.fs.WindowsFileSystem.getPath(WindowsFileSystem.java:255)
	at java.io.File.toPath(File.java:2271)
	at net.thucydides.core.requirements.RootDirectory.getRelativePathOf(RootDirectory.java:364)
	at net.thucydides.core.requirements.FileSystemRequirementsTagProvider.requirementWithMatchingPath(FileSystemRequirementsTagProvider.java:372)
	at net.thucydides.core.requirements.FileSystemRequirementsTagProvider.getParentRequirementOf(FileSystemRequirementsTagProvider.java:335)
	at net.thucydides.core.requirements.ParentRequirementsProvided.forOutcome(ParentRequirementsProvided.java:26)
	at net.thucydides.core.requirements.BaseRequirementsService.getParentRequirementOf(BaseRequirementsService.java:138)
	at net.thucydides.core.requirements.BaseRequirementsService.getParentRequirementFor(BaseRequirementsService.java:48)
	at net.thucydides.core.reports.html.HtmlAcceptanceTestReporter.addParentRequirmentFieldToContext(HtmlAcceptanceTestReporter.java:196)
	at net.thucydides.core.reports.html.HtmlAcceptanceTestReporter.addTestOutcomeToContext(HtmlAcceptanceTestReporter.java:190)
	at net.thucydides.core.reports.html.HtmlAcceptanceTestReporter.generateReportFor(HtmlAcceptanceTestReporter.java:105)
	at net.thucydides.core.reports.ReportService.generateReportFor(ReportService.java:246)
	at net.thucydides.core.reports.ReportService.lambda$generateReportsFor$0(ReportService.java:184)
	at java.util.concurrent.Executors$RunnableAdapter.call(Executors.java:511)
	at java.util.concurrent.FutureTask.run(FutureTask.java:266)
	at java.util.concurrent.ThreadPoolExecutor.runWorker(ThreadPoolExecutor.java:1149)
	at java.util.concurrent.ThreadPoolExecutor$Worker.run(ThreadPoolExecutor.java:624)
	at java.lang.Thread.run(Thread.java:750)

08:12:35.118 [pool-3-thread-2] WARN net.thucydides.core.requirements.RequirementsTagProvider - Failed to load requirements: Illegal char <:> at index 4: file:\D:\kampus%20merdeka\QE_Capstone%20Kanbo\capstone\api\src\test\resources\api\Register.feature
java.nio.file.InvalidPathException: Illegal char <:> at index 4: file:\D:\kampus%20merdeka\QE_Capstone%20Kanbo\capstone\api\src\test\resources\api\Register.feature
	at sun.nio.fs.WindowsPathParser.normalize(WindowsPathParser.java:182)
	at sun.nio.fs.WindowsPathParser.parse(WindowsPathParser.java:153)
	at sun.nio.fs.WindowsPathParser.parse(WindowsPathParser.java:77)
	at sun.nio.fs.WindowsPath.parse(WindowsPath.java:94)
	at sun.nio.fs.WindowsFileSystem.getPath(WindowsFileSystem.java:255)
	at java.io.File.toPath(File.java:2271)
	at net.thucydides.core.requirements.RootDirectory.getRelativePathOf(RootDirectory.java:364)
	at net.thucydides.core.requirements.FileSystemRequirementsTagProvider.requirementWithMatchingPath(FileSystemRequirementsTagProvider.java:372)
	at net.thucydides.core.requirements.FileSystemRequirementsTagProvider.getParentRequirementOf(FileSystemRequirementsTagProvider.java:335)
	at net.thucydides.core.requirements.ParentRequirementsProvided.forOutcome(ParentRequirementsProvided.java:26)
	at net.thucydides.core.requirements.BaseRequirementsService.getParentRequirementOf(BaseRequirementsService.java:138)
	at net.thucydides.core.requirements.BaseRequirementsService.getAncestorRequirementsFor(BaseRequirementsService.java:78)
	at net.thucydides.core.reports.html.HtmlAcceptanceTestReporter.addBreadcrumbs(HtmlAcceptanceTestReporter.java:226)
	at net.thucydides.core.reports.html.HtmlAcceptanceTestReporter.addParentRequirmentFieldToContext(HtmlAcceptanceTestReporter.java:214)
	at net.thucydides.core.reports.html.HtmlAcceptanceTestReporter.addTestOutcomeToContext(HtmlAcceptanceTestReporter.java:190)
	at net.thucydides.core.reports.html.HtmlAcceptanceTestReporter.generateReportFor(HtmlAcceptanceTestReporter.java:105)
	at net.thucydides.core.reports.ReportService.generateReportFor(ReportService.java:246)
	at net.thucydides.core.reports.ReportService.lambda$generateReportsFor$0(ReportService.java:184)
	at java.util.concurrent.Executors$RunnableAdapter.call(Executors.java:511)
	at java.util.concurrent.FutureTask.run(FutureTask.java:266)
	at java.util.concurrent.ThreadPoolExecutor.runWorker(ThreadPoolExecutor.java:1149)
	at java.util.concurrent.ThreadPoolExecutor$Worker.run(ThreadPoolExecutor.java:624)
	at java.lang.Thread.run(Thread.java:750)

08:12:35.119 [pool-3-thread-2] WARN net.thucydides.core.requirements.RequirementsTagProvider - Failed to load requirements: Illegal char <:> at index 4: file:\D:\kampus%20merdeka\QE_Capstone%20Kanbo\capstone\api\src\test\resources\api\Register.feature
java.nio.file.InvalidPathException: Illegal char <:> at index 4: file:\D:\kampus%20merdeka\QE_Capstone%20Kanbo\capstone\api\src\test\resources\api\Register.feature
	at sun.nio.fs.WindowsPathParser.normalize(WindowsPathParser.java:182)
	at sun.nio.fs.WindowsPathParser.parse(WindowsPathParser.java:153)
	at sun.nio.fs.WindowsPathParser.parse(WindowsPathParser.java:77)
	at sun.nio.fs.WindowsPath.parse(WindowsPath.java:94)
	at sun.nio.fs.WindowsFileSystem.getPath(WindowsFileSystem.java:255)
	at java.io.File.toPath(File.java:2271)
	at net.thucydides.core.requirements.RootDirectory.getRelativePathOf(RootDirectory.java:364)
	at net.thucydides.core.requirements.FileSystemRequirementsTagProvider.requirementWithMatchingPath(FileSystemRequirementsTagProvider.java:372)
	at net.thucydides.core.requirements.FileSystemRequirementsTagProvider.getParentRequirementOf(FileSystemRequirementsTagProvider.java:335)
	at net.thucydides.core.requirements.ParentRequirementsProvided.forOutcome(ParentRequirementsProvided.java:26)
	at net.thucydides.core.requirements.BaseRequirementsService.getParentRequirementOf(BaseRequirementsService.java:138)
	at net.thucydides.core.requirements.BaseRequirementsService.getAncestorRequirementsFor(BaseRequirementsService.java:78)
	at net.thucydides.core.tags.BreadcrumbTagFilter.getRequirementBreadcrumbsFrom(BreadcrumbTagFilter.java:51)
	at net.thucydides.core.reports.html.HtmlAcceptanceTestReporter.addBreadcrumbs(HtmlAcceptanceTestReporter.java:227)
	at net.thucydides.core.reports.html.HtmlAcceptanceTestReporter.addParentRequirmentFieldToContext(HtmlAcceptanceTestReporter.java:214)
	at net.thucydides.core.reports.html.HtmlAcceptanceTestReporter.addTestOutcomeToContext(HtmlAcceptanceTestReporter.java:190)
	at net.thucydides.core.reports.html.HtmlAcceptanceTestReporter.generateReportFor(HtmlAcceptanceTestReporter.java:105)
	at net.thucydides.core.reports.ReportService.generateReportFor(ReportService.java:246)
	at net.thucydides.core.reports.ReportService.lambda$generateReportsFor$0(ReportService.java:184)
	at java.util.concurrent.Executors$RunnableAdapter.call(Executors.java:511)
	at java.util.concurrent.FutureTask.run(FutureTask.java:266)
	at java.util.concurrent.ThreadPoolExecutor.runWorker(ThreadPoolExecutor.java:1149)
	at java.util.concurrent.ThreadPoolExecutor$Worker.run(ThreadPoolExecutor.java:624)
	at java.lang.Thread.run(Thread.java:750)

08:12:35.139 [pool-3-thread-1] WARN net.thucydides.core.requirements.RequirementsTagProvider - Failed to load requirements: Illegal char <:> at index 4: file:\D:\kampus%20merdeka\QE_Capstone%20Kanbo\capstone\api\src\test\resources\api\Register.feature
java.nio.file.InvalidPathException: Illegal char <:> at index 4: file:\D:\kampus%20merdeka\QE_Capstone%20Kanbo\capstone\api\src\test\resources\api\Register.feature
	at sun.nio.fs.WindowsPathParser.normalize(WindowsPathParser.java:182)
	at sun.nio.fs.WindowsPathParser.parse(WindowsPathParser.java:153)
	at sun.nio.fs.WindowsPathParser.parse(WindowsPathParser.java:77)
	at sun.nio.fs.WindowsPath.parse(WindowsPath.java:94)
	at sun.nio.fs.WindowsFileSystem.getPath(WindowsFileSystem.java:255)
	at java.io.File.toPath(File.java:2271)
	at net.thucydides.core.requirements.RootDirectory.getRelativePathOf(RootDirectory.java:364)
	at net.thucydides.core.requirements.FileSystemRequirementsTagProvider.requirementWithMatchingPath(FileSystemRequirementsTagProvider.java:372)
	at net.thucydides.core.requirements.FileSystemRequirementsTagProvider.getParentRequirementOf(FileSystemRequirementsTagProvider.java:335)
	at net.thucydides.core.requirements.ParentRequirementsProvided.forOutcome(ParentRequirementsProvided.java:26)
	at net.thucydides.core.requirements.BaseRequirementsService.getParentRequirementOf(BaseRequirementsService.java:138)
	at net.thucydides.core.requirements.BaseRequirementsService.getAncestorRequirementsFor(BaseRequirementsService.java:78)
	at net.thucydides.core.tags.BreadcrumbTagFilter.getRequirementBreadcrumbsFrom(BreadcrumbTagFilter.java:51)
	at net.thucydides.core.reports.html.HtmlAcceptanceTestReporter.addBreadcrumbs(HtmlAcceptanceTestReporter.java:227)
	at net.thucydides.core.reports.html.HtmlAcceptanceTestReporter.addParentRequirmentFieldToContext(HtmlAcceptanceTestReporter.java:214)
	at net.thucydides.core.reports.html.HtmlAcceptanceTestReporter.addTestOutcomeToContext(HtmlAcceptanceTestReporter.java:190)
	at net.thucydides.core.reports.html.HtmlAcceptanceTestReporter.generateReportFor(HtmlAcceptanceTestReporter.java:105)
	at net.thucydides.core.reports.ReportService.generateReportFor(ReportService.java:246)
	at net.thucydides.core.reports.ReportService.lambda$generateReportsFor$0(ReportService.java:184)
	at java.util.concurrent.Executors$RunnableAdapter.call(Executors.java:511)
	at java.util.concurrent.FutureTask.run(FutureTask.java:266)
	at java.util.concurrent.ThreadPoolExecutor.runWorker(ThreadPoolExecutor.java:1149)
	at java.util.concurrent.ThreadPoolExecutor$Worker.run(ThreadPoolExecutor.java:624)
	at java.lang.Thread.run(Thread.java:750)

08:12:35.395 [pool-3-thread-1] DEBUG serenity.reporting - Generating report in 85e2258da27bf95d4afefaa6067c367f99d92fdf1aa2e78e45a6c757558f094a.html

08:12:35.397 [pool-3-thread-3] DEBUG serenity.reporting - Generating report in e46997ee64104f03b09704280f2b03985ce5fb7ca4232d1e9375a42283de9ec2.html

08:12:35.397 [pool-3-thread-2] DEBUG serenity.reporting - Generating report in 200412b6f21b369a4aac63e3283f41928ab822f862cd6b8c04a81209a244bb87.html

08:12:36.400 [pool-3-thread-2] DEBUG serenity.reporting - Generated report 200412b6f21b369a4aac63e3283f41928ab822f862cd6b8c04a81209a244bb87.html in 1003 ms

08:12:36.400 [pool-3-thread-2] DEBUG net.thucydides.core.reports.ReportService - Processing test outcome As admin i want to create account So that i can login and see home page:POST - As a admin I failed to create account with empty data done

08:12:36.400 [pool-3-thread-2] DEBUG net.thucydides.core.reports.ReportService - Processing test outcome As admin i want to create account So that i can login and see home page:POST - As a admin I failed to create account with not use domain email

08:12:36.400 [pool-3-thread-2] INFO net.thucydides.core.reports.ReportService - net.thucydides.core.reports.html.HtmlAcceptanceTestReporter@535a78f5: Generating report for test outcome: As admin i want to create account So that i can login and see home page:POST - As a admin I failed to create account with not use domain email

08:12:36.401 [pool-3-thread-2] WARN net.thucydides.core.requirements.RequirementsTagProvider - Failed to load requirements: Illegal char <:> at index 4: file:\D:\kampus%20merdeka\QE_Capstone%20Kanbo\capstone\api\src\test\resources\api\Register.feature
java.nio.file.InvalidPathException: Illegal char <:> at index 4: file:\D:\kampus%20merdeka\QE_Capstone%20Kanbo\capstone\api\src\test\resources\api\Register.feature
	at sun.nio.fs.WindowsPathParser.normalize(WindowsPathParser.java:182)
	at sun.nio.fs.WindowsPathParser.parse(WindowsPathParser.java:153)
	at sun.nio.fs.WindowsPathParser.parse(WindowsPathParser.java:77)
	at sun.nio.fs.WindowsPath.parse(WindowsPath.java:94)
	at sun.nio.fs.WindowsFileSystem.getPath(WindowsFileSystem.java:255)
	at java.io.File.toPath(File.java:2271)
	at net.thucydides.core.requirements.RootDirectory.getRelativePathOf(RootDirectory.java:364)
	at net.thucydides.core.requirements.FileSystemRequirementsTagProvider.requirementWithMatchingPath(FileSystemRequirementsTagProvider.java:372)
	at net.thucydides.core.requirements.FileSystemRequirementsTagProvider.getParentRequirementOf(FileSystemRequirementsTagProvider.java:335)
	at net.thucydides.core.requirements.ParentRequirementsProvided.forOutcome(ParentRequirementsProvided.java:26)
	at net.thucydides.core.requirements.BaseRequirementsService.getParentRequirementOf(BaseRequirementsService.java:138)
	at net.thucydides.core.requirements.BaseRequirementsService.getParentRequirementFor(BaseRequirementsService.java:48)
	at net.thucydides.core.reports.html.HtmlAcceptanceTestReporter.addParentRequirmentFieldToContext(HtmlAcceptanceTestReporter.java:196)
	at net.thucydides.core.reports.html.HtmlAcceptanceTestReporter.addTestOutcomeToContext(HtmlAcceptanceTestReporter.java:190)
	at net.thucydides.core.reports.html.HtmlAcceptanceTestReporter.generateReportFor(HtmlAcceptanceTestReporter.java:105)
	at net.thucydides.core.reports.ReportService.generateReportFor(ReportService.java:246)
	at net.thucydides.core.reports.ReportService.lambda$generateReportsFor$0(ReportService.java:184)
	at java.util.concurrent.Executors$RunnableAdapter.call(Executors.java:511)
	at java.util.concurrent.FutureTask.run(FutureTask.java:266)
	at java.util.concurrent.ThreadPoolExecutor.runWorker(ThreadPoolExecutor.java:1149)
	at java.util.concurrent.ThreadPoolExecutor$Worker.run(ThreadPoolExecutor.java:624)
	at java.lang.Thread.run(Thread.java:750)

08:12:36.402 [pool-3-thread-1] DEBUG serenity.reporting - Generated report 85e2258da27bf95d4afefaa6067c367f99d92fdf1aa2e78e45a6c757558f094a.html in 1007 ms

08:12:36.403 [pool-3-thread-1] DEBUG net.thucydides.core.reports.ReportService - Processing test outcome As admin i want to create account So that i can login and see home page:POST - As a admin I success to create account with valid data done

08:12:36.403 [pool-3-thread-1] DEBUG net.thucydides.core.reports.ReportService - Processing test outcome As admin i want to create account So that i can login and see home page:POST - As a admin I failed to create account with registered email

08:12:36.403 [pool-3-thread-1] INFO net.thucydides.core.reports.ReportService - net.thucydides.core.reports.html.HtmlAcceptanceTestReporter@535a78f5: Generating report for test outcome: As admin i want to create account So that i can login and see home page:POST - As a admin I failed to create account with registered email

08:12:36.403 [pool-3-thread-2] WARN net.thucydides.core.requirements.RequirementsTagProvider - Failed to load requirements: Illegal char <:> at index 4: file:\D:\kampus%20merdeka\QE_Capstone%20Kanbo\capstone\api\src\test\resources\api\Register.feature
java.nio.file.InvalidPathException: Illegal char <:> at index 4: file:\D:\kampus%20merdeka\QE_Capstone%20Kanbo\capstone\api\src\test\resources\api\Register.feature
	at sun.nio.fs.WindowsPathParser.normalize(WindowsPathParser.java:182)
	at sun.nio.fs.WindowsPathParser.parse(WindowsPathParser.java:153)
	at sun.nio.fs.WindowsPathParser.parse(WindowsPathParser.java:77)
	at sun.nio.fs.WindowsPath.parse(WindowsPath.java:94)
	at sun.nio.fs.WindowsFileSystem.getPath(WindowsFileSystem.java:255)
	at java.io.File.toPath(File.java:2271)
	at net.thucydides.core.requirements.RootDirectory.getRelativePathOf(RootDirectory.java:364)
	at net.thucydides.core.requirements.FileSystemRequirementsTagProvider.requirementWithMatchingPath(FileSystemRequirementsTagProvider.java:372)
	at net.thucydides.core.requirements.FileSystemRequirementsTagProvider.getParentRequirementOf(FileSystemRequirementsTagProvider.java:335)
	at net.thucydides.core.requirements.ParentRequirementsProvided.forOutcome(ParentRequirementsProvided.java:26)
	at net.thucydides.core.requirements.BaseRequirementsService.getParentRequirementOf(BaseRequirementsService.java:138)
	at net.thucydides.core.requirements.BaseRequirementsService.getAncestorRequirementsFor(BaseRequirementsService.java:78)
	at net.thucydides.core.reports.html.HtmlAcceptanceTestReporter.addBreadcrumbs(HtmlAcceptanceTestReporter.java:226)
	at net.thucydides.core.reports.html.HtmlAcceptanceTestReporter.addParentRequirmentFieldToContext(HtmlAcceptanceTestReporter.java:214)
	at net.thucydides.core.reports.html.HtmlAcceptanceTestReporter.addTestOutcomeToContext(HtmlAcceptanceTestReporter.java:190)
	at net.thucydides.core.reports.html.HtmlAcceptanceTestReporter.generateReportFor(HtmlAcceptanceTestReporter.java:105)
	at net.thucydides.core.reports.ReportService.generateReportFor(ReportService.java:246)
	at net.thucydides.core.reports.ReportService.lambda$generateReportsFor$0(ReportService.java:184)
	at java.util.concurrent.Executors$RunnableAdapter.call(Executors.java:511)
	at java.util.concurrent.FutureTask.run(FutureTask.java:266)
	at java.util.concurrent.ThreadPoolExecutor.runWorker(ThreadPoolExecutor.java:1149)
	at java.util.concurrent.ThreadPoolExecutor$Worker.run(ThreadPoolExecutor.java:624)
	at java.lang.Thread.run(Thread.java:750)

08:12:36.403 [pool-3-thread-1] WARN net.thucydides.core.requirements.RequirementsTagProvider - Failed to load requirements: Illegal char <:> at index 4: file:\D:\kampus%20merdeka\QE_Capstone%20Kanbo\capstone\api\src\test\resources\api\Register.feature
java.nio.file.InvalidPathException: Illegal char <:> at index 4: file:\D:\kampus%20merdeka\QE_Capstone%20Kanbo\capstone\api\src\test\resources\api\Register.feature
	at sun.nio.fs.WindowsPathParser.normalize(WindowsPathParser.java:182)
	at sun.nio.fs.WindowsPathParser.parse(WindowsPathParser.java:153)
	at sun.nio.fs.WindowsPathParser.parse(WindowsPathParser.java:77)
	at sun.nio.fs.WindowsPath.parse(WindowsPath.java:94)
	at sun.nio.fs.WindowsFileSystem.getPath(WindowsFileSystem.java:255)
	at java.io.File.toPath(File.java:2271)
	at net.thucydides.core.requirements.RootDirectory.getRelativePathOf(RootDirectory.java:364)
	at net.thucydides.core.requirements.FileSystemRequirementsTagProvider.requirementWithMatchingPath(FileSystemRequirementsTagProvider.java:372)
	at net.thucydides.core.requirements.FileSystemRequirementsTagProvider.getParentRequirementOf(FileSystemRequirementsTagProvider.java:335)
	at net.thucydides.core.requirements.ParentRequirementsProvided.forOutcome(ParentRequirementsProvided.java:26)
	at net.thucydides.core.requirements.BaseRequirementsService.getParentRequirementOf(BaseRequirementsService.java:138)
	at net.thucydides.core.requirements.BaseRequirementsService.getParentRequirementFor(BaseRequirementsService.java:48)
	at net.thucydides.core.reports.html.HtmlAcceptanceTestReporter.addParentRequirmentFieldToContext(HtmlAcceptanceTestReporter.java:196)
	at net.thucydides.core.reports.html.HtmlAcceptanceTestReporter.addTestOutcomeToContext(HtmlAcceptanceTestReporter.java:190)
	at net.thucydides.core.reports.html.HtmlAcceptanceTestReporter.generateReportFor(HtmlAcceptanceTestReporter.java:105)
	at net.thucydides.core.reports.ReportService.generateReportFor(ReportService.java:246)
	at net.thucydides.core.reports.ReportService.lambda$generateReportsFor$0(ReportService.java:184)
	at java.util.concurrent.Executors$RunnableAdapter.call(Executors.java:511)
	at java.util.concurrent.FutureTask.run(FutureTask.java:266)
	at java.util.concurrent.ThreadPoolExecutor.runWorker(ThreadPoolExecutor.java:1149)
	at java.util.concurrent.ThreadPoolExecutor$Worker.run(ThreadPoolExecutor.java:624)
	at java.lang.Thread.run(Thread.java:750)

08:12:36.404 [pool-3-thread-2] WARN net.thucydides.core.requirements.RequirementsTagProvider - Failed to load requirements: Illegal char <:> at index 4: file:\D:\kampus%20merdeka\QE_Capstone%20Kanbo\capstone\api\src\test\resources\api\Register.feature
java.nio.file.InvalidPathException: Illegal char <:> at index 4: file:\D:\kampus%20merdeka\QE_Capstone%20Kanbo\capstone\api\src\test\resources\api\Register.feature
	at sun.nio.fs.WindowsPathParser.normalize(WindowsPathParser.java:182)
	at sun.nio.fs.WindowsPathParser.parse(WindowsPathParser.java:153)
	at sun.nio.fs.WindowsPathParser.parse(WindowsPathParser.java:77)
	at sun.nio.fs.WindowsPath.parse(WindowsPath.java:94)
	at sun.nio.fs.WindowsFileSystem.getPath(WindowsFileSystem.java:255)
	at java.io.File.toPath(File.java:2271)
	at net.thucydides.core.requirements.RootDirectory.getRelativePathOf(RootDirectory.java:364)
	at net.thucydides.core.requirements.FileSystemRequirementsTagProvider.requirementWithMatchingPath(FileSystemRequirementsTagProvider.java:372)
	at net.thucydides.core.requirements.FileSystemRequirementsTagProvider.getParentRequirementOf(FileSystemRequirementsTagProvider.java:335)
	at net.thucydides.core.requirements.ParentRequirementsProvided.forOutcome(ParentRequirementsProvided.java:26)
	at net.thucydides.core.requirements.BaseRequirementsService.getParentRequirementOf(BaseRequirementsService.java:138)
	at net.thucydides.core.requirements.BaseRequirementsService.getAncestorRequirementsFor(BaseRequirementsService.java:78)
	at net.thucydides.core.tags.BreadcrumbTagFilter.getRequirementBreadcrumbsFrom(BreadcrumbTagFilter.java:51)
	at net.thucydides.core.reports.html.HtmlAcceptanceTestReporter.addBreadcrumbs(HtmlAcceptanceTestReporter.java:227)
	at net.thucydides.core.reports.html.HtmlAcceptanceTestReporter.addParentRequirmentFieldToContext(HtmlAcceptanceTestReporter.java:214)
	at net.thucydides.core.reports.html.HtmlAcceptanceTestReporter.addTestOutcomeToContext(HtmlAcceptanceTestReporter.java:190)
	at net.thucydides.core.reports.html.HtmlAcceptanceTestReporter.generateReportFor(HtmlAcceptanceTestReporter.java:105)
	at net.thucydides.core.reports.ReportService.generateReportFor(ReportService.java:246)
	at net.thucydides.core.reports.ReportService.lambda$generateReportsFor$0(ReportService.java:184)
	at java.util.concurrent.Executors$RunnableAdapter.call(Executors.java:511)
	at java.util.concurrent.FutureTask.run(FutureTask.java:266)
	at java.util.concurrent.ThreadPoolExecutor.runWorker(ThreadPoolExecutor.java:1149)
	at java.util.concurrent.ThreadPoolExecutor$Worker.run(ThreadPoolExecutor.java:624)
	at java.lang.Thread.run(Thread.java:750)

08:12:36.407 [pool-3-thread-2] DEBUG serenity.reporting - Generating report in 5382a4f68bdcba5c07e79c9b630e78afa0032e1b36ce3ccbb567947da7427a6b.html

08:12:36.404 [pool-3-thread-1] WARN net.thucydides.core.requirements.RequirementsTagProvider - Failed to load requirements: Illegal char <:> at index 4: file:\D:\kampus%20merdeka\QE_Capstone%20Kanbo\capstone\api\src\test\resources\api\Register.feature
java.nio.file.InvalidPathException: Illegal char <:> at index 4: file:\D:\kampus%20merdeka\QE_Capstone%20Kanbo\capstone\api\src\test\resources\api\Register.feature
	at sun.nio.fs.WindowsPathParser.normalize(WindowsPathParser.java:182)
	at sun.nio.fs.WindowsPathParser.parse(WindowsPathParser.java:153)
	at sun.nio.fs.WindowsPathParser.parse(WindowsPathParser.java:77)
	at sun.nio.fs.WindowsPath.parse(WindowsPath.java:94)
	at sun.nio.fs.WindowsFileSystem.getPath(WindowsFileSystem.java:255)
	at java.io.File.toPath(File.java:2271)
	at net.thucydides.core.requirements.RootDirectory.getRelativePathOf(RootDirectory.java:364)
	at net.thucydides.core.requirements.FileSystemRequirementsTagProvider.requirementWithMatchingPath(FileSystemRequirementsTagProvider.java:372)
	at net.thucydides.core.requirements.FileSystemRequirementsTagProvider.getParentRequirementOf(FileSystemRequirementsTagProvider.java:335)
	at net.thucydides.core.requirements.ParentRequirementsProvided.forOutcome(ParentRequirementsProvided.java:26)
	at net.thucydides.core.requirements.BaseRequirementsService.getParentRequirementOf(BaseRequirementsService.java:138)
	at net.thucydides.core.requirements.BaseRequirementsService.getAncestorRequirementsFor(BaseRequirementsService.java:78)
	at net.thucydides.core.reports.html.HtmlAcceptanceTestReporter.addBreadcrumbs(HtmlAcceptanceTestReporter.java:226)
	at net.thucydides.core.reports.html.HtmlAcceptanceTestReporter.addParentRequirmentFieldToContext(HtmlAcceptanceTestReporter.java:214)
	at net.thucydides.core.reports.html.HtmlAcceptanceTestReporter.addTestOutcomeToContext(HtmlAcceptanceTestReporter.java:190)
	at net.thucydides.core.reports.html.HtmlAcceptanceTestReporter.generateReportFor(HtmlAcceptanceTestReporter.java:105)
	at net.thucydides.core.reports.ReportService.generateReportFor(ReportService.java:246)
	at net.thucydides.core.reports.ReportService.lambda$generateReportsFor$0(ReportService.java:184)
	at java.util.concurrent.Executors$RunnableAdapter.call(Executors.java:511)
	at java.util.concurrent.FutureTask.run(FutureTask.java:266)
	at java.util.concurrent.ThreadPoolExecutor.runWorker(ThreadPoolExecutor.java:1149)
	at java.util.concurrent.ThreadPoolExecutor$Worker.run(ThreadPoolExecutor.java:624)
	at java.lang.Thread.run(Thread.java:750)

08:12:36.408 [pool-3-thread-1] WARN net.thucydides.core.requirements.RequirementsTagProvider - Failed to load requirements: Illegal char <:> at index 4: file:\D:\kampus%20merdeka\QE_Capstone%20Kanbo\capstone\api\src\test\resources\api\Register.feature
java.nio.file.InvalidPathException: Illegal char <:> at index 4: file:\D:\kampus%20merdeka\QE_Capstone%20Kanbo\capstone\api\src\test\resources\api\Register.feature
	at sun.nio.fs.WindowsPathParser.normalize(WindowsPathParser.java:182)
	at sun.nio.fs.WindowsPathParser.parse(WindowsPathParser.java:153)
	at sun.nio.fs.WindowsPathParser.parse(WindowsPathParser.java:77)
	at sun.nio.fs.WindowsPath.parse(WindowsPath.java:94)
	at sun.nio.fs.WindowsFileSystem.getPath(WindowsFileSystem.java:255)
	at java.io.File.toPath(File.java:2271)
	at net.thucydides.core.requirements.RootDirectory.getRelativePathOf(RootDirectory.java:364)
	at net.thucydides.core.requirements.FileSystemRequirementsTagProvider.requirementWithMatchingPath(FileSystemRequirementsTagProvider.java:372)
	at net.thucydides.core.requirements.FileSystemRequirementsTagProvider.getParentRequirementOf(FileSystemRequirementsTagProvider.java:335)
	at net.thucydides.core.requirements.ParentRequirementsProvided.forOutcome(ParentRequirementsProvided.java:26)
	at net.thucydides.core.requirements.BaseRequirementsService.getParentRequirementOf(BaseRequirementsService.java:138)
	at net.thucydides.core.requirements.BaseRequirementsService.getAncestorRequirementsFor(BaseRequirementsService.java:78)
	at net.thucydides.core.tags.BreadcrumbTagFilter.getRequirementBreadcrumbsFrom(BreadcrumbTagFilter.java:51)
	at net.thucydides.core.reports.html.HtmlAcceptanceTestReporter.addBreadcrumbs(HtmlAcceptanceTestReporter.java:227)
	at net.thucydides.core.reports.html.HtmlAcceptanceTestReporter.addParentRequirmentFieldToContext(HtmlAcceptanceTestReporter.java:214)
	at net.thucydides.core.reports.html.HtmlAcceptanceTestReporter.addTestOutcomeToContext(HtmlAcceptanceTestReporter.java:190)
	at net.thucydides.core.reports.html.HtmlAcceptanceTestReporter.generateReportFor(HtmlAcceptanceTestReporter.java:105)
	at net.thucydides.core.reports.ReportService.generateReportFor(ReportService.java:246)
	at net.thucydides.core.reports.ReportService.lambda$generateReportsFor$0(ReportService.java:184)
	at java.util.concurrent.Executors$RunnableAdapter.call(Executors.java:511)
	at java.util.concurrent.FutureTask.run(FutureTask.java:266)
	at java.util.concurrent.ThreadPoolExecutor.runWorker(ThreadPoolExecutor.java:1149)
	at java.util.concurrent.ThreadPoolExecutor$Worker.run(ThreadPoolExecutor.java:624)
	at java.lang.Thread.run(Thread.java:750)

08:12:36.410 [pool-3-thread-1] DEBUG serenity.reporting - Generating report in 37c7deffc58af39e735c95e129607638c9a7be56792c35b60db6fc46c6ec99f9.html

08:12:36.411 [pool-3-thread-3] DEBUG serenity.reporting - Generated report e46997ee64104f03b09704280f2b03985ce5fb7ca4232d1e9375a42283de9ec2.html in 1014 ms

08:12:36.411 [pool-3-thread-3] DEBUG net.thucydides.core.reports.ReportService - Processing test outcome As admin i want to create account So that i can login and see home page:POST - As a admin I failed to create account with empty email done

[...]
08:12:31.101 [pool-2-thread-1] DEBUG net.thucydides.core.steps.StepInterceptor - STARTING STEP: RegistStep.adminSeeStatusCodeAfterSendRegister - admin see response code 200 after send register
08:12:31.103 [pool-2-thread-1] DEBUG net.thucydides.core.steps.StepInterceptor - STEP DONE: admin see response code 200 after send register
  &amp#27;[32mThen &amp#27;[0m&amp#27;[32madmin see status code &amp#27;[0m&amp#27;[32m&amp#27;[1m200&amp#27;[0m&amp#27;[32m after send register&amp#27;[0m                                        &amp#27;[90m# starter.stepdefenitions.RegistStep.adminSeeStatusCodeAfterSendRegister(int)&amp#27;[0m
08:12:31.115 [pool-2-thread-1] DEBUG net.thucydides.core.steps.StepInterceptor - STARTING STEP: RegistStep.adminSeeNewDetailAccount - admin see detail data
08:12:31.162 [pool-2-thread-1] DEBUG net.thucydides.core.steps.StepInterceptor - STEP DONE: admin see detail data
  &amp#27;[32mAnd &amp#27;[0m&amp#27;[32madmin see new detail account&amp#27;[0m                                                          &amp#27;[90m# starter.stepdefenitions.RegistStep.adminSeeNewDetailAccount()&amp#27;[0m
08:12:31.168 [pool-2-thread-1] INFO  - 
  _____   ___   ___   _____     ___     _     ___   ___   ___   ___  
 |_   _| | __| / __| |_   _|   | _ \   /_\   / __| / __| | __| |   \ 
   | |   | _|  \__ \   | |     |  _/  / _ \  \__ \ \__ \ | _|  | |) |
   |_|   |___| |___/   |_|     |_|   /_/ \_\ |___/ |___/ |___| |___/ 

POST - As a admin I success to create account with fill password with number only
----------------------------------------------------------------------
]]></system-out>
  </testcase>
  <testcase name="POST - As a admin i success to create account with fill password with letter only" classname="As admin i want to create account So that i can login and see home page" time="0.966">
    <system-out><![CDATA[
@register @register-positive14
Scenario: POST - As a admin i success to create account with fill password with letter only &amp#27;[90m# src/test/resources/api/Register.feature:96&amp#27;[0m
08:12:31.194 [pool-2-thread-1] INFO io.cucumber.core.plugin.SerenityReporter - Running feature from file:///D:/kampus%20merdeka/QE_Capstone%20Kanbo/capstone/api/src/test/resources/api/Register.feature
08:12:31.194 [pool-2-thread-1] WARN io.cucumber.core.plugin.SerenityReporter - Feature from file:///D:/kampus%20merdeka/QE_Capstone%20Kanbo/capstone/api/src/test/resources/api/Register.feature is not under the 'features' directory. Requirements report will not be correctly generated!
08:12:31.200 [pool-2-thread-1] INFO  - 
  _____   ___   ___   _____     ___   _____     _     ___   _____   ___   ___  
 |_   _| | __| / __| |_   _|   / __| |_   _|   /_\   | _ \ |_   _| | __| |   \ 
   | |   | _|  \__ \   | |     \__ \   | |    / _ \  |   /   | |   | _|  | |) |
   |_|   |___| |___/   |_|     |___/   |_|   /_/ \_\ |_|_\   |_|   |___| |___/ 

POST - As a admin i success to create account with fill password with letter only(as-admin-i-want-to-create-account-so-that-i-can-login-and-see-home-page;post---as-a-admin-i-success-to-create-account-with-fill-password-with-letter-only)
--------------------------------------------------------------------------------
08:12:31.224 [pool-2-thread-1] DEBUG net.thucydides.core.steps.StepInterceptor - STARTING STEP: RegistStep.adminSetEndpointForRegister - admin set endpoint for register
08:12:31.225 [pool-2-thread-1] DEBUG net.thucydides.core.steps.StepInterceptor - STEP DONE: admin set endpoint for register
  &amp#27;[32mGiven &amp#27;[0m&amp#27;[32madmin set endpoint for register&amp#27;[0m                                                     &amp#27;[90m# starter.stepdefenitions.RegistStep.adminSetEndpointForRegister()&amp#27;[0m
08:12:31.235 [pool-2-thread-1] DEBUG net.thucydides.core.steps.StepInterceptor - STARTING STEP: RegistStep.adminSendPOSTHTTPRequestWithFillPasswordWithLetter - admin send POST HTTP request with fill password with letter
08:12:31.335 [pool-2-thread-1] DEBUG net.thucydides.core.steps.StepInterceptor - STARTING STEP: PostRegist.SendPOSTHTTPRequestWithFillPasswordWithLetter - admin set endpoint for register
08:12:31.335 [pool-2-thread-1] DEBUG net.thucydides.core.steps.StepInterceptor - STEP DONE: admin set endpoint for register
08:12:32.074 [pool-2-thread-1] DEBUG net.thucydides.core.steps.StepInterceptor - STEP DONE: admin send POST HTTP request with fill password with letter
  &amp#27;[32mWhen &amp#27;[0m&amp#27;[32madmin send POST HTTP request with fill password with letter&amp#27;[0m                          &amp#27;[90m# starter.stepdefenitions.RegistStep.adminSendPOSTHTTPRequestWithFillPasswordWithLetter()&amp#27;[0m
08:12:32.086 [pool-2-thread-1] DEBUG net.thucydides.core.steps.StepInterceptor - STARTING STEP: RegistStep.adminSeeStatusCodeAfterSendRegister - admin see response code 200 after send register
08:12:32.088 [pool-2-thread-1] DEBUG net.thucydides.core.steps.StepInterceptor - STEP DONE: admin see response code 200 after send register
  &amp#27;[32mThen &amp#27;[0m&amp#27;[32madmin see status code &amp#27;[0m&amp#27;[32m&amp#27;[1m200&amp#27;[0m&amp#27;[32m after send register&amp#27;[0m                                        &amp#27;[90m# starter.stepdefenitions.RegistStep.adminSeeStatusCodeAfterSendRegister(int)&amp#27;[0m
08:12:32.102 [pool-2-thread-1] DEBUG net.thucydides.core.steps.StepInterceptor - STARTING STEP: RegistStep.adminSeeNewDetailAccount - admin see detail data
08:12:32.133 [pool-2-thread-1] DEBUG net.thucydides.core.steps.StepInterceptor - STEP DONE: admin see detail data
  &amp#27;[32mAnd &amp#27;[0m&amp#27;[32madmin see new detail account&amp#27;[0m                                                          &amp#27;[90m# starter.stepdefenitions.RegistStep.adminSeeNewDetailAccount()&amp#27;[0m
08:12:32.136 [pool-2-thread-1] INFO  - 
  _____   ___   ___   _____     ___     _     ___   ___   ___   ___  
 |_   _| | __| / __| |_   _|   | _ \   /_\   / __| / __| | __| |   \ 
   | |   | _|  \__ \   | |     |  _/  / _ \  \__ \ \__ \ | _|  | |) |
   |_|   |___| |___/   |_|     |_|   /_/ \_\ |___/ |___/ |___| |___/ 

POST - As a admin i success to create account with fill password with letter only
----------------------------------------------------------------------
]]></system-out>
  </testcase>
  <testcase name="POST - As a admin i success to create account with fill password with combination char" classname="As admin i want to create account So that i can login and see home page" time="0.925">
    <system-out><![CDATA[
@register @register-positive15
Scenario: POST - As a admin i success to create account with fill password with combination char &amp#27;[90m# src/test/resources/api/Register.feature:103&amp#27;[0m
08:12:32.148 [pool-2-thread-1] INFO io.cucumber.core.plugin.SerenityReporter - Running feature from file:///D:/kampus%20merdeka/QE_Capstone%20Kanbo/capstone/api/src/test/resources/api/Register.feature
08:12:32.149 [pool-2-thread-1] WARN io.cucumber.core.plugin.SerenityReporter - Feature from file:///D:/kampus%20merdeka/QE_Capstone%20Kanbo/capstone/api/src/test/resources/api/Register.feature is not under the 'features' directory. Requirements report will not be correctly generated!
08:12:32.152 [pool-2-thread-1] INFO  - 
  _____   ___   ___   _____     ___   _____     _     ___   _____   ___   ___  
 |_   _| | __| / __| |_   _|   / __| |_   _|   /_\   | _ \ |_   _| | __| |   \ 
   | |   | _|  \__ \   | |     \__ \   | |    / _ \  |   /   | |   | _|  | |) |
   |_|   |___| |___/   |_|     |___/   |_|   /_/ \_\ |_|_\   |_|   |___| |___/ 

POST - As a admin i success to create account with fill password with combination char(as-admin-i-want-to-create-account-so-that-i-can-login-and-see-home-page;post---as-a-admin-i-success-to-create-account-with-fill-password-with-combination-char)
--------------------------------------------------------------------------------
08:12:32.165 [pool-2-thread-1] DEBUG net.thucydides.core.steps.StepInterceptor - STARTING STEP: RegistStep.adminSetEndpointForRegister - admin set endpoint for register
08:12:32.165 [pool-2-thread-1] DEBUG net.thucydides.core.steps.StepInterceptor - STEP DONE: admin set endpoint for register
  &amp#27;[32mGiven &amp#27;[0m&amp#27;[32madmin set endpoint for register&amp#27;[0m                                                          &amp#27;[90m# starter.stepdefenitions.RegistStep.adminSetEndpointForRegister()&amp#27;[0m
08:12:32.169 [pool-2-thread-1] DEBUG net.thucydides.core.steps.StepInterceptor - STARTING STEP: RegistStep.adminSendPOSTHTTPRequestWithFillPasswordWithCombinationChar - admin send POST HTTP request with fill password with combination char
08:12:32.270 [pool-2-thread-1] DEBUG net.thucydides.core.steps.StepInterceptor - STARTING STEP: PostRegist.SendPOSTHTTPRequestWithFillPasswordWithCombinationChar - admin set endpoint for register
08:12:32.271 [pool-2-thread-1] DEBUG net.thucydides.core.steps.StepInterceptor - STEP DONE: admin set endpoint for register
08:12:32.997 [pool-2-thread-1] DEBUG net.thucydides.core.steps.StepInterceptor - STEP DONE: admin send POST HTTP request with fill password with combination char
  &amp#27;[32mWhen &amp#27;[0m&amp#27;[32madmin send POST HTTP request with fill password with combination char&amp#27;[0m                     &amp#27;[90m# starter.stepdefenitions.RegistStep.adminSendPOSTHTTPRequestWithFillPasswordWithCombinationChar()&amp#27;[0m
08:12:33.012 [pool-2-thread-1] DEBUG net.thucydides.core.steps.StepInterceptor - STARTING STEP: RegistStep.adminSeeStatusCodeAfterSendRegister - admin see response code 200 after send register
08:12:33.014 [pool-2-thread-1] DEBUG net.thucydides.core.steps.StepInterceptor - STEP DONE: admin see response code 200 after send register
  &amp#27;[32mThen &amp#27;[0m&amp#27;[32madmin see status code &amp#27;[0m&amp#27;[32m&amp#27;[1m200&amp#27;[0m&amp#27;[32m after send register&amp#27;[0m                                             &amp#27;[90m# starter.stepdefenitions.RegistStep.adminSeeStatusCodeAfterSendRegister(int)&amp#27;[0m
08:12:33.026 [pool-2-thread-1] DEBUG net.thucydides.core.steps.StepInterceptor - STARTING STEP: RegistStep.adminSeeNewDetailAccount - admin see detail data
08:12:33.058 [pool-2-thread-1] DEBUG net.thucydides.core.steps.StepInterceptor - STEP DONE: admin see detail data
  &amp#27;[32mAnd &amp#27;[0m&amp#27;[32madmin see new detail account&amp#27;[0m                                                               &amp#27;[90m# starter.stepdefenitions.RegistStep.adminSeeNewDetailAccount()&amp#27;[0m
08:12:33.061 [pool-2-thread-1] INFO  - 
  _____   ___   ___   _____     ___     _     ___   ___   ___   ___  
 |_   _| | __| / __| |_   _|   | _ \   /_\   / __| / __| | __| |   \ 
   | |   | _|  \__ \   | |     |  _/  / _ \  \__ \ \__ \ | _|  | |) |
   |_|   |___| |___/   |_|     |_|   /_/ \_\ |___/ |___/ |___| |___/ 

POST - As a admin i success to create account with fill password with combination char
----------------------------------------------------------------------
]]></system-out>
  </testcase>
  <testcase name="POST - As a admin I failed to create account with maks random char" classname="As admin i want to create account So that i can login and see home page" time="0.852">
    <system-out><![CDATA[
@register @register-negative17
Scenario: POST - As a admin I failed to create account with maks random char &amp#27;[90m# src/test/resources/api/Register.feature:110&amp#27;[0m
08:12:33.070 [pool-2-thread-1] INFO io.cucumber.core.plugin.SerenityReporter - Running feature from file:///D:/kampus%20merdeka/QE_Capstone%20Kanbo/capstone/api/src/test/resources/api/Register.feature
08:12:33.070 [pool-2-thread-1] WARN io.cucumber.core.plugin.SerenityReporter - Feature from file:///D:/kampus%20merdeka/QE_Capstone%20Kanbo/capstone/api/src/test/resources/api/Register.feature is not under the 'features' directory. Requirements report will not be correctly generated!
08:12:33.072 [pool-2-thread-1] INFO  - 
  _____   ___   ___   _____     ___   _____     _     ___   _____   ___   ___  
 |_   _| | __| / __| |_   _|   / __| |_   _|   /_\   | _ \ |_   _| | __| |   \ 
   | |   | _|  \__ \   | |     \__ \   | |    / _ \  |   /   | |   | _|  | |) |
   |_|   |___| |___/   |_|     |___/   |_|   /_/ \_\ |_|_\   |_|   |___| |___/ 

POST - As a admin I failed to create account with maks random char(as-admin-i-want-to-create-account-so-that-i-can-login-and-see-home-page;post---as-a-admin-i-failed-to-create-account-with-maks-random-char)
--------------------------------------------------------------------------------
08:12:33.084 [pool-2-thread-1] DEBUG net.thucydides.core.steps.StepInterceptor - STARTING STEP: RegistStep.adminSetEndpointForRegister - admin set endpoint for register
08:12:33.084 [pool-2-thread-1] DEBUG net.thucydides.core.steps.StepInterceptor - STEP DONE: admin set endpoint for register
  &amp#27;[32mGiven &amp#27;[0m&amp#27;[32madmin set endpoint for register&amp#27;[0m                                      &amp#27;[90m# starter.stepdefenitions.RegistStep.adminSetEndpointForRegister()&amp#27;[0m
08:12:33.089 [pool-2-thread-1] DEBUG net.thucydides.core.steps.StepInterceptor - STARTING STEP: RegistStep.adminSendPOSTHTTPRequestWithMaksRandomChar - admin send POST HTTP request with maks random char
08:12:33.161 [pool-2-thread-1] DEBUG net.thucydides.core.steps.StepInterceptor - STARTING STEP: PostRegist.SendPOSTHTTPRequestWithMaksRandomChar - admin set endpoint for register
08:12:33.162 [pool-2-thread-1] DEBUG net.thucydides.core.steps.StepInterceptor - STEP DONE: admin set endpoint for register
08:12:33.844 [pool-2-thread-1] DEBUG net.thucydides.core.steps.StepInterceptor - STEP DONE: admin send POST HTTP request with maks random char
  &amp#27;[32mWhen &amp#27;[0m&amp#27;[32madmin send POST HTTP request with maks random char&amp#27;[0m                    &amp#27;[90m# starter.stepdefenitions.RegistStep.adminSendPOSTHTTPRequestWithMaksRandomChar()&amp#27;[0m
08:12:33.855 [pool-2-thread-1] DEBUG net.thucydides.core.steps.StepInterceptor - STARTING STEP: RegistStep.adminSeeStatusCodeAndFailToCreateAccount - admin get respone code 400
08:12:33.858 [pool-2-thread-1] DEBUG net.thucydides.core.steps.StepInterceptor - STEP DONE: admin get respone code 400
  &amp#27;[32mThen &amp#27;[0m&amp#27;[32madmin see status code &amp#27;[0m&amp#27;[32m&amp#27;[1m400&amp#27;[0m&amp#27;[32m and fail to create account&amp#27;[0m                  &amp#27;[90m# starter.stepdefenitions.RegistStep.adminSeeStatusCodeAndFailToCreateAccount(int)&amp#27;[0m
08:12:33.871 [pool-2-thread-1] DEBUG net.thucydides.core.steps.StepInterceptor - STARTING STEP: RegistStep.adminGetErrorMessageAfterRegist - admin get error message
08:12:33.911 [pool-2-thread-1] DEBUG net.thucydides.core.steps.StepInterceptor - STEP DONE: admin get error message
  &amp#27;[32mAnd &amp#27;[0m&amp#27;[32madmin get error message after regist&amp#27;[0m                                   &amp#27;[90m# starter.stepdefenitions.RegistStep.adminGetErrorMessageAfterRegist()&amp#27;[0m
08:12:33.913 [pool-2-thread-1] INFO  - 
  _____   ___   ___   _____     ___     _     ___   ___   ___   ___  
 |_   _| | __| / __| |_   _|   | _ \   /_\   / __| / __| | __| |   \ 
   | |   | _|  \__ \   | |     |  _/  / _ \  \__ \ \__ \ | _|  | |) |
   |_|   |___| |___/   |_|     |_|   /_/ \_\ |___/ |___/ |___| |___/ 

POST - As a admin I failed to create account with maks random char
----------------------------------------------------------------------
]]></system-out>
  </testcase>
  <testcase name="POST - As a admin I failed to create account with invalid endpoint" classname="As admin i want to create account So that i can login and see home page" time="0.851">
    <system-out><![CDATA[
@register @register-negative16
Scenario: POST - As a admin I failed to create account with invalid endpoint &amp#27;[90m# src/test/resources/api/Register.feature:117&amp#27;[0m
08:12:33.922 [pool-2-thread-1] INFO io.cucumber.core.plugin.SerenityReporter - Running feature from file:///D:/kampus%20merdeka/QE_Capstone%20Kanbo/capstone/api/src/test/resources/api/Register.feature
08:12:33.922 [pool-2-thread-1] WARN io.cucumber.core.plugin.SerenityReporter - Feature from file:///D:/kampus%20merdeka/QE_Capstone%20Kanbo/capstone/api/src/test/resources/api/Register.feature is not under the 'features' directory. Requirements report will not be correctly generated!
08:12:33.924 [pool-2-thread-1] INFO  - 
  _____   ___   ___   _____     ___   _____     _     ___   _____   ___   ___  
 |_   _| | __| / __| |_   _|   / __| |_   _|   /_\   | _ \ |_   _| | __| |   \ 
   | |   | _|  \__ \   | |     \__ \   | |    / _ \  |   /   | |   | _|  | |) |
   |_|   |___| |___/   |_|     |___/   |_|   /_/ \_\ |_|_\   |_|   |___| |___/ 

POST - As a admin I failed to create account with invalid endpoint(as-admin-i-want-to-create-account-so-that-i-can-login-and-see-home-page;post---as-a-admin-i-failed-to-create-account-with-invalid-endpoint)
--------------------------------------------------------------------------------
08:12:33.933 [pool-2-thread-1] DEBUG net.thucydides.core.steps.StepInterceptor - STARTING STEP: RegistStep.adminSetInvalidEndpointForRegister - admin set invalid endpoint for register
08:12:33.933 [pool-2-thread-1] DEBUG net.thucydides.core.steps.StepInterceptor - STEP DONE: admin set invalid endpoint for register
  &amp#27;[32mGiven &amp#27;[0m&amp#27;[32madmin set invalid endpoint for register&amp#27;[0m                              &amp#27;[90m# starter.stepdefenitions.RegistStep.adminSetInvalidEndpointForRegister()&amp#27;[0m
08:12:33.936 [pool-2-thread-1] DEBUG net.thucydides.core.steps.StepInterceptor - STARTING STEP: RegistStep.adminSendCreateAccount - admin send create account
08:12:33.989 [pool-2-thread-1] DEBUG net.thucydides.core.steps.StepInterceptor - STARTING STEP: PostRegist.SendCreateAccount - admin set invalid endpoint for register
08:12:33.989 [pool-2-thread-1] DEBUG net.thucydides.core.steps.StepInterceptor - STEP DONE: admin set invalid endpoint for register
08:12:34.683 [pool-2-thread-1] DEBUG net.thucydides.core.steps.StepInterceptor - STEP DONE: admin send create account
  &amp#27;[32mWhen &amp#27;[0m&amp#27;[32madmin send create account&amp#27;[0m                                             &amp#27;[90m# starter.stepdefenitions.RegistStep.adminSendCreateAccount()&amp#27;[0m
08:12:34.694 [pool-2-thread-1] DEBUG net.thucydides.core.steps.StepInterceptor - STARTING STEP: RegistStep.adminSeeStatusCode - admin see status code {int}
08:12:34.697 [pool-2-thread-1] DEBUG net.thucydides.core.steps.StepInterceptor - STEP DONE: admin see status code {int}
  &amp#27;[32mThen &amp#27;[0m&amp#27;[32madmin see status code &amp#27;[0m&amp#27;[32m&amp#27;[1m404&amp#27;[0m                                             &amp#27;[90m# starter.stepdefenitions.RegistStep.adminSeeStatusCode(int)&amp#27;[0m
08:12:34.710 [pool-2-thread-1] DEBUG net.thucydides.core.steps.StepInterceptor - STARTING STEP: RegistStep.adminGetErrorMessageNotFound - admin get error message not found
08:12:34.761 [pool-2-thread-1] DEBUG net.thucydides.core.steps.StepInterceptor - STEP DONE: admin get error message not found
  &amp#27;[32mAnd &amp#27;[0m&amp#27;[32madmin get error message not found&amp#27;[0m                                      &amp#27;[90m# starter.stepdefenitions.RegistStep.adminGetErrorMessageNotFound()&amp#27;[0m
08:12:34.764 [pool-2-thread-1] INFO  - 
  _____   ___   ___   _____     ___     _     ___   ___   ___   ___  
 |_   _| | __| / __| |_   _|   | _ \   /_\   / __| / __| | __| |   \ 
   | |   | _|  \__ \   | |     |  _/  / _ \  \__ \ \__ \ | _|  | |) |
   |_|   |___| |___/   |_|     |_|   /_/ \_\ |___/ |___/ |___| |___/ 

POST - As a admin I failed to create account with invalid endpoint
----------------------------------------------------------------------
]]></system-out>
  </testcase>
</testsuite>