<?xml version="1.0" encoding="UTF-8"?>
<testsuite xmlns:xsi="http://www.w3.org/2001/XMLSchema-instance" xsi:noNamespaceSchemaLocation="https://maven.apache.org/surefire/maven-failsafe-plugin/xsd/failsafe-test-report-3.0.xsd" version="3.0" name="As user I want to see home page So that i can buy product" time="17.433" tests="2" errors="2" skipped="0" failures="0">
  <properties>
[...]
</properties>
  <testcase name="POST - As a user I success to login with valid data" classname="As user I want to see home page So that i can buy product" time="12.997">
    <error message="Some exception during recording fields" type="java.lang.RuntimeException"><![CDATA[java.lang.RuntimeException: Some exception during recording fields
Caused by: java.net.ConnectException: Connection refused: connect
]]></error>
    <system-out><![CDATA[19:50:31.347 [pool-2-thread-1] INFO io.cucumber.core.plugin.SerenityReporter - Running feature from file:///D:/kampus%20merdeka/QE_Capstone%20Kanbo/capstone/api/src/test/resources/api/Login.feature

19:50:31.354 [pool-2-thread-1] WARN io.cucumber.core.plugin.SerenityReporter - Feature from file:///D:/kampus%20merdeka/QE_Capstone%20Kanbo/capstone/api/src/test/resources/api/Login.feature is not under the 'features' directory. Requirements report will not be correctly generated!

19:50:31.722 [pool-2-thread-1] INFO  - 

-------------------------------------------------------------------------------------
     _______. _______ .______       _______ .__   __.  __  .___________.____    ____ 
    /       ||   ____||   _  \     |   ____||  \ |  | |  | |           |\   \  /   / 
   |   (----`|  |__   |  |_)  |    |  |__   |   \|  | |  | `---|  |----` \   \/   /  
    \   \    |   __|  |      /     |   __|  |  . `  | |  |     |  |       \_    _/   
.----)   |   |  |____ |  |\  \----.|  |____ |  |\   | |  |     |  |         |  |     
|_______/    |_______|| _| `._____||_______||__| \__| |__|     |__|         |__|    
                                                                                     
 News and tutorials at http://www.serenity-bdd.info                                  
 Documentation at https://wakaleo.gitbooks.io/the-serenity-book/content/             
 Join the Serenity Community on Gitter: https://gitter.im/serenity-bdd/serenity-core 
 Serenity BDD Support and Training at http://serenity-bdd.info/#/trainingandsupport  
-------------------------------------------------------------------------------------


19:50:31.729 [pool-2-thread-1] DEBUG net.thucydides.core.steps.StepEventBus - Test suite started for story net.thucydides.core.model.Story@aceaab78

19:50:31.734 [pool-2-thread-1] INFO  - Test Suite Started: As user I want to see home page So that i can buy product

19:50:31.783 [pool-2-thread-1] INFO io.cucumber.core.plugin.SerenityReporter - Running feature from file:///D:/kampus%20merdeka/QE_Capstone%20Kanbo/capstone/api/src/test/resources/api/Register.feature

19:50:31.783 [pool-2-thread-1] WARN io.cucumber.core.plugin.SerenityReporter - Feature from file:///D:/kampus%20merdeka/QE_Capstone%20Kanbo/capstone/api/src/test/resources/api/Register.feature is not under the 'features' directory. Requirements report will not be correctly generated!

19:50:31.806 [pool-2-thread-1] DEBUG net.thucydides.core.steps.StepEventBus - Test suite started for story net.thucydides.core.model.Story@c3f411a

19:50:31.809 [pool-2-thread-1] INFO  - Test Suite Started: As user i want to create account So that i can login and see home page

19:50:44.815 [pool-2-thread-1] ERROR  - 
  _____   ___   ___   _____     ___   ___   ___    ___    ___ 
 |_   _| | __| / __| |_   _|   | __| | _ \ | _ \  / _ \  | _ \
   | |   | _|  \__ \   | |     | _|  |   / |   / | (_) | |   /
   |_|   |___| |___/   |_|     |___| |_|_\ |_|_\  \___/  |_|_\

POST - As a user I success to login with valid data
---------------------------------------------------------------

19:50:44.820 [pool-2-thread-1] DEBUG  - RELATED ISSUES: 

19:50:44.957 [pool-2-thread-1] ERROR  -     Test failed at step: POST

19:50:44.958 [pool-2-thread-1] ERROR  -     Connection refused: connect

19:50:49.250 [pool-2-thread-1] ERROR  - 
  _____   ___   ___   _____     ___   ___   ___    ___    ___ 
 |_   _| | __| / __| |_   _|   | __| | _ \ | _ \  / _ \  | _ \
   | |   | _|  \__ \   | |     | _|  |   / |   / | (_) | |   /
   |_|   |___| |___/   |_|     |___| |_|_\ |_|_\  \___/  |_|_\

POST - As a user I failed to login with empty data
---------------------------------------------------------------

19:50:49.251 [pool-2-thread-1] DEBUG  - RELATED ISSUES: 

19:50:49.251 [pool-2-thread-1] ERROR  -     Test failed at step: POST

19:50:49.252 [pool-2-thread-1] ERROR  -     Connection refused: connect

19:51:00.223 [pool-2-thread-1] ERROR  - 
  _____   ___   ___   _____     ___     _     ___   _      ___   ___  
 |_   _| | __| / __| |_   _|   | __|   /_\   |_ _| | |    | __| |   \ 
   | |   | _|  \__ \   | |     | _|   / _ \   | |  | |__  | _|  | |) |
   |_|   |___| |___/   |_|     |_|   /_/ \_\ |___| |____| |___| |___/ 

POST - As a user I failed to create account with not use domain email
-----------------------------------------------------------------------

19:51:00.224 [pool-2-thread-1] DEBUG  - RELATED ISSUES: 

19:51:00.224 [pool-2-thread-1] ERROR  -     Test failed at step: user get respone code 400

19:51:00.224 [pool-2-thread-1] ERROR  -     1 expectation failed.Expected status code <400> but was <200>.

19:51:07.130 [pool-2-thread-1] ERROR  - 
  _____   ___   ___   _____     ___     _     ___   _      ___   ___  
 |_   _| | __| / __| |_   _|   | __|   /_\   |_ _| | |    | __| |   \ 
   | |   | _|  \__ \   | |     | _|   / _ \   | |  | |__  | _|  | |) |
   |_|   |___| |___/   |_|     |_|   /_/ \_\ |___| |____| |___| |___/ 

POST - As a user I failed to create account with fill number on username field
-----------------------------------------------------------------------

19:51:07.133 [pool-2-thread-1] DEBUG  - RELATED ISSUES: 

19:51:07.137 [pool-2-thread-1] ERROR  -     Test failed at step: user see response code 200 after send register

19:51:07.137 [pool-2-thread-1] ERROR  -     1 expectation failed.Expected status code <200> but was <400>.



&amp#27;[31mFailed scenarios:&amp#27;[0m


file:///D:/kampus%20merdeka/QE_Capstone%20Kanbo/capstone/api/src/test/resources/api/Login.feature:5 # POST - As a user I success to login with valid data


file:///D:/kampus%20merdeka/QE_Capstone%20Kanbo/capstone/api/src/test/resources/api/Login.feature:12 # POST - As a user I failed to login with empty data


file:///D:/kampus%20merdeka/QE_Capstone%20Kanbo/capstone/api/src/test/resources/api/Register.feature:33 # POST - As a user I failed to create account with not use domain email


file:///D:/kampus%20merdeka/QE_Capstone%20Kanbo/capstone/api/src/test/resources/api/Register.feature:47 # POST - As a user I failed to create account with fill number on username field




9
 Scenarios (
&amp#27;[31m4 failed&amp#27;[0m
, 
&amp#27;[32m5 passed&amp#27;[0m
)


36
 Steps (
&amp#27;[31m4 failed&amp#27;[0m
, 
&amp#27;[36m6 skipped&amp#27;[0m
, 
&amp#27;[32m26 passed&amp#27;[0m
)


0m
35.815s






java.lang.RuntimeException: Some exception during recording fields


	at net.serenitybdd.rest.filters.FieldsRecordingFilter.filter(FieldsRecordingFilter.java:52)


	at io.restassured.filter.Filter$filter.call(Unknown Source)


	at io.restassured.internal.filter.FilterContextImpl.next(FilterContextImpl.groovy:72)


	at io.restassured.filter.log.RequestLoggingFilter.filter(RequestLoggingFilter.java:140)


	at net.serenitybdd.rest.filters.FieldsRecordingFilter.filter(FieldsRecordingFilter.java:40)


	at io.restassured.filter.Filter$filter.call(Unknown Source)


	at io.restassured.internal.filter.FilterContextImpl.next(FilterContextImpl.groovy:72)


	at io.restassured.filter.log.RequestLoggingFilter.filter(RequestLoggingFilter.java:140)


	at net.serenitybdd.rest.filters.FieldsRecordingFilter.filter(FieldsRecordingFilter.java:40)


	at io.restassured.filter.Filter$filter.call(Unknown Source)


	at io.restassured.internal.filter.FilterContextImpl.next(FilterContextImpl.groovy:72)


	at io.restassured.filter.log.RequestLoggingFilter.filter(RequestLoggingFilter.java:140)


	at net.serenitybdd.rest.filters.FieldsRecordingFilter.filter(FieldsRecordingFilter.java:40)


	at io.restassured.filter.Filter$filter.call(Unknown Source)


	at io.restassured.internal.filter.FilterContextImpl.next(FilterContextImpl.groovy:72)


	at io.restassured.filter.log.RequestLoggingFilter.filter(RequestLoggingFilter.java:140)


	at net.serenitybdd.rest.filters.FieldsRecordingFilter.filter(FieldsRecordingFilter.java:40)


	at io.restassured.filter.Filter$filter.call(Unknown Source)


	at io.restassured.internal.filter.FilterContextImpl.next(FilterContextImpl.groovy:72)


	at io.restassured.filter.log.RequestLoggingFilter.filter(RequestLoggingFilter.java:140)


	at net.serenitybdd.rest.filters.FieldsRecordingFilter.filter(FieldsRecordingFilter.java:40)


	at io.restassured.filter.Filter$filter.call(Unknown Source)


	at org.codehaus.groovy.runtime.callsite.CallSiteArray.defaultCall(CallSiteArray.java:47)


	at org.codehaus.groovy.runtime.callsite.AbstractCallSite.call(AbstractCallSite.java:125)


	at org.codehaus.groovy.runtime.callsite.AbstractCallSite.call(AbstractCallSite.java:157)


	at io.restassured.internal.filter.FilterContextImpl.next(FilterContextImpl.groovy:72)


	at io.restassured.filter.FilterContext$next.call(Unknown Source)


	at org.codehaus.groovy.runtime.callsite.CallSiteArray.defaultCall(CallSiteArray.java:47)


	at org.codehaus.groovy.runtime.callsite.AbstractCallSite.call(AbstractCallSite.java:125)


	at org.codehaus.groovy.runtime.callsite.AbstractCallSite.call(AbstractCallSite.java:148)


	at io.restassured.internal.RequestSpecificationImpl.applyPathParamsAndSendRequest(RequestSpecificationImpl.groovy:1655)


	at sun.reflect.NativeMethodAccessorImpl.invoke0(Native Method)


	at sun.reflect.NativeMethodAccessorImpl.invoke(NativeMethodAccessorImpl.java:62)


	at sun.reflect.DelegatingMethodAccessorImpl.invoke(DelegatingMethodAccessorImpl.java:43)


	at java.lang.reflect.Method.invoke(Method.java:498)


	at org.codehaus.groovy.reflection.CachedMethod.invoke(CachedMethod.java:107)


	at groovy.lang.MetaMethod.doMethodInvoke(MetaMethod.java:323)


	at groovy.lang.MetaClassImpl.invokeMethod(MetaClassImpl.java:1267)


	at groovy.lang.MetaClassImpl.invokeMethod(MetaClassImpl.java:1034)


	at groovy.lang.MetaClassImpl.invokeMethod(MetaClassImpl.java:818)


	at groovy.lang.GroovyObject.invokeMethod(GroovyObject.java:39)


	at org.codehaus.groovy.runtime.callsite.PogoInterceptableSite.call(PogoInterceptableSite.java:45)


	at org.codehaus.groovy.runtime.callsite.PogoInterceptableSite.callCurrent(PogoInterceptableSite.java:55)


	at org.codehaus.groovy.runtime.callsite.CallSiteArray.defaultCallCurrent(CallSiteArray.java:51)


	at org.codehaus.groovy.runtime.callsite.AbstractCallSite.callCurrent(AbstractCallSite.java:171)


	at org.codehaus.groovy.runtime.callsite.AbstractCallSite.callCurrent(AbstractCallSite.java:203)


	at io.restassured.internal.RequestSpecificationImpl.applyPathParamsAndSendRequest(RequestSpecificationImpl.groovy:1661)


	at sun.reflect.NativeMethodAccessorImpl.invoke0(Native Method)


	at sun.reflect.NativeMethodAccessorImpl.invoke(NativeMethodAccessorImpl.java:62)


	at sun.reflect.DelegatingMethodAccessorImpl.invoke(DelegatingMethodAccessorImpl.java:43)


	at java.lang.reflect.Method.invoke(Method.java:498)


	at org.codehaus.groovy.reflection.CachedMethod.invoke(CachedMethod.java:107)


	at groovy.lang.MetaMethod.doMethodInvoke(MetaMethod.java:323)


	at groovy.lang.MetaClassImpl.invokeMethod(MetaClassImpl.java:1267)


	at groovy.lang.MetaClassImpl.invokeMethod(MetaClassImpl.java:1034)


	at groovy.lang.MetaClassImpl.invokeMethod(MetaClassImpl.java:818)


	at groovy.lang.GroovyObject.invokeMethod(GroovyObject.java:39)


	at org.codehaus.groovy.runtime.callsite.PogoInterceptableSite.call(PogoInterceptableSite.java:45)


	at org.codehaus.groovy.runtime.callsite.PogoInterceptableSite.callCurrent(PogoInterceptableSite.java:55)


	at org.codehaus.groovy.runtime.callsite.CallSiteArray.defaultCallCurrent(CallSiteArray.java:51)


	at org.codehaus.groovy.runtime.callsite.AbstractCallSite.callCurrent(AbstractCallSite.java:171)


	at org.codehaus.groovy.runtime.callsite.AbstractCallSite.callCurrent(AbstractCallSite.java:203)


	at io.restassured.internal.RequestSpecificationImpl.post(RequestSpecificationImpl.groovy:175)


	at net.serenitybdd.rest.decorators.request.RequestSpecificationDecorated.executeCall(RequestSpecificationDecorated.java:309)


	at net.serenitybdd.rest.decorators.request.RequestSpecificationDecorated.execute(RequestSpecificationDecorated.java:268)


	at net.serenitybdd.rest.decorators.request.RequestSpecificationDecorated.post(RequestSpecificationDecorated.java:120)


	at net.serenitybdd.rest.decorators.request.RequestSpecificationDecorated.post(RequestSpecificationDecorated.java:38)


	at starter.login.Post.sendPostHttpRequest(Post.java:26)


	at starter.login.Post$ByteBuddy$MtUvr7FK.sendPostHttpRequest$accessor$wHtBjQjH(Unknown Source)


	at sun.reflect.NativeMethodAccessorImpl.invoke0(Native Method)


	at sun.reflect.NativeMethodAccessorImpl.invoke(NativeMethodAccessorImpl.java:62)


	at sun.reflect.DelegatingMethodAccessorImpl.invoke(DelegatingMethodAccessorImpl.java:43)


	at java.lang.reflect.Method.invoke(Method.java:498)


	at net.thucydides.core.steps.StepInterceptor.invokeMethod(StepInterceptor.java:492)


	at net.thucydides.core.steps.StepInterceptor.executeTestStepMethod(StepInterceptor.java:472)


	at net.thucydides.core.steps.StepInterceptor.runTestStep(StepInterceptor.java:445)


	at net.thucydides.core.steps.StepInterceptor.runOrSkipMethod(StepInterceptor.java:201)


	at net.thucydides.core.steps.StepInterceptor.testStepResult(StepInterceptor.java:188)


	at net.thucydides.core.steps.StepInterceptor.intercept(StepInterceptor.java:76)


	at net.thucydides.core.steps.ProxyConfiguration$InterceptorDispatcher.intercept(ProxyConfiguration.java:51)


	at starter.login.Post$ByteBuddy$MtUvr7FK.sendPostHttpRequest(Unknown Source)


	at starter.stepdefenitions.LoginSteps.userSendPOSTHTTPRequestWithValidData(LoginSteps.java:21)


	at ?.user send POST HTTP request with valid data(file:///D:/kampus%20merdeka/QE_Capstone%20Kanbo/capstone/api/src/test/resources/api/Login.feature:7)


Caused by: java.net.ConnectException: Connection refused: connect


	at java.net.DualStackPlainSocketImpl.connect0(Native Method)


	at java.net.DualStackPlainSocketImpl.socketConnect(DualStackPlainSocketImpl.java:75)


	at java.net.AbstractPlainSocketImpl.doConnect(AbstractPlainSocketImpl.java:476)


	at java.net.AbstractPlainSocketImpl.connectToAddress(AbstractPlainSocketImpl.java:218)


	at java.net.AbstractPlainSocketImpl.connect(AbstractPlainSocketImpl.java:200)


	at java.net.PlainSocketImpl.connect(PlainSocketImpl.java:162)


	at java.net.SocksSocketImpl.connect(SocksSocketImpl.java:394)


	at java.net.Socket.connect(Socket.java:606)


	at org.apache.http.conn.scheme.PlainSocketFactory.connectSocket(PlainSocketFactory.java:121)


	at org.apache.http.impl.conn.DefaultClientConnectionOperator.openConnection(DefaultClientConnectionOperator.java:180)


	at org.apache.http.impl.conn.ManagedClientConnectionImpl.open(ManagedClientConnectionImpl.java:326)


	at org.apache.http.impl.client.DefaultRequestDirector.tryConnect(DefaultRequestDirector.java:610)


	at org.apache.http.impl.client.DefaultRequestDirector.execute(DefaultRequestDirector.java:445)


	at org.apache.http.impl.client.AbstractHttpClient.doExecute(AbstractHttpClient.java:835)


	at org.apache.http.impl.client.CloseableHttpClient.execute(CloseableHttpClient.java:83)


	at org.apache.http.impl.client.CloseableHttpClient.execute(CloseableHttpClient.java:56)


	at org.apache.http.client.HttpClient$execute$0.call(Unknown Source)


	at org.codehaus.groovy.runtime.callsite.CallSiteArray.defaultCall(CallSiteArray.java:47)


	at org.codehaus.groovy.runtime.callsite.AbstractCallSite.call(AbstractCallSite.java:125)


	at org.codehaus.groovy.runtime.callsite.AbstractCallSite.call(AbstractCallSite.java:148)


	at io.restassured.internal.RequestSpecificationImpl$RestAssuredHttpBuilder.doRequest(RequestSpecificationImpl.groovy:2055)


	at io.restassured.internal.http.HTTPBuilder.post(HTTPBuilder.java:350)


	at io.restassured.internal.http.HTTPBuilder$post$2.call(Unknown Source)


	at org.codehaus.groovy.runtime.callsite.CallSiteArray.defaultCall(CallSiteArray.java:47)


	at org.codehaus.groovy.runtime.callsite.AbstractCallSite.call(AbstractCallSite.java:125)


	at org.codehaus.groovy.runtime.callsite.AbstractCallSite.call(AbstractCallSite.java:148)


	at io.restassured.internal.RequestSpecificationImpl.sendRequest(RequestSpecificationImpl.groovy:1181)


	at sun.reflect.NativeMethodAccessorImpl.invoke0(Native Method)


	at sun.reflect.NativeMethodAccessorImpl.invoke(NativeMethodAccessorImpl.java:62)


	at sun.reflect.DelegatingMethodAccessorImpl.invoke(DelegatingMethodAccessorImpl.java:43)


	at java.lang.reflect.Method.invoke(Method.java:498)


	at org.codehaus.groovy.reflection.CachedMethod.invoke(CachedMethod.java:107)


	at groovy.lang.MetaMethod.doMethodInvoke(MetaMethod.java:323)


	at groovy.lang.MetaClassImpl.invokeMethod(MetaClassImpl.java:1267)


	at groovy.lang.MetaClassImpl.invokeMethod(MetaClassImpl.java:1034)


	at groovy.lang.MetaClassImpl.invokeMethod(MetaClassImpl.java:818)


	at groovy.lang.GroovyObject.invokeMethod(GroovyObject.java:39)


	at org.codehaus.groovy.runtime.callsite.PogoInterceptableSite.call(PogoInterceptableSite.java:45)


	at org.codehaus.groovy.runtime.callsite.CallSiteArray.defaultCall(CallSiteArray.java:47)


	at org.codehaus.groovy.runtime.callsite.AbstractCallSite.call(AbstractCallSite.java:125)


	at org.codehaus.groovy.runtime.callsite.AbstractCallSite.call(AbstractCallSite.java:166)


	at io.restassured.internal.filter.SendRequestFilter.filter(SendRequestFilter.groovy:30)


	at io.restassured.filter.Filter$filter$0.call(Unknown Source)


	at org.codehaus.groovy.runtime.callsite.CallSiteArray.defaultCall(CallSiteArray.java:47)


	at io.restassured.filter.Filter$filter.call(Unknown Source)


	at io.restassured.internal.filter.FilterContextImpl.next(FilterContextImpl.groovy:72)


	at io.restassured.filter.time.TimingFilter.filter(TimingFilter.java:56)


	at io.restassured.filter.Filter$filter.call(Unknown Source)


	at org.codehaus.groovy.runtime.callsite.CallSiteArray.defaultCall(CallSiteArray.java:47)


	at io.restassured.filter.Filter$filter.call(Unknown Source)


	at io.restassured.internal.filter.FilterContextImpl.next(FilterContextImpl.groovy:72)


	at io.restassured.filter.log.RequestLoggingFilter.filter(RequestLoggingFilter.java:140)


	at net.serenitybdd.rest.filters.FieldsRecordingFilter.filter(FieldsRecordingFilter.java:40)


	at io.restassured.filter.Filter$filter.call(Unknown Source)


	at io.restassured.internal.filter.FilterContextImpl.next(FilterContextImpl.groovy:72)


	at io.restassured.filter.log.RequestLoggingFilter.filter(RequestLoggingFilter.java:140)


	at net.serenitybdd.rest.filters.FieldsRecordingFilter.filter(FieldsRecordingFilter.java:40)


	at io.restassured.filter.Filter$filter.call(Unknown Source)


	at io.restassured.internal.filter.FilterContextImpl.next(FilterContextImpl.groovy:72)


	at io.restassured.filter.log.RequestLoggingFilter.filter(RequestLoggingFilter.java:140)


	at net.serenitybdd.rest.filters.FieldsRecordingFilter.filter(FieldsRecordingFilter.java:40)


	at io.restassured.filter.Filter$filter.call(Unknown Source)


	at io.restassured.internal.filter.FilterContextImpl.next(FilterContextImpl.groovy:72)


	at io.restassured.filter.log.RequestLoggingFilter.filter(RequestLoggingFilter.java:140)


	at net.serenitybdd.rest.filters.FieldsRecordingFilter.filter(FieldsRecordingFilter.java:40)


	at io.restassured.filter.Filter$filter.call(Unknown Source)


	at io.restassured.internal.filter.FilterContextImpl.next(FilterContextImpl.groovy:72)


	at io.restassured.filter.log.RequestLoggingFilter.filter(RequestLoggingFilter.java:140)


	at net.serenitybdd.rest.filters.FieldsRecordingFilter.filter(FieldsRecordingFilter.java:40)


	at io.restassured.filter.Filter$filter.call(Unknown Source)


	at io.restassured.internal.filter.FilterContextImpl.next(FilterContextImpl.groovy:72)


	at io.restassured.filter.log.RequestLoggingFilter.filter(RequestLoggingFilter.java:140)


	at net.serenitybdd.rest.filters.FieldsRecordingFilter.filter(FieldsRecordingFilter.java:40)


	at io.restassured.filter.Filter$filter.call(Unknown Source)


	at org.codehaus.groovy.runtime.callsite.CallSiteArray.defaultCall(CallSiteArray.java:47)


	at org.codehaus.groovy.runtime.callsite.AbstractCallSite.call(AbstractCallSite.java:125)


	at org.codehaus.groovy.runtime.callsite.AbstractCallSite.call(AbstractCallSite.java:157)


	at io.restassured.internal.filter.FilterContextImpl.next(FilterContextImpl.groovy:72)


	at io.restassured.filter.FilterContext$next.call(Unknown Source)


	at org.codehaus.groovy.runtime.callsite.CallSiteArray.defaultCall(CallSiteArray.java:47)


	at org.codehaus.groovy.runtime.callsite.AbstractCallSite.call(AbstractCallSite.java:125)


	at org.codehaus.groovy.runtime.callsite.AbstractCallSite.call(AbstractCallSite.java:148)


	at io.restassured.internal.RequestSpecificationImpl.applyPathParamsAndSendRequest(RequestSpecificationImpl.groovy:1655)


	at sun.reflect.NativeMethodAccessorImpl.invoke0(Native Method)


	at sun.reflect.NativeMethodAccessorImpl.invoke(NativeMethodAccessorImpl.java:62)


	at sun.reflect.DelegatingMethodAccessorImpl.invoke(DelegatingMethodAccessorImpl.java:43)


	at java.lang.reflect.Method.invoke(Method.java:498)


	at org.codehaus.groovy.reflection.CachedMethod.invoke(CachedMethod.java:107)


	at groovy.lang.MetaMethod.doMethodInvoke(MetaMethod.java:323)


	at groovy.lang.MetaClassImpl.invokeMethod(MetaClassImpl.java:1267)


	at groovy.lang.MetaClassImpl.invokeMethod(MetaClassImpl.java:1034)


	at groovy.lang.MetaClassImpl.invokeMethod(MetaClassImpl.java:818)


	at groovy.lang.GroovyObject.invokeMethod(GroovyObject.java:39)


	at org.codehaus.groovy.runtime.callsite.PogoInterceptableSite.call(PogoInterceptableSite.java:45)


	at org.codehaus.groovy.runtime.callsite.PogoInterceptableSite.callCurrent(PogoInterceptableSite.java:55)


	at org.codehaus.groovy.runtime.callsite.CallSiteArray.defaultCallCurrent(CallSiteArray.java:51)


	at org.codehaus.groovy.runtime.callsite.AbstractCallSite.callCurrent(AbstractCallSite.java:171)


	at org.codehaus.groovy.runtime.callsite.AbstractCallSite.callCurrent(AbstractCallSite.java:203)


	at io.restassured.internal.RequestSpecificationImpl.applyPathParamsAndSendRequest(RequestSpecificationImpl.groovy:1661)


	at sun.reflect.NativeMethodAccessorImpl.invoke0(Native Method)


	at sun.reflect.NativeMethodAccessorImpl.invoke(NativeMethodAccessorImpl.java:62)


	at sun.reflect.DelegatingMethodAccessorImpl.invoke(DelegatingMethodAccessorImpl.java:43)


	at java.lang.reflect.Method.invoke(Method.java:498)


	at org.codehaus.groovy.reflection.CachedMethod.invoke(CachedMethod.java:107)


	at groovy.lang.MetaMethod.doMethodInvoke(MetaMethod.java:323)


	at groovy.lang.MetaClassImpl.invokeMethod(MetaClassImpl.java:1267)


	at groovy.lang.MetaClassImpl.invokeMethod(MetaClassImpl.java:1034)


	at groovy.lang.MetaClassImpl.invokeMethod(MetaClassImpl.java:818)


	at groovy.lang.GroovyObject.invokeMethod(GroovyObject.java:39)


	at org.codehaus.groovy.runtime.callsite.PogoInterceptableSite.call(PogoInterceptableSite.java:45)


	at org.codehaus.groovy.runtime.callsite.PogoInterceptableSite.callCurrent(PogoInterceptableSite.java:55)


	at org.codehaus.groovy.runtime.callsite.CallSiteArray.defaultCallCurrent(CallSiteArray.java:51)


	at org.codehaus.groovy.runtime.callsite.AbstractCallSite.callCurrent(AbstractCallSite.java:171)


	at org.codehaus.groovy.runtime.callsite.AbstractCallSite.callCurrent(AbstractCallSite.java:203)


	at io.restassured.internal.RequestSpecificationImpl.post(RequestSpecificationImpl.groovy:175)


	at net.serenitybdd.rest.decorators.request.RequestSpecificationDecorated.executeCall(RequestSpecificationDecorated.java:309)


	at net.serenitybdd.rest.decorators.request.RequestSpecificationDecorated.execute(RequestSpecificationDecorated.java:268)


	at net.serenitybdd.rest.decorators.request.RequestSpecificationDecorated.post(RequestSpecificationDecorated.java:120)


	at net.serenitybdd.rest.decorators.request.RequestSpecificationDecorated.post(RequestSpecificationDecorated.java:38)


	at starter.login.Post.sendPostHttpRequest(Post.java:26)


	at starter.login.Post$ByteBuddy$MtUvr7FK.sendPostHttpRequest$accessor$wHtBjQjH(Unknown Source)


	at sun.reflect.NativeMethodAccessorImpl.invoke0(Native Method)


	at sun.reflect.NativeMethodAccessorImpl.invoke(NativeMethodAccessorImpl.java:62)


	at sun.reflect.DelegatingMethodAccessorImpl.invoke(DelegatingMethodAccessorImpl.java:43)


	at java.lang.reflect.Method.invoke(Method.java:498)


	at net.thucydides.core.steps.StepInterceptor.invokeMethod(StepInterceptor.java:492)


	at net.thucydides.core.steps.StepInterceptor.executeTestStepMethod(StepInterceptor.java:472)


	at net.thucydides.core.steps.StepInterceptor.runTestStep(StepInterceptor.java:445)


	at net.thucydides.core.steps.StepInterceptor.runOrSkipMethod(StepInterceptor.java:201)


	at net.thucydides.core.steps.StepInterceptor.testStepResult(StepInterceptor.java:188)


	at net.thucydides.core.steps.StepInterceptor.intercept(StepInterceptor.java:76)


	at net.thucydides.core.steps.ProxyConfiguration$InterceptorDispatcher.intercept(ProxyConfiguration.java:51)


	at starter.login.Post$ByteBuddy$MtUvr7FK.sendPostHttpRequest(Unknown Source)


	at starter.stepdefenitions.LoginSteps.userSendPOSTHTTPRequestWithValidData(LoginSteps.java:21)


	at sun.reflect.NativeMethodAccessorImpl.invoke0(Native Method)


	at sun.reflect.NativeMethodAccessorImpl.invoke(NativeMethodAccessorImpl.java:62)


	at sun.reflect.DelegatingMethodAccessorImpl.invoke(DelegatingMethodAccessorImpl.java:43)


	at java.lang.reflect.Method.invoke(Method.java:498)


	at io.cucumber.java.Invoker.doInvoke(Invoker.java:66)


	at io.cucumber.java.Invoker.invoke(Invoker.java:24)


	at io.cucumber.java.AbstractGlueDefinition.invokeMethod(AbstractGlueDefinition.java:47)


	at io.cucumber.java.JavaStepDefinition.execute(JavaStepDefinition.java:29)


	at io.cucumber.core.runner.CoreStepDefinition.execute(CoreStepDefinition.java:66)


	at io.cucumber.core.runner.PickleStepDefinitionMatch.runStep(PickleStepDefinitionMatch.java:63)


	at io.cucumber.core.runner.ExecutionMode$1.execute(ExecutionMode.java:10)


	at io.cucumber.core.runner.TestStep.executeStep(TestStep.java:92)


	at io.cucumber.core.runner.TestStep.run(TestStep.java:64)


	at io.cucumber.core.runner.PickleStepTestStep.run(PickleStepTestStep.java:51)


	at io.cucumber.core.runner.TestCase.run(TestCase.java:104)


	at io.cucumber.core.runner.Runner.runPickle(Runner.java:73)


	at io.cucumber.junit.PickleRunners$NoStepDescriptions.run(PickleRunners.java:151)


	at io.cucumber.junit.FeatureRunner.runChild(FeatureRunner.java:135)


	at io.cucumber.junit.FeatureRunner.runChild(FeatureRunner.java:27)


	at org.junit.runners.ParentRunner$4.run(ParentRunner.java:331)


	at org.junit.runners.ParentRunner$1.schedule(ParentRunner.java:79)


	at org.junit.runners.ParentRunner.runChildren(ParentRunner.java:329)


	at org.junit.runners.ParentRunner.access$100(ParentRunner.java:66)


	at org.junit.runners.ParentRunner$2.evaluate(ParentRunner.java:293)


	at org.junit.runners.ParentRunner$3.evaluate(ParentRunner.java:306)


	at org.junit.runners.ParentRunner.run(ParentRunner.java:413)


	at io.cucumber.junit.CucumberSerenityRunner.runChild(CucumberSerenityRunner.java:258)


	at io.cucumber.junit.CucumberSerenityRunner.runChild(CucumberSerenityRunner.java:57)


	at org.junit.runners.ParentRunner$4.run(ParentRunner.java:331)


	at org.apache.maven.surefire.junitcore.pc.Scheduler$1.run(Scheduler.java:405)


	at org.apache.maven.surefire.junitcore.pc.InvokerStrategy.schedule(InvokerStrategy.java:54)


	at org.apache.maven.surefire.junitcore.pc.Scheduler.schedule(Scheduler.java:362)


	at org.junit.runners.ParentRunner.runChildren(ParentRunner.java:329)


	at org.junit.runners.ParentRunner.access$100(ParentRunner.java:66)


	at org.junit.runners.ParentRunner$2.evaluate(ParentRunner.java:293)


	at io.cucumber.junit.CucumberSerenityRunner$RunCucumber.evaluate(CucumberSerenityRunner.java:286)


	at org.junit.runners.ParentRunner$3.evaluate(ParentRunner.java:306)


	at org.junit.runners.ParentRunner.run(ParentRunner.java:413)


	at org.junit.runners.Suite.runChild(Suite.java:128)


	at org.junit.runners.Suite.runChild(Suite.java:27)


	at org.junit.runners.ParentRunner$4.run(ParentRunner.java:331)


	at org.apache.maven.surefire.junitcore.pc.Scheduler$1.run(Scheduler.java:405)


	at java.util.concurrent.Executors$RunnableAdapter.call(Executors.java:511)


	at java.util.concurrent.FutureTask.run(FutureTask.java:266)


	at java.util.concurrent.ThreadPoolExecutor.runWorker(ThreadPoolExecutor.java:1149)


	at java.util.concurrent.ThreadPoolExecutor$Worker.run(ThreadPoolExecutor.java:624)


	at java.lang.Thread.run(Thread.java:750)




java.lang.RuntimeException: Some exception during recording fields


	at net.serenitybdd.rest.filters.FieldsRecordingFilter.filter(FieldsRecordingFilter.java:52)


	at io.restassured.filter.Filter$filter.call(Unknown Source)


	at io.restassured.internal.filter.FilterContextImpl.next(FilterContextImpl.groovy:72)


	at io.restassured.filter.log.RequestLoggingFilter.filter(RequestLoggingFilter.java:140)


	at net.serenitybdd.rest.filters.FieldsRecordingFilter.filter(FieldsRecordingFilter.java:40)


	at io.restassured.filter.Filter$filter.call(Unknown Source)


	at io.restassured.internal.filter.FilterContextImpl.next(FilterContextImpl.groovy:72)


	at io.restassured.filter.log.RequestLoggingFilter.filter(RequestLoggingFilter.java:140)


	at net.serenitybdd.rest.filters.FieldsRecordingFilter.filter(FieldsRecordingFilter.java:40)


	at io.restassured.filter.Filter$filter.call(Unknown Source)


	at io.restassured.internal.filter.FilterContextImpl.next(FilterContextImpl.groovy:72)


	at io.restassured.filter.log.RequestLoggingFilter.filter(RequestLoggingFilter.java:140)


	at net.serenitybdd.rest.filters.FieldsRecordingFilter.filter(FieldsRecordingFilter.java:40)


	at io.restassured.filter.Filter$filter.call(Unknown Source)


	at io.restassured.internal.filter.FilterContextImpl.next(FilterContextImpl.groovy:72)


	at io.restassured.filter.log.RequestLoggingFilter.filter(RequestLoggingFilter.java:140)


	at net.serenitybdd.rest.filters.FieldsRecordingFilter.filter(FieldsRecordingFilter.java:40)


	at io.restassured.filter.Filter$filter.call(Unknown Source)


	at io.restassured.internal.filter.FilterContextImpl.next(FilterContextImpl.groovy:72)


	at io.restassured.filter.log.RequestLoggingFilter.filter(RequestLoggingFilter.java:140)


	at net.serenitybdd.rest.filters.FieldsRecordingFilter.filter(FieldsRecordingFilter.java:40)


	at io.restassured.filter.Filter$filter.call(Unknown Source)


	at org.codehaus.groovy.runtime.callsite.CallSiteArray.defaultCall(CallSiteArray.java:47)


	at io.restassured.filter.Filter$filter$0.call(Unknown Source)


	at io.restassured.internal.filter.FilterContextImpl.next(FilterContextImpl.groovy:72)


	at io.restassured.filter.FilterContext$next.call(Unknown Source)


	at io.restassured.internal.RequestSpecificationImpl.applyPathParamsAndSendRequest(RequestSpecificationImpl.groovy:1655)


	at sun.reflect.NativeMethodAccessorImpl.invoke0(Native Method)


	at sun.reflect.NativeMethodAccessorImpl.invoke(NativeMethodAccessorImpl.java:62)


	at sun.reflect.DelegatingMethodAccessorImpl.invoke(DelegatingMethodAccessorImpl.java:43)


	at java.lang.reflect.Method.invoke(Method.java:498)


	at org.codehaus.groovy.reflection.CachedMethod.invoke(CachedMethod.java:107)


	at groovy.lang.MetaMethod.doMethodInvoke(MetaMethod.java:323)


	at groovy.lang.MetaClassImpl.invokeMethod(MetaClassImpl.java:1267)


	at groovy.lang.MetaClassImpl.invokeMethod(MetaClassImpl.java:1034)


	at groovy.lang.MetaClassImpl.invokeMethod(MetaClassImpl.java:818)


	at groovy.lang.GroovyObject.invokeMethod(GroovyObject.java:39)


	at org.codehaus.groovy.runtime.callsite.PogoInterceptableSite.call(PogoInterceptableSite.java:45)


	at org.codehaus.groovy.runtime.callsite.PogoInterceptableSite.callCurrent(PogoInterceptableSite.java:55)


	at org.codehaus.groovy.runtime.callsite.AbstractCallSite.callCurrent(AbstractCallSite.java:203)


	at io.restassured.internal.RequestSpecificationImpl.applyPathParamsAndSendRequest(RequestSpecificationImpl.groovy:1661)


	at sun.reflect.NativeMethodAccessorImpl.invoke0(Native Method)


	at sun.reflect.NativeMethodAccessorImpl.invoke(NativeMethodAccessorImpl.java:62)


	at sun.reflect.DelegatingMethodAccessorImpl.invoke(DelegatingMethodAccessorImpl.java:43)


	at java.lang.reflect.Method.invoke(Method.java:498)


	at org.codehaus.groovy.reflection.CachedMethod.invoke(CachedMethod.java:107)


	at groovy.lang.MetaMethod.doMethodInvoke(MetaMethod.java:323)


	at groovy.lang.MetaClassImpl.invokeMethod(MetaClassImpl.java:1267)


	at groovy.lang.MetaClassImpl.invokeMethod(MetaClassImpl.java:1034)


	at groovy.lang.MetaClassImpl.invokeMethod(MetaClassImpl.java:818)


	at groovy.lang.GroovyObject.invokeMethod(GroovyObject.java:39)


	at org.codehaus.groovy.runtime.callsite.PogoInterceptableSite.call(PogoInterceptableSite.java:45)


	at org.codehaus.groovy.runtime.callsite.PogoInterceptableSite.callCurrent(PogoInterceptableSite.java:55)


	at org.codehaus.groovy.runtime.callsite.AbstractCallSite.callCurrent(AbstractCallSite.java:203)


	at io.restassured.internal.RequestSpecificationImpl.post(RequestSpecificationImpl.groovy:175)


	at net.serenitybdd.rest.decorators.request.RequestSpecificationDecorated.executeCall(RequestSpecificationDecorated.java:309)


	at net.serenitybdd.rest.decorators.request.RequestSpecificationDecorated.execute(RequestSpecificationDecorated.java:268)


	at net.serenitybdd.rest.decorators.request.RequestSpecificationDecorated.post(RequestSpecificationDecorated.java:120)


	at net.serenitybdd.rest.decorators.request.RequestSpecificationDecorated.post(RequestSpecificationDecorated.java:38)


	at starter.login.Post.sendPostWithEmptyData(Post.java:45)


	at starter.login.Post$ByteBuddy$MtUvr7FK.sendPostWithEmptyData$accessor$wHtBjQjH(Unknown Source)


	at sun.reflect.NativeMethodAccessorImpl.invoke0(Native Method)


	at sun.reflect.NativeMethodAccessorImpl.invoke(NativeMethodAccessorImpl.java:62)


	at sun.reflect.DelegatingMethodAccessorImpl.invoke(DelegatingMethodAccessorImpl.java:43)


	at java.lang.reflect.Method.invoke(Method.java:498)


	at net.thucydides.core.steps.StepInterceptor.invokeMethod(StepInterceptor.java:492)


	at net.thucydides.core.steps.StepInterceptor.executeTestStepMethod(StepInterceptor.java:472)


	at net.thucydides.core.steps.StepInterceptor.runTestStep(StepInterceptor.java:445)


	at net.thucydides.core.steps.StepInterceptor.runOrSkipMethod(StepInterceptor.java:201)


	at net.thucydides.core.steps.StepInterceptor.testStepResult(StepInterceptor.java:188)


	at net.thucydides.core.steps.StepInterceptor.intercept(StepInterceptor.java:76)


	at net.thucydides.core.steps.ProxyConfiguration$InterceptorDispatcher.intercept(ProxyConfiguration.java:51)


	at starter.login.Post$ByteBuddy$MtUvr7FK.sendPostWithEmptyData(Unknown Source)


	at starter.stepdefenitions.LoginSteps.userSendPOSTHTTPRequestWithEmptyData(LoginSteps.java:37)


	at ?.user send POST HTTP request with empty data(file:///D:/kampus%20merdeka/QE_Capstone%20Kanbo/capstone/api/src/test/resources/api/Login.feature:14)


Caused by: java.net.ConnectException: Connection refused: connect


	at java.net.DualStackPlainSocketImpl.connect0(Native Method)


	at java.net.DualStackPlainSocketImpl.socketConnect(DualStackPlainSocketImpl.java:75)


	at java.net.AbstractPlainSocketImpl.doConnect(AbstractPlainSocketImpl.java:476)


	at java.net.AbstractPlainSocketImpl.connectToAddress(AbstractPlainSocketImpl.java:218)


	at java.net.AbstractPlainSocketImpl.connect(AbstractPlainSocketImpl.java:200)


	at java.net.PlainSocketImpl.connect(PlainSocketImpl.java:162)


	at java.net.SocksSocketImpl.connect(SocksSocketImpl.java:394)


	at java.net.Socket.connect(Socket.java:606)


	at org.apache.http.conn.scheme.PlainSocketFactory.connectSocket(PlainSocketFactory.java:121)


	at org.apache.http.impl.conn.DefaultClientConnectionOperator.openConnection(DefaultClientConnectionOperator.java:180)


	at org.apache.http.impl.conn.ManagedClientConnectionImpl.open(ManagedClientConnectionImpl.java:326)


	at org.apache.http.impl.client.DefaultRequestDirector.tryConnect(DefaultRequestDirector.java:610)


	at org.apache.http.impl.client.DefaultRequestDirector.execute(DefaultRequestDirector.java:445)


	at org.apache.http.impl.client.AbstractHttpClient.doExecute(AbstractHttpClient.java:835)


	at org.apache.http.impl.client.CloseableHttpClient.execute(CloseableHttpClient.java:83)


	at org.apache.http.impl.client.CloseableHttpClient.execute(CloseableHttpClient.java:56)


	at org.apache.http.client.HttpClient$execute$0.call(Unknown Source)


	at io.restassured.internal.RequestSpecificationImpl$RestAssuredHttpBuilder.doRequest(RequestSpecificationImpl.groovy:2055)


	at io.restassured.internal.http.HTTPBuilder.post(HTTPBuilder.java:350)


	at io.restassured.internal.http.HTTPBuilder$post$2.call(Unknown Source)


	at io.restassured.internal.RequestSpecificationImpl.sendRequest(RequestSpecificationImpl.groovy:1181)


	at sun.reflect.NativeMethodAccessorImpl.invoke0(Native Method)


	at sun.reflect.NativeMethodAccessorImpl.invoke(NativeMethodAccessorImpl.java:62)


	at sun.reflect.DelegatingMethodAccessorImpl.invoke(DelegatingMethodAccessorImpl.java:43)


	at java.lang.reflect.Method.invoke(Method.java:498)


	at org.codehaus.groovy.reflection.CachedMethod.invoke(CachedMethod.java:107)


	at groovy.lang.MetaMethod.doMethodInvoke(MetaMethod.java:323)


	at groovy.lang.MetaClassImpl.invokeMethod(MetaClassImpl.java:1267)


	at groovy.lang.MetaClassImpl.invokeMethod(MetaClassImpl.java:1034)


	at groovy.lang.MetaClassImpl.invokeMethod(MetaClassImpl.java:818)


	at groovy.lang.GroovyObject.invokeMethod(GroovyObject.java:39)


	at org.codehaus.groovy.runtime.callsite.PogoInterceptableSite.call(PogoInterceptableSite.java:45)


	at org.codehaus.groovy.runtime.callsite.AbstractCallSite.call(AbstractCallSite.java:166)


	at io.restassured.internal.filter.SendRequestFilter.filter(SendRequestFilter.groovy:30)


	at io.restassured.filter.Filter$filter$0.call(Unknown Source)


	at org.codehaus.groovy.runtime.callsite.CallSiteArray.defaultCall(CallSiteArray.java:47)


	at io.restassured.filter.Filter$filter.call(Unknown Source)


	at io.restassured.internal.filter.FilterContextImpl.next(FilterContextImpl.groovy:72)


	at io.restassured.filter.time.TimingFilter.filter(TimingFilter.java:56)


	at io.restassured.filter.Filter$filter.call(Unknown Source)


	at org.codehaus.groovy.runtime.callsite.CallSiteArray.defaultCall(CallSiteArray.java:47)


	at io.restassured.filter.Filter$filter.call(Unknown Source)


	at io.restassured.internal.filter.FilterContextImpl.next(FilterContextImpl.groovy:72)


	at io.restassured.filter.log.RequestLoggingFilter.filter(RequestLoggingFilter.java:140)


	at net.serenitybdd.rest.filters.FieldsRecordingFilter.filter(FieldsRecordingFilter.java:40)


	at io.restassured.filter.Filter$filter.call(Unknown Source)


	at io.restassured.internal.filter.FilterContextImpl.next(FilterContextImpl.groovy:72)


	at io.restassured.filter.log.RequestLoggingFilter.filter(RequestLoggingFilter.java:140)


	at net.serenitybdd.rest.filters.FieldsRecordingFilter.filter(FieldsRecordingFilter.java:40)


	at io.restassured.filter.Filter$filter.call(Unknown Source)


	at io.restassured.internal.filter.FilterContextImpl.next(FilterContextImpl.groovy:72)


	at io.restassured.filter.log.RequestLoggingFilter.filter(RequestLoggingFilter.java:140)


	at net.serenitybdd.rest.filters.FieldsRecordingFilter.filter(FieldsRecordingFilter.java:40)


	at io.restassured.filter.Filter$filter.call(Unknown Source)


	at io.restassured.internal.filter.FilterContextImpl.next(FilterContextImpl.groovy:72)


	at io.restassured.filter.log.RequestLoggingFilter.filter(RequestLoggingFilter.java:140)


	at net.serenitybdd.rest.filters.FieldsRecordingFilter.filter(FieldsRecordingFilter.java:40)


	at io.restassured.filter.Filter$filter.call(Unknown Source)


	at io.restassured.internal.filter.FilterContextImpl.next(FilterContextImpl.groovy:72)


	at io.restassured.filter.log.RequestLoggingFilter.filter(RequestLoggingFilter.java:140)


	at net.serenitybdd.rest.filters.FieldsRecordingFilter.filter(FieldsRecordingFilter.java:40)


	at io.restassured.filter.Filter$filter.call(Unknown Source)


	at io.restassured.internal.filter.FilterContextImpl.next(FilterContextImpl.groovy:72)


	at io.restassured.filter.log.RequestLoggingFilter.filter(RequestLoggingFilter.java:140)


	at net.serenitybdd.rest.filters.FieldsRecordingFilter.filter(FieldsRecordingFilter.java:40)


	at io.restassured.filter.Filter$filter.call(Unknown Source)


	at org.codehaus.groovy.runtime.callsite.CallSiteArray.defaultCall(CallSiteArray.java:47)


	at io.restassured.filter.Filter$filter$0.call(Unknown Source)


	at io.restassured.internal.filter.FilterContextImpl.next(FilterContextImpl.groovy:72)


	at io.restassured.filter.FilterContext$next.call(Unknown Source)


	at io.restassured.internal.RequestSpecificationImpl.applyPathParamsAndSendRequest(RequestSpecificationImpl.groovy:1655)


	at sun.reflect.NativeMethodAccessorImpl.invoke0(Native Method)


	at sun.reflect.NativeMethodAccessorImpl.invoke(NativeMethodAccessorImpl.java:62)


	at sun.reflect.DelegatingMethodAccessorImpl.invoke(DelegatingMethodAccessorImpl.java:43)


	at java.lang.reflect.Method.invoke(Method.java:498)


	at org.codehaus.groovy.reflection.CachedMethod.invoke(CachedMethod.java:107)


	at groovy.lang.MetaMethod.doMethodInvoke(MetaMethod.java:323)


	at groovy.lang.MetaClassImpl.invokeMethod(MetaClassImpl.java:1267)


	at groovy.lang.MetaClassImpl.invokeMethod(MetaClassImpl.java:1034)


	at groovy.lang.MetaClassImpl.invokeMethod(MetaClassImpl.java:818)


	at groovy.lang.GroovyObject.invokeMethod(GroovyObject.java:39)


	at org.codehaus.groovy.runtime.callsite.PogoInterceptableSite.call(PogoInterceptableSite.java:45)


	at org.codehaus.groovy.runtime.callsite.PogoInterceptableSite.callCurrent(PogoInterceptableSite.java:55)


	at org.codehaus.groovy.runtime.callsite.AbstractCallSite.callCurrent(AbstractCallSite.java:203)


	at io.restassured.internal.RequestSpecificationImpl.applyPathParamsAndSendRequest(RequestSpecificationImpl.groovy:1661)


	at sun.reflect.NativeMethodAccessorImpl.invoke0(Native Method)


	at sun.reflect.NativeMethodAccessorImpl.invoke(NativeMethodAccessorImpl.java:62)


	at sun.reflect.DelegatingMethodAccessorImpl.invoke(DelegatingMethodAccessorImpl.java:43)


	at java.lang.reflect.Method.invoke(Method.java:498)


	at org.codehaus.groovy.reflection.CachedMethod.invoke(CachedMethod.java:107)


	at groovy.lang.MetaMethod.doMethodInvoke(MetaMethod.java:323)


	at groovy.lang.MetaClassImpl.invokeMethod(MetaClassImpl.java:1267)


	at groovy.lang.MetaClassImpl.invokeMethod(MetaClassImpl.java:1034)


	at groovy.lang.MetaClassImpl.invokeMethod(MetaClassImpl.java:818)


	at groovy.lang.GroovyObject.invokeMethod(GroovyObject.java:39)


	at org.codehaus.groovy.runtime.callsite.PogoInterceptableSite.call(PogoInterceptableSite.java:45)


	at org.codehaus.groovy.runtime.callsite.PogoInterceptableSite.callCurrent(PogoInterceptableSite.java:55)


	at org.codehaus.groovy.runtime.callsite.AbstractCallSite.callCurrent(AbstractCallSite.java:203)


	at io.restassured.internal.RequestSpecificationImpl.post(RequestSpecificationImpl.groovy:175)


	at net.serenitybdd.rest.decorators.request.RequestSpecificationDecorated.executeCall(RequestSpecificationDecorated.java:309)


	at net.serenitybdd.rest.decorators.request.RequestSpecificationDecorated.execute(RequestSpecificationDecorated.java:268)


	at net.serenitybdd.rest.decorators.request.RequestSpecificationDecorated.post(RequestSpecificationDecorated.java:120)


	at net.serenitybdd.rest.decorators.request.RequestSpecificationDecorated.post(RequestSpecificationDecorated.java:38)


	at starter.login.Post.sendPostWithEmptyData(Post.java:45)


	at starter.login.Post$ByteBuddy$MtUvr7FK.sendPostWithEmptyData$accessor$wHtBjQjH(Unknown Source)


	at sun.reflect.NativeMethodAccessorImpl.invoke0(Native Method)


	at sun.reflect.NativeMethodAccessorImpl.invoke(NativeMethodAccessorImpl.java:62)


	at sun.reflect.DelegatingMethodAccessorImpl.invoke(DelegatingMethodAccessorImpl.java:43)


	at java.lang.reflect.Method.invoke(Method.java:498)


	at net.thucydides.core.steps.StepInterceptor.invokeMethod(StepInterceptor.java:492)


	at net.thucydides.core.steps.StepInterceptor.executeTestStepMethod(StepInterceptor.java:472)


	at net.thucydides.core.steps.StepInterceptor.runTestStep(StepInterceptor.java:445)


	at net.thucydides.core.steps.StepInterceptor.runOrSkipMethod(StepInterceptor.java:201)


	at net.thucydides.core.steps.StepInterceptor.testStepResult(StepInterceptor.java:188)


	at net.thucydides.core.steps.StepInterceptor.intercept(StepInterceptor.java:76)


	at net.thucydides.core.steps.ProxyConfiguration$InterceptorDispatcher.intercept(ProxyConfiguration.java:51)


	at starter.login.Post$ByteBuddy$MtUvr7FK.sendPostWithEmptyData(Unknown Source)


	at starter.stepdefenitions.LoginSteps.userSendPOSTHTTPRequestWithEmptyData(LoginSteps.java:37)


	at sun.reflect.NativeMethodAccessorImpl.invoke0(Native Method)


	at sun.reflect.NativeMethodAccessorImpl.invoke(NativeMethodAccessorImpl.java:62)


	at sun.reflect.DelegatingMethodAccessorImpl.invoke(DelegatingMethodAccessorImpl.java:43)


	at java.lang.reflect.Method.invoke(Method.java:498)


	at io.cucumber.java.Invoker.doInvoke(Invoker.java:66)


	at io.cucumber.java.Invoker.invoke(Invoker.java:24)


	at io.cucumber.java.AbstractGlueDefinition.invokeMethod(AbstractGlueDefinition.java:47)


	at io.cucumber.java.JavaStepDefinition.execute(JavaStepDefinition.java:29)


	at io.cucumber.core.runner.CoreStepDefinition.execute(CoreStepDefinition.java:66)


	at io.cucumber.core.runner.PickleStepDefinitionMatch.runStep(PickleStepDefinitionMatch.java:63)


	at io.cucumber.core.runner.ExecutionMode$1.execute(ExecutionMode.java:10)


	at io.cucumber.core.runner.TestStep.executeStep(TestStep.java:92)


	at io.cucumber.core.runner.TestStep.run(TestStep.java:64)


	at io.cucumber.core.runner.PickleStepTestStep.run(PickleStepTestStep.java:51)


	at io.cucumber.core.runner.TestCase.run(TestCase.java:104)


	at io.cucumber.core.runner.Runner.runPickle(Runner.java:73)


	at io.cucumber.junit.PickleRunners$NoStepDescriptions.run(PickleRunners.java:151)


	at io.cucumber.junit.FeatureRunner.runChild(FeatureRunner.java:135)


	at io.cucumber.junit.FeatureRunner.runChild(FeatureRunner.java:27)


	at org.junit.runners.ParentRunner$4.run(ParentRunner.java:331)


	at org.junit.runners.ParentRunner$1.schedule(ParentRunner.java:79)


	at org.junit.runners.ParentRunner.runChildren(ParentRunner.java:329)


	at org.junit.runners.ParentRunner.access$100(ParentRunner.java:66)


	at org.junit.runners.ParentRunner$2.evaluate(ParentRunner.java:293)


	at org.junit.runners.ParentRunner$3.evaluate(ParentRunner.java:306)


	at org.junit.runners.ParentRunner.run(ParentRunner.java:413)


	at io.cucumber.junit.CucumberSerenityRunner.runChild(CucumberSerenityRunner.java:258)


	at io.cucumber.junit.CucumberSerenityRunner.runChild(CucumberSerenityRunner.java:57)


	at org.junit.runners.ParentRunner$4.run(ParentRunner.java:331)


	at org.apache.maven.surefire.junitcore.pc.Scheduler$1.run(Scheduler.java:405)


	at org.apache.maven.surefire.junitcore.pc.InvokerStrategy.schedule(InvokerStrategy.java:54)


	at org.apache.maven.surefire.junitcore.pc.Scheduler.schedule(Scheduler.java:362)


	at org.junit.runners.ParentRunner.runChildren(ParentRunner.java:329)


	at org.junit.runners.ParentRunner.access$100(ParentRunner.java:66)


	at org.junit.runners.ParentRunner$2.evaluate(ParentRunner.java:293)


	at io.cucumber.junit.CucumberSerenityRunner$RunCucumber.evaluate(CucumberSerenityRunner.java:286)


	at org.junit.runners.ParentRunner$3.evaluate(ParentRunner.java:306)


	at org.junit.runners.ParentRunner.run(ParentRunner.java:413)


	at org.junit.runners.Suite.runChild(Suite.java:128)


	at org.junit.runners.Suite.runChild(Suite.java:27)


	at org.junit.runners.ParentRunner$4.run(ParentRunner.java:331)


	at org.apache.maven.surefire.junitcore.pc.Scheduler$1.run(Scheduler.java:405)


	at java.util.concurrent.Executors$RunnableAdapter.call(Executors.java:511)


	at java.util.concurrent.FutureTask.run(FutureTask.java:266)


	at java.util.concurrent.ThreadPoolExecutor.runWorker(ThreadPoolExecutor.java:1149)


	at java.util.concurrent.ThreadPoolExecutor$Worker.run(ThreadPoolExecutor.java:624)


	at java.lang.Thread.run(Thread.java:750)




java.lang.AssertionError: 1 expectation failed.
Expected status code <400> but was <200>.



	at sun.reflect.NativeConstructorAccessorImpl.newInstance0(Native Method)


	at sun.reflect.NativeConstructorAccessorImpl.newInstance(NativeConstructorAccessorImpl.java:62)


	at sun.reflect.DelegatingConstructorAccessorImpl.newInstance(DelegatingConstructorAccessorImpl.java:45)


	at java.lang.reflect.Constructor.newInstance(Constructor.java:423)


	at org.codehaus.groovy.reflection.CachedConstructor.invoke(CachedConstructor.java:72)


	at org.codehaus.groovy.reflection.CachedConstructor.doConstructorInvoke(CachedConstructor.java:59)


	at org.codehaus.groovy.runtime.callsite.ConstructorSite$ConstructorSiteNoUnwrap.callConstructor(ConstructorSite.java:84)


	at org.codehaus.groovy.runtime.callsite.CallSiteArray.defaultCallConstructor(CallSiteArray.java:59)


	at org.codehaus.groovy.runtime.callsite.AbstractCallSite.callConstructor(AbstractCallSite.java:263)


	at org.codehaus.groovy.runtime.callsite.AbstractCallSite.callConstructor(AbstractCallSite.java:277)


	at io.restassured.internal.ResponseSpecificationImpl$HamcrestAssertionClosure.validate(ResponseSpecificationImpl.groovy:493)


	at io.restassured.internal.ResponseSpecificationImpl$HamcrestAssertionClosure$validate$1.call(Unknown Source)


	at io.restassured.internal.ResponseSpecificationImpl.validateResponseIfRequired(ResponseSpecificationImpl.groovy:674)


	at sun.reflect.NativeMethodAccessorImpl.invoke0(Native Method)


	at sun.reflect.NativeMethodAccessorImpl.invoke(NativeMethodAccessorImpl.java:62)


	at sun.reflect.DelegatingMethodAccessorImpl.invoke(DelegatingMethodAccessorImpl.java:43)


	at java.lang.reflect.Method.invoke(Method.java:498)


	at org.codehaus.groovy.runtime.callsite.PlainObjectMetaMethodSite.doInvoke(PlainObjectMetaMethodSite.java:43)


	at org.codehaus.groovy.runtime.callsite.PogoMetaMethodSite$PogoCachedMethodSiteNoUnwrapNoCoerce.invoke(PogoMetaMethodSite.java:193)


	at org.codehaus.groovy.runtime.callsite.PogoMetaMethodSite.callCurrent(PogoMetaMethodSite.java:61)


	at org.codehaus.groovy.runtime.callsite.AbstractCallSite.callCurrent(AbstractCallSite.java:185)


	at io.restassured.internal.ResponseSpecificationImpl.statusCode(ResponseSpecificationImpl.groovy:126)


	at io.restassured.specification.ResponseSpecification$statusCode$0.callCurrent(Unknown Source)


	at io.restassured.internal.ResponseSpecificationImpl.statusCode(ResponseSpecificationImpl.groovy:134)


	at io.restassured.internal.ValidatableResponseOptionsImpl.statusCode(ValidatableResponseOptionsImpl.java:89)


	at io.restassured.internal.ValidatableResponseImpl.super$2$statusCode(ValidatableResponseImpl.groovy)


	at sun.reflect.NativeMethodAccessorImpl.invoke0(Native Method)


	at sun.reflect.NativeMethodAccessorImpl.invoke(NativeMethodAccessorImpl.java:62)


	at sun.reflect.DelegatingMethodAccessorImpl.invoke(DelegatingMethodAccessorImpl.java:43)


	at java.lang.reflect.Method.invoke(Method.java:498)


	at org.codehaus.groovy.reflection.CachedMethod.invoke(CachedMethod.java:107)


	at groovy.lang.MetaMethod.doMethodInvoke(MetaMethod.java:323)


	at groovy.lang.MetaClassImpl.invokeMethod(MetaClassImpl.java:1267)


	at org.codehaus.groovy.runtime.ScriptBytecodeAdapter.invokeMethodOnSuperN(ScriptBytecodeAdapter.java:144)


	at io.restassured.internal.ValidatableResponseImpl.statusCode(ValidatableResponseImpl.groovy:142)


	at io.restassured.internal.ValidatableResponseImpl.statusCode(ValidatableResponseImpl.groovy)


	at starter.register.PostRegist.lambda$receiveResponseCode400$2(PostRegist.java:54)


	at net.serenitybdd.rest.SerenityRest.restAssuredThat(SerenityRest.java:626)


	at starter.register.PostRegist.receiveResponseCode400(PostRegist.java:54)


	at starter.register.PostRegist$ByteBuddy$CIGovucR.receiveResponseCode400$accessor$yjv72LGr(Unknown Source)


	at sun.reflect.NativeMethodAccessorImpl.invoke0(Native Method)


	at sun.reflect.NativeMethodAccessorImpl.invoke(NativeMethodAccessorImpl.java:62)


	at sun.reflect.DelegatingMethodAccessorImpl.invoke(DelegatingMethodAccessorImpl.java:43)


	at java.lang.reflect.Method.invoke(Method.java:498)


	at net.thucydides.core.steps.StepInterceptor.invokeMethod(StepInterceptor.java:492)


	at net.thucydides.core.steps.StepInterceptor.executeTestStepMethod(StepInterceptor.java:472)


	at net.thucydides.core.steps.StepInterceptor.runTestStep(StepInterceptor.java:445)


	at net.thucydides.core.steps.StepInterceptor.runOrSkipMethod(StepInterceptor.java:201)


	at net.thucydides.core.steps.StepInterceptor.testStepResult(StepInterceptor.java:188)


	at net.thucydides.core.steps.StepInterceptor.intercept(StepInterceptor.java:76)


	at net.thucydides.core.steps.ProxyConfiguration$InterceptorDispatcher.intercept(ProxyConfiguration.java:51)


	at starter.register.PostRegist$ByteBuddy$CIGovucR.receiveResponseCode400(Unknown Source)


	at starter.stepdefenitions.RegistStep.userSeeStatusCodeAndFailToCreateAccount(RegistStep.java:41)


	at ?.user see status code 400 and fail to create account(file:///D:/kampus%20merdeka/QE_Capstone%20Kanbo/capstone/api/src/test/resources/api/Register.feature:36)




java.lang.AssertionError: 1 expectation failed.
Expected status code <200> but was <400>.



	at sun.reflect.NativeConstructorAccessorImpl.newInstance0(Native Method)


	at sun.reflect.NativeConstructorAccessorImpl.newInstance(NativeConstructorAccessorImpl.java:62)


	at sun.reflect.DelegatingConstructorAccessorImpl.newInstance(DelegatingConstructorAccessorImpl.java:45)


	at java.lang.reflect.Constructor.newInstance(Constructor.java:423)


	at org.codehaus.groovy.reflection.CachedConstructor.invoke(CachedConstructor.java:72)


	at org.codehaus.groovy.reflection.CachedConstructor.doConstructorInvoke(CachedConstructor.java:59)


	at org.codehaus.groovy.runtime.callsite.ConstructorSite$ConstructorSiteNoUnwrap.callConstructor(ConstructorSite.java:84)


	at org.codehaus.groovy.runtime.callsite.AbstractCallSite.callConstructor(AbstractCallSite.java:277)


	at io.restassured.internal.ResponseSpecificationImpl$HamcrestAssertionClosure.validate(ResponseSpecificationImpl.groovy:493)


	at io.restassured.internal.ResponseSpecificationImpl$HamcrestAssertionClosure$validate$1.call(Unknown Source)


	at io.restassured.internal.ResponseSpecificationImpl.validateResponseIfRequired(ResponseSpecificationImpl.groovy:674)


	at sun.reflect.NativeMethodAccessorImpl.invoke0(Native Method)


	at sun.reflect.NativeMethodAccessorImpl.invoke(NativeMethodAccessorImpl.java:62)


	at sun.reflect.DelegatingMethodAccessorImpl.invoke(DelegatingMethodAccessorImpl.java:43)


	at java.lang.reflect.Method.invoke(Method.java:498)


	at org.codehaus.groovy.runtime.callsite.PlainObjectMetaMethodSite.doInvoke(PlainObjectMetaMethodSite.java:43)


	at org.codehaus.groovy.runtime.callsite.PogoMetaMethodSite$PogoCachedMethodSiteNoUnwrapNoCoerce.invoke(PogoMetaMethodSite.java:193)


	at org.codehaus.groovy.runtime.callsite.PogoMetaMethodSite.callCurrent(PogoMetaMethodSite.java:61)


	at org.codehaus.groovy.runtime.callsite.AbstractCallSite.callCurrent(AbstractCallSite.java:185)


	at io.restassured.internal.ResponseSpecificationImpl.statusCode(ResponseSpecificationImpl.groovy:126)


	at io.restassured.specification.ResponseSpecification$statusCode$0.callCurrent(Unknown Source)


	at io.restassured.internal.ResponseSpecificationImpl.statusCode(ResponseSpecificationImpl.groovy:134)


	at io.restassured.internal.ValidatableResponseOptionsImpl.statusCode(ValidatableResponseOptionsImpl.java:89)


	at io.restassured.internal.ValidatableResponseImpl.super$2$statusCode(ValidatableResponseImpl.groovy)


	at sun.reflect.NativeMethodAccessorImpl.invoke0(Native Method)


	at sun.reflect.NativeMethodAccessorImpl.invoke(NativeMethodAccessorImpl.java:62)


	at sun.reflect.DelegatingMethodAccessorImpl.invoke(DelegatingMethodAccessorImpl.java:43)


	at java.lang.reflect.Method.invoke(Method.java:498)


	at org.codehaus.groovy.reflection.CachedMethod.invoke(CachedMethod.java:107)


	at groovy.lang.MetaMethod.doMethodInvoke(MetaMethod.java:323)


	at groovy.lang.MetaClassImpl.invokeMethod(MetaClassImpl.java:1267)


	at org.codehaus.groovy.runtime.ScriptBytecodeAdapter.invokeMethodOnSuperN(ScriptBytecodeAdapter.java:144)


	at io.restassured.internal.ValidatableResponseImpl.statusCode(ValidatableResponseImpl.groovy:142)


	at io.restassured.internal.ValidatableResponseImpl.statusCode(ValidatableResponseImpl.groovy)


	at starter.register.PostRegist.lambda$seeResponseCodeAfterRegist$0(PostRegist.java:36)


	at net.serenitybdd.rest.SerenityRest.restAssuredThat(SerenityRest.java:626)


	at starter.register.PostRegist.seeResponseCodeAfterRegist(PostRegist.java:36)


	at starter.register.PostRegist$ByteBuddy$CIGovucR.seeResponseCodeAfterRegist$accessor$yjv72LGr(Unknown Source)


	at sun.reflect.NativeMethodAccessorImpl.invoke0(Native Method)


	at sun.reflect.NativeMethodAccessorImpl.invoke(NativeMethodAccessorImpl.java:62)


	at sun.reflect.DelegatingMethodAccessorImpl.invoke(DelegatingMethodAccessorImpl.java:43)


	at java.lang.reflect.Method.invoke(Method.java:498)


	at net.thucydides.core.steps.StepInterceptor.invokeMethod(StepInterceptor.java:492)


	at net.thucydides.core.steps.StepInterceptor.executeTestStepMethod(StepInterceptor.java:472)


	at net.thucydides.core.steps.StepInterceptor.runTestStep(StepInterceptor.java:445)


	at net.thucydides.core.steps.StepInterceptor.runOrSkipMethod(StepInterceptor.java:201)


	at net.thucydides.core.steps.StepInterceptor.testStepResult(StepInterceptor.java:188)


	at net.thucydides.core.steps.StepInterceptor.intercept(StepInterceptor.java:76)


	at net.thucydides.core.steps.ProxyConfiguration$InterceptorDispatcher.intercept(ProxyConfiguration.java:51)


	at starter.register.PostRegist$ByteBuddy$CIGovucR.seeResponseCodeAfterRegist(Unknown Source)


	at starter.stepdefenitions.RegistStep.userSeeStatusCodeAfterSendRegister(RegistStep.java:27)


	at ?.user see status code 200 after send register(file:///D:/kampus%20merdeka/QE_Capstone%20Kanbo/capstone/api/src/test/resources/api/Register.feature:50)






19:51:07.313 [pool-2-thread-1] DEBUG net.thucydides.core.reports.ReportService - Reporting formats: [JSON, HTML]

19:51:07.857 [pool-2-thread-1] DEBUG net.thucydides.core.reports.ReportService - Reporting formats: [JSON, HTML]

19:51:07.954 [pool-2-thread-1] DEBUG net.thucydides.core.reports.ReportService - Generating reports for 9 test outcomes using: net.thucydides.core.reports.json.JSONTestOutcomeReporter@16123392

19:51:07.956 [pool-2-thread-2] DEBUG net.thucydides.core.reports.ReportService - Processing test outcome As user I want to see home page So that i can buy product:POST - As a user I failed to login with empty data

19:51:07.956 [pool-2-thread-1] DEBUG net.thucydides.core.reports.ReportService - Processing test outcome As user I want to see home page So that i can buy product:POST - As a user I success to login with valid data

19:51:07.957 [pool-2-thread-2] INFO net.thucydides.core.reports.ReportService - net.thucydides.core.reports.json.JSONTestOutcomeReporter@16123392: Generating report for test outcome: As user I want to see home page So that i can buy product:POST - As a user I failed to login with empty data

19:51:07.957 [pool-2-thread-1] INFO net.thucydides.core.reports.ReportService - net.thucydides.core.reports.json.JSONTestOutcomeReporter@16123392: Generating report for test outcome: As user I want to see home page So that i can buy product:POST - As a user I success to login with valid data

19:51:07.959 [pool-2-thread-4] DEBUG net.thucydides.core.reports.ReportService - Processing test outcome As user i want to create account So that i can login and see home page:POST - As a user I failed to create account with empty data

19:51:07.960 [pool-2-thread-4] INFO net.thucydides.core.reports.ReportService - net.thucydides.core.reports.json.JSONTestOutcomeReporter@16123392: Generating report for test outcome: As user i want to create account So that i can login and see home page:POST - As a user I failed to create account with empty data

19:51:07.960 [pool-2-thread-3] DEBUG net.thucydides.core.reports.ReportService - Processing test outcome As user i want to create account So that i can login and see home page:POST - As a user I success to create account with valid data

19:51:07.961 [pool-2-thread-3] INFO net.thucydides.core.reports.ReportService - net.thucydides.core.reports.json.JSONTestOutcomeReporter@16123392: Generating report for test outcome: As user i want to create account So that i can login and see home page:POST - As a user I success to create account with valid data

19:51:08.024 [pool-2-thread-2] DEBUG net.thucydides.core.reports.json.JSONTestOutcomeReporter - Generating JSON report for POST - As a user I failed to login with empty data to file D:\kampus merdeka\QE_Capstone Kanbo\capstone\api\target\site\serenity\78bba8a0734a385a48b6b6e150f8e8b257ebf948daaddf31d4cf32cc5030f47d.json (using temp file D:\kampus merdeka\QE_Capstone Kanbo\capstone\api\target\site\serenity\78bba8a0734a385a48b6b6e150f8e8b257ebf948daaddf31d4cf32cc5030f47d.json48efb0b8-9b4d-45b1-8263-4a5050d54e6f)

19:51:08.032 [pool-2-thread-3] DEBUG net.thucydides.core.reports.json.JSONTestOutcomeReporter - Generating JSON report for POST - As a user I success to create account with valid data to file D:\kampus merdeka\QE_Capstone Kanbo\capstone\api\target\site\serenity\0963bf2991c3ab9fda30894dc573165642b79172888492eae6ad5c916db83941.json (using temp file D:\kampus merdeka\QE_Capstone Kanbo\capstone\api\target\site\serenity\0963bf2991c3ab9fda30894dc573165642b79172888492eae6ad5c916db83941.json9e0093cd-3774-4bc2-93b4-962fe323168b)

19:51:08.033 [pool-2-thread-4] DEBUG net.thucydides.core.reports.json.JSONTestOutcomeReporter - Generating JSON report for POST - As a user I failed to create account with empty data to file D:\kampus merdeka\QE_Capstone Kanbo\capstone\api\target\site\serenity\92a6ebfa21b094a57a25a82b3aac230353324b86a1e8cfaea98526fb19be205b.json (using temp file D:\kampus merdeka\QE_Capstone Kanbo\capstone\api\target\site\serenity\92a6ebfa21b094a57a25a82b3aac230353324b86a1e8cfaea98526fb19be205b.jsonb9e00498-97cd-47f0-b411-51d4e55f12af)

19:51:08.039 [pool-2-thread-1] DEBUG net.thucydides.core.reports.json.JSONTestOutcomeReporter - Generating JSON report for POST - As a user I success to login with valid data to file D:\kampus merdeka\QE_Capstone Kanbo\capstone\api\target\site\serenity\b112b5070c07ada52605e7bddb841089d3679a0dad12412189a2cd0aeb0e9566.json (using temp file D:\kampus merdeka\QE_Capstone Kanbo\capstone\api\target\site\serenity\b112b5070c07ada52605e7bddb841089d3679a0dad12412189a2cd0aeb0e9566.jsonf9ade25f-f196-4c88-96eb-584c38b07265)

19:51:08.839 [pool-2-thread-3] DEBUG net.thucydides.core.reports.ReportService - Processing test outcome As user i want to create account So that i can login and see home page:POST - As a user I success to create account with valid data done

19:51:08.840 [pool-2-thread-3] DEBUG net.thucydides.core.reports.ReportService - Processing test outcome As user i want to create account So that i can login and see home page:POST - As a user I failed to create account with empty email

19:51:08.840 [pool-2-thread-3] INFO net.thucydides.core.reports.ReportService - net.thucydides.core.reports.json.JSONTestOutcomeReporter@16123392: Generating report for test outcome: As user i want to create account So that i can login and see home page:POST - As a user I failed to create account with empty email

19:51:08.841 [pool-2-thread-1] DEBUG net.thucydides.core.reports.ReportService - Processing test outcome As user I want to see home page So that i can buy product:POST - As a user I success to login with valid data done

19:51:08.841 [pool-2-thread-1] DEBUG net.thucydides.core.reports.ReportService - Processing test outcome As user i want to create account So that i can login and see home page:POST - As a user I failed to create account with not use @ in email

19:51:08.842 [pool-2-thread-1] INFO net.thucydides.core.reports.ReportService - net.thucydides.core.reports.json.JSONTestOutcomeReporter@16123392: Generating report for test outcome: As user i want to create account So that i can login and see home page:POST - As a user I failed to create account with not use @ in email

19:51:08.845 [pool-2-thread-1] DEBUG net.thucydides.core.reports.json.JSONTestOutcomeReporter - Generating JSON report for POST - As a user I failed to create account with not use @ in email to file D:\kampus merdeka\QE_Capstone Kanbo\capstone\api\target\site\serenity\9cadf8391052442e458ae13f26759a7e7cfd189cdaa104146ffcd738992a2ea0.json (using temp file D:\kampus merdeka\QE_Capstone Kanbo\capstone\api\target\site\serenity\9cadf8391052442e458ae13f26759a7e7cfd189cdaa104146ffcd738992a2ea0.json347250bf-4465-4d80-8617-ad552b5893e8)

19:51:08.861 [pool-2-thread-1] DEBUG net.thucydides.core.reports.ReportService - Processing test outcome As user i want to create account So that i can login and see home page:POST - As a user I failed to create account with not use @ in email done

19:51:08.861 [pool-2-thread-1] DEBUG net.thucydides.core.reports.ReportService - Processing test outcome As user i want to create account So that i can login and see home page:POST - As a user I failed to create account with not use domain email

19:51:08.861 [pool-2-thread-1] INFO net.thucydides.core.reports.ReportService - net.thucydides.core.reports.json.JSONTestOutcomeReporter@16123392: Generating report for test outcome: As user i want to create account So that i can login and see home page:POST - As a user I failed to create account with not use domain email

19:51:08.864 [pool-2-thread-1] DEBUG net.thucydides.core.reports.json.JSONTestOutcomeReporter - Generating JSON report for POST - As a user I failed to create account with not use domain email to file D:\kampus merdeka\QE_Capstone Kanbo\capstone\api\target\site\serenity\a3a5d33d27e06c3b88a5bc347b27e9cf140050e6bf849b5fe6e9fabddf8fb767.json (using temp file D:\kampus merdeka\QE_Capstone Kanbo\capstone\api\target\site\serenity\a3a5d33d27e06c3b88a5bc347b27e9cf140050e6bf849b5fe6e9fabddf8fb767.json3e7f76fa-e32a-4bc4-9f4b-500d4bff25f4)

19:51:08.879 [pool-2-thread-1] DEBUG net.thucydides.core.reports.ReportService - Processing test outcome As user i want to create account So that i can login and see home page:POST - As a user I failed to create account with not use domain email done

19:51:08.879 [pool-2-thread-1] DEBUG net.thucydides.core.reports.ReportService - Processing test outcome As user i want to create account So that i can login and see home page:POST - As a user I failed to create account with empty username

19:51:08.879 [pool-2-thread-1] INFO net.thucydides.core.reports.ReportService - net.thucydides.core.reports.json.JSONTestOutcomeReporter@16123392: Generating report for test outcome: As user i want to create account So that i can login and see home page:POST - As a user I failed to create account with empty username

19:51:08.895 [pool-2-thread-3] DEBUG net.thucydides.core.reports.json.JSONTestOutcomeReporter - Generating JSON report for POST - As a user I failed to create account with empty email to file D:\kampus merdeka\QE_Capstone Kanbo\capstone\api\target\site\serenity\6efaca278452e68c20f20c462aad1212303fedc9107f0ec5ba4e21e79767838d.json (using temp file D:\kampus merdeka\QE_Capstone Kanbo\capstone\api\target\site\serenity\6efaca278452e68c20f20c462aad1212303fedc9107f0ec5ba4e21e79767838d.json66f4490f-24b6-4e4f-91aa-3a8e55190a6c)

19:51:08.902 [pool-2-thread-4] DEBUG net.thucydides.core.reports.ReportService - Processing test outcome As user i want to create account So that i can login and see home page:POST - As a user I failed to create account with empty data done

19:51:08.903 [pool-2-thread-4] DEBUG net.thucydides.core.reports.ReportService - Processing test outcome As user i want to create account So that i can login and see home page:POST - As a user I failed to create account with fill number on username field

19:51:08.903 [pool-2-thread-4] INFO net.thucydides.core.reports.ReportService - net.thucydides.core.reports.json.JSONTestOutcomeReporter@16123392: Generating report for test outcome: As user i want to create account So that i can login and see home page:POST - As a user I failed to create account with fill number on username field

19:51:08.913 [pool-2-thread-4] DEBUG net.thucydides.core.reports.json.JSONTestOutcomeReporter - Generating JSON report for POST - As a user I failed to create account with fill number on username field to file D:\kampus merdeka\QE_Capstone Kanbo\capstone\api\target\site\serenity\cc1247b497f91d7f48e323f39bf3298fe725eef3d3297a3c8753aad753f89a7f.json (using temp file D:\kampus merdeka\QE_Capstone Kanbo\capstone\api\target\site\serenity\cc1247b497f91d7f48e323f39bf3298fe725eef3d3297a3c8753aad753f89a7f.json79022e33-8861-4194-8aad-3bb98710f3e3)

19:51:09.111 [pool-2-thread-2] DEBUG net.thucydides.core.reports.ReportService - Processing test outcome As user I want to see home page So that i can buy product:POST - As a user I failed to login with empty data done

19:51:09.112 [pool-2-thread-1] DEBUG net.thucydides.core.reports.json.JSONTestOutcomeReporter - Generating JSON report for POST - As a user I failed to create account with empty username to file D:\kampus merdeka\QE_Capstone Kanbo\capstone\api\target\site\serenity\fe4103bc990d59c152336d92a5efe70f94e6cf180f7ca76111e005fc1b9a27dd.json (using temp file D:\kampus merdeka\QE_Capstone Kanbo\capstone\api\target\site\serenity\fe4103bc990d59c152336d92a5efe70f94e6cf180f7ca76111e005fc1b9a27dd.json57148f08-a15d-4b0d-b1b1-9a3e37adaae5)

19:51:09.115 [pool-2-thread-4] DEBUG net.thucydides.core.reports.ReportService - Processing test outcome As user i want to create account So that i can login and see home page:POST - As a user I failed to create account with fill number on username field done

19:51:09.156 [pool-2-thread-1] DEBUG net.thucydides.core.reports.ReportService - Processing test outcome As user i want to create account So that i can login and see home page:POST - As a user I failed to create account with empty username done

19:51:09.156 [pool-2-thread-3] DEBUG net.thucydides.core.reports.ReportService - Processing test outcome As user i want to create account So that i can login and see home page:POST - As a user I failed to create account with empty email done

19:51:09.156 [pool-2-thread-1] DEBUG net.thucydides.core.reports.ReportService - Shutting down executor service

19:51:09.156 [pool-2-thread-1] DEBUG net.thucydides.core.reports.ReportService - Reports generated in: 1201 ms

19:51:09.157 [pool-2-thread-1] DEBUG net.thucydides.core.reports.ReportService - Generating reports for 9 test outcomes using: net.thucydides.core.reports.html.HtmlAcceptanceTestReporter@50255479

19:51:09.164 [pool-3-thread-4] DEBUG net.thucydides.core.reports.ReportService - Processing test outcome As user i want to create account So that i can login and see home page:POST - As a user I failed to create account with empty data

19:51:09.164 [pool-3-thread-4] INFO net.thucydides.core.reports.ReportService - net.thucydides.core.reports.html.HtmlAcceptanceTestReporter@50255479: Generating report for test outcome: As user i want to create account So that i can login and see home page:POST - As a user I failed to create account with empty data

19:51:09.165 [pool-3-thread-3] DEBUG net.thucydides.core.reports.ReportService - Processing test outcome As user i want to create account So that i can login and see home page:POST - As a user I success to create account with valid data

19:51:09.165 [pool-3-thread-3] INFO net.thucydides.core.reports.ReportService - net.thucydides.core.reports.html.HtmlAcceptanceTestReporter@50255479: Generating report for test outcome: As user i want to create account So that i can login and see home page:POST - As a user I success to create account with valid data

19:51:09.166 [pool-3-thread-2] DEBUG net.thucydides.core.reports.ReportService - Processing test outcome As user I want to see home page So that i can buy product:POST - As a user I failed to login with empty data

19:51:09.166 [pool-3-thread-2] INFO net.thucydides.core.reports.ReportService - net.thucydides.core.reports.html.HtmlAcceptanceTestReporter@50255479: Generating report for test outcome: As user I want to see home page So that i can buy product:POST - As a user I failed to login with empty data

19:51:09.166 [pool-3-thread-1] DEBUG net.thucydides.core.reports.ReportService - Processing test outcome As user I want to see home page So that i can buy product:POST - As a user I success to login with valid data

19:51:09.167 [pool-3-thread-1] INFO net.thucydides.core.reports.ReportService - net.thucydides.core.reports.html.HtmlAcceptanceTestReporter@50255479: Generating report for test outcome: As user I want to see home page So that i can buy product:POST - As a user I success to login with valid data

19:51:09.448 [pool-3-thread-3] WARN net.thucydides.core.requirements.RequirementsTagProvider - Failed to load requirements: Illegal char <:> at index 4: file:\D:\kampus%20merdeka\QE_Capstone%20Kanbo\capstone\api\src\test\resources\api\Register.feature
java.nio.file.InvalidPathException: Illegal char <:> at index 4: file:\D:\kampus%20merdeka\QE_Capstone%20Kanbo\capstone\api\src\test\resources\api\Register.feature
	at sun.nio.fs.WindowsPathParser.normalize(WindowsPathParser.java:182)
	at sun.nio.fs.WindowsPathParser.parse(WindowsPathParser.java:153)
	at sun.nio.fs.WindowsPathParser.parse(WindowsPathParser.java:77)
	at sun.nio.fs.WindowsPath.parse(WindowsPath.java:94)
	at sun.nio.fs.WindowsFileSystem.getPath(WindowsFileSystem.java:255)
	at java.io.File.toPath(File.java:2271)
	at net.thucydides.core.requirements.RootDirectory.getRelativePathOf(RootDirectory.java:364)
	at net.thucydides.core.requirements.FileSystemRequirementsTagProvider.requirementWithMatchingPath(FileSystemRequirementsTagProvider.java:372)
	at net.thucydides.core.requirements.FileSystemRequirementsTagProvider.getParentRequirementOf(FileSystemRequirementsTagProvider.java:335)
	at net.thucydides.core.requirements.ParentRequirementsProvided.forOutcome(ParentRequirementsProvided.java:26)
	at net.thucydides.core.requirements.BaseRequirementsService.getParentRequirementOf(BaseRequirementsService.java:138)
	at net.thucydides.core.requirements.BaseRequirementsService.getParentRequirementFor(BaseRequirementsService.java:48)
	at net.thucydides.core.reports.html.HtmlAcceptanceTestReporter.addParentRequirmentFieldToContext(HtmlAcceptanceTestReporter.java:196)
	at net.thucydides.core.reports.html.HtmlAcceptanceTestReporter.addTestOutcomeToContext(HtmlAcceptanceTestReporter.java:190)
	at net.thucydides.core.reports.html.HtmlAcceptanceTestReporter.generateReportFor(HtmlAcceptanceTestReporter.java:105)
	at net.thucydides.core.reports.ReportService.generateReportFor(ReportService.java:246)
	at net.thucydides.core.reports.ReportService.lambda$generateReportsFor$0(ReportService.java:184)
	at java.util.concurrent.Executors$RunnableAdapter.call(Executors.java:511)
	at java.util.concurrent.FutureTask.run(FutureTask.java:266)
	at java.util.concurrent.ThreadPoolExecutor.runWorker(ThreadPoolExecutor.java:1149)
	at java.util.concurrent.ThreadPoolExecutor$Worker.run(ThreadPoolExecutor.java:624)
	at java.lang.Thread.run(Thread.java:750)

19:51:09.452 [pool-3-thread-3] WARN net.thucydides.core.requirements.RequirementsTagProvider - Failed to load requirements: Illegal char <:> at index 4: file:\D:\kampus%20merdeka\QE_Capstone%20Kanbo\capstone\api\src\test\resources\api\Register.feature
java.nio.file.InvalidPathException: Illegal char <:> at index 4: file:\D:\kampus%20merdeka\QE_Capstone%20Kanbo\capstone\api\src\test\resources\api\Register.feature
	at sun.nio.fs.WindowsPathParser.normalize(WindowsPathParser.java:182)
	at sun.nio.fs.WindowsPathParser.parse(WindowsPathParser.java:153)
	at sun.nio.fs.WindowsPathParser.parse(WindowsPathParser.java:77)
	at sun.nio.fs.WindowsPath.parse(WindowsPath.java:94)
	at sun.nio.fs.WindowsFileSystem.getPath(WindowsFileSystem.java:255)
	at java.io.File.toPath(File.java:2271)
	at net.thucydides.core.requirements.RootDirectory.getRelativePathOf(RootDirectory.java:364)
	at net.thucydides.core.requirements.FileSystemRequirementsTagProvider.requirementWithMatchingPath(FileSystemRequirementsTagProvider.java:372)
	at net.thucydides.core.requirements.FileSystemRequirementsTagProvider.getParentRequirementOf(FileSystemRequirementsTagProvider.java:335)
	at net.thucydides.core.requirements.ParentRequirementsProvided.forOutcome(ParentRequirementsProvided.java:26)
	at net.thucydides.core.requirements.BaseRequirementsService.getParentRequirementOf(BaseRequirementsService.java:138)
	at net.thucydides.core.requirements.BaseRequirementsService.getAncestorRequirementsFor(BaseRequirementsService.java:78)
	at net.thucydides.core.reports.html.HtmlAcceptanceTestReporter.addBreadcrumbs(HtmlAcceptanceTestReporter.java:226)
	at net.thucydides.core.reports.html.HtmlAcceptanceTestReporter.addParentRequirmentFieldToContext(HtmlAcceptanceTestReporter.java:214)
	at net.thucydides.core.reports.html.HtmlAcceptanceTestReporter.addTestOutcomeToContext(HtmlAcceptanceTestReporter.java:190)
	at net.thucydides.core.reports.html.HtmlAcceptanceTestReporter.generateReportFor(HtmlAcceptanceTestReporter.java:105)
	at net.thucydides.core.reports.ReportService.generateReportFor(ReportService.java:246)
	at net.thucydides.core.reports.ReportService.lambda$generateReportsFor$0(ReportService.java:184)
	at java.util.concurrent.Executors$RunnableAdapter.call(Executors.java:511)
	at java.util.concurrent.FutureTask.run(FutureTask.java:266)
	at java.util.concurrent.ThreadPoolExecutor.runWorker(ThreadPoolExecutor.java:1149)
	at java.util.concurrent.ThreadPoolExecutor$Worker.run(ThreadPoolExecutor.java:624)
	at java.lang.Thread.run(Thread.java:750)

19:51:09.453 [pool-3-thread-4] WARN net.thucydides.core.requirements.RequirementsTagProvider - Failed to load requirements: Illegal char <:> at index 4: file:\D:\kampus%20merdeka\QE_Capstone%20Kanbo\capstone\api\src\test\resources\api\Register.feature
java.nio.file.InvalidPathException: Illegal char <:> at index 4: file:\D:\kampus%20merdeka\QE_Capstone%20Kanbo\capstone\api\src\test\resources\api\Register.feature
	at sun.nio.fs.WindowsPathParser.normalize(WindowsPathParser.java:182)
[...]
	at net.serenitybdd.rest.filters.FieldsRecordingFilter.filter(FieldsRecordingFilter.java:52)
	at io.restassured.filter.Filter$filter.call(Unknown Source)
	at io.restassured.internal.filter.FilterContextImpl.next(FilterContextImpl.groovy:72)
	at io.restassured.filter.log.RequestLoggingFilter.filter(RequestLoggingFilter.java:140)
	at net.serenitybdd.rest.filters.FieldsRecordingFilter.filter(FieldsRecordingFilter.java:40)
	at io.restassured.filter.Filter$filter.call(Unknown Source)
	at io.restassured.internal.filter.FilterContextImpl.next(FilterContextImpl.groovy:72)
	at io.restassured.filter.log.RequestLoggingFilter.filter(RequestLoggingFilter.java:140)
	at net.serenitybdd.rest.filters.FieldsRecordingFilter.filter(FieldsRecordingFilter.java:40)
	at io.restassured.filter.Filter$filter.call(Unknown Source)
	at io.restassured.internal.filter.FilterContextImpl.next(FilterContextImpl.groovy:72)
	at io.restassured.filter.log.RequestLoggingFilter.filter(RequestLoggingFilter.java:140)
	at net.serenitybdd.rest.filters.FieldsRecordingFilter.filter(FieldsRecordingFilter.java:40)
	at io.restassured.filter.Filter$filter.call(Unknown Source)
	at io.restassured.internal.filter.FilterContextImpl.next(FilterContextImpl.groovy:72)
	at io.restassured.filter.log.RequestLoggingFilter.filter(RequestLoggingFilter.java:140)
	at net.serenitybdd.rest.filters.FieldsRecordingFilter.filter(FieldsRecordingFilter.java:40)
	at io.restassured.filter.Filter$filter.call(Unknown Source)
	at io.restassured.internal.filter.FilterContextImpl.next(FilterContextImpl.groovy:72)
	at io.restassured.filter.log.RequestLoggingFilter.filter(RequestLoggingFilter.java:140)
	at net.serenitybdd.rest.filters.FieldsRecordingFilter.filter(FieldsRecordingFilter.java:40)
	at io.restassured.filter.Filter$filter.call(Unknown Source)
	at org.codehaus.groovy.runtime.callsite.CallSiteArray.defaultCall(CallSiteArray.java:47)
	at io.restassured.filter.Filter$filter$0.call(Unknown Source)
	at io.restassured.internal.filter.FilterContextImpl.next(FilterContextImpl.groovy:72)
	at io.restassured.filter.FilterContext$next.call(Unknown Source)
	at io.restassured.internal.RequestSpecificationImpl.applyPathParamsAndSendRequest(RequestSpecificationImpl.groovy:1655)
	at sun.reflect.NativeMethodAccessorImpl.invoke0(Native Method)
	at sun.reflect.NativeMethodAccessorImpl.invoke(NativeMethodAccessorImpl.java:62)
	at sun.reflect.DelegatingMethodAccessorImpl.invoke(DelegatingMethodAccessorImpl.java:43)
	at java.lang.reflect.Method.invoke(Method.java:498)
	at org.codehaus.groovy.reflection.CachedMethod.invoke(CachedMethod.java:107)
	at groovy.lang.MetaMethod.doMethodInvoke(MetaMethod.java:323)
	at groovy.lang.MetaClassImpl.invokeMethod(MetaClassImpl.java:1267)
	at groovy.lang.MetaClassImpl.invokeMethod(MetaClassImpl.java:1034)
	at groovy.lang.MetaClassImpl.invokeMethod(MetaClassImpl.java:818)
	at groovy.lang.GroovyObject.invokeMethod(GroovyObject.java:39)
	at org.codehaus.groovy.runtime.callsite.PogoInterceptableSite.call(PogoInterceptableSite.java:45)
	at org.codehaus.groovy.runtime.callsite.PogoInterceptableSite.callCurrent(PogoInterceptableSite.java:55)
	at org.codehaus.groovy.runtime.callsite.AbstractCallSite.callCurrent(AbstractCallSite.java:203)
	at io.restassured.internal.RequestSpecificationImpl.applyPathParamsAndSendRequest(RequestSpecificationImpl.groovy:1661)
	at sun.reflect.NativeMethodAccessorImpl.invoke0(Native Method)
	at sun.reflect.NativeMethodAccessorImpl.invoke(NativeMethodAccessorImpl.java:62)
	at sun.reflect.DelegatingMethodAccessorImpl.invoke(DelegatingMethodAccessorImpl.java:43)
	at java.lang.reflect.Method.invoke(Method.java:498)
	at org.codehaus.groovy.reflection.CachedMethod.invoke(CachedMethod.java:107)
	at groovy.lang.MetaMethod.doMethodInvoke(MetaMethod.java:323)
	at groovy.lang.MetaClassImpl.invokeMethod(MetaClassImpl.java:1267)
	at groovy.lang.MetaClassImpl.invokeMethod(MetaClassImpl.java:1034)
	at groovy.lang.MetaClassImpl.invokeMethod(MetaClassImpl.java:818)
	at groovy.lang.GroovyObject.invokeMethod(GroovyObject.java:39)
	at org.codehaus.groovy.runtime.callsite.PogoInterceptableSite.call(PogoInterceptableSite.java:45)
	at org.codehaus.groovy.runtime.callsite.PogoInterceptableSite.callCurrent(PogoInterceptableSite.java:55)
	at org.codehaus.groovy.runtime.callsite.AbstractCallSite.callCurrent(AbstractCallSite.java:203)
	at io.restassured.internal.RequestSpecificationImpl.post(RequestSpecificationImpl.groovy:175)
	at net.serenitybdd.rest.decorators.request.RequestSpecificationDecorated.executeCall(RequestSpecificationDecorated.java:309)
	at net.serenitybdd.rest.decorators.request.RequestSpecificationDecorated.execute(RequestSpecificationDecorated.java:268)
	at net.serenitybdd.rest.decorators.request.RequestSpecificationDecorated.post(RequestSpecificationDecorated.java:120)
	at net.serenitybdd.rest.decorators.request.RequestSpecificationDecorated.post(RequestSpecificationDecorated.java:38)
	at starter.login.Post.sendPostWithEmptyData(Post.java:45)
	at starter.login.Post$ByteBuddy$MtUvr7FK.sendPostWithEmptyData$accessor$wHtBjQjH(Unknown Source)
	at sun.reflect.NativeMethodAccessorImpl.invoke0(Native Method)
	at sun.reflect.NativeMethodAccessorImpl.invoke(NativeMethodAccessorImpl.java:62)
	at sun.reflect.DelegatingMethodAccessorImpl.invoke(DelegatingMethodAccessorImpl.java:43)
	at java.lang.reflect.Method.invoke(Method.java:498)
	at net.thucydides.core.steps.StepInterceptor.invokeMethod(StepInterceptor.java:492)
	at net.thucydides.core.steps.StepInterceptor.executeTestStepMethod(StepInterceptor.java:472)
	at net.thucydides.core.steps.StepInterceptor.runTestStep(StepInterceptor.java:445)
	at net.thucydides.core.steps.StepInterceptor.runOrSkipMethod(StepInterceptor.java:201)
	at net.thucydides.core.steps.StepInterceptor.testStepResult(StepInterceptor.java:188)
	at net.thucydides.core.steps.StepInterceptor.intercept(StepInterceptor.java:76)
	at net.thucydides.core.steps.ProxyConfiguration$InterceptorDispatcher.intercept(ProxyConfiguration.java:51)
	at starter.login.Post$ByteBuddy$MtUvr7FK.sendPostWithEmptyData(Unknown Source)
	at starter.stepdefenitions.LoginSteps.userSendPOSTHTTPRequestWithEmptyData(LoginSteps.java:37)
	at âœ½.user send POST HTTP request with empty data(file:///D:/kampus%20merdeka/QE_Capstone%20Kanbo/capstone/api/src/test/resources/api/Login.feature:14)
Caused by: java.net.ConnectException: Connection refused: connect
	at java.net.DualStackPlainSocketImpl.connect0(Native Method)
	at java.net.DualStackPlainSocketImpl.socketConnect(DualStackPlainSocketImpl.java:75)
	at java.net.AbstractPlainSocketImpl.doConnect(AbstractPlainSocketImpl.java:476)
	at java.net.AbstractPlainSocketImpl.connectToAddress(AbstractPlainSocketImpl.java:218)
	at java.net.AbstractPlainSocketImpl.connect(AbstractPlainSocketImpl.java:200)
	at java.net.PlainSocketImpl.connect(PlainSocketImpl.java:162)
	at java.net.SocksSocketImpl.connect(SocksSocketImpl.java:394)
	at java.net.Socket.connect(Socket.java:606)
	at org.apache.http.conn.scheme.PlainSocketFactory.connectSocket(PlainSocketFactory.java:121)
	at org.apache.http.impl.conn.DefaultClientConnectionOperator.openConnection(DefaultClientConnectionOperator.java:180)
	at org.apache.http.impl.conn.ManagedClientConnectionImpl.open(ManagedClientConnectionImpl.java:326)
	at org.apache.http.impl.client.DefaultRequestDirector.tryConnect(DefaultRequestDirector.java:610)
	at org.apache.http.impl.client.DefaultRequestDirector.execute(DefaultRequestDirector.java:445)
	at org.apache.http.impl.client.AbstractHttpClient.doExecute(AbstractHttpClient.java:835)
	at org.apache.http.impl.client.CloseableHttpClient.execute(CloseableHttpClient.java:83)
	at org.apache.http.impl.client.CloseableHttpClient.execute(CloseableHttpClient.java:56)
	at org.apache.http.client.HttpClient$execute$0.call(Unknown Source)
	at io.restassured.internal.RequestSpecificationImpl$RestAssuredHttpBuilder.doRequest(RequestSpecificationImpl.groovy:2055)
	at io.restassured.internal.http.HTTPBuilder.post(HTTPBuilder.java:350)
	at io.restassured.internal.http.HTTPBuilder$post$2.call(Unknown Source)
	at io.restassured.internal.RequestSpecificationImpl.sendRequest(RequestSpecificationImpl.groovy:1181)
	at sun.reflect.NativeMethodAccessorImpl.invoke0(Native Method)
	at sun.reflect.NativeMethodAccessorImpl.invoke(NativeMethodAccessorImpl.java:62)
	at sun.reflect.DelegatingMethodAccessorImpl.invoke(DelegatingMethodAccessorImpl.java:43)
	at java.lang.reflect.Method.invoke(Method.java:498)
	at org.codehaus.groovy.reflection.CachedMethod.invoke(CachedMethod.java:107)
	at groovy.lang.MetaMethod.doMethodInvoke(MetaMethod.java:323)
	at groovy.lang.MetaClassImpl.invokeMethod(MetaClassImpl.java:1267)
	at groovy.lang.MetaClassImpl.invokeMethod(MetaClassImpl.java:1034)
	at groovy.lang.MetaClassImpl.invokeMethod(MetaClassImpl.java:818)
	at groovy.lang.GroovyObject.invokeMethod(GroovyObject.java:39)
	at org.codehaus.groovy.runtime.callsite.PogoInterceptableSite.call(PogoInterceptableSite.java:45)
	at org.codehaus.groovy.runtime.callsite.AbstractCallSite.call(AbstractCallSite.java:166)
	at io.restassured.internal.filter.SendRequestFilter.filter(SendRequestFilter.groovy:30)
	at io.restassured.filter.Filter$filter$0.call(Unknown Source)
	at org.codehaus.groovy.runtime.callsite.CallSiteArray.defaultCall(CallSiteArray.java:47)
	at io.restassured.filter.Filter$filter.call(Unknown Source)
	at io.restassured.internal.filter.FilterContextImpl.next(FilterContextImpl.groovy:72)
	at io.restassured.filter.time.TimingFilter.filter(TimingFilter.java:56)
	at io.restassured.filter.Filter$filter.call(Unknown Source)
	at org.codehaus.groovy.runtime.callsite.CallSiteArray.defaultCall(CallSiteArray.java:47)
	at io.restassured.filter.Filter$filter.call(Unknown Source)
	at io.restassured.internal.filter.FilterContextImpl.next(FilterContextImpl.groovy:72)
	at io.restassured.filter.log.RequestLoggingFilter.filter(RequestLoggingFilter.java:140)
	at net.serenitybdd.rest.filters.FieldsRecordingFilter.filter(FieldsRecordingFilter.java:40)
	at io.restassured.filter.Filter$filter.call(Unknown Source)
	at io.restassured.internal.filter.FilterContextImpl.next(FilterContextImpl.groovy:72)
	at io.restassured.filter.log.RequestLoggingFilter.filter(RequestLoggingFilter.java:140)
	at net.serenitybdd.rest.filters.FieldsRecordingFilter.filter(FieldsRecordingFilter.java:40)
	at io.restassured.filter.Filter$filter.call(Unknown Source)
	at io.restassured.internal.filter.FilterContextImpl.next(FilterContextImpl.groovy:72)
	at io.restassured.filter.log.RequestLoggingFilter.filter(RequestLoggingFilter.java:140)
	at net.serenitybdd.rest.filters.FieldsRecordingFilter.filter(FieldsRecordingFilter.java:40)
	at io.restassured.filter.Filter$filter.call(Unknown Source)
	at io.restassured.internal.filter.FilterContextImpl.next(FilterContextImpl.groovy:72)
	at io.restassured.filter.log.RequestLoggingFilter.filter(RequestLoggingFilter.java:140)
	at net.serenitybdd.rest.filters.FieldsRecordingFilter.filter(FieldsRecordingFilter.java:40)
	at io.restassured.filter.Filter$filter.call(Unknown Source)
	at io.restassured.internal.filter.FilterContextImpl.next(FilterContextImpl.groovy:72)
	at io.restassured.filter.log.RequestLoggingFilter.filter(RequestLoggingFilter.java:140)
	at net.serenitybdd.rest.filters.FieldsRecordingFilter.filter(FieldsRecordingFilter.java:40)
	at io.restassured.filter.Filter$filter.call(Unknown Source)
	at io.restassured.internal.filter.FilterContextImpl.next(FilterContextImpl.groovy:72)
	at io.restassured.filter.log.RequestLoggingFilter.filter(RequestLoggingFilter.java:140)
	at net.serenitybdd.rest.filters.FieldsRecordingFilter.filter(FieldsRecordingFilter.java:40)
	at io.restassured.filter.Filter$filter.call(Unknown Source)
	at org.codehaus.groovy.runtime.callsite.CallSiteArray.defaultCall(CallSiteArray.java:47)
	at io.restassured.filter.Filter$filter$0.call(Unknown Source)
	at io.restassured.internal.filter.FilterContextImpl.next(FilterContextImpl.groovy:72)
	at io.restassured.filter.FilterContext$next.call(Unknown Source)
	at io.restassured.internal.RequestSpecificationImpl.applyPathParamsAndSendRequest(RequestSpecificationImpl.groovy:1655)
	at sun.reflect.NativeMethodAccessorImpl.invoke0(Native Method)
	at sun.reflect.NativeMethodAccessorImpl.invoke(NativeMethodAccessorImpl.java:62)
	at sun.reflect.DelegatingMethodAccessorImpl.invoke(DelegatingMethodAccessorImpl.java:43)
	at java.lang.reflect.Method.invoke(Method.java:498)
	at org.codehaus.groovy.reflection.CachedMethod.invoke(CachedMethod.java:107)
	at groovy.lang.MetaMethod.doMethodInvoke(MetaMethod.java:323)
	at groovy.lang.MetaClassImpl.invokeMethod(MetaClassImpl.java:1267)
	at groovy.lang.MetaClassImpl.invokeMethod(MetaClassImpl.java:1034)
	at groovy.lang.MetaClassImpl.invokeMethod(MetaClassImpl.java:818)
	at groovy.lang.GroovyObject.invokeMethod(GroovyObject.java:39)
	at org.codehaus.groovy.runtime.callsite.PogoInterceptableSite.call(PogoInterceptableSite.java:45)
	at org.codehaus.groovy.runtime.callsite.PogoInterceptableSite.callCurrent(PogoInterceptableSite.java:55)
	at org.codehaus.groovy.runtime.callsite.AbstractCallSite.callCurrent(AbstractCallSite.java:203)
	at io.restassured.internal.RequestSpecificationImpl.applyPathParamsAndSendRequest(RequestSpecificationImpl.groovy:1661)
	at sun.reflect.NativeMethodAccessorImpl.invoke0(Native Method)
	at sun.reflect.NativeMethodAccessorImpl.invoke(NativeMethodAccessorImpl.java:62)
	at sun.reflect.DelegatingMethodAccessorImpl.invoke(DelegatingMethodAccessorImpl.java:43)
	at java.lang.reflect.Method.invoke(Method.java:498)
	at org.codehaus.groovy.reflection.CachedMethod.invoke(CachedMethod.java:107)
	at groovy.lang.MetaMethod.doMethodInvoke(MetaMethod.java:323)
	at groovy.lang.MetaClassImpl.invokeMethod(MetaClassImpl.java:1267)
	at groovy.lang.MetaClassImpl.invokeMethod(MetaClassImpl.java:1034)
	at groovy.lang.MetaClassImpl.invokeMethod(MetaClassImpl.java:818)
	at groovy.lang.GroovyObject.invokeMethod(GroovyObject.java:39)
	at org.codehaus.groovy.runtime.callsite.PogoInterceptableSite.call(PogoInterceptableSite.java:45)
	at org.codehaus.groovy.runtime.callsite.PogoInterceptableSite.callCurrent(PogoInterceptableSite.java:55)
	at org.codehaus.groovy.runtime.callsite.AbstractCallSite.callCurrent(AbstractCallSite.java:203)
	at io.restassured.internal.RequestSpecificationImpl.post(RequestSpecificationImpl.groovy:175)
	at net.serenitybdd.rest.decorators.request.RequestSpecificationDecorated.executeCall(RequestSpecificationDecorated.java:309)
	at net.serenitybdd.rest.decorators.request.RequestSpecificationDecorated.execute(RequestSpecificationDecorated.java:268)
	at net.serenitybdd.rest.decorators.request.RequestSpecificationDecorated.post(RequestSpecificationDecorated.java:120)
	at net.serenitybdd.rest.decorators.request.RequestSpecificationDecorated.post(RequestSpecificationDecorated.java:38)
	at starter.login.Post.sendPostWithEmptyData(Post.java:45)
	at starter.login.Post$ByteBuddy$MtUvr7FK.sendPostWithEmptyData$accessor$wHtBjQjH(Unknown Source)
	at sun.reflect.NativeMethodAccessorImpl.invoke0(Native Method)
	at sun.reflect.NativeMethodAccessorImpl.invoke(NativeMethodAccessorImpl.java:62)
	at sun.reflect.DelegatingMethodAccessorImpl.invoke(DelegatingMethodAccessorImpl.java:43)
	at java.lang.reflect.Method.invoke(Method.java:498)
	at net.thucydides.core.steps.StepInterceptor.invokeMethod(StepInterceptor.java:492)
	at net.thucydides.core.steps.StepInterceptor.executeTestStepMethod(StepInterceptor.java:472)
	at net.thucydides.core.steps.StepInterceptor.runTestStep(StepInterceptor.java:445)
	at net.thucydides.core.steps.StepInterceptor.runOrSkipMethod(StepInterceptor.java:201)
	at net.thucydides.core.steps.StepInterceptor.testStepResult(StepInterceptor.java:188)
	at net.thucydides.core.steps.StepInterceptor.intercept(StepInterceptor.java:76)
	at net.thucydides.core.steps.ProxyConfiguration$InterceptorDispatcher.intercept(ProxyConfiguration.java:51)
	at starter.login.Post$ByteBuddy$MtUvr7FK.sendPostWithEmptyData(Unknown Source)
	at starter.stepdefenitions.LoginSteps.userSendPOSTHTTPRequestWithEmptyData(LoginSteps.java:37)
	at sun.reflect.NativeMethodAccessorImpl.invoke0(Native Method)
	at sun.reflect.NativeMethodAccessorImpl.invoke(NativeMethodAccessorImpl.java:62)
	at sun.reflect.DelegatingMethodAccessorImpl.invoke(DelegatingMethodAccessorImpl.java:43)
	at java.lang.reflect.Method.invoke(Method.java:498)
	at io.cucumber.java.Invoker.doInvoke(Invoker.java:66)
	at io.cucumber.java.Invoker.invoke(Invoker.java:24)
	at io.cucumber.java.AbstractGlueDefinition.invokeMethod(AbstractGlueDefinition.java:47)
	at io.cucumber.java.JavaStepDefinition.execute(JavaStepDefinition.java:29)
	at io.cucumber.core.runner.CoreStepDefinition.execute(CoreStepDefinition.java:66)
	at io.cucumber.core.runner.PickleStepDefinitionMatch.runStep(PickleStepDefinitionMatch.java:63)
	at io.cucumber.core.runner.ExecutionMode$1.execute(ExecutionMode.java:10)
	at io.cucumber.core.runner.TestStep.executeStep(TestStep.java:92)
	at io.cucumber.core.runner.TestStep.run(TestStep.java:64)
	at io.cucumber.core.runner.PickleStepTestStep.run(PickleStepTestStep.java:51)
	at io.cucumber.core.runner.TestCase.run(TestCase.java:104)
	at io.cucumber.core.runner.Runner.runPickle(Runner.java:73)
	at io.cucumber.junit.PickleRunners$NoStepDescriptions.run(PickleRunners.java:151)
	at io.cucumber.junit.FeatureRunner.runChild(FeatureRunner.java:135)
	at io.cucumber.junit.FeatureRunner.runChild(FeatureRunner.java:27)
	at org.junit.runners.ParentRunner$4.run(ParentRunner.java:331)
	at org.junit.runners.ParentRunner$1.schedule(ParentRunner.java:79)
	at org.junit.runners.ParentRunner.runChildren(ParentRunner.java:329)
	at org.junit.runners.ParentRunner.access$100(ParentRunner.java:66)
	at org.junit.runners.ParentRunner$2.evaluate(ParentRunner.java:293)
	at org.junit.runners.ParentRunner$3.evaluate(ParentRunner.java:306)
	at org.junit.runners.ParentRunner.run(ParentRunner.java:413)
	at io.cucumber.junit.CucumberSerenityRunner.runChild(CucumberSerenityRunner.java:258)
	at io.cucumber.junit.CucumberSerenityRunner.runChild(CucumberSerenityRunner.java:57)
	at org.junit.runners.ParentRunner$4.run(ParentRunner.java:331)
	at org.apache.maven.surefire.junitcore.pc.Scheduler$1.run(Scheduler.java:405)
	at org.apache.maven.surefire.junitcore.pc.InvokerStrategy.schedule(InvokerStrategy.java:54)
	at org.apache.maven.surefire.junitcore.pc.Scheduler.schedule(Scheduler.java:362)
	at org.junit.runners.ParentRunner.runChildren(ParentRunner.java:329)
	at org.junit.runners.ParentRunner.access$100(ParentRunner.java:66)
	at org.junit.runners.ParentRunner$2.evaluate(ParentRunner.java:293)
	at io.cucumber.junit.CucumberSerenityRunner$RunCucumber.evaluate(CucumberSerenityRunner.java:286)
	at org.junit.runners.ParentRunner$3.evaluate(ParentRunner.java:306)
	at org.junit.runners.ParentRunner.run(ParentRunner.java:413)
	at org.junit.runners.Suite.runChild(Suite.java:128)
	at org.junit.runners.Suite.runChild(Suite.java:27)
	at org.junit.runners.ParentRunner$4.run(ParentRunner.java:331)
	at org.apache.maven.surefire.junitcore.pc.Scheduler$1.run(Scheduler.java:405)
	at java.util.concurrent.Executors$RunnableAdapter.call(Executors.java:511)
	at java.util.concurrent.FutureTask.run(FutureTask.java:266)
	at java.util.concurrent.ThreadPoolExecutor.runWorker(ThreadPoolExecutor.java:1149)
	at java.util.concurrent.ThreadPoolExecutor$Worker.run(ThreadPoolExecutor.java:624)
	at java.lang.Thread.run(Thread.java:750)
&amp#27;[0m
  &amp#27;[36mThen &amp#27;[0m&amp#27;[36muser see status code &amp#27;[0m&amp#27;[36m&amp#27;[1m400&amp#27;[0m&amp#27;[36m and fail to login&amp#27;[0m            &amp#27;[90m# starter.stepdefenitions.LoginSteps.userSeeStatusCodeAndFailToLogin(int)&amp#27;[0m
  &amp#27;[36mAnd &amp#27;[0m&amp#27;[36muser get error message&amp#27;[0m                                 &amp#27;[90m# starter.stepdefenitions.LoginSteps.userGetErrorMessage()&amp#27;[0m
]]></system-out>
  </testcase>
</testsuite>