<?xml version="1.0" encoding="UTF-8"?>
<testsuite xmlns:xsi="http://www.w3.org/2001/XMLSchema-instance" xsi:schemaLocation="https://maven.apache.org/surefire/maven-surefire-plugin/xsd/surefire-test-report.xsd" name="CucumberTestSuite" time="58.106" tests="8" errors="0" skipped="0" failures="0">
  <properties>
[...]
</properties>
  <testcase name="android user on landing screen login page" classname="As user i failed to create account with empty name" time="28.124"/>
  <testcase name="android user click to register" classname="As user i failed to create account with empty name" time="0.192"/>
  <testcase name="user not input name" classname="As user i failed to create account with empty name" time="1.77"/>
  <testcase name="user input email" classname="As user i failed to create account with empty name" time="1.481"/>
  <testcase name="user input password" classname="As user i failed to create account with empty name" time="1.772"/>
  <testcase name="user click register button" classname="As user i failed to create account with empty name" time="0.68"/>
  <testcase name="user get error message not input name" classname="As user i failed to create account with empty name" time="0.637"/>
  <testcase name="As user i failed to create account with empty name" classname="As user i failed to create account with empty name" time="0.664"/>
</testsuite>