<?xml version="1.0" encoding="UTF-8"?>
<testsuite xmlns:xsi="http://www.w3.org/2001/XMLSchema-instance" xsi:noNamespaceSchemaLocation="https://maven.apache.org/surefire/maven-failsafe-plugin/xsd/failsafe-test-report-3.0.xsd" version="3.0" name="starter.CucumberTestSuite" time="26.839" tests="1" errors="1" skipped="0" failures="0">
  <properties>
[...]
</properties>
  <testcase name="As admin i have be able to success crete account" classname="As user i want to create account So that i can login" time="20.617">
    <error type="net.thucydides.core.webdriver.exceptions.ElementShouldBeEnabledException"><![CDATA[net.thucydides.core.webdriver.exceptions.ElementShouldBeEnabledException: Expected enabled element was not enabled
Caused by: org.openqa.selenium.TimeoutException: Expected condition failed: waiting for By.name: M396 512a112 112 0 1 0 224 0 112 112 0 1 0-224 0zm546.2-25.8C847.4 286.5 704.1 186 512 186c-192.2 0-335.4 100.5-430.2 300.3a60.3 60.3 0 0 0 0 51.5C176.6 737.5 319.9 838 512 838c192.2 0 335.4-100.5 430.2-300.3 7.7-16.2 7.7-35 0-51.5zM508 688c-97.2 0-176-78.8-176-176s78.8-176 176-176 176 78.8 176 176-78.8 176-176 176z to be enabled (tried for 5 second(s) with 100 milliseconds interval)
Caused by: org.openqa.selenium.NoSuchElementException: 
no such element: Unable to locate element: {"method":"css selector","selector":"*[name='M396 512a112 112 0 1 0 224 0 112 112 0 1 0-224 0zm546.2-25.8C847.4 286.5 704.1 186 512 186c-192.2 0-335.4 100.5-430.2 300.3a60.3 60.3 0 0 0 0 51.5C176.6 737.5 319.9 838 512 838c192.2 0 335.4-100.5 430.2-300.3 7.7-16.2 7.7-35 0-51.5zM508 688c-97.2 0-176-78.8-176-176s78.8-176 176-176 176 78.8 176 176-78.8 176-176 176z']"}
  (Session info: chrome=103.0.5060.114)
For documentation on this error, please visit: https://selenium.dev/exceptions/#no_such_element
Build info: version: '4.1.2', revision: '9a5a329c5a'
System info: host: 'DESKTOP-EQ55Q8H', ip: '192.168.43.104', os.name: 'Windows 10', os.arch: 'amd64', os.version: '10.0', java.version: '1.8.0_321'
Driver info: org.openqa.selenium.chrome.ChromeDriver
Command: [fae5fc59bed7b263691fc269f3030146, findElement {using=name, value=M396 512a112 112 0 1 0 224 0 112 112 0 1 0-224 0zm546.2-25.8C847.4 286.5 704.1 186 512 186c-192.2 0-335.4 100.5-430.2 300.3a60.3 60.3 0 0 0 0 51.5C176.6 737.5 319.9 838 512 838c192.2 0 335.4-100.5 430.2-300.3 7.7-16.2 7.7-35 0-51.5zM508 688c-97.2 0-176-78.8-176-176s78.8-176 176-176 176 78.8 176 176-78.8 176-176 176z}]
Capabilities {acceptInsecureCerts: false, browserName: chrome, browserVersion: 103.0.5060.114, chrome: {chromedriverVersion: 103.0.5060.53 (a1711811edd7..., userDataDir: C:\Users\Admin\AppData\Loca...}, goog:chromeOptions: {debuggerAddress: localhost:50363}, javascriptEnabled: true, networkConnectionEnabled: false, pageLoadStrategy: normal, platform: WINDOWS, platformName: WINDOWS, proxy: Proxy(), se:cdp: ws://localhost:50363/devtoo..., se:cdpVersion: 103.0.5060.114, setWindowRect: true, strictFileInteractability: false, timeouts: {implicit: 0, pageLoad: 300000, script: 30000}, unhandledPromptBehavior: dismiss and notify, webauthn:extension:credBlob: true, webauthn:extension:largeBlob: true, webauthn:virtualAuthenticators: true}
Session ID: fae5fc59bed7b263691fc269f3030146
]]></error>
    <system-out><![CDATA[09:43:34.783 [main] INFO io.cucumber.core.plugin.SerenityReporter - Running feature from file:///D:/kampus%20merdeka/QE_Capstone%20Kanbo/capstone/web/src/test/resources/features/Detail.feature
09:43:35.174 [main] INFO  - 

-------------------------------------------------------------------------------------
     _______. _______ .______       _______ .__   __.  __  .___________.____    ____ 
    /       ||   ____||   _  \     |   ____||  \ |  | |  | |           |\   \  /   / 
   |   (----`|  |__   |  |_)  |    |  |__   |   \|  | |  | `---|  |----` \   \/   /  
    \   \    |   __|  |      /     |   __|  |  . `  | |  |     |  |       \_    _/   
.----)   |   |  |____ |  |\  \----.|  |____ |  |\   | |  |     |  |         |  |     
|_______/    |_______|| _| `._____||_______||__| \__| |__|     |__|         |__|    
                                                                                     
 News and tutorials at http://www.serenity-bdd.info                                  
 Documentation at https://wakaleo.gitbooks.io/the-serenity-book/content/             
 Join the Serenity Community on Gitter: https://gitter.im/serenity-bdd/serenity-core 
 Serenity BDD Support and Training at http://serenity-bdd.info/#/trainingandsupport  
-------------------------------------------------------------------------------------

09:43:35.179 [main] DEBUG net.thucydides.core.steps.StepEventBus - Test suite started for story net.thucydides.core.model.Story@dab2d92f
09:43:35.184 [main] INFO  - Test Suite Started: As user I want to see details product
09:43:35.201 [main] INFO io.cucumber.core.plugin.SerenityReporter - Running feature from file:///D:/kampus%20merdeka/QE_Capstone%20Kanbo/capstone/web/src/test/resources/features/Login.feature
09:43:35.211 [main] DEBUG net.thucydides.core.steps.StepEventBus - Test suite started for story net.thucydides.core.model.Story@c69d7d3a
09:43:35.212 [main] INFO  - Test Suite Started: As admin I want to login So that i can see home page
09:43:35.212 [main] INFO io.cucumber.core.plugin.SerenityReporter - Running feature from file:///D:/kampus%20merdeka/QE_Capstone%20Kanbo/capstone/web/src/test/resources/features/Product.feature
09:43:35.217 [main] DEBUG net.thucydides.core.steps.StepEventBus - Test suite started for story net.thucydides.core.model.Story@18d344f6
09:43:35.217 [main] INFO  - Test Suite Started: As a user I want to buy items in the home page
09:43:35.217 [main] INFO io.cucumber.core.plugin.SerenityReporter - Running feature from file:///D:/kampus%20merdeka/QE_Capstone%20Kanbo/capstone/web/src/test/resources/features/Register.feature
09:43:35.230 [main] DEBUG net.thucydides.core.steps.StepEventBus - Test suite started for story net.thucydides.core.model.Story@5074cca9
09:43:35.231 [main] INFO  - Test Suite Started: As user i want to create account So that i can login
09:43:35.232 [main] INFO io.cucumber.core.plugin.SerenityReporter - Running feature from file:///D:/kampus%20merdeka/QE_Capstone%20Kanbo/capstone/web/src/test/resources/features/Transaction.feature
09:43:35.239 [main] DEBUG net.thucydides.core.steps.StepEventBus - Test suite started for story net.thucydides.core.model.Story@2fff0c52
09:43:35.240 [main] INFO  - Test Suite Started: As a user I want to pay for all items in the basket
09:43:35.241 [main] INFO io.cucumber.core.plugin.SerenityReporter - Running feature from file:///D:/kampus%20merdeka/QE_Capstone%20Kanbo/capstone/web/src/test/resources/features/Register.feature
09:43:35.246 [main] DEBUG net.thucydides.core.steps.StepEventBus - Test suite started for story net.thucydides.core.model.Story@5074cca9
09:43:35.247 [main] INFO  - Test Suite Started: As user i want to create account So that i can login

@register @positveRegist
Scenario: As admin i have be able to success crete account &amp#27;[90m# src/test/resources/features/Register.feature:5&amp#27;[0m
09:43:35.409 [main] INFO io.cucumber.core.plugin.SerenityReporter - Running feature from file:///D:/kampus%20merdeka/QE_Capstone%20Kanbo/capstone/web/src/test/resources/features/Register.feature
09:43:35.590 [main] INFO  - 
  _____   ___   ___   _____     ___   _____     _     ___   _____   ___   ___  
 |_   _| | __| / __| |_   _|   / __| |_   _|   /_\   | _ \ |_   _| | __| |   \ 
   | |   | _|  \__ \   | |     \__ \   | |    / _ \  |   /   | |   | _|  | |) |
   |_|   |___| |___/   |_|     |___/   |_|   /_/ \_\ |_|_\   |_|   |___| |___/ 

As admin i have be able to success crete account(as-user-i-want-to-create-account-so-that-i-can-login;as-admin-i-have-be-able-to-success-crete-account)
--------------------------------------------------------------------------------
09:43:36.857 [main] DEBUG net.thucydides.core.steps.StepInterceptor - STARTING STEP: RegisterSteps.onRegisterPage - openPage
09:43:37.059 [main] INFO net.serenitybdd.core.webdriver.driverproviders.ChromeDriverProvider - Using automatically driver download
09:43:38.543 [main] DEBUG io.github.bonigarcia.wdm.cache.ResolutionCache - Resolution chrome=103 in cache (valid until 10:26:41 11/07/2022 ICT)
09:43:38.555 [main] DEBUG io.github.bonigarcia.wdm.cache.ResolutionCache - Resolution chrome103=103.0.5060.53 in cache (valid until 22:41:04 11/07/2022 ICT)
09:43:38.560 [main] INFO io.github.bonigarcia.wdm.WebDriverManager - Using chromedriver 103.0.5060.53 (resolved driver for Chrome 103)
09:43:38.591 [main] DEBUG io.github.bonigarcia.wdm.WebDriverManager - Driver chromedriver 103.0.5060.53 found in cache
09:43:38.593 [main] INFO io.github.bonigarcia.wdm.WebDriverManager - Exporting webdriver.chrome.driver as C:\Users\Admin\.cache\selenium\chromedriver\win32\103.0.5060.53\chromedriver.exe
09:43:38.774 [main] DEBUG net.thucydides.core.reflection.ClassFinder - Could not load class .starter.CucumberTestSuite
09:43:38.775 [main] DEBUG net.thucydides.core.reflection.ClassFinder - Could not load class .starter.pages.DetailPage
09:43:38.775 [main] DEBUG net.thucydides.core.reflection.ClassFinder - Could not load class .starter.pages.LoginPage
09:43:38.775 [main] DEBUG net.thucydides.core.reflection.ClassFinder - Could not load class .starter.pages.ProductPage
09:43:38.775 [main] DEBUG net.thucydides.core.reflection.ClassFinder - Could not load class .starter.pages.RegisterPage
09:43:38.775 [main] DEBUG net.thucydides.core.reflection.ClassFinder - Could not load class .starter.pages.TransactionPage
09:43:38.775 [main] DEBUG net.thucydides.core.reflection.ClassFinder - Could not load class .starter.stepdefenitions.DetailSteps
09:43:38.776 [main] DEBUG net.thucydides.core.reflection.ClassFinder - Could not load class .starter.stepdefenitions.LoginSteps
09:43:38.776 [main] DEBUG net.thucydides.core.reflection.ClassFinder - Could not load class .starter.stepdefenitions.ProductSteps
09:43:38.776 [main] DEBUG net.thucydides.core.reflection.ClassFinder - Could not load class .starter.stepdefenitions.RegisterSteps
09:43:38.776 [main] DEBUG net.thucydides.core.reflection.ClassFinder - Could not load class .starter.stepdefenitions.TransactionSteps
09:43:38.933 [main] DEBUG net.serenitybdd.core.webdriver.driverproviders.ProvideNewDriver - Instantiating driver
09:43:38.933 [main] DEBUG net.serenitybdd.core.webdriver.driverproviders.ProvideNewDriver - Driver capabilities: Capabilities {acceptInsecureCerts: false, base.url: https://kanbo-web.netlify.app/, browserName: chrome, chrome.driver: src/test/resources/webdrive..., driver: chrome, goog:chromeOptions: {args: [], extensions: []}}
09:43:39.047 [main] DEBUG io.netty.util.internal.logging.InternalLoggerFactory - Using SLF4J as the default logging framework
09:43:39.052 [main] DEBUG io.netty.util.ResourceLeakDetector - -Dio.netty.leakDetection.level: simple
09:43:39.052 [main] DEBUG io.netty.util.ResourceLeakDetector - -Dio.netty.leakDetection.targetRecords: 4
09:43:39.057 [main] DEBUG io.netty.util.ResourceLeakDetectorFactory - Loaded default ResourceLeakDetector: io.netty.util.ResourceLeakDetector@317890ea
09:43:39.091 [main] DEBUG io.netty.util.internal.PlatformDependent0 - -Dio.netty.noUnsafe: false
09:43:39.091 [main] DEBUG io.netty.util.internal.PlatformDependent0 - Java version: 8
09:43:39.093 [main] DEBUG io.netty.util.internal.PlatformDependent0 - sun.misc.Unsafe.theUnsafe: available
09:43:39.094 [main] DEBUG io.netty.util.internal.PlatformDependent0 - sun.misc.Unsafe.copyMemory: available
09:43:39.095 [main] DEBUG io.netty.util.internal.PlatformDependent0 - java.nio.Buffer.address: available
09:43:39.097 [main] DEBUG io.netty.util.internal.PlatformDependent0 - direct buffer constructor: available
09:43:39.099 [main] DEBUG io.netty.util.internal.PlatformDependent0 - java.nio.Bits.unaligned: available, true
09:43:39.099 [main] DEBUG io.netty.util.internal.PlatformDependent0 - jdk.internal.misc.Unsafe.allocateUninitializedArray(int): unavailable prior to Java9
09:43:39.099 [main] DEBUG io.netty.util.internal.PlatformDependent0 - java.nio.DirectByteBuffer.<init>(long, int): available
09:43:39.099 [main] DEBUG io.netty.util.internal.PlatformDependent - sun.misc.Unsafe: available
09:43:39.100 [main] DEBUG io.netty.util.internal.PlatformDependent - -Dio.netty.tmpdir: C:\Users\Admin\AppData\Local\Temp (java.io.tmpdir)
09:43:39.100 [main] DEBUG io.netty.util.internal.PlatformDependent - -Dio.netty.bitMode: 64 (sun.arch.data.model)
09:43:39.100 [main] DEBUG io.netty.util.internal.PlatformDependent - Platform: Windows
09:43:39.102 [main] DEBUG io.netty.util.internal.PlatformDependent - -Dio.netty.maxDirectMemory: 3791650816 bytes
09:43:39.102 [main] DEBUG io.netty.util.internal.PlatformDependent - -Dio.netty.uninitializedArrayAllocationThreshold: -1
09:43:39.104 [main] DEBUG io.netty.util.internal.CleanerJava6 - java.nio.ByteBuffer.cleaner(): available
09:43:39.104 [main] DEBUG io.netty.util.internal.PlatformDependent - -Dio.netty.noPreferDirect: false
09:43:39.117 [main] DEBUG io.netty.util.internal.PlatformDependent - org.jctools-core.MpscChunkedArrayQueue: available
09:43:39.149 [main] DEBUG io.netty.util.internal.InternalThreadLocalMap - -Dio.netty.threadLocalMap.stringBuilder.initialSize: 1024
09:43:39.150 [main] DEBUG io.netty.util.internal.InternalThreadLocalMap - -Dio.netty.threadLocalMap.stringBuilder.maxSize: 4096
09:43:39.183 [main] DEBUG io.netty.handler.ssl.JdkSslContext - Default protocols (JDK): [TLSv1.2] 
09:43:39.183 [main] DEBUG io.netty.handler.ssl.JdkSslContext - Default cipher suites (JDK): [TLS_ECDHE_ECDSA_WITH_AES_256_GCM_SHA384, TLS_ECDHE_ECDSA_WITH_AES_128_GCM_SHA256, TLS_ECDHE_RSA_WITH_AES_128_GCM_SHA256, TLS_ECDHE_RSA_WITH_AES_256_GCM_SHA384, TLS_ECDHE_RSA_WITH_AES_128_CBC_SHA, TLS_ECDHE_RSA_WITH_AES_256_CBC_SHA, TLS_RSA_WITH_AES_128_GCM_SHA256, TLS_RSA_WITH_AES_128_CBC_SHA, TLS_RSA_WITH_AES_256_CBC_SHA, TLS_AES_128_GCM_SHA256, TLS_AES_256_GCM_SHA384]
09:43:39.266 [main] DEBUG io.netty.channel.MultithreadEventLoopGroup - -Dio.netty.eventLoopThreads: 8
09:43:39.281 [main] DEBUG io.netty.channel.nio.NioEventLoop - -Dio.netty.noKeySetOptimization: false
09:43:39.281 [main] DEBUG io.netty.channel.nio.NioEventLoop - -Dio.netty.selectorAutoRebuildThreshold: 512
09:43:39.348 [main] DEBUG io.netty.buffer.PooledByteBufAllocator - -Dio.netty.allocator.numHeapArenas: 8
09:43:39.348 [main] DEBUG io.netty.buffer.PooledByteBufAllocator - -Dio.netty.allocator.numDirectArenas: 8
09:43:39.348 [main] DEBUG io.netty.buffer.PooledByteBufAllocator - -Dio.netty.allocator.pageSize: 8192
09:43:39.348 [main] DEBUG io.netty.buffer.PooledByteBufAllocator - -Dio.netty.allocator.maxOrder: 11
09:43:39.348 [main] DEBUG io.netty.buffer.PooledByteBufAllocator - -Dio.netty.allocator.chunkSize: 16777216
09:43:39.348 [main] DEBUG io.netty.buffer.PooledByteBufAllocator - -Dio.netty.allocator.smallCacheSize: 256
09:43:39.348 [main] DEBUG io.netty.buffer.PooledByteBufAllocator - -Dio.netty.allocator.normalCacheSize: 64
09:43:39.349 [main] DEBUG io.netty.buffer.PooledByteBufAllocator - -Dio.netty.allocator.maxCachedBufferCapacity: 32768
09:43:39.349 [main] DEBUG io.netty.buffer.PooledByteBufAllocator - -Dio.netty.allocator.cacheTrimInterval: 8192
09:43:39.349 [main] DEBUG io.netty.buffer.PooledByteBufAllocator - -Dio.netty.allocator.cacheTrimIntervalMillis: 0
09:43:39.349 [main] DEBUG io.netty.buffer.PooledByteBufAllocator - -Dio.netty.allocator.useCacheForAllThreads: true
09:43:39.349 [main] DEBUG io.netty.buffer.PooledByteBufAllocator - -Dio.netty.allocator.maxCachedByteBuffersPerChunk: 1023
09:43:39.369 [main] DEBUG io.netty.buffer.ByteBufUtil - -Dio.netty.allocator.type: pooled
09:43:39.369 [main] DEBUG io.netty.buffer.ByteBufUtil - -Dio.netty.threadLocalDirectBufferSize: 0
09:43:39.369 [main] DEBUG io.netty.buffer.ByteBufUtil - -Dio.netty.maxThreadLocalCharBufferSize: 16384
09:43:40.434 [Forwarding newSession on session null to remote] DEBUG io.netty.channel.DefaultChannelId - -Dio.netty.processId: 15720 (auto-detected)
09:43:40.438 [Forwarding newSession on session null to remote] DEBUG io.netty.util.NetUtil - -Djava.net.preferIPv4Stack: false
09:43:40.438 [Forwarding newSession on session null to remote] DEBUG io.netty.util.NetUtil - -Djava.net.preferIPv6Addresses: false
09:43:40.691 [Forwarding newSession on session null to remote] DEBUG io.netty.util.NetUtilInitializations - Loopback interface: lo (Software Loopback Interface 1, 127.0.0.1)
09:43:40.693 [Forwarding newSession on session null to remote] DEBUG io.netty.util.NetUtil - Failed to get SOMAXCONN from sysctl and file \proc\sys\net\core\somaxconn. Default: 200
09:43:40.872 [Forwarding newSession on session null to remote] DEBUG io.netty.channel.DefaultChannelId - -Dio.netty.machineId: 10:0b:a9:ff:fe:13:bd:20 (auto-detected)
09:43:40.959 [AsyncHttpClient-1-2] DEBUG io.netty.buffer.AbstractByteBuf - -Dio.netty.buffer.checkAccessible: true
09:43:40.959 [AsyncHttpClient-1-2] DEBUG io.netty.buffer.AbstractByteBuf - -Dio.netty.buffer.checkBounds: true
09:43:40.959 [AsyncHttpClient-1-2] DEBUG io.netty.util.ResourceLeakDetectorFactory - Loaded default ResourceLeakDetector: io.netty.util.ResourceLeakDetector@2f560274
09:43:40.980 [AsyncHttpClient-1-2] DEBUG org.asynchttpclient.netty.channel.NettyConnectListener - Using new Channel '[id: 0x14af1528, L:/127.0.0.1:50362 - R:localhost/127.0.0.1:57501]' for 'POST' to '/session'
09:43:41.009 [AsyncHttpClient-1-2] DEBUG io.netty.util.Recycler - -Dio.netty.recycler.maxCapacityPerThread: 4096
09:43:41.009 [AsyncHttpClient-1-2] DEBUG io.netty.util.Recycler - -Dio.netty.recycler.ratio: 8
09:43:41.009 [AsyncHttpClient-1-2] DEBUG io.netty.util.Recycler - -Dio.netty.recycler.chunkSize: 32
09:43:41.009 [AsyncHttpClient-1-2] DEBUG io.netty.util.Recycler - -Dio.netty.recycler.blocking: false
09:43:41.851 [AsyncHttpClient-1-2] DEBUG io.netty.handler.codec.compression.Brotli - brotli4j not in the classpath; Brotli support will be unavailable.
09:43:41.852 [AsyncHttpClient-1-2] DEBUG org.asynchttpclient.netty.handler.HttpHandler - 

Request DefaultHttpRequest(decodeResult: success, version: HTTP/1.1)
POST /session HTTP/1.1
User-Agent: selenium/4.1.2 (java windows)
Content-Length: 616
Content-Type: application/json; charset=utf-8
host: localhost:57501
accept: */*

Response DefaultHttpResponse(decodeResult: success, version: HTTP/1.1)
HTTP/1.1 200 OK
Content-Type: application/json; charset=utf-8
cache-control: no-cache
content-length: 790

09:43:41.873 [AsyncHttpClient-1-2] DEBUG org.asynchttpclient.netty.channel.ChannelManager - Adding key: http://localhost:57501 for channel [id: 0x14af1528, L:/127.0.0.1:50362 - R:localhost/127.0.0.1:57501]
09:43:42.064 [AsyncHttpClient-1-3] DEBUG org.asynchttpclient.netty.channel.NettyConnectListener - Using new Channel '[id: 0x9327b8d0, L:/127.0.0.1:50370 - R:localhost/127.0.0.1:50363]' for 'GET' to '/json/version'
09:43:42.067 [AsyncHttpClient-1-3] DEBUG org.asynchttpclient.netty.handler.HttpHandler - 

Request DefaultFullHttpRequest(decodeResult: success, version: HTTP/1.1, content: EmptyByteBufBE)
GET /json/version HTTP/1.1
User-Agent: selenium/4.1.2 (java windows)
host: localhost:50363
accept: */*

Response DefaultHttpResponse(decodeResult: success, version: HTTP/1.1)
HTTP/1.1 200 OK
Content-Type: application/json; charset=UTF-8
content-length: 429

09:43:42.068 [AsyncHttpClient-1-3] DEBUG org.asynchttpclient.netty.channel.ChannelManager - Adding key: http://localhost:50363 for channel [id: 0x9327b8d0, L:/127.0.0.1:50370 - R:localhost/127.0.0.1:50363]
09:43:42.084 [main] DEBUG io.netty.util.internal.ThreadLocalRandom - -Dio.netty.initialSeedUniquifier: 0x884721962ba8171e
09:43:42.094 [AsyncHttpClient-1-4] DEBUG org.asynchttpclient.netty.channel.NettyConnectListener - Using new Channel '[id: 0x7fca542f, L:/127.0.0.1:50371 - R:localhost/127.0.0.1:50363]' for 'GET' to '/devtools/browser/a5e7c140-9f52-447a-b2a4-2760f6383328'
09:43:42.097 [AsyncHttpClient-1-4] DEBUG org.asynchttpclient.netty.handler.WebSocketHandler - 

Request DefaultFullHttpRequest(decodeResult: success, version: HTTP/1.1, content: EmptyByteBufBE)
GET /devtools/browser/a5e7c140-9f52-447a-b2a4-2760f6383328 HTTP/1.1
upgrade: websocket
connection: upgrade
sec-websocket-key: LPBjNa/G4q4JJDIImDDjDw==
sec-websocket-version: 13
origin: http://localhost:50363
host: localhost:50363
accept: */*
user-agent: AHC/2.1

Response DefaultHttpResponse(decodeResult: success, version: HTTP/1.1)
HTTP/1.1 101 WebSocket Protocol Handshake
Upgrade: WebSocket
Connection: Upgrade
Sec-WebSocket-Accept: wli3vHBIbX3Jbokj3gRCFn4sJAI=

09:43:42.181 [Forwarding setCurrentWindowSize on session fae5fc59bed7b263691fc269f3030146 to remote] DEBUG org.asynchttpclient.netty.request.NettyRequestSender - Using pooled Channel '[id: 0x14af1528, L:/127.0.0.1:50362 - R:localhost/127.0.0.1:57501]' for 'POST' to 'http://localhost:57501/session/fae5fc59bed7b263691fc269f3030146/window/rect'
09:43:42.182 [Forwarding setCurrentWindowSize on session fae5fc59bed7b263691fc269f3030146 to remote] DEBUG org.asynchttpclient.netty.request.NettyRequestSender - Using open Channel [id: 0x14af1528, L:/127.0.0.1:50362 - R:localhost/127.0.0.1:57501] for POST '/session/fae5fc59bed7b263691fc269f3030146/window/rect'
09:43:42.299 [AsyncHttpClient-1-2] DEBUG org.asynchttpclient.netty.handler.HttpHandler - 

Request DefaultHttpRequest(decodeResult: success, version: HTTP/1.1)
POST /session/fae5fc59bed7b263691fc269f3030146/window/rect HTTP/1.1
User-Agent: selenium/4.1.2 (java windows)
Content-Length: 37
Content-Type: application/json; charset=utf-8
host: localhost:57501
accept: */*

Response DefaultHttpResponse(decodeResult: success, version: HTTP/1.1)
HTTP/1.1 200 OK
Content-Type: application/json; charset=utf-8
cache-control: no-cache
content-length: 51

09:43:42.300 [AsyncHttpClient-1-2] DEBUG org.asynchttpclient.netty.channel.ChannelManager - Adding key: http://localhost:57501 for channel [id: 0x14af1528, L:/127.0.0.1:50362 - R:localhost/127.0.0.1:57501]
09:43:42.304 [Forwarding setWindowPosition on session fae5fc59bed7b263691fc269f3030146 to remote] DEBUG org.asynchttpclient.netty.request.NettyRequestSender - Using pooled Channel '[id: 0x14af1528, L:/127.0.0.1:50362 - R:localhost/127.0.0.1:57501]' for 'POST' to 'http://localhost:57501/session/fae5fc59bed7b263691fc269f3030146/window/rect'
09:43:42.304 [Forwarding setWindowPosition on session fae5fc59bed7b263691fc269f3030146 to remote] DEBUG org.asynchttpclient.netty.request.NettyRequestSender - Using open Channel [id: 0x14af1528, L:/127.0.0.1:50362 - R:localhost/127.0.0.1:57501] for POST '/session/fae5fc59bed7b263691fc269f3030146/window/rect'
09:43:42.422 [AsyncHttpClient-1-2] DEBUG org.asynchttpclient.netty.handler.HttpHandler - 

Request DefaultHttpRequest(decodeResult: success, version: HTTP/1.1)
POST /session/fae5fc59bed7b263691fc269f3030146/window/rect HTTP/1.1
User-Agent: selenium/4.1.2 (java windows)
Content-Length: 22
Content-Type: application/json; charset=utf-8
host: localhost:57501
accept: */*

Response DefaultHttpResponse(decodeResult: success, version: HTTP/1.1)
HTTP/1.1 200 OK
Content-Type: application/json; charset=utf-8
cache-control: no-cache
content-length: 49

09:43:42.422 [AsyncHttpClient-1-2] DEBUG org.asynchttpclient.netty.channel.ChannelManager - Adding key: http://localhost:57501 for channel [id: 0x14af1528, L:/127.0.0.1:50362 - R:localhost/127.0.0.1:57501]
09:43:42.425 [AsyncHttpClient-1-1] DEBUG org.asynchttpclient.netty.channel.DefaultChannelPool - Entry count for : http://localhost:57501 : 1
09:43:42.425 [AsyncHttpClient-1-1] DEBUG org.asynchttpclient.netty.channel.DefaultChannelPool - Entry count for : http://localhost:50363 : 1
09:43:42.540 [main] DEBUG net.thucydides.core.reflection.ClassFinder - Could not load class .starter.CucumberTestSuite
09:43:42.540 [main] DEBUG net.thucydides.core.reflection.ClassFinder - Could not load class .starter.pages.DetailPage
09:43:42.540 [main] DEBUG net.thucydides.core.reflection.ClassFinder - Could not load class .starter.pages.LoginPage
09:43:42.540 [main] DEBUG net.thucydides.core.reflection.ClassFinder - Could not load class .starter.pages.ProductPage
09:43:42.540 [main] DEBUG net.thucydides.core.reflection.ClassFinder - Could not load class .starter.pages.RegisterPage
09:43:42.540 [main] DEBUG net.thucydides.core.reflection.ClassFinder - Could not load class .starter.pages.TransactionPage
09:43:42.540 [main] DEBUG net.thucydides.core.reflection.ClassFinder - Could not load class .starter.stepdefenitions.DetailSteps
09:43:42.541 [main] DEBUG net.thucydides.core.reflection.ClassFinder - Could not load class .starter.stepdefenitions.LoginSteps
09:43:42.541 [main] DEBUG net.thucydides.core.reflection.ClassFinder - Could not load class .starter.stepdefenitions.ProductSteps
09:43:42.541 [main] DEBUG net.thucydides.core.reflection.ClassFinder - Could not load class .starter.stepdefenitions.RegisterSteps
09:43:42.541 [main] DEBUG net.thucydides.core.reflection.ClassFinder - Could not load class .starter.stepdefenitions.TransactionSteps
09:43:42.544 [Forwarding get on session fae5fc59bed7b263691fc269f3030146 to remote] DEBUG org.asynchttpclient.netty.request.NettyRequestSender - Using pooled Channel '[id: 0x14af1528, L:/127.0.0.1:50362 - R:localhost/127.0.0.1:57501]' for 'POST' to 'http://localhost:57501/session/fae5fc59bed7b263691fc269f3030146/url'
09:43:42.544 [Forwarding get on session fae5fc59bed7b263691fc269f3030146 to remote] DEBUG org.asynchttpclient.netty.request.NettyRequestSender - Using open Channel [id: 0x14af1528, L:/127.0.0.1:50362 - R:localhost/127.0.0.1:57501] for POST '/session/fae5fc59bed7b263691fc269f3030146/url'
09:43:43.527 [AsyncHttpClient-1-1] DEBUG org.asynchttpclient.netty.channel.DefaultChannelPool - Entry count for : http://localhost:50363 : 1
09:43:44.487 [AsyncHttpClient-1-2] DEBUG org.asynchttpclient.netty.handler.HttpHandler - 

Request DefaultHttpRequest(decodeResult: success, version: HTTP/1.1)
POST /session/fae5fc59bed7b263691fc269f3030146/url HTTP/1.1
User-Agent: selenium/4.1.2 (java windows)
Content-Length: 60
Content-Type: application/json; charset=utf-8
host: localhost:57501
accept: */*

Response DefaultHttpResponse(decodeResult: success, version: HTTP/1.1)
HTTP/1.1 200 OK
Content-Type: application/json; charset=utf-8
cache-control: no-cache
content-length: 14

09:43:44.488 [AsyncHttpClient-1-2] DEBUG org.asynchttpclient.netty.channel.ChannelManager - Adding key: http://localhost:57501 for channel [id: 0x14af1528, L:/127.0.0.1:50362 - R:localhost/127.0.0.1:57501]
09:43:44.497 [Forwarding setTimeout on session fae5fc59bed7b263691fc269f3030146 to remote] DEBUG org.asynchttpclient.netty.request.NettyRequestSender - Using pooled Channel '[id: 0x14af1528, L:/127.0.0.1:50362 - R:localhost/127.0.0.1:57501]' for 'POST' to 'http://localhost:57501/session/fae5fc59bed7b263691fc269f3030146/timeouts'
09:43:44.497 [Forwarding setTimeout on session fae5fc59bed7b263691fc269f3030146 to remote] DEBUG org.asynchttpclient.netty.request.NettyRequestSender - Using open Channel [id: 0x14af1528, L:/127.0.0.1:50362 - R:localhost/127.0.0.1:57501] for POST '/session/fae5fc59bed7b263691fc269f3030146/timeouts'
09:43:44.513 [AsyncHttpClient-1-2] DEBUG org.asynchttpclient.netty.handler.HttpHandler - 

Request DefaultHttpRequest(decodeResult: success, version: HTTP/1.1)
POST /session/fae5fc59bed7b263691fc269f3030146/timeouts HTTP/1.1
User-Agent: selenium/4.1.2 (java windows)
Content-Length: 22
Content-Type: application/json; charset=utf-8
host: localhost:57501
accept: */*

Response DefaultHttpResponse(decodeResult: success, version: HTTP/1.1)
HTTP/1.1 200 OK
Content-Type: application/json; charset=utf-8
cache-control: no-cache
content-length: 14

09:43:44.514 [AsyncHttpClient-1-2] DEBUG org.asynchttpclient.netty.channel.ChannelManager - Adding key: http://localhost:57501 for channel [id: 0x14af1528, L:/127.0.0.1:50362 - R:localhost/127.0.0.1:57501]
09:43:44.532 [Forwarding getCurrentUrl on session fae5fc59bed7b263691fc269f3030146 to remote] DEBUG org.asynchttpclient.netty.request.NettyRequestSender - Using pooled Channel '[id: 0x14af1528, L:/127.0.0.1:50362 - R:localhost/127.0.0.1:57501]' for 'GET' to 'http://localhost:57501/session/fae5fc59bed7b263691fc269f3030146/url'
09:43:44.532 [Forwarding getCurrentUrl on session fae5fc59bed7b263691fc269f3030146 to remote] DEBUG org.asynchttpclient.netty.request.NettyRequestSender - Using open Channel [id: 0x14af1528, L:/127.0.0.1:50362 - R:localhost/127.0.0.1:57501] for GET '/session/fae5fc59bed7b263691fc269f3030146/url'
09:43:44.541 [AsyncHttpClient-1-2] DEBUG org.asynchttpclient.netty.handler.HttpHandler - 

Request DefaultFullHttpRequest(decodeResult: success, version: HTTP/1.1, content: EmptyByteBufBE)
GET /session/fae5fc59bed7b263691fc269f3030146/url HTTP/1.1
User-Agent: selenium/4.1.2 (java windows)
Cache-Control: no-cache
Content-Type: application/json; charset=utf-8
host: localhost:57501
accept: */*

Response DefaultHttpResponse(decodeResult: success, version: HTTP/1.1)
HTTP/1.1 200 OK
Content-Type: application/json; charset=utf-8
cache-control: no-cache
content-length: 42

09:43:44.542 [AsyncHttpClient-1-2] DEBUG org.asynchttpclient.netty.channel.ChannelManager - Adding key: http://localhost:57501 for channel [id: 0x14af1528, L:/127.0.0.1:50362 - R:localhost/127.0.0.1:57501]
09:43:44.555 [Forwarding getCurrentUrl on session fae5fc59bed7b263691fc269f3030146 to remote] DEBUG org.asynchttpclient.netty.request.NettyRequestSender - Using pooled Channel '[id: 0x14af1528, L:/127.0.0.1:50362 - R:localhost/127.0.0.1:57501]' for 'GET' to 'http://localhost:57501/session/fae5fc59bed7b263691fc269f3030146/url'
09:43:44.556 [Forwarding getCurrentUrl on session fae5fc59bed7b263691fc269f3030146 to remote] DEBUG org.asynchttpclient.netty.request.NettyRequestSender - Using open Channel [id: 0x14af1528, L:/127.0.0.1:50362 - R:localhost/127.0.0.1:57501] for GET '/session/fae5fc59bed7b263691fc269f3030146/url'
09:43:44.559 [AsyncHttpClient-1-2] DEBUG org.asynchttpclient.netty.handler.HttpHandler - 

Request DefaultFullHttpRequest(decodeResult: success, version: HTTP/1.1, content: EmptyByteBufBE)
GET /session/fae5fc59bed7b263691fc269f3030146/url HTTP/1.1
User-Agent: selenium/4.1.2 (java windows)
Cache-Control: no-cache
Content-Type: application/json; charset=utf-8
host: localhost:57501
accept: */*

Response DefaultHttpResponse(decodeResult: success, version: HTTP/1.1)
HTTP/1.1 200 OK
Content-Type: application/json; charset=utf-8
cache-control: no-cache
content-length: 42

09:43:44.560 [AsyncHttpClient-1-2] DEBUG org.asynchttpclient.netty.channel.ChannelManager - Adding key: http://localhost:57501 for channel [id: 0x14af1528, L:/127.0.0.1:50362 - R:localhost/127.0.0.1:57501]
09:43:44.587 [main] DEBUG net.serenitybdd.core.photography.Darkroom - Opening darkroom
09:43:44.588 [Darkroom Processing Line] DEBUG net.serenitybdd.core.photography.DarkroomProcessingLine - Darkroom processing line starting up
09:43:44.592 [Forwarding screenshot on session fae5fc59bed7b263691fc269f3030146 to remote] DEBUG org.asynchttpclient.netty.request.NettyRequestSender - Using pooled Channel '[id: 0x14af1528, L:/127.0.0.1:50362 - R:localhost/127.0.0.1:57501]' for 'GET' to 'http://localhost:57501/session/fae5fc59bed7b263691fc269f3030146/screenshot'
09:43:44.592 [Forwarding screenshot on session fae5fc59bed7b263691fc269f3030146 to remote] DEBUG org.asynchttpclient.netty.request.NettyRequestSender - Using open Channel [id: 0x14af1528, L:/127.0.0.1:50362 - R:localhost/127.0.0.1:57501] for GET '/session/fae5fc59bed7b263691fc269f3030146/screenshot'
09:43:44.635 [AsyncHttpClient-1-1] DEBUG org.asynchttpclient.netty.channel.DefaultChannelPool - Entry count for : http://localhost:50363 : 1
09:43:44.720 [AsyncHttpClient-1-2] DEBUG org.asynchttpclient.netty.handler.HttpHandler - 

Request DefaultFullHttpRequest(decodeResult: success, version: HTTP/1.1, content: EmptyByteBufBE)
GET /session/fae5fc59bed7b263691fc269f3030146/screenshot HTTP/1.1
User-Agent: selenium/4.1.2 (java windows)
Cache-Control: no-cache
Content-Type: application/json; charset=utf-8
host: localhost:57501
accept: */*

Response DefaultHttpResponse(decodeResult: success, version: HTTP/1.1)
HTTP/1.1 200 OK
Content-Type: application/json; charset=utf-8
cache-control: no-cache
content-length: 28160

09:43:44.721 [AsyncHttpClient-1-2] DEBUG org.asynchttpclient.netty.channel.ChannelManager - Adding key: http://localhost:57501 for channel [id: 0x14af1528, L:/127.0.0.1:50362 - R:localhost/127.0.0.1:57501]
09:43:44.851 [main] DEBUG net.serenitybdd.core.photography.Darkroom - Send negative for processing for target\site\serenity\44ff1cfaf7f6eb362f6e10904591f483922b7079e9950ee3dd75900741572899.png
09:43:44.852 [Darkroom Processing Line] DEBUG net.serenitybdd.core.photography.DarkroomProcessingLine - Processing screenshot image in /var/screenshots/screenshot-585872438116848345
09:43:44.852 [Darkroom Processing Line] DEBUG net.serenitybdd.core.photography.DarkroomProcessingLine - Saving screenshot to target\site\serenity\44ff1cfaf7f6eb362f6e10904591f483922b7079e9950ee3dd75900741572899.png
09:43:44.864 [main] DEBUG net.thucydides.core.steps.StepInterceptor - STEP DONE: openPage
09:43:44.886 [main] DEBUG net.thucydides.core.steps.StepInterceptor - STARTING STEP: RegisterSteps.onRegisterPage - clickRegisterIcon
09:43:44.902 [Forwarding findElement on session fae5fc59bed7b263691fc269f3030146 to remote] DEBUG org.asynchttpclient.netty.request.NettyRequestSender - Using pooled Channel '[id: 0x14af1528, L:/127.0.0.1:50362 - R:localhost/127.0.0.1:57501]' for 'POST' to 'http://localhost:57501/session/fae5fc59bed7b263691fc269f3030146/element'
09:43:44.903 [Forwarding findElement on session fae5fc59bed7b263691fc269f3030146 to remote] DEBUG org.asynchttpclient.netty.request.NettyRequestSender - Using open Channel [id: 0x14af1528, L:/127.0.0.1:50362 - R:localhost/127.0.0.1:57501] for POST '/session/fae5fc59bed7b263691fc269f3030146/element'
09:43:44.933 [AsyncHttpClient-1-2] DEBUG org.asynchttpclient.netty.handler.HttpHandler - 

Request DefaultHttpRequest(decodeResult: success, version: HTTP/1.1)
POST /session/fae5fc59bed7b263691fc269f3030146/element HTTP/1.1
User-Agent: selenium/4.1.2 (java windows)
Content-Length: 69
Content-Type: application/json; charset=utf-8
host: localhost:57501
accept: */*

Response DefaultHttpResponse(decodeResult: success, version: HTTP/1.1)
HTTP/1.1 200 OK
Content-Type: application/json; charset=utf-8
cache-control: no-cache
content-length: 88

09:43:44.934 [AsyncHttpClient-1-2] DEBUG org.asynchttpclient.netty.channel.ChannelManager - Adding key: http://localhost:57501 for channel [id: 0x14af1528, L:/127.0.0.1:50362 - R:localhost/127.0.0.1:57501]
09:43:44.983 [Forwarding getElementTagName on session fae5fc59bed7b263691fc269f3030146 to remote] DEBUG org.asynchttpclient.netty.request.NettyRequestSender - Using pooled Channel '[id: 0x14af1528, L:/127.0.0.1:50362 - R:localhost/127.0.0.1:57501]' for 'GET' to 'http://localhost:57501/session/fae5fc59bed7b263691fc269f3030146/element/4c4594d3-d6ab-488b-b778-9d9c79425c91/name'
09:43:44.984 [Forwarding getElementTagName on session fae5fc59bed7b263691fc269f3030146 to remote] DEBUG org.asynchttpclient.netty.request.NettyRequestSender - Using open Channel [id: 0x14af1528, L:/127.0.0.1:50362 - R:localhost/127.0.0.1:57501] for GET '/session/fae5fc59bed7b263691fc269f3030146/element/4c4594d3-d6ab-488b-b778-9d9c79425c91/name'
09:43:45.000 [AsyncHttpClient-1-2] DEBUG org.asynchttpclient.netty.handler.HttpHandler - 

Request DefaultFullHttpRequest(decodeResult: success, version: HTTP/1.1, content: EmptyByteBufBE)
GET /session/fae5fc59bed7b263691fc269f3030146/element/4c4594d3-d6ab-488b-b778-9d9c79425c91/name HTTP/1.1
User-Agent: selenium/4.1.2 (java windows)
Cache-Control: no-cache
Content-Type: application/json; charset=utf-8
host: localhost:57501
accept: */*

Response DefaultHttpResponse(decodeResult: success, version: HTTP/1.1)
HTTP/1.1 200 OK
Content-Type: application/json; charset=utf-8
cache-control: no-cache
content-length: 13

09:43:45.000 [AsyncHttpClient-1-2] DEBUG org.asynchttpclient.netty.channel.ChannelManager - Adding key: http://localhost:57501 for channel [id: 0x14af1528, L:/127.0.0.1:50362 - R:localhost/127.0.0.1:57501]
09:43:45.004 [Forwarding getElementTagName on session fae5fc59bed7b263691fc269f3030146 to remote] DEBUG org.asynchttpclient.netty.request.NettyRequestSender - Using pooled Channel '[id: 0x14af1528, L:/127.0.0.1:50362 - R:localhost/127.0.0.1:57501]' for 'GET' to 'http://localhost:57501/session/fae5fc59bed7b263691fc269f3030146/element/4c4594d3-d6ab-488b-b778-9d9c79425c91/name'
09:43:45.004 [Forwarding getElementTagName on session fae5fc59bed7b263691fc269f3030146 to remote] DEBUG org.asynchttpclient.netty.request.NettyRequestSender - Using open Channel [id: 0x14af1528, L:/127.0.0.1:50362 - R:localhost/127.0.0.1:57501] for GET '/session/fae5fc59bed7b263691fc269f3030146/element/4c4594d3-d6ab-488b-b778-9d9c79425c91/name'
09:43:45.011 [AsyncHttpClient-1-2] DEBUG org.asynchttpclient.netty.handler.HttpHandler - 

Request DefaultFullHttpRequest(decodeResult: success, version: HTTP/1.1, content: EmptyByteBufBE)
GET /session/fae5fc59bed7b263691fc269f3030146/element/4c4594d3-d6ab-488b-b778-9d9c79425c91/name HTTP/1.1
User-Agent: selenium/4.1.2 (java windows)
Cache-Control: no-cache
Content-Type: application/json; charset=utf-8
host: localhost:57501
accept: */*

Response DefaultHttpResponse(decodeResult: success, version: HTTP/1.1)
HTTP/1.1 200 OK
Content-Type: application/json; charset=utf-8
cache-control: no-cache
content-length: 13

09:43:45.012 [AsyncHttpClient-1-2] DEBUG org.asynchttpclient.netty.channel.ChannelManager - Adding key: http://localhost:57501 for channel [id: 0x14af1528, L:/127.0.0.1:50362 - R:localhost/127.0.0.1:57501]
09:43:45.018 [Forwarding findElement on session fae5fc59bed7b263691fc269f3030146 to remote] DEBUG org.asynchttpclient.netty.request.NettyRequestSender - Using pooled Channel '[id: 0x14af1528, L:/127.0.0.1:50362 - R:localhost/127.0.0.1:57501]' for 'POST' to 'http://localhost:57501/session/fae5fc59bed7b263691fc269f3030146/element'
09:43:45.018 [Forwarding findElement on session fae5fc59bed7b263691fc269f3030146 to remote] DEBUG org.asynchttpclient.netty.request.NettyRequestSender - Using open Channel [id: 0x14af1528, L:/127.0.0.1:50362 - R:localhost/127.0.0.1:57501] for POST '/session/fae5fc59bed7b263691fc269f3030146/element'
09:43:45.031 [AsyncHttpClient-1-2] DEBUG org.asynchttpclient.netty.handler.HttpHandler - 

Request DefaultHttpRequest(decodeResult: success, version: HTTP/1.1)
POST /session/fae5fc59bed7b263691fc269f3030146/element HTTP/1.1
User-Agent: selenium/4.1.2 (java windows)
Content-Length: 69
Content-Type: application/json; charset=utf-8
host: localhost:57501
accept: */*

Response DefaultHttpResponse(decodeResult: success, version: HTTP/1.1)
HTTP/1.1 200 OK
Content-Type: application/json; charset=utf-8
cache-control: no-cache
content-length: 88

09:43:45.032 [AsyncHttpClient-1-2] DEBUG org.asynchttpclient.netty.channel.ChannelManager - Adding key: http://localhost:57501 for channel [id: 0x14af1528, L:/127.0.0.1:50362 - R:localhost/127.0.0.1:57501]
09:43:45.035 [Forwarding clickElement on session fae5fc59bed7b263691fc269f3030146 to remote] DEBUG org.asynchttpclient.netty.request.NettyRequestSender - Using pooled Channel '[id: 0x14af1528, L:/127.0.0.1:50362 - R:localhost/127.0.0.1:57501]' for 'POST' to 'http://localhost:57501/session/fae5fc59bed7b263691fc269f3030146/element/4c4594d3-d6ab-488b-b778-9d9c79425c91/click'
09:43:45.036 [Forwarding clickElement on session fae5fc59bed7b263691fc269f3030146 to remote] DEBUG org.asynchttpclient.netty.request.NettyRequestSender - Using open Channel [id: 0x14af1528, L:/127.0.0.1:50362 - R:localhost/127.0.0.1:57501] for POST '/session/fae5fc59bed7b263691fc269f3030146/element/4c4594d3-d6ab-488b-b778-9d9c79425c91/click'
09:43:45.728 [AsyncHttpClient-1-1] DEBUG org.asynchttpclient.netty.channel.DefaultChannelPool - Entry count for : http://localhost:50363 : 1
09:43:46.351 [AsyncHttpClient-1-2] DEBUG org.asynchttpclient.netty.handler.HttpHandler - 

Request DefaultHttpRequest(decodeResult: success, version: HTTP/1.1)
POST /session/fae5fc59bed7b263691fc269f3030146/element/4c4594d3-d6ab-488b-b778-9d9c79425c91/click HTTP/1.1
User-Agent: selenium/4.1.2 (java windows)
Content-Length: 50
Content-Type: application/json; charset=utf-8
host: localhost:57501
accept: */*

Response DefaultHttpResponse(decodeResult: success, version: HTTP/1.1)
HTTP/1.1 200 OK
Content-Type: application/json; charset=utf-8
cache-control: no-cache
content-length: 14

09:43:46.352 [AsyncHttpClient-1-2] DEBUG org.asynchttpclient.netty.channel.ChannelManager - Adding key: http://localhost:57501 for channel [id: 0x14af1528, L:/127.0.0.1:50362 - R:localhost/127.0.0.1:57501]
09:43:46.375 [Forwarding screenshot on session fae5fc59bed7b263691fc269f3030146 to remote] DEBUG org.asynchttpclient.netty.request.NettyRequestSender - Using pooled Channel '[id: 0x14af1528, L:/127.0.0.1:50362 - R:localhost/127.0.0.1:57501]' for 'GET' to 'http://localhost:57501/session/fae5fc59bed7b263691fc269f3030146/screenshot'
09:43:46.378 [Forwarding screenshot on session fae5fc59bed7b263691fc269f3030146 to remote] DEBUG org.asynchttpclient.netty.request.NettyRequestSender - Using open Channel [id: 0x14af1528, L:/127.0.0.1:50362 - R:localhost/127.0.0.1:57501] for GET '/session/fae5fc59bed7b263691fc269f3030146/screenshot'
09:43:46.528 [AsyncHttpClient-1-2] DEBUG org.asynchttpclient.netty.handler.HttpHandler - 

Request DefaultFullHttpRequest(decodeResult: success, version: HTTP/1.1, content: EmptyByteBufBE)
GET /session/fae5fc59bed7b263691fc269f3030146/screenshot HTTP/1.1
User-Agent: selenium/4.1.2 (java windows)
Cache-Control: no-cache
Content-Type: application/json; charset=utf-8
host: localhost:57501
accept: */*

Response DefaultHttpResponse(decodeResult: success, version: HTTP/1.1)
HTTP/1.1 200 OK
Content-Type: application/json; charset=utf-8
cache-control: no-cache
content-length: 34184

09:43:46.529 [AsyncHttpClient-1-2] DEBUG org.asynchttpclient.netty.channel.ChannelManager - Adding key: http://localhost:57501 for channel [id: 0x14af1528, L:/127.0.0.1:50362 - R:localhost/127.0.0.1:57501]
09:43:46.536 [main] DEBUG net.serenitybdd.core.photography.Darkroom - Send negative for processing for target\site\serenity\ac0ea2dd783cc8bf2863e3be7f3e02cb8e09ce9c05c8b68568e91a8ae1a0f83e.png
09:43:46.536 [main] DEBUG net.thucydides.core.steps.StepInterceptor - STEP DONE: clickRegisterIcon
  &amp#27;[32mGiven &amp#27;[0m&amp#27;[32madmin on the register page&amp#27;[0m                         &amp#27;[90m# starter.stepdefenitions.RegisterSteps.onRegisterPage()&amp#27;[0m
09:43:46.537 [Darkroom Processing Line] DEBUG net.serenitybdd.core.photography.DarkroomProcessingLine - Processing screenshot image in /var/screenshots/screenshot-5409424023554370114
09:43:46.542 [Darkroom Processing Line] DEBUG net.serenitybdd.core.photography.DarkroomProcessingLine - Saving screenshot to target\site\serenity\ac0ea2dd783cc8bf2863e3be7f3e02cb8e09ce9c05c8b68568e91a8ae1a0f83e.png
09:43:46.595 [Forwarding screenshot on session fae5fc59bed7b263691fc269f3030146 to remote] DEBUG org.asynchttpclient.netty.request.NettyRequestSender - Using pooled Channel '[id: 0x14af1528, L:/127.0.0.1:50362 - R:localhost/127.0.0.1:57501]' for 'GET' to 'http://localhost:57501/session/fae5fc59bed7b263691fc269f3030146/screenshot'
09:43:46.596 [Forwarding screenshot on session fae5fc59bed7b263691fc269f3030146 to remote] DEBUG org.asynchttpclient.netty.request.NettyRequestSender - Using open Channel [id: 0x14af1528, L:/127.0.0.1:50362 - R:localhost/127.0.0.1:57501] for GET '/session/fae5fc59bed7b263691fc269f3030146/screenshot'
09:43:46.761 [AsyncHttpClient-1-2] DEBUG org.asynchttpclient.netty.handler.HttpHandler - 

Request DefaultFullHttpRequest(decodeResult: success, version: HTTP/1.1, content: EmptyByteBufBE)
GET /session/fae5fc59bed7b263691fc269f3030146/screenshot HTTP/1.1
User-Agent: selenium/4.1.2 (java windows)
Cache-Control: no-cache
Content-Type: application/json; charset=utf-8
host: localhost:57501
accept: */*

Response DefaultHttpResponse(decodeResult: success, version: HTTP/1.1)
HTTP/1.1 200 OK
Content-Type: application/json; charset=utf-8
cache-control: no-cache
content-length: 39340

09:43:46.762 [AsyncHttpClient-1-2] DEBUG org.asynchttpclient.netty.channel.ChannelManager - Adding key: http://localhost:57501 for channel [id: 0x14af1528, L:/127.0.0.1:50362 - R:localhost/127.0.0.1:57501]
09:43:46.771 [main] DEBUG net.serenitybdd.core.photography.Darkroom - Send negative for processing for target\site\serenity\c6756efa0395514abb02ff689c89aa224b13c4e1026ac2ab14e6a8ffeb25d239.png
09:43:46.774 [main] DEBUG net.thucydides.core.steps.StepInterceptor - STARTING STEP: RegisterSteps.adminInputValidName - inputName
09:43:46.781 [Darkroom Processing Line] DEBUG net.serenitybdd.core.photography.DarkroomProcessingLine - Processing screenshot image in /var/screenshots/screenshot-2380242735779657506
09:43:46.782 [Darkroom Processing Line] DEBUG net.serenitybdd.core.photography.DarkroomProcessingLine - Saving screenshot to target\site\serenity\c6756efa0395514abb02ff689c89aa224b13c4e1026ac2ab14e6a8ffeb25d239.png
09:43:46.785 [Forwarding findElement on session fae5fc59bed7b263691fc269f3030146 to remote] DEBUG org.asynchttpclient.netty.request.NettyRequestSender - Using pooled Channel '[id: 0x14af1528, L:/127.0.0.1:50362 - R:localhost/127.0.0.1:57501]' for 'POST' to 'http://localhost:57501/session/fae5fc59bed7b263691fc269f3030146/element'
09:43:46.786 [Forwarding findElement on session fae5fc59bed7b263691fc269f3030146 to remote] DEBUG org.asynchttpclient.netty.request.NettyRequestSender - Using open Channel [id: 0x14af1528, L:/127.0.0.1:50362 - R:localhost/127.0.0.1:57501] for POST '/session/fae5fc59bed7b263691fc269f3030146/element'
09:43:46.807 [AsyncHttpClient-1-2] DEBUG org.asynchttpclient.netty.handler.HttpHandler - 

Request DefaultHttpRequest(decodeResult: success, version: HTTP/1.1)
POST /session/fae5fc59bed7b263691fc269f3030146/element HTTP/1.1
User-Agent: selenium/4.1.2 (java windows)
Content-Length: 90
Content-Type: application/json; charset=utf-8
host: localhost:57501
accept: */*

Response DefaultHttpResponse(decodeResult: success, version: HTTP/1.1)
HTTP/1.1 200 OK
Content-Type: application/json; charset=utf-8
cache-control: no-cache
content-length: 88

09:43:46.808 [AsyncHttpClient-1-2] DEBUG org.asynchttpclient.netty.channel.ChannelManager - Adding key: http://localhost:57501 for channel [id: 0x14af1528, L:/127.0.0.1:50362 - R:localhost/127.0.0.1:57501]
09:43:46.810 [Forwarding clearElement on session fae5fc59bed7b263691fc269f3030146 to remote] DEBUG org.asynchttpclient.netty.request.NettyRequestSender - Using pooled Channel '[id: 0x14af1528, L:/127.0.0.1:50362 - R:localhost/127.0.0.1:57501]' for 'POST' to 'http://localhost:57501/session/fae5fc59bed7b263691fc269f3030146/element/4cd9dabe-2ae9-4b5c-a0e4-7efa76b81fa3/clear'
09:43:46.810 [Forwarding clearElement on session fae5fc59bed7b263691fc269f3030146 to remote] DEBUG org.asynchttpclient.netty.request.NettyRequestSender - Using open Channel [id: 0x14af1528, L:/127.0.0.1:50362 - R:localhost/127.0.0.1:57501] for POST '/session/fae5fc59bed7b263691fc269f3030146/element/4cd9dabe-2ae9-4b5c-a0e4-7efa76b81fa3/clear'
09:43:46.828 [AsyncHttpClient-1-1] DEBUG org.asynchttpclient.netty.channel.DefaultChannelPool - Entry count for : http://localhost:50363 : 1
09:43:46.843 [AsyncHttpClient-1-2] DEBUG org.asynchttpclient.netty.handler.HttpHandler - 

Request DefaultHttpRequest(decodeResult: success, version: HTTP/1.1)
POST /session/fae5fc59bed7b263691fc269f3030146/element/4cd9dabe-2ae9-4b5c-a0e4-7efa76b81fa3/clear HTTP/1.1
User-Agent: selenium/4.1.2 (java windows)
Content-Length: 50
Content-Type: application/json; charset=utf-8
host: localhost:57501
accept: */*

Response DefaultHttpResponse(decodeResult: success, version: HTTP/1.1)
HTTP/1.1 200 OK
Content-Type: application/json; charset=utf-8
cache-control: no-cache
content-length: 14

09:43:46.843 [AsyncHttpClient-1-2] DEBUG org.asynchttpclient.netty.channel.ChannelManager - Adding key: http://localhost:57501 for channel [id: 0x14af1528, L:/127.0.0.1:50362 - R:localhost/127.0.0.1:57501]
09:43:46.848 [Forwarding sendKeysToElement on session fae5fc59bed7b263691fc269f3030146 to remote] DEBUG org.asynchttpclient.netty.request.NettyRequestSender - Using pooled Channel '[id: 0x14af1528, L:/127.0.0.1:50362 - R:localhost/127.0.0.1:57501]' for 'POST' to 'http://localhost:57501/session/fae5fc59bed7b263691fc269f3030146/element/4cd9dabe-2ae9-4b5c-a0e4-7efa76b81fa3/value'
09:43:46.848 [Forwarding sendKeysToElement on session fae5fc59bed7b263691fc269f3030146 to remote] DEBUG org.asynchttpclient.netty.request.NettyRequestSender - Using open Channel [id: 0x14af1528, L:/127.0.0.1:50362 - R:localhost/127.0.0.1:57501] for POST '/session/fae5fc59bed7b263691fc269f3030146/element/4cd9dabe-2ae9-4b5c-a0e4-7efa76b81fa3/value'
09:43:46.950 [AsyncHttpClient-1-2] DEBUG org.asynchttpclient.netty.handler.HttpHandler - 

Request DefaultHttpRequest(decodeResult: success, version: HTTP/1.1)
POST /session/fae5fc59bed7b263691fc269f3030146/element/4cd9dabe-2ae9-4b5c-a0e4-7efa76b81fa3/value HTTP/1.1
User-Agent: selenium/4.1.2 (java windows)
Content-Length: 221
Content-Type: application/json; charset=utf-8
host: localhost:57501
accept: */*

Response DefaultHttpResponse(decodeResult: success, version: HTTP/1.1)
HTTP/1.1 200 OK
Content-Type: application/json; charset=utf-8
cache-control: no-cache
content-length: 14

09:43:46.950 [AsyncHttpClient-1-2] DEBUG org.asynchttpclient.netty.channel.ChannelManager - Adding key: http://localhost:57501 for channel [id: 0x14af1528, L:/127.0.0.1:50362 - R:localhost/127.0.0.1:57501]
09:43:46.961 [Forwarding screenshot on session fae5fc59bed7b263691fc269f3030146 to remote] DEBUG org.asynchttpclient.netty.request.NettyRequestSender - Using pooled Channel '[id: 0x14af1528, L:/127.0.0.1:50362 - R:localhost/127.0.0.1:57501]' for 'GET' to 'http://localhost:57501/session/fae5fc59bed7b263691fc269f3030146/screenshot'
09:43:46.961 [Forwarding screenshot on session fae5fc59bed7b263691fc269f3030146 to remote] DEBUG org.asynchttpclient.netty.request.NettyRequestSender - Using open Channel [id: 0x14af1528, L:/127.0.0.1:50362 - R:localhost/127.0.0.1:57501] for GET '/session/fae5fc59bed7b263691fc269f3030146/screenshot'
09:43:47.102 [AsyncHttpClient-1-2] DEBUG org.asynchttpclient.netty.handler.HttpHandler - 

Request DefaultFullHttpRequest(decodeResult: success, version: HTTP/1.1, content: EmptyByteBufBE)
GET /session/fae5fc59bed7b263691fc269f3030146/screenshot HTTP/1.1
User-Agent: selenium/4.1.2 (java windows)
Cache-Control: no-cache
Content-Type: application/json; charset=utf-8
host: localhost:57501
accept: */*

Response DefaultHttpResponse(decodeResult: success, version: HTTP/1.1)
HTTP/1.1 200 OK
Content-Type: application/json; charset=utf-8
cache-control: no-cache
content-length: 41580

09:43:47.103 [AsyncHttpClient-1-2] DEBUG org.asynchttpclient.netty.channel.ChannelManager - Adding key: http://localhost:57501 for channel [id: 0x14af1528, L:/127.0.0.1:50362 - R:localhost/127.0.0.1:57501]
09:43:47.108 [main] DEBUG net.serenitybdd.core.photography.Darkroom - Send negative for processing for target\site\serenity\9054100c5c5da8eb0f168f685b092c19f82d74a6cb0b2683baab38b365e1e7a4.png
09:43:47.108 [main] DEBUG net.thucydides.core.steps.StepInterceptor - STEP DONE: inputName
09:43:47.108 [Darkroom Processing Line] DEBUG net.serenitybdd.core.photography.DarkroomProcessingLine - Processing screenshot image in /var/screenshots/screenshot-5698842807056834008
09:43:47.108 [Darkroom Processing Line] DEBUG net.serenitybdd.core.photography.DarkroomProcessingLine - Saving screenshot to target\site\serenity\9054100c5c5da8eb0f168f685b092c19f82d74a6cb0b2683baab38b365e1e7a4.png
  &amp#27;[32mWhen &amp#27;[0m&amp#27;[32madmin input valid name&amp#27;[0m                              &amp#27;[90m# starter.stepdefenitions.RegisterSteps.adminInputValidName()&amp#27;[0m
09:43:47.133 [main] DEBUG net.thucydides.core.steps.StepInterceptor - STARTING STEP: RegisterSteps.adminInputValidUsername - inputUsername
09:43:47.144 [Forwarding findElement on session fae5fc59bed7b263691fc269f3030146 to remote] DEBUG org.asynchttpclient.netty.request.NettyRequestSender - Using pooled Channel '[id: 0x14af1528, L:/127.0.0.1:50362 - R:localhost/127.0.0.1:57501]' for 'POST' to 'http://localhost:57501/session/fae5fc59bed7b263691fc269f3030146/element'
09:43:47.144 [Forwarding findElement on session fae5fc59bed7b263691fc269f3030146 to remote] DEBUG org.asynchttpclient.netty.request.NettyRequestSender - Using open Channel [id: 0x14af1528, L:/127.0.0.1:50362 - R:localhost/127.0.0.1:57501] for POST '/session/fae5fc59bed7b263691fc269f3030146/element'
09:43:47.159 [AsyncHttpClient-1-2] DEBUG org.asynchttpclient.netty.handler.HttpHandler - 

Request DefaultHttpRequest(decodeResult: success, version: HTTP/1.1)
POST /session/fae5fc59bed7b263691fc269f3030146/element HTTP/1.1
User-Agent: selenium/4.1.2 (java windows)
Content-Length: 90
Content-Type: application/json; charset=utf-8
host: localhost:57501
accept: */*

Response DefaultHttpResponse(decodeResult: success, version: HTTP/1.1)
HTTP/1.1 200 OK
Content-Type: application/json; charset=utf-8
cache-control: no-cache
content-length: 88

09:43:47.160 [AsyncHttpClient-1-2] DEBUG org.asynchttpclient.netty.channel.ChannelManager - Adding key: http://localhost:57501 for channel [id: 0x14af1528, L:/127.0.0.1:50362 - R:localhost/127.0.0.1:57501]
09:43:47.163 [Forwarding clearElement on session fae5fc59bed7b263691fc269f3030146 to remote] DEBUG org.asynchttpclient.netty.request.NettyRequestSender - Using pooled Channel '[id: 0x14af1528, L:/127.0.0.1:50362 - R:localhost/127.0.0.1:57501]' for 'POST' to 'http://localhost:57501/session/fae5fc59bed7b263691fc269f3030146/element/739d430c-6bd0-439c-9842-30429cb28d33/clear'
09:43:47.164 [Forwarding clearElement on session fae5fc59bed7b263691fc269f3030146 to remote] DEBUG org.asynchttpclient.netty.request.NettyRequestSender - Using open Channel [id: 0x14af1528, L:/127.0.0.1:50362 - R:localhost/127.0.0.1:57501] for POST '/session/fae5fc59bed7b263691fc269f3030146/element/739d430c-6bd0-439c-9842-30429cb28d33/clear'
09:43:47.196 [AsyncHttpClient-1-2] DEBUG org.asynchttpclient.netty.handler.HttpHandler - 

Request DefaultHttpRequest(decodeResult: success, version: HTTP/1.1)
POST /session/fae5fc59bed7b263691fc269f3030146/element/739d430c-6bd0-439c-9842-30429cb28d33/clear HTTP/1.1
User-Agent: selenium/4.1.2 (java windows)
Content-Length: 50
Content-Type: application/json; charset=utf-8
host: localhost:57501
accept: */*

Response DefaultHttpResponse(decodeResult: success, version: HTTP/1.1)
HTTP/1.1 200 OK
Content-Type: application/json; charset=utf-8
cache-control: no-cache
content-length: 14

09:43:47.196 [AsyncHttpClient-1-2] DEBUG org.asynchttpclient.netty.channel.ChannelManager - Adding key: http://localhost:57501 for channel [id: 0x14af1528, L:/127.0.0.1:50362 - R:localhost/127.0.0.1:57501]
09:43:47.199 [Forwarding sendKeysToElement on session fae5fc59bed7b263691fc269f3030146 to remote] DEBUG org.asynchttpclient.netty.request.NettyRequestSender - Using pooled Channel '[id: 0x14af1528, L:/127.0.0.1:50362 - R:localhost/127.0.0.1:57501]' for 'POST' to 'http://localhost:57501/session/fae5fc59bed7b263691fc269f3030146/element/739d430c-6bd0-439c-9842-30429cb28d33/value'
09:43:47.199 [Forwarding sendKeysToElement on session fae5fc59bed7b263691fc269f3030146 to remote] DEBUG org.asynchttpclient.netty.request.NettyRequestSender - Using open Channel [id: 0x14af1528, L:/127.0.0.1:50362 - R:localhost/127.0.0.1:57501] for POST '/session/fae5fc59bed7b263691fc269f3030146/element/739d430c-6bd0-439c-9842-30429cb28d33/value'
09:43:47.272 [AsyncHttpClient-1-2] DEBUG org.asynchttpclient.netty.handler.HttpHandler - 

Request DefaultHttpRequest(decodeResult: success, version: HTTP/1.1)
POST /session/fae5fc59bed7b263691fc269f3030146/element/739d430c-6bd0-439c-9842-30429cb28d33/value HTTP/1.1
User-Agent: selenium/4.1.2 (java windows)
Content-Length: 131
Content-Type: application/json; charset=utf-8
host: localhost:57501
accept: */*

Response DefaultHttpResponse(decodeResult: success, version: HTTP/1.1)
HTTP/1.1 200 OK
Content-Type: application/json; charset=utf-8
cache-control: no-cache
content-length: 14

09:43:47.273 [AsyncHttpClient-1-2] DEBUG org.asynchttpclient.netty.channel.ChannelManager - Adding key: http://localhost:57501 for channel [id: 0x14af1528, L:/127.0.0.1:50362 - R:localhost/127.0.0.1:57501]
09:43:47.281 [Forwarding screenshot on session fae5fc59bed7b263691fc269f3030146 to remote] DEBUG org.asynchttpclient.netty.request.NettyRequestSender - Using pooled Channel '[id: 0x14af1528, L:/127.0.0.1:50362 - R:localhost/127.0.0.1:57501]' for 'GET' to 'http://localhost:57501/session/fae5fc59bed7b263691fc269f3030146/screenshot'
09:43:47.281 [Forwarding screenshot on session fae5fc59bed7b263691fc269f3030146 to remote] DEBUG org.asynchttpclient.netty.request.NettyRequestSender - Using open Channel [id: 0x14af1528, L:/127.0.0.1:50362 - R:localhost/127.0.0.1:57501] for GET '/session/fae5fc59bed7b263691fc269f3030146/screenshot'
09:43:47.439 [AsyncHttpClient-1-2] DEBUG org.asynchttpclient.netty.handler.HttpHandler - 

Request DefaultFullHttpRequest(decodeResult: success, version: HTTP/1.1, content: EmptyByteBufBE)
GET /session/fae5fc59bed7b263691fc269f3030146/screenshot HTTP/1.1
User-Agent: selenium/4.1.2 (java windows)
Cache-Control: no-cache
Content-Type: application/json; charset=utf-8
host: localhost:57501
accept: */*

Response DefaultHttpResponse(decodeResult: success, version: HTTP/1.1)
HTTP/1.1 200 OK
Content-Type: application/json; charset=utf-8
cache-control: no-cache
content-length: 202368

09:43:47.442 [AsyncHttpClient-1-2] DEBUG org.asynchttpclient.netty.channel.ChannelManager - Adding key: http://localhost:57501 for channel [id: 0x14af1528, L:/127.0.0.1:50362 - R:localhost/127.0.0.1:57501]
09:43:47.451 [main] DEBUG net.serenitybdd.core.photography.Darkroom - Send negative for processing for target\site\serenity\5e543ff8a60bad41cd22c1a176db1cb2ba3e4e57a2e627f052d7dbfbf1d4b7fa.png
09:43:47.451 [main] DEBUG net.thucydides.core.steps.StepInterceptor - STEP DONE: inputUsername
09:43:47.451 [Darkroom Processing Line] DEBUG net.serenitybdd.core.photography.DarkroomProcessingLine - Processing screenshot image in /var/screenshots/screenshot-7397639736178225254
  &amp#27;[32mAnd &amp#27;[0m&amp#27;[32madmin input valid username&amp#27;[0m                           &amp#27;[90m# starter.stepdefenitions.RegisterSteps.adminInputValidUsername()&amp#27;[0m
09:43:47.451 [Darkroom Processing Line] DEBUG net.serenitybdd.core.photography.DarkroomProcessingLine - Saving screenshot to target\site\serenity\5e543ff8a60bad41cd22c1a176db1cb2ba3e4e57a2e627f052d7dbfbf1d4b7fa.png
09:43:47.471 [main] DEBUG net.thucydides.core.steps.StepInterceptor - STARTING STEP: RegisterSteps.adminInputValidEmail - inputEmail
09:43:47.475 [Forwarding findElement on session fae5fc59bed7b263691fc269f3030146 to remote] DEBUG org.asynchttpclient.netty.request.NettyRequestSender - Using pooled Channel '[id: 0x14af1528, L:/127.0.0.1:50362 - R:localhost/127.0.0.1:57501]' for 'POST' to 'http://localhost:57501/session/fae5fc59bed7b263691fc269f3030146/element'
09:43:47.475 [Forwarding findElement on session fae5fc59bed7b263691fc269f3030146 to remote] DEBUG org.asynchttpclient.netty.request.NettyRequestSender - Using open Channel [id: 0x14af1528, L:/127.0.0.1:50362 - R:localhost/127.0.0.1:57501] for POST '/session/fae5fc59bed7b263691fc269f3030146/element'
09:43:47.487 [AsyncHttpClient-1-2] DEBUG org.asynchttpclient.netty.handler.HttpHandler - 

Request DefaultHttpRequest(decodeResult: success, version: HTTP/1.1)
POST /session/fae5fc59bed7b263691fc269f3030146/element HTTP/1.1
User-Agent: selenium/4.1.2 (java windows)
Content-Length: 90
Content-Type: application/json; charset=utf-8
host: localhost:57501
accept: */*

Response DefaultHttpResponse(decodeResult: success, version: HTTP/1.1)
HTTP/1.1 200 OK
Content-Type: application/json; charset=utf-8
cache-control: no-cache
content-length: 88

09:43:47.488 [AsyncHttpClient-1-2] DEBUG org.asynchttpclient.netty.channel.ChannelManager - Adding key: http://localhost:57501 for channel [id: 0x14af1528, L:/127.0.0.1:50362 - R:localhost/127.0.0.1:57501]
09:43:47.489 [Forwarding clearElement on session fae5fc59bed7b263691fc269f3030146 to remote] DEBUG org.asynchttpclient.netty.request.NettyRequestSender - Using pooled Channel '[id: 0x14af1528, L:/127.0.0.1:50362 - R:localhost/127.0.0.1:57501]' for 'POST' to 'http://localhost:57501/session/fae5fc59bed7b263691fc269f3030146/element/4f10d937-3114-43ef-886d-8d2eb75b0e65/clear'
09:43:47.490 [Forwarding clearElement on session fae5fc59bed7b263691fc269f3030146 to remote] DEBUG org.asynchttpclient.netty.request.NettyRequestSender - Using open Channel [id: 0x14af1528, L:/127.0.0.1:50362 - R:localhost/127.0.0.1:57501] for POST '/session/fae5fc59bed7b263691fc269f3030146/element/4f10d937-3114-43ef-886d-8d2eb75b0e65/clear'
09:43:47.523 [AsyncHttpClient-1-2] DEBUG org.asynchttpclient.netty.handler.HttpHandler - 

Request DefaultHttpRequest(decodeResult: success, version: HTTP/1.1)
POST /session/fae5fc59bed7b263691fc269f3030146/element/4f10d937-3114-43ef-886d-8d2eb75b0e65/clear HTTP/1.1
User-Agent: selenium/4.1.2 (java windows)
Content-Length: 50
Content-Type: application/json; charset=utf-8
host: localhost:57501
accept: */*

Response DefaultHttpResponse(decodeResult: success, version: HTTP/1.1)
HTTP/1.1 200 OK
Content-Type: application/json; charset=utf-8
cache-control: no-cache
content-length: 14

09:43:47.524 [AsyncHttpClient-1-2] DEBUG org.asynchttpclient.netty.channel.ChannelManager - Adding key: http://localhost:57501 for channel [id: 0x14af1528, L:/127.0.0.1:50362 - R:localhost/127.0.0.1:57501]
09:43:47.526 [Forwarding sendKeysToElement on session fae5fc59bed7b263691fc269f3030146 to remote] DEBUG org.asynchttpclient.netty.request.NettyRequestSender - Using pooled Channel '[id: 0x14af1528, L:/127.0.0.1:50362 - R:localhost/127.0.0.1:57501]' for 'POST' to 'http://localhost:57501/session/fae5fc59bed7b263691fc269f3030146/element/4f10d937-3114-43ef-886d-8d2eb75b0e65/value'
09:43:47.527 [Forwarding sendKeysToElement on session fae5fc59bed7b263691fc269f3030146 to remote] DEBUG org.asynchttpclient.netty.request.NettyRequestSender - Using open Channel [id: 0x14af1528, L:/127.0.0.1:50362 - R:localhost/127.0.0.1:57501] for POST '/session/fae5fc59bed7b263691fc269f3030146/element/4f10d937-3114-43ef-886d-8d2eb75b0e65/value'
09:43:47.632 [AsyncHttpClient-1-2] DEBUG org.asynchttpclient.netty.handler.HttpHandler - 

Request DefaultHttpRequest(decodeResult: success, version: HTTP/1.1)
POST /session/fae5fc59bed7b263691fc269f3030146/element/4f10d937-3114-43ef-886d-8d2eb75b0e65/value HTTP/1.1
User-Agent: selenium/4.1.2 (java windows)
Content-Length: 281
Content-Type: application/json; charset=utf-8
host: localhost:57501
accept: */*

Response DefaultHttpResponse(decodeResult: success, version: HTTP/1.1)
HTTP/1.1 200 OK
Content-Type: application/json; charset=utf-8
cache-control: no-cache
content-length: 14

09:43:47.633 [AsyncHttpClient-1-2] DEBUG org.asynchttpclient.netty.channel.ChannelManager - Adding key: http://localhost:57501 for channel [id: 0x14af1528, L:/127.0.0.1:50362 - R:localhost/127.0.0.1:57501]
09:43:47.643 [Forwarding screenshot on session fae5fc59bed7b263691fc269f3030146 to remote] DEBUG org.asynchttpclient.netty.request.NettyRequestSender - Using pooled Channel '[id: 0x14af1528, L:/127.0.0.1:50362 - R:localhost/127.0.0.1:57501]' for 'GET' to 'http://localhost:57501/session/fae5fc59bed7b263691fc269f3030146/screenshot'
09:43:47.643 [Forwarding screenshot on session fae5fc59bed7b263691fc269f3030146 to remote] DEBUG org.asynchttpclient.netty.request.NettyRequestSender - Using open Channel [id: 0x14af1528, L:/127.0.0.1:50362 - R:localhost/127.0.0.1:57501] for GET '/session/fae5fc59bed7b263691fc269f3030146/screenshot'
09:43:47.797 [AsyncHttpClient-1-2] DEBUG org.asynchttpclient.netty.handler.HttpHandler - 

Request DefaultFullHttpRequest(decodeResult: success, version: HTTP/1.1, content: EmptyByteBufBE)
GET /session/fae5fc59bed7b263691fc269f3030146/screenshot HTTP/1.1
User-Agent: selenium/4.1.2 (java windows)
Cache-Control: no-cache
Content-Type: application/json; charset=utf-8
host: localhost:57501
accept: */*

Response DefaultHttpResponse(decodeResult: success, version: HTTP/1.1)
HTTP/1.1 200 OK
Content-Type: application/json; charset=utf-8
cache-control: no-cache
content-length: 206228

09:43:47.798 [AsyncHttpClient-1-2] DEBUG org.asynchttpclient.netty.channel.ChannelManager - Adding key: http://localhost:57501 for channel [id: 0x14af1528, L:/127.0.0.1:50362 - R:localhost/127.0.0.1:57501]
09:43:47.808 [main] DEBUG net.serenitybdd.core.photography.Darkroom - Send negative for processing for target\site\serenity\a47f4e62687222a7c8c111732929d6a8c1c6626bcd26e9dc275a43984450b02f.png
09:43:47.809 [main] DEBUG net.thucydides.core.steps.StepInterceptor - STEP DONE: inputEmail
09:43:47.809 [Darkroom Processing Line] DEBUG net.serenitybdd.core.photography.DarkroomProcessingLine - Processing screenshot image in /var/screenshots/screenshot-6668299073566018931
09:43:47.809 [Darkroom Processing Line] DEBUG net.serenitybdd.core.photography.DarkroomProcessingLine - Saving screenshot to target\site\serenity\a47f4e62687222a7c8c111732929d6a8c1c6626bcd26e9dc275a43984450b02f.png
  &amp#27;[32mAnd &amp#27;[0m&amp#27;[32madmin input valid email&amp#27;[0m                              &amp#27;[90m# starter.stepdefenitions.RegisterSteps.adminInputValidEmail()&amp#27;[0m
09:43:47.826 [main] DEBUG net.thucydides.core.steps.StepInterceptor - STARTING STEP: RegisterSteps.adminInputValidPassword - clickShowPass
09:43:47.833 [Forwarding findElement on session fae5fc59bed7b263691fc269f3030146 to remote] DEBUG org.asynchttpclient.netty.request.NettyRequestSender - Using pooled Channel '[id: 0x14af1528, L:/127.0.0.1:50362 - R:localhost/127.0.0.1:57501]' for 'POST' to 'http://localhost:57501/session/fae5fc59bed7b263691fc269f3030146/element'
09:43:47.834 [Forwarding findElement on session fae5fc59bed7b263691fc269f3030146 to remote] DEBUG org.asynchttpclient.netty.request.NettyRequestSender - Using open Channel [id: 0x14af1528, L:/127.0.0.1:50362 - R:localhost/127.0.0.1:57501] for POST '/session/fae5fc59bed7b263691fc269f3030146/element'
09:43:47.925 [AsyncHttpClient-1-1] DEBUG org.asynchttpclient.netty.channel.DefaultChannelPool - Entry count for : http://localhost:50363 : 1
09:43:49.026 [AsyncHttpClient-1-1] DEBUG org.asynchttpclient.netty.channel.DefaultChannelPool - Entry count for : http://localhost:50363 : 1
09:43:49.851 [AsyncHttpClient-1-2] DEBUG org.asynchttpclient.netty.handler.HttpHandler - 

Request DefaultHttpRequest(decodeResult: success, version: HTTP/1.1)
POST /session/fae5fc59bed7b263691fc269f3030146/element HTTP/1.1
User-Agent: selenium/4.1.2 (java windows)
Content-Length: 371
Content-Type: application/json; charset=utf-8
host: localhost:57501
accept: */*

Response DefaultHttpResponse(decodeResult: success, version: HTTP/1.1)
HTTP/1.1 404 Not Found
Content-Type: application/json; charset=utf-8
cache-control: no-cache
content-length: 1339

09:43:49.852 [AsyncHttpClient-1-2] DEBUG org.asynchttpclient.netty.channel.ChannelManager - Adding key: http://localhost:57501 for channel [id: 0x14af1528, L:/127.0.0.1:50362 - R:localhost/127.0.0.1:57501]
09:43:49.977 [Forwarding findElement on session fae5fc59bed7b263691fc269f3030146 to remote] DEBUG org.asynchttpclient.netty.request.NettyRequestSender - Using pooled Channel '[id: 0x14af1528, L:/127.0.0.1:50362 - R:localhost/127.0.0.1:57501]' for 'POST' to 'http://localhost:57501/session/fae5fc59bed7b263691fc269f3030146/element'
09:43:49.977 [Forwarding findElement on session fae5fc59bed7b263691fc269f3030146 to remote] DEBUG org.asynchttpclient.netty.request.NettyRequestSender - Using open Channel [id: 0x14af1528, L:/127.0.0.1:50362 - R:localhost/127.0.0.1:57501] for POST '/session/fae5fc59bed7b263691fc269f3030146/element'
09:43:50.132 [AsyncHttpClient-1-1] DEBUG org.asynchttpclient.netty.channel.DefaultChannelPool - Entry count for : http://localhost:50363 : 1
09:43:51.227 [AsyncHttpClient-1-1] DEBUG org.asynchttpclient.netty.channel.DefaultChannelPool - Entry count for : http://localhost:50363 : 1
09:43:52.004 [AsyncHttpClient-1-2] DEBUG org.asynchttpclient.netty.handler.HttpHandler - 

Request DefaultHttpRequest(decodeResult: success, version: HTTP/1.1)
POST /session/fae5fc59bed7b263691fc269f3030146/element HTTP/1.1
User-Agent: selenium/4.1.2 (java windows)
Content-Length: 371
Content-Type: application/json; charset=utf-8
host: localhost:57501
accept: */*

Response DefaultHttpResponse(decodeResult: success, version: HTTP/1.1)
HTTP/1.1 404 Not Found
Content-Type: application/json; charset=utf-8
cache-control: no-cache
content-length: 1339

09:43:52.005 [AsyncHttpClient-1-2] DEBUG org.asynchttpclient.netty.channel.ChannelManager - Adding key: http://localhost:57501 for channel [id: 0x14af1528, L:/127.0.0.1:50362 - R:localhost/127.0.0.1:57501]
09:43:52.114 [Forwarding findElement on session fae5fc59bed7b263691fc269f3030146 to remote] DEBUG org.asynchttpclient.netty.request.NettyRequestSender - Using pooled Channel '[id: 0x14af1528, L:/127.0.0.1:50362 - R:localhost/127.0.0.1:57501]' for 'POST' to 'http://localhost:57501/session/fae5fc59bed7b263691fc269f3030146/element'
09:43:52.114 [Forwarding findElement on session fae5fc59bed7b263691fc269f3030146 to remote] DEBUG org.asynchttpclient.netty.request.NettyRequestSender - Using open Channel [id: 0x14af1528, L:/127.0.0.1:50362 - R:localhost/127.0.0.1:57501] for POST '/session/fae5fc59bed7b263691fc269f3030146/element'
09:43:52.332 [AsyncHttpClient-1-1] DEBUG org.asynchttpclient.netty.channel.DefaultChannelPool - Entry count for : http://localhost:50363 : 1
09:43:53.427 [AsyncHttpClient-1-1] DEBUG org.asynchttpclient.netty.channel.DefaultChannelPool - Entry count for : http://localhost:50363 : 1
09:43:54.125 [AsyncHttpClient-1-2] DEBUG org.asynchttpclient.netty.handler.HttpHandler - 

Request DefaultHttpRequest(decodeResult: success, version: HTTP/1.1)
POST /session/fae5fc59bed7b263691fc269f3030146/element HTTP/1.1
User-Agent: selenium/4.1.2 (java windows)
Content-Length: 371
Content-Type: application/json; charset=utf-8
host: localhost:57501
accept: */*

Response DefaultHttpResponse(decodeResult: success, version: HTTP/1.1)
HTTP/1.1 404 Not Found
Content-Type: application/json; charset=utf-8
cache-control: no-cache
content-length: 1339

09:43:54.126 [AsyncHttpClient-1-2] DEBUG org.asynchttpclient.netty.channel.ChannelManager - Adding key: http://localhost:57501 for channel [id: 0x14af1528, L:/127.0.0.1:50362 - R:localhost/127.0.0.1:57501]
09:43:54.143 [Forwarding screenshot on session fae5fc59bed7b263691fc269f3030146 to remote] DEBUG org.asynchttpclient.netty.request.NettyRequestSender - Using pooled Channel '[id: 0x14af1528, L:/127.0.0.1:50362 - R:localhost/127.0.0.1:57501]' for 'GET' to 'http://localhost:57501/session/fae5fc59bed7b263691fc269f3030146/screenshot'
09:43:54.143 [Forwarding screenshot on session fae5fc59bed7b263691fc269f3030146 to remote] DEBUG org.asynchttpclient.netty.request.NettyRequestSender - Using open Channel [id: 0x14af1528, L:/127.0.0.1:50362 - R:localhost/127.0.0.1:57501] for GET '/session/fae5fc59bed7b263691fc269f3030146/screenshot'
09:43:54.375 [AsyncHttpClient-1-2] DEBUG org.asynchttpclient.netty.handler.HttpHandler - 

Request DefaultFullHttpRequest(decodeResult: success, version: HTTP/1.1, content: EmptyByteBufBE)
GET /session/fae5fc59bed7b263691fc269f3030146/screenshot HTTP/1.1
User-Agent: selenium/4.1.2 (java windows)
Cache-Control: no-cache
Content-Type: application/json; charset=utf-8
host: localhost:57501
accept: */*

Response DefaultHttpResponse(decodeResult: success, version: HTTP/1.1)
HTTP/1.1 200 OK
Content-Type: application/json; charset=utf-8
cache-control: no-cache
content-length: 206228

09:43:54.377 [AsyncHttpClient-1-2] DEBUG org.asynchttpclient.netty.channel.ChannelManager - Adding key: http://localhost:57501 for channel [id: 0x14af1528, L:/127.0.0.1:50362 - R:localhost/127.0.0.1:57501]
09:43:54.391 [main] DEBUG net.serenitybdd.core.photography.Darkroom - Send negative for processing for target\site\serenity\a47f4e62687222a7c8c111732929d6a8c1c6626bcd26e9dc275a43984450b02f.png
09:43:54.396 [Forwarding getPageSource on session fae5fc59bed7b263691fc269f3030146 to remote] DEBUG org.asynchttpclient.netty.request.NettyRequestSender - Using pooled Channel '[id: 0x14af1528, L:/127.0.0.1:50362 - R:localhost/127.0.0.1:57501]' for 'POST' to 'http://localhost:57501/session/fae5fc59bed7b263691fc269f3030146/execute/sync'
09:43:54.397 [Forwarding getPageSource on session fae5fc59bed7b263691fc269f3030146 to remote] DEBUG org.asynchttpclient.netty.request.NettyRequestSender - Using open Channel [id: 0x14af1528, L:/127.0.0.1:50362 - R:localhost/127.0.0.1:57501] for POST '/session/fae5fc59bed7b263691fc269f3030146/execute/sync'
09:43:54.407 [AsyncHttpClient-1-2] DEBUG org.asynchttpclient.netty.handler.HttpHandler - 

Request DefaultHttpRequest(decodeResult: success, version: HTTP/1.1)
POST /session/fae5fc59bed7b263691fc269f3030146/execute/sync HTTP/1.1
User-Agent: selenium/4.1.2 (java windows)
Content-Length: 176
Content-Type: application/json; charset=utf-8
host: localhost:57501
accept: */*

Response DefaultHttpResponse(decodeResult: success, version: HTTP/1.1)
HTTP/1.1 200 OK
Content-Type: application/json; charset=utf-8
cache-control: no-cache
content-length: 31814

09:43:54.407 [AsyncHttpClient-1-2] DEBUG org.asynchttpclient.netty.channel.ChannelManager - Adding key: http://localhost:57501 for channel [id: 0x14af1528, L:/127.0.0.1:50362 - R:localhost/127.0.0.1:57501]
09:43:54.549 [Forwarding getCurrentUrl on session fae5fc59bed7b263691fc269f3030146 to remote] DEBUG org.asynchttpclient.netty.request.NettyRequestSender - Using pooled Channel '[id: 0x14af1528, L:/127.0.0.1:50362 - R:localhost/127.0.0.1:57501]' for 'GET' to 'http://localhost:57501/session/fae5fc59bed7b263691fc269f3030146/url'
09:43:54.549 [Forwarding getCurrentUrl on session fae5fc59bed7b263691fc269f3030146 to remote] DEBUG org.asynchttpclient.netty.request.NettyRequestSender - Using open Channel [id: 0x14af1528, L:/127.0.0.1:50362 - R:localhost/127.0.0.1:57501] for GET '/session/fae5fc59bed7b263691fc269f3030146/url'
09:43:54.551 [AsyncHttpClient-1-1] DEBUG org.asynchttpclient.netty.channel.DefaultChannelPool - Entry count for : http://localhost:50363 : 1
09:43:54.558 [AsyncHttpClient-1-2] DEBUG org.asynchttpclient.netty.handler.HttpHandler - 

Request DefaultFullHttpRequest(decodeResult: success, version: HTTP/1.1, content: EmptyByteBufBE)
GET /session/fae5fc59bed7b263691fc269f3030146/url HTTP/1.1
User-Agent: selenium/4.1.2 (java windows)
Cache-Control: no-cache
Content-Type: application/json; charset=utf-8
host: localhost:57501
accept: */*

Response DefaultHttpResponse(decodeResult: success, version: HTTP/1.1)
HTTP/1.1 200 OK
Content-Type: application/json; charset=utf-8
cache-control: no-cache
content-length: 50

09:43:54.559 [AsyncHttpClient-1-2] DEBUG org.asynchttpclient.netty.channel.ChannelManager - Adding key: http://localhost:57501 for channel [id: 0x14af1528, L:/127.0.0.1:50362 - R:localhost/127.0.0.1:57501]
  &amp#27;[31mAnd &amp#27;[0m&amp#27;[31madmin input valid password&amp#27;[0m                           &amp#27;[90m# starter.stepdefenitions.RegisterSteps.adminInputValidPassword()&amp#27;[0m
      &amp#27;[31mnet.thucydides.core.webdriver.exceptions.ElementShouldBeEnabledException: Expected enabled element was not enabled
	at net.serenitybdd.core.pages.WebElementFacadeImpl.waitUntilEnabled(WebElementFacadeImpl.java:1100)
	at net.serenitybdd.core.pages.WebElementFacadeImpl.waitUntilElementAvailable(WebElementFacadeImpl.java:888)
	at net.serenitybdd.core.pages.WebElementFacadeImpl.click(WebElementFacadeImpl.java:1182)
	at net.serenitybdd.core.pages.WebElementFacadeImpl.click(WebElementFacadeImpl.java:1201)
	at starter.pages.RegisterPage.clickShowPass(RegisterPage.java:76)
	at starter.pages.RegisterPage$ByteBuddy$MMRFbA28.clickShowPass$accessor$vmRInnIb(Unknown Source)
	at sun.reflect.NativeMethodAccessorImpl.invoke0(Native Method)
	at sun.reflect.NativeMethodAccessorImpl.invoke(NativeMethodAccessorImpl.java:62)
	at sun.reflect.DelegatingMethodAccessorImpl.invoke(DelegatingMethodAccessorImpl.java:43)
	at java.lang.reflect.Method.invoke(Method.java:498)
	at net.thucydides.core.steps.StepInterceptor.invokeMethod(StepInterceptor.java:503)
	at net.thucydides.core.steps.StepInterceptor.executeTestStepMethod(StepInterceptor.java:483)
	at net.thucydides.core.steps.StepInterceptor.runTestStep(StepInterceptor.java:457)
	at net.thucydides.core.steps.StepInterceptor.runOrSkipMethod(StepInterceptor.java:209)
	at net.thucydides.core.steps.StepInterceptor.testStepResult(StepInterceptor.java:196)
	at net.thucydides.core.steps.StepInterceptor.intercept(StepInterceptor.java:84)
	at net.thucydides.core.steps.ProxyConfiguration$InterceptorDispatcher.intercept(ProxyConfiguration.java:51)
	at starter.pages.RegisterPage$ByteBuddy$MMRFbA28.clickShowPass(Unknown Source)
	at starter.stepdefenitions.RegisterSteps.adminInputValidPassword(RegisterSteps.java:42)
	at âœ½.admin input valid password(file:///D:/kampus%20merdeka/QE_Capstone%20Kanbo/capstone/web/src/test/resources/features/Register.feature:10)
Caused by: org.openqa.selenium.TimeoutException: Expected condition failed: waiting for By.name: M396 512a112 112 0 1 0 224 0 112 112 0 1 0-224 0zm546.2-25.8C847.4 286.5 704.1 186 512 186c-192.2 0-335.4 100.5-430.2 300.3a60.3 60.3 0 0 0 0 51.5C176.6 737.5 319.9 838 512 838c192.2 0 335.4-100.5 430.2-300.3 7.7-16.2 7.7-35 0-51.5zM508 688c-97.2 0-176-78.8-176-176s78.8-176 176-176 176 78.8 176 176-78.8 176-176 176z to be enabled (tried for 5 second(s) with 100 milliseconds interval)
	at org.openqa.selenium.support.ui.FluentWait.timeoutException(FluentWait.java:263)
	at org.openqa.selenium.support.ui.FluentWait.until(FluentWait.java:231)
	at net.serenitybdd.core.pages.WebElementFacadeImpl.waitUntilEnabled(WebElementFacadeImpl.java:1097)
	at net.serenitybdd.core.pages.WebElementFacadeImpl.waitUntilElementAvailable(WebElementFacadeImpl.java:888)
	at net.serenitybdd.core.pages.WebElementFacadeImpl.click(WebElementFacadeImpl.java:1182)
	at net.serenitybdd.core.pages.WebElementFacadeImpl.click(WebElementFacadeImpl.java:1201)
	at starter.pages.RegisterPage.clickShowPass(RegisterPage.java:76)
	at starter.pages.RegisterPage$ByteBuddy$MMRFbA28.clickShowPass$accessor$vmRInnIb(Unknown Source)
	at sun.reflect.NativeMethodAccessorImpl.invoke0(Native Method)
	at sun.reflect.NativeMethodAccessorImpl.invoke(NativeMethodAccessorImpl.java:62)
	at sun.reflect.DelegatingMethodAccessorImpl.invoke(DelegatingMethodAccessorImpl.java:43)
	at java.lang.reflect.Method.invoke(Method.java:498)
	at net.thucydides.core.steps.StepInterceptor.invokeMethod(StepInterceptor.java:503)
	at net.thucydides.core.steps.StepInterceptor.executeTestStepMethod(StepInterceptor.java:483)
	at net.thucydides.core.steps.StepInterceptor.runTestStep(StepInterceptor.java:457)
	at net.thucydides.core.steps.StepInterceptor.runOrSkipMethod(StepInterceptor.java:209)
	at net.thucydides.core.steps.StepInterceptor.testStepResult(StepInterceptor.java:196)
	at net.thucydides.core.steps.StepInterceptor.intercept(StepInterceptor.java:84)
	at net.thucydides.core.steps.ProxyConfiguration$InterceptorDispatcher.intercept(ProxyConfiguration.java:51)
	at starter.pages.RegisterPage$ByteBuddy$MMRFbA28.clickShowPass(Unknown Source)
	at starter.stepdefenitions.RegisterSteps.adminInputValidPassword(RegisterSteps.java:42)
	at sun.reflect.NativeMethodAccessorImpl.invoke0(Native Method)
	at sun.reflect.NativeMethodAccessorImpl.invoke(NativeMethodAccessorImpl.java:62)
	at sun.reflect.DelegatingMethodAccessorImpl.invoke(DelegatingMethodAccessorImpl.java:43)
	at java.lang.reflect.Method.invoke(Method.java:498)
	at io.cucumber.java.Invoker.doInvoke(Invoker.java:66)
	at io.cucumber.java.Invoker.invoke(Invoker.java:24)
	at io.cucumber.java.AbstractGlueDefinition.invokeMethod(AbstractGlueDefinition.java:47)
	at io.cucumber.java.JavaStepDefinition.execute(JavaStepDefinition.java:29)
	at io.cucumber.core.runner.CoreStepDefinition.execute(CoreStepDefinition.java:66)
	at io.cucumber.core.runner.PickleStepDefinitionMatch.runStep(PickleStepDefinitionMatch.java:63)
	at io.cucumber.core.runner.ExecutionMode$1.execute(ExecutionMode.java:10)
	at io.cucumber.core.runner.TestStep.executeStep(TestStep.java:86)
	at io.cucumber.core.runner.TestStep.run(TestStep.java:57)
	at io.cucumber.core.runner.PickleStepTestStep.run(PickleStepTestStep.java:51)
	at io.cucumber.core.runner.TestCase.run(TestCase.java:95)
	at io.cucumber.core.runner.Runner.runPickle(Runner.java:75)
	at io.cucumber.junit.PickleRunners$NoStepDescriptions.lambda$run$0(PickleRunners.java:151)
	at io.cucumber.core.runtime.CucumberExecutionContext.lambda$runTestCase$3(CucumberExecutionContext.java:151)
	at io.cucumber.core.runtime.RethrowingThrowableCollector.executeAndThrow(RethrowingThrowableCollector.java:23)
	at io.cucumber.core.runtime.CucumberExecutionContext.runTestCase(CucumberExecutionContext.java:151)
	at io.cucumber.junit.PickleRunners$NoStepDescriptions.run(PickleRunners.java:148)
	at io.cucumber.junit.FeatureRunner.runChild(FeatureRunner.java:144)
	at io.cucumber.junit.FeatureRunner.runChild(FeatureRunner.java:28)
	at org.junit.runners.ParentRunner$4.run(ParentRunner.java:331)
	at org.junit.runners.ParentRunner$1.schedule(ParentRunner.java:79)
	at org.junit.runners.ParentRunner.runChildren(ParentRunner.java:329)
	at org.junit.runners.ParentRunner.access$100(ParentRunner.java:66)
	at org.junit.runners.ParentRunner$2.evaluate(ParentRunner.java:293)
	at org.junit.runners.ParentRunner$3.evaluate(ParentRunner.java:306)
	at org.junit.runners.ParentRunner.run(ParentRunner.java:413)
	at io.cucumber.junit.FeatureRunner.run(FeatureRunner.java:137)
	at io.cucumber.junit.CucumberSerenityRunner.runChild(CucumberSerenityRunner.java:258)
	at io.cucumber.junit.CucumberSerenityRunner.runChild(CucumberSerenityRunner.java:58)
	at org.junit.runners.ParentRunner$4.run(ParentRunner.java:331)
	at org.junit.runners.ParentRunner$1.schedule(ParentRunner.java:79)
	at org.junit.runners.ParentRunner.runChildren(ParentRunner.java:329)
	at org.junit.runners.ParentRunner.access$100(ParentRunner.java:66)
	at org.junit.runners.ParentRunner$2.evaluate(ParentRunner.java:293)
	at io.cucumber.junit.CucumberSerenityRunner$RunCucumber.evaluate(CucumberSerenityRunner.java:287)
	at org.junit.runners.ParentRunner$3.evaluate(ParentRunner.java:306)
	at org.junit.runners.ParentRunner.run(ParentRunner.java:413)
	at org.junit.runner.JUnitCore.run(JUnitCore.java:137)
	at org.junit.runner.JUnitCore.run(JUnitCore.java:115)
	at org.junit.vintage.engine.execution.RunnerExecutor.execute(RunnerExecutor.java:42)
	at org.junit.vintage.engine.VintageTestEngine.executeAllChildren(VintageTestEngine.java:80)
	at org.junit.vintage.engine.VintageTestEngine.execute(VintageTestEngine.java:72)
	at org.junit.platform.launcher.core.EngineExecutionOrchestrator.execute(EngineExecutionOrchestrator.java:107)
	at org.junit.platform.launcher.core.EngineExecutionOrchestrator.execute(EngineExecutionOrchestrator.java:88)
	at org.junit.platform.launcher.core.EngineExecutionOrchestrator.lambda$execute$0(EngineExecutionOrchestrator.java:54)
	at org.junit.platform.launcher.core.EngineExecutionOrchestrator.withInterceptedStreams(EngineExecutionOrchestrator.java:67)
	at org.junit.platform.launcher.core.EngineExecutionOrchestrator.execute(EngineExecutionOrchestrator.java:52)
	at org.junit.platform.launcher.core.DefaultLauncher.execute(DefaultLauncher.java:114)
	at org.junit.platform.launcher.core.DefaultLauncher.execute(DefaultLauncher.java:86)
	at org.junit.platform.launcher.core.DefaultLauncherSession$DelegatingLauncher.execute(DefaultLauncherSession.java:86)
	at org.junit.platform.launcher.core.SessionPerRequestLauncher.execute(SessionPerRequestLauncher.java:53)
	at org.apache.maven.surefire.junitplatform.JUnitPlatformProvider.execute(JUnitPlatformProvider.java:188)
	at org.apache.maven.surefire.junitplatform.JUnitPlatformProvider.invokeAllTests(JUnitPlatformProvider.java:154)
	at org.apache.maven.surefire.junitplatform.JUnitPlatformProvider.invoke(JUnitPlatformProvider.java:128)
	at org.apache.maven.surefire.booter.ForkedBooter.runSuitesInProcess(ForkedBooter.java:428)
	at org.apache.maven.surefire.booter.ForkedBooter.execute(ForkedBooter.java:162)
	at org.apache.maven.surefire.booter.ForkedBooter.run(ForkedBooter.java:562)
	at org.apache.maven.surefire.booter.ForkedBooter.main(ForkedBooter.java:548)
Caused by: org.openqa.selenium.NoSuchElementException: no such element: Unable to locate element: {"method":"css selector","selector":"*[name='M396 512a112 112 0 1 0 224 0 112 112 0 1 0-224 0zm546.2-25.8C847.4 286.5 704.1 186 512 186c-192.2 0-335.4 100.5-430.2 300.3a60.3 60.3 0 0 0 0 51.5C176.6 737.5 319.9 838 512 838c192.2 0 335.4-100.5 430.2-300.3 7.7-16.2 7.7-35 0-51.5zM508 688c-97.2 0-176-78.8-176-176s78.8-176 176-176 176 78.8 176 176-78.8 176-176 176z']"}
  (Session info: chrome=103.0.5060.114)
For documentation on this error, please visit: https://selenium.dev/exceptions/#no_such_element
Build info: version: '4.1.2', revision: '9a5a329c5a'
System info: host: 'DESKTOP-EQ55Q8H', ip: '192.168.43.104', os.name: 'Windows 10', os.arch: 'amd64', os.version: '10.0', java.version: '1.8.0_321'
Driver info: org.openqa.selenium.chrome.ChromeDriver
Command: [fae5fc59bed7b263691fc269f3030146, findElement {using=name, value=M396 512a112 112 0 1 0 224 0 112 112 0 1 0-224 0zm546.2-25.8C847.4 286.5 704.1 186 512 186c-192.2 0-335.4 100.5-430.2 300.3a60.3 60.3 0 0 0 0 51.5C176.6 737.5 319.9 838 512 838c192.2 0 335.4-100.5 430.2-300.3 7.7-16.2 7.7-35 0-51.5zM508 688c-97.2 0-176-78.8-176-176s78.8-176 176-176 176 78.8 176 176-78.8 176-176 176z}]
Capabilities {acceptInsecureCerts: false, browserName: chrome, browserVersion: 103.0.5060.114, chrome: {chromedriverVersion: 103.0.5060.53 (a1711811edd7..., userDataDir: C:\Users\Admin\AppData\Loca...}, goog:chromeOptions: {debuggerAddress: localhost:50363}, javascriptEnabled: true, networkConnectionEnabled: false, pageLoadStrategy: normal, platform: WINDOWS, platformName: WINDOWS, proxy: Proxy(), se:cdp: ws://localhost:50363/devtoo..., se:cdpVersion: 103.0.5060.114, setWindowRect: true, strictFileInteractability: false, timeouts: {implicit: 0, pageLoad: 300000, script: 30000}, unhandledPromptBehavior: dismiss and notify, webauthn:extension:credBlob: true, webauthn:extension:largeBlob: true, webauthn:virtualAuthenticators: true}
Session ID: fae5fc59bed7b263691fc269f3030146
	at sun.reflect.NativeConstructorAccessorImpl.newInstance0(Native Method)
	at sun.reflect.NativeConstructorAccessorImpl.newInstance(NativeConstructorAccessorImpl.java:62)
	at sun.reflect.DelegatingConstructorAccessorImpl.newInstance(DelegatingConstructorAccessorImpl.java:45)
	at java.lang.reflect.Constructor.newInstance(Constructor.java:423)
	at org.openqa.selenium.remote.codec.w3c.W3CHttpResponseCodec.createException(W3CHttpResponseCodec.java:200)
	at org.openqa.selenium.remote.codec.w3c.W3CHttpResponseCodec.decode(W3CHttpResponseCodec.java:133)
	at org.openqa.selenium.remote.codec.w3c.W3CHttpResponseCodec.decode(W3CHttpResponseCodec.java:53)
	at org.openqa.selenium.remote.HttpCommandExecutor.execute(HttpCommandExecutor.java:184)
	at org.openqa.selenium.remote.service.DriverCommandExecutor.invokeExecute(DriverCommandExecutor.java:167)
	at org.openqa.selenium.remote.service.DriverCommandExecutor.execute(DriverCommandExecutor.java:142)
	at org.openqa.selenium.remote.RemoteWebDriver.execute(RemoteWebDriver.java:558)
	at org.openqa.selenium.remote.ElementLocation$ElementFinder$2.findElement(ElementLocation.java:162)
	at org.openqa.selenium.remote.ElementLocation.findElement(ElementLocation.java:60)
	at org.openqa.selenium.remote.RemoteWebDriver.findElement(RemoteWebDriver.java:382)
	at org.openqa.selenium.remote.RemoteWebDriver.findElement(RemoteWebDriver.java:374)
	at net.thucydides.core.webdriver.WebDriverFacade.findElement(WebDriverFacade.java:224)
	at net.serenitybdd.core.pages.WebElementResolverByLocator.resolveForDriver(WebElementResolverByLocator.java:25)
	at net.serenitybdd.core.pages.WebElementFacadeImpl.getResolvedElement(WebElementFacadeImpl.java:191)
	at net.serenitybdd.core.pages.WebElementFacadeImpl.getElement(WebElementFacadeImpl.java:186)
	at net.serenitybdd.core.pages.WebElementExpectations$3.apply(WebElementExpectations.java:63)
	at net.serenitybdd.core.pages.WebElementExpectations$3.apply(WebElementExpectations.java:55)
	at org.openqa.selenium.support.ui.FluentWait.until(FluentWait.java:208)
	... 81 more
&amp#27;[0m
  &amp#27;[36mAnd &amp#27;[0m&amp#27;[36madmin click register button&amp#27;[0m                          &amp#27;[90m# starter.stepdefenitions.RegisterSteps.adminClickRegisterButton()&amp#27;[0m
  &amp#27;[36mThen &amp#27;[0m&amp#27;[36madmin success to create account&amp#27;[0m                     &amp#27;[90m# starter.stepdefenitions.RegisterSteps.adminSuccessToCreateAccount()&amp#27;[0m
09:43:54.838 [main] ERROR  - 
  _____   ___   ___   _____     ___     _     ___   _      ___   ___  
 |_   _| | __| / __| |_   _|   | __|   /_\   |_ _| | |    | __| |   \ 
   | |   | _|  \__ \   | |     | _|   / _ \   | |  | |__  | _|  | |) |
   |_|   |___| |___/   |_|     |_|   /_/ \_\ |___| |____| |___| |___/ 

As admin i have be able to success crete account
-----------------------------------------------------------------------
09:43:54.842 [main] DEBUG  - RELATED ISSUES: 
09:43:54.844 [main] ERROR  -     Test failed at step: Click show pass
09:43:54.846 [main] ERROR  -     Expected enabled element was not enabled
09:43:55.045 [AsyncHttpClient-1-4] DEBUG org.asynchttpclient.netty.handler.WebSocketHandler - Channel Closed: [id: 0x7fca542f, L:/127.0.0.1:50371 ! R:localhost/127.0.0.1:50363] with attribute NettyResponseFuture{currentRetry=5,
	isDone=1,
	isCancelled=0,
	asyncHandler=org.asynchttpclient.ws.WebSocketUpgradeHandler@26ff9c4b,
	nettyRequest=org.asynchttpclient.netty.request.NettyRequest@59a22994,
	future=java.util.concurrent.CompletableFuture@44ad44dd[Completed normally],
	uri=ws://localhost:50363/devtools/browser/a5e7c140-9f52-447a-b2a4-2760f6383328,
	keepAlive=true,
	redirectCount=0,
	timeoutsHolder=null,
	inAuth=0,
	touch=1657507422119}
09:43:55.045 [AsyncHttpClient-1-4] DEBUG org.asynchttpclient.netty.channel.ChannelManager - Closing Channel [id: 0x7fca542f, L:/127.0.0.1:50371 ! R:localhost/127.0.0.1:50363] 
09:43:55.045 [Driver Command Executor] DEBUG org.asynchttpclient.netty.request.NettyRequestSender - Using pooled Channel '[id: 0x14af1528, L:/127.0.0.1:50362 - R:localhost/127.0.0.1:57501]' for 'DELETE' to 'http://localhost:57501/session/fae5fc59bed7b263691fc269f3030146'
09:43:55.046 [Driver Command Executor] DEBUG org.asynchttpclient.netty.request.NettyRequestSender - Using open Channel [id: 0x14af1528, L:/127.0.0.1:50362 - R:localhost/127.0.0.1:57501] for DELETE '/session/fae5fc59bed7b263691fc269f3030146'
09:43:55.165 [AsyncHttpClient-1-3] DEBUG org.asynchttpclient.netty.handler.HttpHandler - Unexpected I/O exception on channel [id: 0x9327b8d0, L:/127.0.0.1:50370 - R:localhost/127.0.0.1:50363]
java.io.IOException: An existing connection was forcibly closed by the remote host
	at sun.nio.ch.SocketDispatcher.read0(Native Method)
	at sun.nio.ch.SocketDispatcher.read(SocketDispatcher.java:43)
	at sun.nio.ch.IOUtil.readIntoNativeBuffer(IOUtil.java:223)
	at sun.nio.ch.IOUtil.read(IOUtil.java:192)
	at sun.nio.ch.SocketChannelImpl.read(SocketChannelImpl.java:378)
	at io.netty.buffer.PooledByteBuf.setBytes(PooledByteBuf.java:258)
	at io.netty.buffer.AbstractByteBuf.writeBytes(AbstractByteBuf.java:1132)
	at io.netty.channel.socket.nio.NioSocketChannel.doReadBytes(NioSocketChannel.java:350)
	at io.netty.channel.nio.AbstractNioByteChannel$NioByteUnsafe.read(AbstractNioByteChannel.java:151)
	at io.netty.channel.nio.NioEventLoop.processSelectedKey(NioEventLoop.java:722)
	at io.netty.channel.nio.NioEventLoop.processSelectedKeysOptimized(NioEventLoop.java:658)
	at io.netty.channel.nio.NioEventLoop.processSelectedKeys(NioEventLoop.java:584)
	at io.netty.channel.nio.NioEventLoop.run(NioEventLoop.java:496)
	at io.netty.util.concurrent.SingleThreadEventExecutor$4.run(SingleThreadEventExecutor.java:986)
	at io.netty.util.internal.ThreadExecutorMap$2.run(ThreadExecutorMap.java:74)
	at io.netty.util.concurrent.FastThreadLocalRunnable.run(FastThreadLocalRunnable.java:30)
	at java.lang.Thread.run(Thread.java:750)
09:43:55.166 [AsyncHttpClient-1-3] DEBUG org.asynchttpclient.netty.channel.ChannelManager - Closing Channel [id: 0x9327b8d0, L:/127.0.0.1:50370 - R:localhost/127.0.0.1:50363] 
09:43:55.169 [AsyncHttpClient-1-3] DEBUG org.asynchttpclient.netty.handler.HttpHandler - Channel Closed: [id: 0x9327b8d0, L:/127.0.0.1:50370 ! R:localhost/127.0.0.1:50363] with attribute DISCARD
09:43:55.205 [AsyncHttpClient-1-2] DEBUG org.asynchttpclient.netty.handler.HttpHandler - 

Request DefaultFullHttpRequest(decodeResult: success, version: HTTP/1.1, content: EmptyByteBufBE)
DELETE /session/fae5fc59bed7b263691fc269f3030146 HTTP/1.1
User-Agent: selenium/4.1.2 (java windows)
Content-Type: application/json; charset=utf-8
host: localhost:57501
accept: */*

Response DefaultHttpResponse(decodeResult: success, version: HTTP/1.1)
HTTP/1.1 200 OK
Content-Type: application/json; charset=utf-8
cache-control: no-cache
content-length: 14

09:43:55.205 [AsyncHttpClient-1-2] DEBUG org.asynchttpclient.netty.channel.ChannelManager - Adding key: http://localhost:57501 for channel [id: 0x14af1528, L:/127.0.0.1:50362 - R:localhost/127.0.0.1:57501]
09:43:55.332 [AsyncHttpClient-1-2] DEBUG org.asynchttpclient.netty.handler.HttpHandler - Channel Closed: [id: 0x14af1528, L:/127.0.0.1:50362 ! R:localhost/127.0.0.1:57501] with attribute DISCARD
09:43:55.634 [AsyncHttpClient-1-1] DEBUG org.asynchttpclient.netty.channel.DefaultChannelPool - Entry count for : http://localhost:57501 : 1
09:43:55.634 [AsyncHttpClient-1-1] DEBUG org.asynchttpclient.netty.channel.DefaultChannelPool - Entry count for : http://localhost:50363 : 1
09:43:55.634 [AsyncHttpClient-1-1] DEBUG org.asynchttpclient.netty.channel.DefaultChannelPool - Adding Candidate expired Channel [id: 0x14af1528, L:/127.0.0.1:50362 ! R:localhost/127.0.0.1:57501] isIdleTimeoutExpired=false isRemotelyClosed=true isTtlExpired=false
09:43:55.634 [AsyncHttpClient-1-1] DEBUG org.asynchttpclient.netty.channel.DefaultChannelPool - Closing Idle Channel [id: 0x14af1528, L:/127.0.0.1:50362 ! R:localhost/127.0.0.1:57501]
09:43:55.634 [AsyncHttpClient-1-1] DEBUG org.asynchttpclient.netty.channel.DefaultChannelPool - Adding Candidate expired Channel [id: 0x9327b8d0, L:/127.0.0.1:50370 ! R:localhost/127.0.0.1:50363] isIdleTimeoutExpired=false isRemotelyClosed=true isTtlExpired=false
09:43:55.634 [AsyncHttpClient-1-1] DEBUG org.asynchttpclient.netty.channel.DefaultChannelPool - Closing Idle Channel [id: 0x9327b8d0, L:/127.0.0.1:50370 ! R:localhost/127.0.0.1:50363]
09:43:55.635 [AsyncHttpClient-1-1] DEBUG org.asynchttpclient.netty.channel.DefaultChannelPool - Closed 2 connections out of 2 in 0 ms
]]></system-out>
    <system-err><![CDATA[Starting ChromeDriver 103.0.5060.53 (a1711811edd74ff1cf2150f36ffa3b0dae40b17f-refs/branch-heads/5060@{#853}) on port 57501
Only local connections are allowed.
Please see https://chromedriver.chromium.org/security-considerations for suggestions on keeping ChromeDriver safe.
ChromeDriver was started successfully.
Jul 11, 2022 9:43:41 AM org.openqa.selenium.remote.ProtocolHandshake createSession
INFO: Detected dialect: W3C
Jul 11, 2022 9:43:42 AM org.openqa.selenium.devtools.CdpVersionFinder findNearestMatch
WARNING: Unable to find an exact match for CDP version 103, so returning the closest version found: a no-op implementation
Jul 11, 2022 9:43:42 AM org.openqa.selenium.devtools.CdpVersionFinder findNearestMatch
INFO: Unable to find CDP implementation matching 103.
Jul 11, 2022 9:43:42 AM org.openqa.selenium.chromium.ChromiumDriver lambda$new$3
WARNING: Unable to find version of CDP to use for . You may need to include a dependency on a specific version of the CDP using something similar to `org.seleniumhq.selenium:selenium-devtools-v86:4.1.2` where the version ("v86") matches the version of the chromium-based browser you're using and the version number of the artifact is the same as Selenium's.
]]></system-err>
  </testcase>
</testsuite>