<?xml version="1.0" encoding="UTF-8"?>
<testsuite xmlns:xsi="http://www.w3.org/2001/XMLSchema-instance" xsi:noNamespaceSchemaLocation="https://maven.apache.org/surefire/maven-failsafe-plugin/xsd/failsafe-test-report-3.0.xsd" version="3.0" name="starter.CucumberTestSuite" time="26.146" tests="1" errors="0" skipped="0" failures="0">
  <properties>
[...]
</properties>
  <testcase name="As admin i failed to create building with empty data" classname="As admin I want to see details building on building page" time="18.741">
    <system-out><![CDATA[19:18:53.807 [main] INFO io.cucumber.core.plugin.SerenityReporter - Running feature from file:///D:/kampus%20merdeka/QE_Capstone%20Kanbo/capstone/web/src/test/resources/features/Building.feature
19:18:54.225 [main] INFO  - 

-------------------------------------------------------------------------------------
     _______. _______ .______       _______ .__   __.  __  .___________.____    ____ 
    /       ||   ____||   _  \     |   ____||  \ |  | |  | |           |\   \  /   / 
   |   (----`|  |__   |  |_)  |    |  |__   |   \|  | |  | `---|  |----` \   \/   /  
    \   \    |   __|  |      /     |   __|  |  . `  | |  |     |  |       \_    _/   
.----)   |   |  |____ |  |\  \----.|  |____ |  |\   | |  |     |  |         |  |     
|_______/    |_______|| _| `._____||_______||__| \__| |__|     |__|         |__|    
                                                                                     
 News and tutorials at http://www.serenity-bdd.info                                  
 Documentation at https://wakaleo.gitbooks.io/the-serenity-book/content/             
 Join the Serenity Community on Gitter: https://gitter.im/serenity-bdd/serenity-core 
 Serenity BDD Support and Training at http://serenity-bdd.info/#/trainingandsupport  
-------------------------------------------------------------------------------------

19:18:54.228 [main] DEBUG net.thucydides.core.steps.StepEventBus - Test suite started for story net.thucydides.core.model.Story@1cd80e80
19:18:54.231 [main] INFO  - Test Suite Started: As admin I want to see details building on building page
19:18:54.249 [main] INFO io.cucumber.core.plugin.SerenityReporter - Running feature from file:///D:/kampus%20merdeka/QE_Capstone%20Kanbo/capstone/web/src/test/resources/features/Chat.feature
19:18:54.254 [main] DEBUG net.thucydides.core.steps.StepEventBus - Test suite started for story net.thucydides.core.model.Story@c3fbdcdf
19:18:54.255 [main] INFO  - Test Suite Started: As admin I want to chat customer
19:18:54.255 [main] INFO io.cucumber.core.plugin.SerenityReporter - Running feature from file:///D:/kampus%20merdeka/QE_Capstone%20Kanbo/capstone/web/src/test/resources/features/Complex.feature
19:18:54.267 [main] DEBUG net.thucydides.core.steps.StepEventBus - Test suite started for story net.thucydides.core.model.Story@8f56a05
19:18:54.268 [main] INFO  - Test Suite Started: As a admin I want to see existing complex on complex page
19:18:54.268 [main] INFO io.cucumber.core.plugin.SerenityReporter - Running feature from file:///D:/kampus%20merdeka/QE_Capstone%20Kanbo/capstone/web/src/test/resources/features/Customer.feature
19:18:54.276 [main] DEBUG net.thucydides.core.steps.StepEventBus - Test suite started for story net.thucydides.core.model.Story@97666fc2
19:18:54.277 [main] INFO  - Test Suite Started: As admin I want to see list customer So that i can manage customer
19:18:54.277 [main] INFO io.cucumber.core.plugin.SerenityReporter - Running feature from file:///D:/kampus%20merdeka/QE_Capstone%20Kanbo/capstone/web/src/test/resources/features/Login.feature
19:18:54.288 [main] DEBUG net.thucydides.core.steps.StepEventBus - Test suite started for story net.thucydides.core.model.Story@c69d7d3a
19:18:54.288 [main] INFO  - Test Suite Started: As admin I want to login So that i can see home page
19:18:54.289 [main] INFO io.cucumber.core.plugin.SerenityReporter - Running feature from file:///D:/kampus%20merdeka/QE_Capstone%20Kanbo/capstone/web/src/test/resources/features/Register.feature
19:18:54.299 [main] DEBUG net.thucydides.core.steps.StepEventBus - Test suite started for story net.thucydides.core.model.Story@5074cca9
19:18:54.300 [main] INFO  - Test Suite Started: As user i want to create account So that i can login
19:18:54.301 [main] INFO io.cucumber.core.plugin.SerenityReporter - Running feature from file:///D:/kampus%20merdeka/QE_Capstone%20Kanbo/capstone/web/src/test/resources/features/Review.feature
19:18:54.307 [main] DEBUG net.thucydides.core.steps.StepEventBus - Test suite started for story net.thucydides.core.model.Story@b0a3a746
19:18:54.308 [main] INFO  - Test Suite Started: As admin I want to see review So that i can reply review
19:18:54.308 [main] INFO io.cucumber.core.plugin.SerenityReporter - Running feature from file:///D:/kampus%20merdeka/QE_Capstone%20Kanbo/capstone/web/src/test/resources/features/Room.feature
19:18:54.314 [main] DEBUG net.thucydides.core.steps.StepEventBus - Test suite started for story net.thucydides.core.model.Story@aad6890f
19:18:54.314 [main] INFO  - Test Suite Started: As a admin I want to see list room in room page
19:18:54.315 [main] INFO io.cucumber.core.plugin.SerenityReporter - Running feature from file:///D:/kampus%20merdeka/QE_Capstone%20Kanbo/capstone/web/src/test/resources/features/Search.feature
19:18:54.320 [main] DEBUG net.thucydides.core.steps.StepEventBus - Test suite started for story net.thucydides.core.model.Story@5bc8dd90
19:18:54.320 [main] INFO  - Test Suite Started: As admin I want to search building So that i can see existing building
19:18:54.321 [main] INFO io.cucumber.core.plugin.SerenityReporter - Running feature from file:///D:/kampus%20merdeka/QE_Capstone%20Kanbo/capstone/web/src/test/resources/features/Building.feature
19:18:54.325 [main] DEBUG net.thucydides.core.steps.StepEventBus - Test suite started for story net.thucydides.core.model.Story@1cd80e80
19:18:54.326 [main] INFO  - Test Suite Started: As admin I want to see details building on building page

@building @negatifBuild
Scenario: As admin i failed to create building with empty data &amp#27;[90m# src/test/resources/features/Building.feature:65&amp#27;[0m
19:18:54.527 [main] INFO io.cucumber.core.plugin.SerenityReporter - Running feature from file:///D:/kampus%20merdeka/QE_Capstone%20Kanbo/capstone/web/src/test/resources/features/Building.feature
19:18:54.726 [main] INFO  - 
  _____   ___   ___   _____     ___   _____     _     ___   _____   ___   ___  
 |_   _| | __| / __| |_   _|   / __| |_   _|   /_\   | _ \ |_   _| | __| |   \ 
   | |   | _|  \__ \   | |     \__ \   | |    / _ \  |   /   | |   | _|  | |) |
   |_|   |___| |___/   |_|     |___/   |_|   /_/ \_\ |_|_\   |_|   |___| |___/ 

As admin i failed to create building with empty data(as-admin-i-want-to-see-details-building-on-building-page;as-admin-i-failed-to-create-building-with-empty-data)
--------------------------------------------------------------------------------
19:18:55.980 [main] DEBUG net.thucydides.core.steps.StepInterceptor - STARTING STEP: LoginSteps.onLoginPage - openPage
19:18:56.064 [main] INFO net.serenitybdd.core.webdriver.driverproviders.ChromeDriverProvider - Using automatically driver download
19:18:57.519 [main] DEBUG io.github.bonigarcia.wdm.cache.ResolutionCache - Resolution chrome=103 in cache (valid until 19:53:54 16/07/2022 ICT)
19:18:57.532 [main] DEBUG io.github.bonigarcia.wdm.cache.ResolutionCache - Resolution chrome103=103.0.5060.53 in cache (valid until 16:36:20 17/07/2022 ICT)
19:18:57.538 [main] INFO io.github.bonigarcia.wdm.WebDriverManager - Using chromedriver 103.0.5060.53 (resolved driver for Chrome 103)
19:18:57.569 [main] DEBUG io.github.bonigarcia.wdm.WebDriverManager - Driver chromedriver 103.0.5060.53 found in cache
19:18:57.570 [main] INFO io.github.bonigarcia.wdm.WebDriverManager - Exporting webdriver.chrome.driver as C:\Users\Admin\.cache\selenium\chromedriver\win32\103.0.5060.53\chromedriver.exe
19:18:57.776 [main] DEBUG net.thucydides.core.reflection.ClassFinder - Could not load class .starter.CucumberTestSuite
19:18:57.776 [main] DEBUG net.thucydides.core.reflection.ClassFinder - Could not load class .starter.pages.BuildingPage
19:18:57.777 [main] DEBUG net.thucydides.core.reflection.ClassFinder - Could not load class .starter.pages.ChatPage
19:18:57.777 [main] DEBUG net.thucydides.core.reflection.ClassFinder - Could not load class .starter.pages.ComplexPage
19:18:57.777 [main] DEBUG net.thucydides.core.reflection.ClassFinder - Could not load class .starter.pages.CustomerPage
19:18:57.777 [main] DEBUG net.thucydides.core.reflection.ClassFinder - Could not load class .starter.pages.LoginPage
19:18:57.777 [main] DEBUG net.thucydides.core.reflection.ClassFinder - Could not load class .starter.pages.RegisterPage
19:18:57.778 [main] DEBUG net.thucydides.core.reflection.ClassFinder - Could not load class .starter.pages.ReviewPage
19:18:57.778 [main] DEBUG net.thucydides.core.reflection.ClassFinder - Could not load class .starter.pages.RoomPage
19:18:57.778 [main] DEBUG net.thucydides.core.reflection.ClassFinder - Could not load class .starter.pages.SearchBoxPage
19:18:57.778 [main] DEBUG net.thucydides.core.reflection.ClassFinder - Could not load class .starter.stepdefenitions.BuildingSteps
19:18:57.778 [main] DEBUG net.thucydides.core.reflection.ClassFinder - Could not load class .starter.stepdefenitions.ChatSteps
19:18:57.779 [main] DEBUG net.thucydides.core.reflection.ClassFinder - Could not load class .starter.stepdefenitions.ComplexSteps
19:18:57.779 [main] DEBUG net.thucydides.core.reflection.ClassFinder - Could not load class .starter.stepdefenitions.CustomerSteps
19:18:57.779 [main] DEBUG net.thucydides.core.reflection.ClassFinder - Could not load class .starter.stepdefenitions.LoginSteps
19:18:57.779 [main] DEBUG net.thucydides.core.reflection.ClassFinder - Could not load class .starter.stepdefenitions.RegisterSteps
19:18:57.780 [main] DEBUG net.thucydides.core.reflection.ClassFinder - Could not load class .starter.stepdefenitions.ReviewSteps
19:18:57.780 [main] DEBUG net.thucydides.core.reflection.ClassFinder - Could not load class .starter.stepdefenitions.RoomSteps
19:18:57.780 [main] DEBUG net.thucydides.core.reflection.ClassFinder - Could not load class .starter.stepdefenitions.SearchBoxSteps
19:18:57.944 [main] DEBUG net.serenitybdd.core.webdriver.driverproviders.ProvideNewDriver - Instantiating driver
19:18:57.944 [main] DEBUG net.serenitybdd.core.webdriver.driverproviders.ProvideNewDriver - Driver capabilities: Capabilities {acceptInsecureCerts: false, base.url: https://kanbo.netlify.app/, browserName: chrome, chrome.driver: src/test/resources/webdrive..., driver: chrome, goog:chromeOptions: {args: [], extensions: []}}
19:18:58.057 [main] DEBUG io.netty.util.internal.logging.InternalLoggerFactory - Using SLF4J as the default logging framework
19:18:58.062 [main] DEBUG io.netty.util.ResourceLeakDetector - -Dio.netty.leakDetection.level: simple
19:18:58.062 [main] DEBUG io.netty.util.ResourceLeakDetector - -Dio.netty.leakDetection.targetRecords: 4
19:18:58.067 [main] DEBUG io.netty.util.ResourceLeakDetectorFactory - Loaded default ResourceLeakDetector: io.netty.util.ResourceLeakDetector@22da2fe6
19:18:58.103 [main] DEBUG io.netty.util.internal.PlatformDependent0 - -Dio.netty.noUnsafe: false
19:18:58.103 [main] DEBUG io.netty.util.internal.PlatformDependent0 - Java version: 8
19:18:58.105 [main] DEBUG io.netty.util.internal.PlatformDependent0 - sun.misc.Unsafe.theUnsafe: available
19:18:58.106 [main] DEBUG io.netty.util.internal.PlatformDependent0 - sun.misc.Unsafe.copyMemory: available
19:18:58.107 [main] DEBUG io.netty.util.internal.PlatformDependent0 - java.nio.Buffer.address: available
19:18:58.108 [main] DEBUG io.netty.util.internal.PlatformDependent0 - direct buffer constructor: available
19:18:58.110 [main] DEBUG io.netty.util.internal.PlatformDependent0 - java.nio.Bits.unaligned: available, true
19:18:58.110 [main] DEBUG io.netty.util.internal.PlatformDependent0 - jdk.internal.misc.Unsafe.allocateUninitializedArray(int): unavailable prior to Java9
19:18:58.110 [main] DEBUG io.netty.util.internal.PlatformDependent0 - java.nio.DirectByteBuffer.<init>(long, int): available
19:18:58.111 [main] DEBUG io.netty.util.internal.PlatformDependent - sun.misc.Unsafe: available
19:18:58.112 [main] DEBUG io.netty.util.internal.PlatformDependent - -Dio.netty.tmpdir: C:\Users\Admin\AppData\Local\Temp (java.io.tmpdir)
19:18:58.112 [main] DEBUG io.netty.util.internal.PlatformDependent - -Dio.netty.bitMode: 64 (sun.arch.data.model)
19:18:58.112 [main] DEBUG io.netty.util.internal.PlatformDependent - Platform: Windows
19:18:58.114 [main] DEBUG io.netty.util.internal.PlatformDependent - -Dio.netty.maxDirectMemory: 3791650816 bytes
19:18:58.114 [main] DEBUG io.netty.util.internal.PlatformDependent - -Dio.netty.uninitializedArrayAllocationThreshold: -1
19:18:58.116 [main] DEBUG io.netty.util.internal.CleanerJava6 - java.nio.ByteBuffer.cleaner(): available
19:18:58.116 [main] DEBUG io.netty.util.internal.PlatformDependent - -Dio.netty.noPreferDirect: false
19:18:58.134 [main] DEBUG io.netty.util.internal.PlatformDependent - org.jctools-core.MpscChunkedArrayQueue: available
19:18:58.170 [main] DEBUG io.netty.util.internal.InternalThreadLocalMap - -Dio.netty.threadLocalMap.stringBuilder.initialSize: 1024
19:18:58.171 [main] DEBUG io.netty.util.internal.InternalThreadLocalMap - -Dio.netty.threadLocalMap.stringBuilder.maxSize: 4096
19:18:58.204 [main] DEBUG io.netty.handler.ssl.JdkSslContext - Default protocols (JDK): [TLSv1.2] 
19:18:58.204 [main] DEBUG io.netty.handler.ssl.JdkSslContext - Default cipher suites (JDK): [TLS_ECDHE_ECDSA_WITH_AES_256_GCM_SHA384, TLS_ECDHE_ECDSA_WITH_AES_128_GCM_SHA256, TLS_ECDHE_RSA_WITH_AES_128_GCM_SHA256, TLS_ECDHE_RSA_WITH_AES_256_GCM_SHA384, TLS_ECDHE_RSA_WITH_AES_128_CBC_SHA, TLS_ECDHE_RSA_WITH_AES_256_CBC_SHA, TLS_RSA_WITH_AES_128_GCM_SHA256, TLS_RSA_WITH_AES_128_CBC_SHA, TLS_RSA_WITH_AES_256_CBC_SHA, TLS_AES_128_GCM_SHA256, TLS_AES_256_GCM_SHA384]
19:18:58.239 [main] DEBUG io.netty.channel.MultithreadEventLoopGroup - -Dio.netty.eventLoopThreads: 8
19:18:58.254 [main] DEBUG io.netty.channel.nio.NioEventLoop - -Dio.netty.noKeySetOptimization: false
19:18:58.254 [main] DEBUG io.netty.channel.nio.NioEventLoop - -Dio.netty.selectorAutoRebuildThreshold: 512
19:18:58.323 [main] DEBUG io.netty.buffer.PooledByteBufAllocator - -Dio.netty.allocator.numHeapArenas: 8
19:18:58.323 [main] DEBUG io.netty.buffer.PooledByteBufAllocator - -Dio.netty.allocator.numDirectArenas: 8
19:18:58.324 [main] DEBUG io.netty.buffer.PooledByteBufAllocator - -Dio.netty.allocator.pageSize: 8192
19:18:58.324 [main] DEBUG io.netty.buffer.PooledByteBufAllocator - -Dio.netty.allocator.maxOrder: 11
19:18:58.324 [main] DEBUG io.netty.buffer.PooledByteBufAllocator - -Dio.netty.allocator.chunkSize: 16777216
19:18:58.324 [main] DEBUG io.netty.buffer.PooledByteBufAllocator - -Dio.netty.allocator.smallCacheSize: 256
19:18:58.324 [main] DEBUG io.netty.buffer.PooledByteBufAllocator - -Dio.netty.allocator.normalCacheSize: 64
19:18:58.324 [main] DEBUG io.netty.buffer.PooledByteBufAllocator - -Dio.netty.allocator.maxCachedBufferCapacity: 32768
19:18:58.324 [main] DEBUG io.netty.buffer.PooledByteBufAllocator - -Dio.netty.allocator.cacheTrimInterval: 8192
19:18:58.324 [main] DEBUG io.netty.buffer.PooledByteBufAllocator - -Dio.netty.allocator.cacheTrimIntervalMillis: 0
19:18:58.324 [main] DEBUG io.netty.buffer.PooledByteBufAllocator - -Dio.netty.allocator.useCacheForAllThreads: true
19:18:58.325 [main] DEBUG io.netty.buffer.PooledByteBufAllocator - -Dio.netty.allocator.maxCachedByteBuffersPerChunk: 1023
19:18:58.350 [main] DEBUG io.netty.buffer.ByteBufUtil - -Dio.netty.allocator.type: pooled
19:18:58.351 [main] DEBUG io.netty.buffer.ByteBufUtil - -Dio.netty.threadLocalDirectBufferSize: 0
19:18:58.351 [main] DEBUG io.netty.buffer.ByteBufUtil - -Dio.netty.maxThreadLocalCharBufferSize: 16384
19:18:59.328 [Forwarding newSession on session null to remote] DEBUG io.netty.channel.DefaultChannelId - -Dio.netty.processId: 14780 (auto-detected)
19:18:59.332 [Forwarding newSession on session null to remote] DEBUG io.netty.util.NetUtil - -Djava.net.preferIPv4Stack: false
19:18:59.332 [Forwarding newSession on session null to remote] DEBUG io.netty.util.NetUtil - -Djava.net.preferIPv6Addresses: false
19:18:59.516 [Forwarding newSession on session null to remote] DEBUG io.netty.util.NetUtilInitializations - Loopback interface: lo (Software Loopback Interface 1, 127.0.0.1)
19:18:59.517 [Forwarding newSession on session null to remote] DEBUG io.netty.util.NetUtil - Failed to get SOMAXCONN from sysctl and file \proc\sys\net\core\somaxconn. Default: 200
19:18:59.689 [Forwarding newSession on session null to remote] DEBUG io.netty.channel.DefaultChannelId - -Dio.netty.machineId: 10:0b:a9:ff:fe:13:bd:20 (auto-detected)
19:18:59.765 [AsyncHttpClient-1-2] DEBUG io.netty.buffer.AbstractByteBuf - -Dio.netty.buffer.checkAccessible: true
19:18:59.765 [AsyncHttpClient-1-2] DEBUG io.netty.buffer.AbstractByteBuf - -Dio.netty.buffer.checkBounds: true
19:18:59.765 [AsyncHttpClient-1-2] DEBUG io.netty.util.ResourceLeakDetectorFactory - Loaded default ResourceLeakDetector: io.netty.util.ResourceLeakDetector@3df71f39
19:18:59.785 [AsyncHttpClient-1-2] DEBUG org.asynchttpclient.netty.channel.NettyConnectListener - Using new Channel '[id: 0xc32d0073, L:/127.0.0.1:56945 - R:localhost/127.0.0.1:63236]' for 'POST' to '/session'
19:18:59.813 [AsyncHttpClient-1-2] DEBUG io.netty.util.Recycler - -Dio.netty.recycler.maxCapacityPerThread: 4096
19:18:59.813 [AsyncHttpClient-1-2] DEBUG io.netty.util.Recycler - -Dio.netty.recycler.ratio: 8
19:18:59.813 [AsyncHttpClient-1-2] DEBUG io.netty.util.Recycler - -Dio.netty.recycler.chunkSize: 32
19:18:59.814 [AsyncHttpClient-1-2] DEBUG io.netty.util.Recycler - -Dio.netty.recycler.blocking: false
19:19:00.752 [AsyncHttpClient-1-2] DEBUG io.netty.handler.codec.compression.Brotli - brotli4j not in the classpath; Brotli support will be unavailable.
19:19:00.752 [AsyncHttpClient-1-2] DEBUG org.asynchttpclient.netty.handler.HttpHandler - 

Request DefaultHttpRequest(decodeResult: success, version: HTTP/1.1)
POST /session HTTP/1.1
User-Agent: selenium/4.1.2 (java windows)
Content-Length: 612
Content-Type: application/json; charset=utf-8
host: localhost:63236
accept: */*

Response DefaultHttpResponse(decodeResult: success, version: HTTP/1.1)
HTTP/1.1 200 OK
Content-Type: application/json; charset=utf-8
cache-control: no-cache
content-length: 790

19:19:00.773 [AsyncHttpClient-1-2] DEBUG org.asynchttpclient.netty.channel.ChannelManager - Adding key: http://localhost:63236 for channel [id: 0xc32d0073, L:/127.0.0.1:56945 - R:localhost/127.0.0.1:63236]
19:19:00.980 [AsyncHttpClient-1-3] DEBUG org.asynchttpclient.netty.channel.NettyConnectListener - Using new Channel '[id: 0x335d21c7, L:/127.0.0.1:56953 - R:localhost/127.0.0.1:56946]' for 'GET' to '/json/version'
19:19:00.984 [AsyncHttpClient-1-3] DEBUG org.asynchttpclient.netty.handler.HttpHandler - 

Request DefaultFullHttpRequest(decodeResult: success, version: HTTP/1.1, content: EmptyByteBufBE)
GET /json/version HTTP/1.1
User-Agent: selenium/4.1.2 (java windows)
host: localhost:56946
accept: */*

Response DefaultHttpResponse(decodeResult: success, version: HTTP/1.1)
HTTP/1.1 200 OK
Content-Type: application/json; charset=UTF-8
content-length: 429

19:19:00.985 [AsyncHttpClient-1-3] DEBUG org.asynchttpclient.netty.channel.ChannelManager - Adding key: http://localhost:56946 for channel [id: 0x335d21c7, L:/127.0.0.1:56953 - R:localhost/127.0.0.1:56946]
19:19:01.004 [main] DEBUG io.netty.util.internal.ThreadLocalRandom - -Dio.netty.initialSeedUniquifier: 0xa05a79f5593c0d9b
19:19:01.019 [AsyncHttpClient-1-4] DEBUG org.asynchttpclient.netty.channel.NettyConnectListener - Using new Channel '[id: 0x6d1cda49, L:/127.0.0.1:56954 - R:localhost/127.0.0.1:56946]' for 'GET' to '/devtools/browser/02db6742-4050-4127-9b32-d237d973f726'
19:19:01.024 [AsyncHttpClient-1-4] DEBUG org.asynchttpclient.netty.handler.WebSocketHandler - 

Request DefaultFullHttpRequest(decodeResult: success, version: HTTP/1.1, content: EmptyByteBufBE)
GET /devtools/browser/02db6742-4050-4127-9b32-d237d973f726 HTTP/1.1
upgrade: websocket
connection: upgrade
sec-websocket-key: cYYdZ9QSIx1fKlvy0vIU/A==
sec-websocket-version: 13
origin: http://localhost:56946
host: localhost:56946
accept: */*
user-agent: AHC/2.1

Response DefaultHttpResponse(decodeResult: success, version: HTTP/1.1)
HTTP/1.1 101 WebSocket Protocol Handshake
Upgrade: WebSocket
Connection: Upgrade
Sec-WebSocket-Accept: slaMDir1KUHjdzCM54+kiI1nVQM=

19:19:01.146 [Forwarding setCurrentWindowSize on session 0e2759815c1ead409d7f90b49f3f684b to remote] DEBUG org.asynchttpclient.netty.request.NettyRequestSender - Using pooled Channel '[id: 0xc32d0073, L:/127.0.0.1:56945 - R:localhost/127.0.0.1:63236]' for 'POST' to 'http://localhost:63236/session/0e2759815c1ead409d7f90b49f3f684b/window/rect'
19:19:01.146 [Forwarding setCurrentWindowSize on session 0e2759815c1ead409d7f90b49f3f684b to remote] DEBUG org.asynchttpclient.netty.request.NettyRequestSender - Using open Channel [id: 0xc32d0073, L:/127.0.0.1:56945 - R:localhost/127.0.0.1:63236] for POST '/session/0e2759815c1ead409d7f90b49f3f684b/window/rect'
19:19:01.277 [AsyncHttpClient-1-2] DEBUG org.asynchttpclient.netty.handler.HttpHandler - 

Request DefaultHttpRequest(decodeResult: success, version: HTTP/1.1)
POST /session/0e2759815c1ead409d7f90b49f3f684b/window/rect HTTP/1.1
User-Agent: selenium/4.1.2 (java windows)
Content-Length: 37
Content-Type: application/json; charset=utf-8
host: localhost:63236
accept: */*

Response DefaultHttpResponse(decodeResult: success, version: HTTP/1.1)
HTTP/1.1 200 OK
Content-Type: application/json; charset=utf-8
cache-control: no-cache
content-length: 51

19:19:01.278 [AsyncHttpClient-1-2] DEBUG org.asynchttpclient.netty.channel.ChannelManager - Adding key: http://localhost:63236 for channel [id: 0xc32d0073, L:/127.0.0.1:56945 - R:localhost/127.0.0.1:63236]
19:19:01.288 [Forwarding setWindowPosition on session 0e2759815c1ead409d7f90b49f3f684b to remote] DEBUG org.asynchttpclient.netty.request.NettyRequestSender - Using pooled Channel '[id: 0xc32d0073, L:/127.0.0.1:56945 - R:localhost/127.0.0.1:63236]' for 'POST' to 'http://localhost:63236/session/0e2759815c1ead409d7f90b49f3f684b/window/rect'
19:19:01.288 [Forwarding setWindowPosition on session 0e2759815c1ead409d7f90b49f3f684b to remote] DEBUG org.asynchttpclient.netty.request.NettyRequestSender - Using open Channel [id: 0xc32d0073, L:/127.0.0.1:56945 - R:localhost/127.0.0.1:63236] for POST '/session/0e2759815c1ead409d7f90b49f3f684b/window/rect'
19:19:01.423 [AsyncHttpClient-1-2] DEBUG org.asynchttpclient.netty.handler.HttpHandler - 

Request DefaultHttpRequest(decodeResult: success, version: HTTP/1.1)
POST /session/0e2759815c1ead409d7f90b49f3f684b/window/rect HTTP/1.1
User-Agent: selenium/4.1.2 (java windows)
Content-Length: 22
Content-Type: application/json; charset=utf-8
host: localhost:63236
accept: */*

Response DefaultHttpResponse(decodeResult: success, version: HTTP/1.1)
HTTP/1.1 200 OK
Content-Type: application/json; charset=utf-8
cache-control: no-cache
content-length: 49

19:19:01.424 [AsyncHttpClient-1-2] DEBUG org.asynchttpclient.netty.channel.ChannelManager - Adding key: http://localhost:63236 for channel [id: 0xc32d0073, L:/127.0.0.1:56945 - R:localhost/127.0.0.1:63236]
19:19:01.451 [AsyncHttpClient-1-1] DEBUG org.asynchttpclient.netty.channel.DefaultChannelPool - Entry count for : http://localhost:63236 : 1
19:19:01.452 [AsyncHttpClient-1-1] DEBUG org.asynchttpclient.netty.channel.DefaultChannelPool - Entry count for : http://localhost:56946 : 1
19:19:01.719 [main] DEBUG net.thucydides.core.reflection.ClassFinder - Could not load class .starter.CucumberTestSuite
19:19:01.719 [main] DEBUG net.thucydides.core.reflection.ClassFinder - Could not load class .starter.pages.BuildingPage
19:19:01.719 [main] DEBUG net.thucydides.core.reflection.ClassFinder - Could not load class .starter.pages.ChatPage
19:19:01.720 [main] DEBUG net.thucydides.core.reflection.ClassFinder - Could not load class .starter.pages.ComplexPage
19:19:01.720 [main] DEBUG net.thucydides.core.reflection.ClassFinder - Could not load class .starter.pages.CustomerPage
19:19:01.720 [main] DEBUG net.thucydides.core.reflection.ClassFinder - Could not load class .starter.pages.LoginPage
19:19:01.720 [main] DEBUG net.thucydides.core.reflection.ClassFinder - Could not load class .starter.pages.RegisterPage
19:19:01.720 [main] DEBUG net.thucydides.core.reflection.ClassFinder - Could not load class .starter.pages.ReviewPage
19:19:01.720 [main] DEBUG net.thucydides.core.reflection.ClassFinder - Could not load class .starter.pages.RoomPage
19:19:01.720 [main] DEBUG net.thucydides.core.reflection.ClassFinder - Could not load class .starter.pages.SearchBoxPage
19:19:01.721 [main] DEBUG net.thucydides.core.reflection.ClassFinder - Could not load class .starter.stepdefenitions.BuildingSteps
19:19:01.721 [main] DEBUG net.thucydides.core.reflection.ClassFinder - Could not load class .starter.stepdefenitions.ChatSteps
19:19:01.724 [main] DEBUG net.thucydides.core.reflection.ClassFinder - Could not load class .starter.stepdefenitions.ComplexSteps
19:19:01.725 [main] DEBUG net.thucydides.core.reflection.ClassFinder - Could not load class .starter.stepdefenitions.CustomerSteps
19:19:01.730 [main] DEBUG net.thucydides.core.reflection.ClassFinder - Could not load class .starter.stepdefenitions.LoginSteps
19:19:01.730 [main] DEBUG net.thucydides.core.reflection.ClassFinder - Could not load class .starter.stepdefenitions.RegisterSteps
19:19:01.730 [main] DEBUG net.thucydides.core.reflection.ClassFinder - Could not load class .starter.stepdefenitions.ReviewSteps
19:19:01.730 [main] DEBUG net.thucydides.core.reflection.ClassFinder - Could not load class .starter.stepdefenitions.RoomSteps
19:19:01.730 [main] DEBUG net.thucydides.core.reflection.ClassFinder - Could not load class .starter.stepdefenitions.SearchBoxSteps
19:19:01.735 [Forwarding get on session 0e2759815c1ead409d7f90b49f3f684b to remote] DEBUG org.asynchttpclient.netty.request.NettyRequestSender - Using pooled Channel '[id: 0xc32d0073, L:/127.0.0.1:56945 - R:localhost/127.0.0.1:63236]' for 'POST' to 'http://localhost:63236/session/0e2759815c1ead409d7f90b49f3f684b/url'
19:19:01.735 [Forwarding get on session 0e2759815c1ead409d7f90b49f3f684b to remote] DEBUG org.asynchttpclient.netty.request.NettyRequestSender - Using open Channel [id: 0xc32d0073, L:/127.0.0.1:56945 - R:localhost/127.0.0.1:63236] for POST '/session/0e2759815c1ead409d7f90b49f3f684b/url'
19:19:02.547 [AsyncHttpClient-1-1] DEBUG org.asynchttpclient.netty.channel.DefaultChannelPool - Entry count for : http://localhost:56946 : 1
19:19:03.314 [AsyncHttpClient-1-2] DEBUG org.asynchttpclient.netty.handler.HttpHandler - 

Request DefaultHttpRequest(decodeResult: success, version: HTTP/1.1)
POST /session/0e2759815c1ead409d7f90b49f3f684b/url HTTP/1.1
User-Agent: selenium/4.1.2 (java windows)
Content-Length: 56
Content-Type: application/json; charset=utf-8
host: localhost:63236
accept: */*

Response DefaultHttpResponse(decodeResult: success, version: HTTP/1.1)
HTTP/1.1 200 OK
Content-Type: application/json; charset=utf-8
cache-control: no-cache
content-length: 14

19:19:03.315 [AsyncHttpClient-1-2] DEBUG org.asynchttpclient.netty.channel.ChannelManager - Adding key: http://localhost:63236 for channel [id: 0xc32d0073, L:/127.0.0.1:56945 - R:localhost/127.0.0.1:63236]
19:19:03.326 [Forwarding setTimeout on session 0e2759815c1ead409d7f90b49f3f684b to remote] DEBUG org.asynchttpclient.netty.request.NettyRequestSender - Using pooled Channel '[id: 0xc32d0073, L:/127.0.0.1:56945 - R:localhost/127.0.0.1:63236]' for 'POST' to 'http://localhost:63236/session/0e2759815c1ead409d7f90b49f3f684b/timeouts'
19:19:03.326 [Forwarding setTimeout on session 0e2759815c1ead409d7f90b49f3f684b to remote] DEBUG org.asynchttpclient.netty.request.NettyRequestSender - Using open Channel [id: 0xc32d0073, L:/127.0.0.1:56945 - R:localhost/127.0.0.1:63236] for POST '/session/0e2759815c1ead409d7f90b49f3f684b/timeouts'
19:19:03.329 [AsyncHttpClient-1-2] DEBUG org.asynchttpclient.netty.handler.HttpHandler - 

Request DefaultHttpRequest(decodeResult: success, version: HTTP/1.1)
POST /session/0e2759815c1ead409d7f90b49f3f684b/timeouts HTTP/1.1
User-Agent: selenium/4.1.2 (java windows)
Content-Length: 22
Content-Type: application/json; charset=utf-8
host: localhost:63236
accept: */*

Response DefaultHttpResponse(decodeResult: success, version: HTTP/1.1)
HTTP/1.1 200 OK
Content-Type: application/json; charset=utf-8
cache-control: no-cache
content-length: 14

19:19:03.330 [AsyncHttpClient-1-2] DEBUG org.asynchttpclient.netty.channel.ChannelManager - Adding key: http://localhost:63236 for channel [id: 0xc32d0073, L:/127.0.0.1:56945 - R:localhost/127.0.0.1:63236]
19:19:03.341 [Forwarding getCurrentUrl on session 0e2759815c1ead409d7f90b49f3f684b to remote] DEBUG org.asynchttpclient.netty.request.NettyRequestSender - Using pooled Channel '[id: 0xc32d0073, L:/127.0.0.1:56945 - R:localhost/127.0.0.1:63236]' for 'GET' to 'http://localhost:63236/session/0e2759815c1ead409d7f90b49f3f684b/url'
19:19:03.341 [Forwarding getCurrentUrl on session 0e2759815c1ead409d7f90b49f3f684b to remote] DEBUG org.asynchttpclient.netty.request.NettyRequestSender - Using open Channel [id: 0xc32d0073, L:/127.0.0.1:56945 - R:localhost/127.0.0.1:63236] for GET '/session/0e2759815c1ead409d7f90b49f3f684b/url'
19:19:03.347 [AsyncHttpClient-1-2] DEBUG org.asynchttpclient.netty.handler.HttpHandler - 

Request DefaultFullHttpRequest(decodeResult: success, version: HTTP/1.1, content: EmptyByteBufBE)
GET /session/0e2759815c1ead409d7f90b49f3f684b/url HTTP/1.1
User-Agent: selenium/4.1.2 (java windows)
Cache-Control: no-cache
Content-Type: application/json; charset=utf-8
host: localhost:63236
accept: */*

Response DefaultHttpResponse(decodeResult: success, version: HTTP/1.1)
HTTP/1.1 200 OK
Content-Type: application/json; charset=utf-8
cache-control: no-cache
content-length: 38

19:19:03.348 [AsyncHttpClient-1-2] DEBUG org.asynchttpclient.netty.channel.ChannelManager - Adding key: http://localhost:63236 for channel [id: 0xc32d0073, L:/127.0.0.1:56945 - R:localhost/127.0.0.1:63236]
19:19:03.361 [Forwarding getCurrentUrl on session 0e2759815c1ead409d7f90b49f3f684b to remote] DEBUG org.asynchttpclient.netty.request.NettyRequestSender - Using pooled Channel '[id: 0xc32d0073, L:/127.0.0.1:56945 - R:localhost/127.0.0.1:63236]' for 'GET' to 'http://localhost:63236/session/0e2759815c1ead409d7f90b49f3f684b/url'
19:19:03.361 [Forwarding getCurrentUrl on session 0e2759815c1ead409d7f90b49f3f684b to remote] DEBUG org.asynchttpclient.netty.request.NettyRequestSender - Using open Channel [id: 0xc32d0073, L:/127.0.0.1:56945 - R:localhost/127.0.0.1:63236] for GET '/session/0e2759815c1ead409d7f90b49f3f684b/url'
19:19:03.366 [AsyncHttpClient-1-2] DEBUG org.asynchttpclient.netty.handler.HttpHandler - 

Request DefaultFullHttpRequest(decodeResult: success, version: HTTP/1.1, content: EmptyByteBufBE)
GET /session/0e2759815c1ead409d7f90b49f3f684b/url HTTP/1.1
User-Agent: selenium/4.1.2 (java windows)
Cache-Control: no-cache
Content-Type: application/json; charset=utf-8
host: localhost:63236
accept: */*

Response DefaultHttpResponse(decodeResult: success, version: HTTP/1.1)
HTTP/1.1 200 OK
Content-Type: application/json; charset=utf-8
cache-control: no-cache
content-length: 38

19:19:03.366 [AsyncHttpClient-1-2] DEBUG org.asynchttpclient.netty.channel.ChannelManager - Adding key: http://localhost:63236 for channel [id: 0xc32d0073, L:/127.0.0.1:56945 - R:localhost/127.0.0.1:63236]
19:19:03.398 [main] DEBUG net.serenitybdd.core.photography.Darkroom - Opening darkroom
19:19:03.399 [Darkroom Processing Line] DEBUG net.serenitybdd.core.photography.DarkroomProcessingLine - Darkroom processing line starting up
19:19:03.403 [Forwarding screenshot on session 0e2759815c1ead409d7f90b49f3f684b to remote] DEBUG org.asynchttpclient.netty.request.NettyRequestSender - Using pooled Channel '[id: 0xc32d0073, L:/127.0.0.1:56945 - R:localhost/127.0.0.1:63236]' for 'GET' to 'http://localhost:63236/session/0e2759815c1ead409d7f90b49f3f684b/screenshot'
19:19:03.403 [Forwarding screenshot on session 0e2759815c1ead409d7f90b49f3f684b to remote] DEBUG org.asynchttpclient.netty.request.NettyRequestSender - Using open Channel [id: 0xc32d0073, L:/127.0.0.1:56945 - R:localhost/127.0.0.1:63236] for GET '/session/0e2759815c1ead409d7f90b49f3f684b/screenshot'
19:19:03.644 [AsyncHttpClient-1-1] DEBUG org.asynchttpclient.netty.channel.DefaultChannelPool - Entry count for : http://localhost:56946 : 1
19:19:03.644 [AsyncHttpClient-1-2] DEBUG org.asynchttpclient.netty.handler.HttpHandler - 

Request DefaultFullHttpRequest(decodeResult: success, version: HTTP/1.1, content: EmptyByteBufBE)
GET /session/0e2759815c1ead409d7f90b49f3f684b/screenshot HTTP/1.1
User-Agent: selenium/4.1.2 (java windows)
Cache-Control: no-cache
Content-Type: application/json; charset=utf-8
host: localhost:63236
accept: */*

Response DefaultHttpResponse(decodeResult: success, version: HTTP/1.1)
HTTP/1.1 200 OK
Content-Type: application/json; charset=utf-8
cache-control: no-cache
content-length: 226248

19:19:03.653 [AsyncHttpClient-1-2] DEBUG org.asynchttpclient.netty.channel.ChannelManager - Adding key: http://localhost:63236 for channel [id: 0xc32d0073, L:/127.0.0.1:56945 - R:localhost/127.0.0.1:63236]
19:19:03.900 [main] DEBUG net.serenitybdd.core.photography.Darkroom - Send negative for processing for target\site\serenity\2a5d2923b4b494a1ff0aeab781315180ab4dee3f7e8111246690078773e5a5c9.png
19:19:03.901 [Darkroom Processing Line] DEBUG net.serenitybdd.core.photography.DarkroomProcessingLine - Processing screenshot image in /var/screenshots/screenshot-2272562766032506538
19:19:03.902 [Darkroom Processing Line] DEBUG net.serenitybdd.core.photography.DarkroomProcessingLine - Saving screenshot to target\site\serenity\2a5d2923b4b494a1ff0aeab781315180ab4dee3f7e8111246690078773e5a5c9.png
19:19:03.928 [main] DEBUG net.thucydides.core.steps.StepInterceptor - STEP DONE: openPage
19:19:03.946 [main] DEBUG net.thucydides.core.steps.StepInterceptor - STARTING STEP: LoginSteps.onLoginPage - validationOnloginPage
19:19:03.955 [Forwarding findElement on session 0e2759815c1ead409d7f90b49f3f684b to remote] DEBUG org.asynchttpclient.netty.request.NettyRequestSender - Using pooled Channel '[id: 0xc32d0073, L:/127.0.0.1:56945 - R:localhost/127.0.0.1:63236]' for 'POST' to 'http://localhost:63236/session/0e2759815c1ead409d7f90b49f3f684b/element'
19:19:03.955 [Forwarding findElement on session 0e2759815c1ead409d7f90b49f3f684b to remote] DEBUG org.asynchttpclient.netty.request.NettyRequestSender - Using open Channel [id: 0xc32d0073, L:/127.0.0.1:56945 - R:localhost/127.0.0.1:63236] for POST '/session/0e2759815c1ead409d7f90b49f3f684b/element'
19:19:03.995 [AsyncHttpClient-1-2] DEBUG org.asynchttpclient.netty.handler.HttpHandler - 

Request DefaultHttpRequest(decodeResult: success, version: HTTP/1.1)
POST /session/0e2759815c1ead409d7f90b49f3f684b/element HTTP/1.1
User-Agent: selenium/4.1.2 (java windows)
Content-Length: 66
Content-Type: application/json; charset=utf-8
host: localhost:63236
accept: */*

Response DefaultHttpResponse(decodeResult: success, version: HTTP/1.1)
HTTP/1.1 200 OK
Content-Type: application/json; charset=utf-8
cache-control: no-cache
content-length: 88

19:19:03.995 [AsyncHttpClient-1-2] DEBUG org.asynchttpclient.netty.channel.ChannelManager - Adding key: http://localhost:63236 for channel [id: 0xc32d0073, L:/127.0.0.1:56945 - R:localhost/127.0.0.1:63236]
19:19:04.023 [Forwarding isElementDisplayed on session 0e2759815c1ead409d7f90b49f3f684b to remote] DEBUG org.asynchttpclient.netty.request.NettyRequestSender - Using pooled Channel '[id: 0xc32d0073, L:/127.0.0.1:56945 - R:localhost/127.0.0.1:63236]' for 'POST' to 'http://localhost:63236/session/0e2759815c1ead409d7f90b49f3f684b/execute/sync'
19:19:04.023 [Forwarding isElementDisplayed on session 0e2759815c1ead409d7f90b49f3f684b to remote] DEBUG org.asynchttpclient.netty.request.NettyRequestSender - Using open Channel [id: 0xc32d0073, L:/127.0.0.1:56945 - R:localhost/127.0.0.1:63236] for POST '/session/0e2759815c1ead409d7f90b49f3f684b/execute/sync'
19:19:04.057 [AsyncHttpClient-1-2] DEBUG org.asynchttpclient.netty.handler.HttpHandler - 

Request DefaultHttpRequest(decodeResult: success, version: HTTP/1.1)
POST /session/0e2759815c1ead409d7f90b49f3f684b/execute/sync HTTP/1.1
User-Agent: selenium/4.1.2 (java windows)
Content-Length: 48780
Content-Type: application/json; charset=utf-8
host: localhost:63236
accept: */*

Response DefaultHttpResponse(decodeResult: success, version: HTTP/1.1)
HTTP/1.1 200 OK
Content-Type: application/json; charset=utf-8
cache-control: no-cache
content-length: 14

19:19:04.057 [AsyncHttpClient-1-2] DEBUG org.asynchttpclient.netty.channel.ChannelManager - Adding key: http://localhost:63236 for channel [id: 0xc32d0073, L:/127.0.0.1:56945 - R:localhost/127.0.0.1:63236]
19:19:04.079 [Forwarding screenshot on session 0e2759815c1ead409d7f90b49f3f684b to remote] DEBUG org.asynchttpclient.netty.request.NettyRequestSender - Using pooled Channel '[id: 0xc32d0073, L:/127.0.0.1:56945 - R:localhost/127.0.0.1:63236]' for 'GET' to 'http://localhost:63236/session/0e2759815c1ead409d7f90b49f3f684b/screenshot'
19:19:04.079 [Forwarding screenshot on session 0e2759815c1ead409d7f90b49f3f684b to remote] DEBUG org.asynchttpclient.netty.request.NettyRequestSender - Using open Channel [id: 0xc32d0073, L:/127.0.0.1:56945 - R:localhost/127.0.0.1:63236] for GET '/session/0e2759815c1ead409d7f90b49f3f684b/screenshot'
19:19:04.283 [AsyncHttpClient-1-2] DEBUG org.asynchttpclient.netty.handler.HttpHandler - 

Request DefaultFullHttpRequest(decodeResult: success, version: HTTP/1.1, content: EmptyByteBufBE)
GET /session/0e2759815c1ead409d7f90b49f3f684b/screenshot HTTP/1.1
User-Agent: selenium/4.1.2 (java windows)
Cache-Control: no-cache
Content-Type: application/json; charset=utf-8
host: localhost:63236
accept: */*

Response DefaultHttpResponse(decodeResult: success, version: HTTP/1.1)
HTTP/1.1 200 OK
Content-Type: application/json; charset=utf-8
cache-control: no-cache
content-length: 226248

19:19:04.286 [AsyncHttpClient-1-2] DEBUG org.asynchttpclient.netty.channel.ChannelManager - Adding key: http://localhost:63236 for channel [id: 0xc32d0073, L:/127.0.0.1:56945 - R:localhost/127.0.0.1:63236]
19:19:04.304 [main] DEBUG net.serenitybdd.core.photography.Darkroom - Send negative for processing for target\site\serenity\2a5d2923b4b494a1ff0aeab781315180ab4dee3f7e8111246690078773e5a5c9.png
19:19:04.305 [main] DEBUG net.thucydides.core.steps.StepInterceptor - STEP DONE: validationOnloginPage
  &amp#27;[32mGiven &amp#27;[0m&amp#27;[32mi am on the login page&amp#27;[0m                                 &amp#27;[90m# starter.stepdefenitions.LoginSteps.onLoginPage()&amp#27;[0m
19:19:04.350 [main] DEBUG net.thucydides.core.steps.StepInterceptor - STARTING STEP: LoginSteps.inputValidEmail - inputEmail
19:19:04.359 [Forwarding findElement on session 0e2759815c1ead409d7f90b49f3f684b to remote] DEBUG org.asynchttpclient.netty.request.NettyRequestSender - Using pooled Channel '[id: 0xc32d0073, L:/127.0.0.1:56945 - R:localhost/127.0.0.1:63236]' for 'POST' to 'http://localhost:63236/session/0e2759815c1ead409d7f90b49f3f684b/element'
19:19:04.359 [Forwarding findElement on session 0e2759815c1ead409d7f90b49f3f684b to remote] DEBUG org.asynchttpclient.netty.request.NettyRequestSender - Using open Channel [id: 0xc32d0073, L:/127.0.0.1:56945 - R:localhost/127.0.0.1:63236] for POST '/session/0e2759815c1ead409d7f90b49f3f684b/element'
19:19:04.374 [AsyncHttpClient-1-2] DEBUG org.asynchttpclient.netty.handler.HttpHandler - 

Request DefaultHttpRequest(decodeResult: success, version: HTTP/1.1)
POST /session/0e2759815c1ead409d7f90b49f3f684b/element HTTP/1.1
User-Agent: selenium/4.1.2 (java windows)
Content-Length: 76
Content-Type: application/json; charset=utf-8
host: localhost:63236
accept: */*

Response DefaultHttpResponse(decodeResult: success, version: HTTP/1.1)
HTTP/1.1 200 OK
Content-Type: application/json; charset=utf-8
cache-control: no-cache
content-length: 88

19:19:04.374 [AsyncHttpClient-1-2] DEBUG org.asynchttpclient.netty.channel.ChannelManager - Adding key: http://localhost:63236 for channel [id: 0xc32d0073, L:/127.0.0.1:56945 - R:localhost/127.0.0.1:63236]
19:19:04.378 [Forwarding clearElement on session 0e2759815c1ead409d7f90b49f3f684b to remote] DEBUG org.asynchttpclient.netty.request.NettyRequestSender - Using pooled Channel '[id: 0xc32d0073, L:/127.0.0.1:56945 - R:localhost/127.0.0.1:63236]' for 'POST' to 'http://localhost:63236/session/0e2759815c1ead409d7f90b49f3f684b/element/9aa744ae-7f93-42a8-926f-4e23aabb71f9/clear'
19:19:04.378 [Forwarding clearElement on session 0e2759815c1ead409d7f90b49f3f684b to remote] DEBUG org.asynchttpclient.netty.request.NettyRequestSender - Using open Channel [id: 0xc32d0073, L:/127.0.0.1:56945 - R:localhost/127.0.0.1:63236] for POST '/session/0e2759815c1ead409d7f90b49f3f684b/element/9aa744ae-7f93-42a8-926f-4e23aabb71f9/clear'
19:19:04.419 [AsyncHttpClient-1-2] DEBUG org.asynchttpclient.netty.handler.HttpHandler - 

Request DefaultHttpRequest(decodeResult: success, version: HTTP/1.1)
POST /session/0e2759815c1ead409d7f90b49f3f684b/element/9aa744ae-7f93-42a8-926f-4e23aabb71f9/clear HTTP/1.1
User-Agent: selenium/4.1.2 (java windows)
Content-Length: 50
Content-Type: application/json; charset=utf-8
host: localhost:63236
accept: */*

Response DefaultHttpResponse(decodeResult: success, version: HTTP/1.1)
HTTP/1.1 200 OK
Content-Type: application/json; charset=utf-8
cache-control: no-cache
content-length: 14

19:19:04.420 [AsyncHttpClient-1-2] DEBUG org.asynchttpclient.netty.channel.ChannelManager - Adding key: http://localhost:63236 for channel [id: 0xc32d0073, L:/127.0.0.1:56945 - R:localhost/127.0.0.1:63236]
19:19:04.426 [Forwarding sendKeysToElement on session 0e2759815c1ead409d7f90b49f3f684b to remote] DEBUG org.asynchttpclient.netty.request.NettyRequestSender - Using pooled Channel '[id: 0xc32d0073, L:/127.0.0.1:56945 - R:localhost/127.0.0.1:63236]' for 'POST' to 'http://localhost:63236/session/0e2759815c1ead409d7f90b49f3f684b/element/9aa744ae-7f93-42a8-926f-4e23aabb71f9/value'
19:19:04.426 [Forwarding sendKeysToElement on session 0e2759815c1ead409d7f90b49f3f684b to remote] DEBUG org.asynchttpclient.netty.request.NettyRequestSender - Using open Channel [id: 0xc32d0073, L:/127.0.0.1:56945 - R:localhost/127.0.0.1:63236] for POST '/session/0e2759815c1ead409d7f90b49f3f684b/element/9aa744ae-7f93-42a8-926f-4e23aabb71f9/value'
19:19:04.577 [AsyncHttpClient-1-2] DEBUG org.asynchttpclient.netty.handler.HttpHandler - 

Request DefaultHttpRequest(decodeResult: success, version: HTTP/1.1)
POST /session/0e2759815c1ead409d7f90b49f3f684b/element/9aa744ae-7f93-42a8-926f-4e23aabb71f9/value HTTP/1.1
User-Agent: selenium/4.1.2 (java windows)
Content-Length: 261
Content-Type: application/json; charset=utf-8
host: localhost:63236
accept: */*

Response DefaultHttpResponse(decodeResult: success, version: HTTP/1.1)
HTTP/1.1 200 OK
Content-Type: application/json; charset=utf-8
cache-control: no-cache
content-length: 14

19:19:04.577 [AsyncHttpClient-1-2] DEBUG org.asynchttpclient.netty.channel.ChannelManager - Adding key: http://localhost:63236 for channel [id: 0xc32d0073, L:/127.0.0.1:56945 - R:localhost/127.0.0.1:63236]
19:19:04.589 [Forwarding screenshot on session 0e2759815c1ead409d7f90b49f3f684b to remote] DEBUG org.asynchttpclient.netty.request.NettyRequestSender - Using pooled Channel '[id: 0xc32d0073, L:/127.0.0.1:56945 - R:localhost/127.0.0.1:63236]' for 'GET' to 'http://localhost:63236/session/0e2759815c1ead409d7f90b49f3f684b/screenshot'
19:19:04.589 [Forwarding screenshot on session 0e2759815c1ead409d7f90b49f3f684b to remote] DEBUG org.asynchttpclient.netty.request.NettyRequestSender - Using open Channel [id: 0xc32d0073, L:/127.0.0.1:56945 - R:localhost/127.0.0.1:63236] for GET '/session/0e2759815c1ead409d7f90b49f3f684b/screenshot'
19:19:04.748 [AsyncHttpClient-1-1] DEBUG org.asynchttpclient.netty.channel.DefaultChannelPool - Entry count for : http://localhost:56946 : 1
19:19:04.765 [AsyncHttpClient-1-2] DEBUG org.asynchttpclient.netty.handler.HttpHandler - 

Request DefaultFullHttpRequest(decodeResult: success, version: HTTP/1.1, content: EmptyByteBufBE)
GET /session/0e2759815c1ead409d7f90b49f3f684b/screenshot HTTP/1.1
User-Agent: selenium/4.1.2 (java windows)
Cache-Control: no-cache
Content-Type: application/json; charset=utf-8
host: localhost:63236
accept: */*

Response DefaultHttpResponse(decodeResult: success, version: HTTP/1.1)
HTTP/1.1 200 OK
Content-Type: application/json; charset=utf-8
cache-control: no-cache
content-length: 231396

19:19:04.769 [AsyncHttpClient-1-2] DEBUG org.asynchttpclient.netty.channel.ChannelManager - Adding key: http://localhost:63236 for channel [id: 0xc32d0073, L:/127.0.0.1:56945 - R:localhost/127.0.0.1:63236]
19:19:04.787 [main] DEBUG net.serenitybdd.core.photography.Darkroom - Send negative for processing for target\site\serenity\b3868473e2b79f40f8dab620f33c839d85b92d940d318baf66bea1557b15d68d.png
19:19:04.788 [Darkroom Processing Line] DEBUG net.serenitybdd.core.photography.DarkroomProcessingLine - Processing screenshot image in /var/screenshots/screenshot-8860733040068651506
19:19:04.788 [main] DEBUG net.thucydides.core.steps.StepInterceptor - STEP DONE: inputEmail
19:19:04.788 [Darkroom Processing Line] DEBUG net.serenitybdd.core.photography.DarkroomProcessingLine - Saving screenshot to target\site\serenity\b3868473e2b79f40f8dab620f33c839d85b92d940d318baf66bea1557b15d68d.png
  &amp#27;[32mWhen &amp#27;[0m&amp#27;[32mi input valid email&amp#27;[0m                                     &amp#27;[90m# starter.stepdefenitions.LoginSteps.inputValidEmail()&amp#27;[0m
19:19:04.824 [main] DEBUG net.thucydides.core.steps.StepInterceptor - STARTING STEP: LoginSteps.inputValidPassword - showPass
19:19:04.840 [Forwarding findElement on session 0e2759815c1ead409d7f90b49f3f684b to remote] DEBUG org.asynchttpclient.netty.request.NettyRequestSender - Using pooled Channel '[id: 0xc32d0073, L:/127.0.0.1:56945 - R:localhost/127.0.0.1:63236]' for 'POST' to 'http://localhost:63236/session/0e2759815c1ead409d7f90b49f3f684b/element'
19:19:04.840 [Forwarding findElement on session 0e2759815c1ead409d7f90b49f3f684b to remote] DEBUG org.asynchttpclient.netty.request.NettyRequestSender - Using open Channel [id: 0xc32d0073, L:/127.0.0.1:56945 - R:localhost/127.0.0.1:63236] for POST '/session/0e2759815c1ead409d7f90b49f3f684b/element'
19:19:04.863 [AsyncHttpClient-1-2] DEBUG org.asynchttpclient.netty.handler.HttpHandler - 

Request DefaultHttpRequest(decodeResult: success, version: HTTP/1.1)
POST /session/0e2759815c1ead409d7f90b49f3f684b/element HTTP/1.1
User-Agent: selenium/4.1.2 (java windows)
Content-Length: 95
Content-Type: application/json; charset=utf-8
host: localhost:63236
accept: */*

Response DefaultHttpResponse(decodeResult: success, version: HTTP/1.1)
HTTP/1.1 200 OK
Content-Type: application/json; charset=utf-8
cache-control: no-cache
content-length: 88

19:19:04.864 [AsyncHttpClient-1-2] DEBUG org.asynchttpclient.netty.channel.ChannelManager - Adding key: http://localhost:63236 for channel [id: 0xc32d0073, L:/127.0.0.1:56945 - R:localhost/127.0.0.1:63236]
19:19:04.870 [Forwarding getElementTagName on session 0e2759815c1ead409d7f90b49f3f684b to remote] DEBUG org.asynchttpclient.netty.request.NettyRequestSender - Using pooled Channel '[id: 0xc32d0073, L:/127.0.0.1:56945 - R:localhost/127.0.0.1:63236]' for 'GET' to 'http://localhost:63236/session/0e2759815c1ead409d7f90b49f3f684b/element/0965ed2f-0f0d-42a7-970d-ea435f0a39d3/name'
19:19:04.870 [Forwarding getElementTagName on session 0e2759815c1ead409d7f90b49f3f684b to remote] DEBUG org.asynchttpclient.netty.request.NettyRequestSender - Using open Channel [id: 0xc32d0073, L:/127.0.0.1:56945 - R:localhost/127.0.0.1:63236] for GET '/session/0e2759815c1ead409d7f90b49f3f684b/element/0965ed2f-0f0d-42a7-970d-ea435f0a39d3/name'
19:19:04.879 [AsyncHttpClient-1-2] DEBUG org.asynchttpclient.netty.handler.HttpHandler - 

Request DefaultFullHttpRequest(decodeResult: success, version: HTTP/1.1, content: EmptyByteBufBE)
GET /session/0e2759815c1ead409d7f90b49f3f684b/element/0965ed2f-0f0d-42a7-970d-ea435f0a39d3/name HTTP/1.1
User-Agent: selenium/4.1.2 (java windows)
Cache-Control: no-cache
Content-Type: application/json; charset=utf-8
host: localhost:63236
accept: */*

Response DefaultHttpResponse(decodeResult: success, version: HTTP/1.1)
HTTP/1.1 200 OK
Content-Type: application/json; charset=utf-8
cache-control: no-cache
content-length: 16

19:19:04.879 [AsyncHttpClient-1-2] DEBUG org.asynchttpclient.netty.channel.ChannelManager - Adding key: http://localhost:63236 for channel [id: 0xc32d0073, L:/127.0.0.1:56945 - R:localhost/127.0.0.1:63236]
19:19:04.884 [Forwarding getElementTagName on session 0e2759815c1ead409d7f90b49f3f684b to remote] DEBUG org.asynchttpclient.netty.request.NettyRequestSender - Using pooled Channel '[id: 0xc32d0073, L:/127.0.0.1:56945 - R:localhost/127.0.0.1:63236]' for 'GET' to 'http://localhost:63236/session/0e2759815c1ead409d7f90b49f3f684b/element/0965ed2f-0f0d-42a7-970d-ea435f0a39d3/name'
19:19:04.884 [Forwarding getElementTagName on session 0e2759815c1ead409d7f90b49f3f684b to remote] DEBUG org.asynchttpclient.netty.request.NettyRequestSender - Using open Channel [id: 0xc32d0073, L:/127.0.0.1:56945 - R:localhost/127.0.0.1:63236] for GET '/session/0e2759815c1ead409d7f90b49f3f684b/element/0965ed2f-0f0d-42a7-970d-ea435f0a39d3/name'
19:19:04.895 [AsyncHttpClient-1-2] DEBUG org.asynchttpclient.netty.handler.HttpHandler - 

Request DefaultFullHttpRequest(decodeResult: success, version: HTTP/1.1, content: EmptyByteBufBE)
GET /session/0e2759815c1ead409d7f90b49f3f684b/element/0965ed2f-0f0d-42a7-970d-ea435f0a39d3/name HTTP/1.1
User-Agent: selenium/4.1.2 (java windows)
Cache-Control: no-cache
Content-Type: application/json; charset=utf-8
host: localhost:63236
accept: */*

Response DefaultHttpResponse(decodeResult: success, version: HTTP/1.1)
HTTP/1.1 200 OK
Content-Type: application/json; charset=utf-8
cache-control: no-cache
content-length: 16

19:19:04.896 [AsyncHttpClient-1-2] DEBUG org.asynchttpclient.netty.channel.ChannelManager - Adding key: http://localhost:63236 for channel [id: 0xc32d0073, L:/127.0.0.1:56945 - R:localhost/127.0.0.1:63236]
19:19:04.905 [Forwarding findElement on session 0e2759815c1ead409d7f90b49f3f684b to remote] DEBUG org.asynchttpclient.netty.request.NettyRequestSender - Using pooled Channel '[id: 0xc32d0073, L:/127.0.0.1:56945 - R:localhost/127.0.0.1:63236]' for 'POST' to 'http://localhost:63236/session/0e2759815c1ead409d7f90b49f3f684b/element'
19:19:04.905 [Forwarding findElement on session 0e2759815c1ead409d7f90b49f3f684b to remote] DEBUG org.asynchttpclient.netty.request.NettyRequestSender - Using open Channel [id: 0xc32d0073, L:/127.0.0.1:56945 - R:localhost/127.0.0.1:63236] for POST '/session/0e2759815c1ead409d7f90b49f3f684b/element'
19:19:04.930 [AsyncHttpClient-1-2] DEBUG org.asynchttpclient.netty.handler.HttpHandler - 

Request DefaultHttpRequest(decodeResult: success, version: HTTP/1.1)
POST /session/0e2759815c1ead409d7f90b49f3f684b/element HTTP/1.1
User-Agent: selenium/4.1.2 (java windows)
Content-Length: 95
Content-Type: application/json; charset=utf-8
host: localhost:63236
accept: */*

Response DefaultHttpResponse(decodeResult: success, version: HTTP/1.1)
HTTP/1.1 200 OK
Content-Type: application/json; charset=utf-8
cache-control: no-cache
content-length: 88

19:19:04.930 [AsyncHttpClient-1-2] DEBUG org.asynchttpclient.netty.channel.ChannelManager - Adding key: http://localhost:63236 for channel [id: 0xc32d0073, L:/127.0.0.1:56945 - R:localhost/127.0.0.1:63236]
19:19:04.934 [Forwarding clickElement on session 0e2759815c1ead409d7f90b49f3f684b to remote] DEBUG org.asynchttpclient.netty.request.NettyRequestSender - Using pooled Channel '[id: 0xc32d0073, L:/127.0.0.1:56945 - R:localhost/127.0.0.1:63236]' for 'POST' to 'http://localhost:63236/session/0e2759815c1ead409d7f90b49f3f684b/element/0965ed2f-0f0d-42a7-970d-ea435f0a39d3/click'
19:19:04.934 [Forwarding clickElement on session 0e2759815c1ead409d7f90b49f3f684b to remote] DEBUG org.asynchttpclient.netty.request.NettyRequestSender - Using open Channel [id: 0xc32d0073, L:/127.0.0.1:56945 - R:localhost/127.0.0.1:63236] for POST '/session/0e2759815c1ead409d7f90b49f3f684b/element/0965ed2f-0f0d-42a7-970d-ea435f0a39d3/click'
19:19:05.019 [AsyncHttpClient-1-2] DEBUG org.asynchttpclient.netty.handler.HttpHandler - 

Request DefaultHttpRequest(decodeResult: success, version: HTTP/1.1)
POST /session/0e2759815c1ead409d7f90b49f3f684b/element/0965ed2f-0f0d-42a7-970d-ea435f0a39d3/click HTTP/1.1
User-Agent: selenium/4.1.2 (java windows)
Content-Length: 50
Content-Type: application/json; charset=utf-8
host: localhost:63236
accept: */*

Response DefaultHttpResponse(decodeResult: success, version: HTTP/1.1)
HTTP/1.1 200 OK
Content-Type: application/json; charset=utf-8
cache-control: no-cache
content-length: 14

19:19:05.019 [AsyncHttpClient-1-2] DEBUG org.asynchttpclient.netty.channel.ChannelManager - Adding key: http://localhost:63236 for channel [id: 0xc32d0073, L:/127.0.0.1:56945 - R:localhost/127.0.0.1:63236]
19:19:05.036 [Forwarding screenshot on session 0e2759815c1ead409d7f90b49f3f684b to remote] DEBUG org.asynchttpclient.netty.request.NettyRequestSender - Using pooled Channel '[id: 0xc32d0073, L:/127.0.0.1:56945 - R:localhost/127.0.0.1:63236]' for 'GET' to 'http://localhost:63236/session/0e2759815c1ead409d7f90b49f3f684b/screenshot'
19:19:05.036 [Forwarding screenshot on session 0e2759815c1ead409d7f90b49f3f684b to remote] DEBUG org.asynchttpclient.netty.request.NettyRequestSender - Using open Channel [id: 0xc32d0073, L:/127.0.0.1:56945 - R:localhost/127.0.0.1:63236] for GET '/session/0e2759815c1ead409d7f90b49f3f684b/screenshot'
19:19:05.270 [AsyncHttpClient-1-2] DEBUG org.asynchttpclient.netty.handler.HttpHandler - 

Request DefaultFullHttpRequest(decodeResult: success, version: HTTP/1.1, content: EmptyByteBufBE)
GET /session/0e2759815c1ead409d7f90b49f3f684b/screenshot HTTP/1.1
User-Agent: selenium/4.1.2 (java windows)
Cache-Control: no-cache
Content-Type: application/json; charset=utf-8
host: localhost:63236
accept: */*

Response DefaultHttpResponse(decodeResult: success, version: HTTP/1.1)
HTTP/1.1 200 OK
Content-Type: application/json; charset=utf-8
cache-control: no-cache
content-length: 230264

19:19:05.274 [AsyncHttpClient-1-2] DEBUG org.asynchttpclient.netty.channel.ChannelManager - Adding key: http://localhost:63236 for channel [id: 0xc32d0073, L:/127.0.0.1:56945 - R:localhost/127.0.0.1:63236]
19:19:05.290 [main] DEBUG net.serenitybdd.core.photography.Darkroom - Send negative for processing for target\site\serenity\1f64d945581aa112a9e326d75a198002832c07176f6f857cd0bc505a1c243bb1.png
19:19:05.290 [main] DEBUG net.thucydides.core.steps.StepInterceptor - STEP DONE: showPass
19:19:05.290 [Darkroom Processing Line] DEBUG net.serenitybdd.core.photography.DarkroomProcessingLine - Processing screenshot image in /var/screenshots/screenshot-8560445517870495797
19:19:05.290 [Darkroom Processing Line] DEBUG net.serenitybdd.core.photography.DarkroomProcessingLine - Saving screenshot to target\site\serenity\1f64d945581aa112a9e326d75a198002832c07176f6f857cd0bc505a1c243bb1.png
19:19:05.305 [main] DEBUG net.thucydides.core.steps.StepInterceptor - STARTING STEP: LoginSteps.inputValidPassword - inputPassword
19:19:05.310 [Forwarding findElement on session 0e2759815c1ead409d7f90b49f3f684b to remote] DEBUG org.asynchttpclient.netty.request.NettyRequestSender - Using pooled Channel '[id: 0xc32d0073, L:/127.0.0.1:56945 - R:localhost/127.0.0.1:63236]' for 'POST' to 'http://localhost:63236/session/0e2759815c1ead409d7f90b49f3f684b/element'
19:19:05.310 [Forwarding findElement on session 0e2759815c1ead409d7f90b49f3f684b to remote] DEBUG org.asynchttpclient.netty.request.NettyRequestSender - Using open Channel [id: 0xc32d0073, L:/127.0.0.1:56945 - R:localhost/127.0.0.1:63236] for POST '/session/0e2759815c1ead409d7f90b49f3f684b/element'
19:19:05.324 [AsyncHttpClient-1-2] DEBUG org.asynchttpclient.netty.handler.HttpHandler - 

Request DefaultHttpRequest(decodeResult: success, version: HTTP/1.1)
POST /session/0e2759815c1ead409d7f90b49f3f684b/element HTTP/1.1
User-Agent: selenium/4.1.2 (java windows)
Content-Length: 63
Content-Type: application/json; charset=utf-8
host: localhost:63236
accept: */*

Response DefaultHttpResponse(decodeResult: success, version: HTTP/1.1)
HTTP/1.1 200 OK
Content-Type: application/json; charset=utf-8
cache-control: no-cache
content-length: 88

19:19:05.325 [AsyncHttpClient-1-2] DEBUG org.asynchttpclient.netty.channel.ChannelManager - Adding key: http://localhost:63236 for channel [id: 0xc32d0073, L:/127.0.0.1:56945 - R:localhost/127.0.0.1:63236]
19:19:05.327 [Forwarding clearElement on session 0e2759815c1ead409d7f90b49f3f684b to remote] DEBUG org.asynchttpclient.netty.request.NettyRequestSender - Using pooled Channel '[id: 0xc32d0073, L:/127.0.0.1:56945 - R:localhost/127.0.0.1:63236]' for 'POST' to 'http://localhost:63236/session/0e2759815c1ead409d7f90b49f3f684b/element/74bf7429-d7db-489a-bf01-39f87bda402b/clear'
19:19:05.327 [Forwarding clearElement on session 0e2759815c1ead409d7f90b49f3f684b to remote] DEBUG org.asynchttpclient.netty.request.NettyRequestSender - Using open Channel [id: 0xc32d0073, L:/127.0.0.1:56945 - R:localhost/127.0.0.1:63236] for POST '/session/0e2759815c1ead409d7f90b49f3f684b/element/74bf7429-d7db-489a-bf01-39f87bda402b/clear'
19:19:05.366 [AsyncHttpClient-1-2] DEBUG org.asynchttpclient.netty.handler.HttpHandler - 

Request DefaultHttpRequest(decodeResult: success, version: HTTP/1.1)
POST /session/0e2759815c1ead409d7f90b49f3f684b/element/74bf7429-d7db-489a-bf01-39f87bda402b/clear HTTP/1.1
User-Agent: selenium/4.1.2 (java windows)
Content-Length: 50
Content-Type: application/json; charset=utf-8
host: localhost:63236
accept: */*

Response DefaultHttpResponse(decodeResult: success, version: HTTP/1.1)
HTTP/1.1 200 OK
Content-Type: application/json; charset=utf-8
cache-control: no-cache
content-length: 14

19:19:05.367 [AsyncHttpClient-1-2] DEBUG org.asynchttpclient.netty.channel.ChannelManager - Adding key: http://localhost:63236 for channel [id: 0xc32d0073, L:/127.0.0.1:56945 - R:localhost/127.0.0.1:63236]
19:19:05.371 [Forwarding sendKeysToElement on session 0e2759815c1ead409d7f90b49f3f684b to remote] DEBUG org.asynchttpclient.netty.request.NettyRequestSender - Using pooled Channel '[id: 0xc32d0073, L:/127.0.0.1:56945 - R:localhost/127.0.0.1:63236]' for 'POST' to 'http://localhost:63236/session/0e2759815c1ead409d7f90b49f3f684b/element/74bf7429-d7db-489a-bf01-39f87bda402b/value'
19:19:05.371 [Forwarding sendKeysToElement on session 0e2759815c1ead409d7f90b49f3f684b to remote] DEBUG org.asynchttpclient.netty.request.NettyRequestSender - Using open Channel [id: 0xc32d0073, L:/127.0.0.1:56945 - R:localhost/127.0.0.1:63236] for POST '/session/0e2759815c1ead409d7f90b49f3f684b/element/74bf7429-d7db-489a-bf01-39f87bda402b/value'
19:19:05.473 [AsyncHttpClient-1-2] DEBUG org.asynchttpclient.netty.handler.HttpHandler - 

Request DefaultHttpRequest(decodeResult: success, version: HTTP/1.1)
POST /session/0e2759815c1ead409d7f90b49f3f684b/element/74bf7429-d7db-489a-bf01-39f87bda402b/value HTTP/1.1
User-Agent: selenium/4.1.2 (java windows)
Content-Length: 181
Content-Type: application/json; charset=utf-8
host: localhost:63236
accept: */*

Response DefaultHttpResponse(decodeResult: success, version: HTTP/1.1)
HTTP/1.1 200 OK
Content-Type: application/json; charset=utf-8
cache-control: no-cache
content-length: 14

19:19:05.473 [AsyncHttpClient-1-2] DEBUG org.asynchttpclient.netty.channel.ChannelManager - Adding key: http://localhost:63236 for channel [id: 0xc32d0073, L:/127.0.0.1:56945 - R:localhost/127.0.0.1:63236]
19:19:05.484 [Forwarding screenshot on session 0e2759815c1ead409d7f90b49f3f684b to remote] DEBUG org.asynchttpclient.netty.request.NettyRequestSender - Using pooled Channel '[id: 0xc32d0073, L:/127.0.0.1:56945 - R:localhost/127.0.0.1:63236]' for 'GET' to 'http://localhost:63236/session/0e2759815c1ead409d7f90b49f3f684b/screenshot'
19:19:05.484 [Forwarding screenshot on session 0e2759815c1ead409d7f90b49f3f684b to remote] DEBUG org.asynchttpclient.netty.request.NettyRequestSender - Using open Channel [id: 0xc32d0073, L:/127.0.0.1:56945 - R:localhost/127.0.0.1:63236] for GET '/session/0e2759815c1ead409d7f90b49f3f684b/screenshot'
19:19:05.735 [AsyncHttpClient-1-2] DEBUG org.asynchttpclient.netty.handler.HttpHandler - 

Request DefaultFullHttpRequest(decodeResult: success, version: HTTP/1.1, content: EmptyByteBufBE)
GET /session/0e2759815c1ead409d7f90b49f3f684b/screenshot HTTP/1.1
User-Agent: selenium/4.1.2 (java windows)
Cache-Control: no-cache
Content-Type: application/json; charset=utf-8
host: localhost:63236
accept: */*

Response DefaultHttpResponse(decodeResult: success, version: HTTP/1.1)
HTTP/1.1 200 OK
Content-Type: application/json; charset=utf-8
cache-control: no-cache
content-length: 233392

19:19:05.738 [AsyncHttpClient-1-2] DEBUG org.asynchttpclient.netty.channel.ChannelManager - Adding key: http://localhost:63236 for channel [id: 0xc32d0073, L:/127.0.0.1:56945 - R:localhost/127.0.0.1:63236]
19:19:05.756 [main] DEBUG net.serenitybdd.core.photography.Darkroom - Send negative for processing for target\site\serenity\3ece4fd11926f08c5bf85ce6af4bed34f7e08d6061a1a81642467700e67c8d73.png
19:19:05.757 [main] DEBUG net.thucydides.core.steps.StepInterceptor - STEP DONE: inputPassword
  &amp#27;[32mAnd &amp#27;[0m&amp#27;[32mi input valid password&amp#27;[0m                                   &amp#27;[90m# starter.stepdefenitions.LoginSteps.inputValidPassword()&amp#27;[0m
19:19:05.757 [Darkroom Processing Line] DEBUG net.serenitybdd.core.photography.DarkroomProcessingLine - Processing screenshot image in /var/screenshots/screenshot-1814227813953955398
19:19:05.757 [Darkroom Processing Line] DEBUG net.serenitybdd.core.photography.DarkroomProcessingLine - Saving screenshot to target\site\serenity\3ece4fd11926f08c5bf85ce6af4bed34f7e08d6061a1a81642467700e67c8d73.png
19:19:05.784 [main] DEBUG net.thucydides.core.steps.StepInterceptor - STARTING STEP: LoginSteps.clickLoginButton - clickLoginButton
19:19:05.792 [Forwarding findElement on session 0e2759815c1ead409d7f90b49f3f684b to remote] DEBUG org.asynchttpclient.netty.request.NettyRequestSender - Using pooled Channel '[id: 0xc32d0073, L:/127.0.0.1:56945 - R:localhost/127.0.0.1:63236]' for 'POST' to 'http://localhost:63236/session/0e2759815c1ead409d7f90b49f3f684b/element'
19:19:05.792 [Forwarding findElement on session 0e2759815c1ead409d7f90b49f3f684b to remote] DEBUG org.asynchttpclient.netty.request.NettyRequestSender - Using open Channel [id: 0xc32d0073, L:/127.0.0.1:56945 - R:localhost/127.0.0.1:63236] for POST '/session/0e2759815c1ead409d7f90b49f3f684b/element'
19:19:05.801 [AsyncHttpClient-1-2] DEBUG org.asynchttpclient.netty.handler.HttpHandler - 

Request DefaultHttpRequest(decodeResult: success, version: HTTP/1.1)
POST /session/0e2759815c1ead409d7f90b49f3f684b/element HTTP/1.1
User-Agent: selenium/4.1.2 (java windows)
Content-Length: 66
Content-Type: application/json; charset=utf-8
host: localhost:63236
accept: */*

Response DefaultHttpResponse(decodeResult: success, version: HTTP/1.1)
HTTP/1.1 200 OK
Content-Type: application/json; charset=utf-8
cache-control: no-cache
content-length: 88

19:19:05.802 [AsyncHttpClient-1-2] DEBUG org.asynchttpclient.netty.channel.ChannelManager - Adding key: http://localhost:63236 for channel [id: 0xc32d0073, L:/127.0.0.1:56945 - R:localhost/127.0.0.1:63236]
19:19:05.804 [Forwarding getElementTagName on session 0e2759815c1ead409d7f90b49f3f684b to remote] DEBUG org.asynchttpclient.netty.request.NettyRequestSender - Using pooled Channel '[id: 0xc32d0073, L:/127.0.0.1:56945 - R:localhost/127.0.0.1:63236]' for 'GET' to 'http://localhost:63236/session/0e2759815c1ead409d7f90b49f3f684b/element/570f464d-4b08-473b-9774-ab5349f7ffd5/name'
19:19:05.804 [Forwarding getElementTagName on session 0e2759815c1ead409d7f90b49f3f684b to remote] DEBUG org.asynchttpclient.netty.request.NettyRequestSender - Using open Channel [id: 0xc32d0073, L:/127.0.0.1:56945 - R:localhost/127.0.0.1:63236] for GET '/session/0e2759815c1ead409d7f90b49f3f684b/element/570f464d-4b08-473b-9774-ab5349f7ffd5/name'
19:19:05.811 [AsyncHttpClient-1-2] DEBUG org.asynchttpclient.netty.handler.HttpHandler - 

Request DefaultFullHttpRequest(decodeResult: success, version: HTTP/1.1, content: EmptyByteBufBE)
GET /session/0e2759815c1ead409d7f90b49f3f684b/element/570f464d-4b08-473b-9774-ab5349f7ffd5/name HTTP/1.1
User-Agent: selenium/4.1.2 (java windows)
Cache-Control: no-cache
Content-Type: application/json; charset=utf-8
host: localhost:63236
accept: */*

Response DefaultHttpResponse(decodeResult: success, version: HTTP/1.1)
HTTP/1.1 200 OK
Content-Type: application/json; charset=utf-8
cache-control: no-cache
content-length: 18

19:19:05.811 [AsyncHttpClient-1-2] DEBUG org.asynchttpclient.netty.channel.ChannelManager - Adding key: http://localhost:63236 for channel [id: 0xc32d0073, L:/127.0.0.1:56945 - R:localhost/127.0.0.1:63236]
19:19:05.814 [Forwarding getElementTagName on session 0e2759815c1ead409d7f90b49f3f684b to remote] DEBUG org.asynchttpclient.netty.request.NettyRequestSender - Using pooled Channel '[id: 0xc32d0073, L:/127.0.0.1:56945 - R:localhost/127.0.0.1:63236]' for 'GET' to 'http://localhost:63236/session/0e2759815c1ead409d7f90b49f3f684b/element/570f464d-4b08-473b-9774-ab5349f7ffd5/name'
19:19:05.814 [Forwarding getElementTagName on session 0e2759815c1ead409d7f90b49f3f684b to remote] DEBUG org.asynchttpclient.netty.request.NettyRequestSender - Using open Channel [id: 0xc32d0073, L:/127.0.0.1:56945 - R:localhost/127.0.0.1:63236] for GET '/session/0e2759815c1ead409d7f90b49f3f684b/element/570f464d-4b08-473b-9774-ab5349f7ffd5/name'
19:19:05.819 [AsyncHttpClient-1-2] DEBUG org.asynchttpclient.netty.handler.HttpHandler - 

Request DefaultFullHttpRequest(decodeResult: success, version: HTTP/1.1, content: EmptyByteBufBE)
GET /session/0e2759815c1ead409d7f90b49f3f684b/element/570f464d-4b08-473b-9774-ab5349f7ffd5/name HTTP/1.1
User-Agent: selenium/4.1.2 (java windows)
Cache-Control: no-cache
Content-Type: application/json; charset=utf-8
host: localhost:63236
accept: */*

Response DefaultHttpResponse(decodeResult: success, version: HTTP/1.1)
HTTP/1.1 200 OK
Content-Type: application/json; charset=utf-8
cache-control: no-cache
content-length: 18

19:19:05.819 [AsyncHttpClient-1-2] DEBUG org.asynchttpclient.netty.channel.ChannelManager - Adding key: http://localhost:63236 for channel [id: 0xc32d0073, L:/127.0.0.1:56945 - R:localhost/127.0.0.1:63236]
19:19:05.827 [Forwarding isElementEnabled on session 0e2759815c1ead409d7f90b49f3f684b to remote] DEBUG org.asynchttpclient.netty.request.NettyRequestSender - Using pooled Channel '[id: 0xc32d0073, L:/127.0.0.1:56945 - R:localhost/127.0.0.1:63236]' for 'GET' to 'http://localhost:63236/session/0e2759815c1ead409d7f90b49f3f684b/element/570f464d-4b08-473b-9774-ab5349f7ffd5/enabled'
19:19:05.827 [Forwarding isElementEnabled on session 0e2759815c1ead409d7f90b49f3f684b to remote] DEBUG org.asynchttpclient.netty.request.NettyRequestSender - Using open Channel [id: 0xc32d0073, L:/127.0.0.1:56945 - R:localhost/127.0.0.1:63236] for GET '/session/0e2759815c1ead409d7f90b49f3f684b/element/570f464d-4b08-473b-9774-ab5349f7ffd5/enabled'
19:19:05.837 [AsyncHttpClient-1-2] DEBUG org.asynchttpclient.netty.handler.HttpHandler - 

Request DefaultFullHttpRequest(decodeResult: success, version: HTTP/1.1, content: EmptyByteBufBE)
GET /session/0e2759815c1ead409d7f90b49f3f684b/element/570f464d-4b08-473b-9774-ab5349f7ffd5/enabled HTTP/1.1
User-Agent: selenium/4.1.2 (java windows)
Cache-Control: no-cache
Content-Type: application/json; charset=utf-8
host: localhost:63236
accept: */*

Response DefaultHttpResponse(decodeResult: success, version: HTTP/1.1)
HTTP/1.1 200 OK
Content-Type: application/json; charset=utf-8
cache-control: no-cache
content-length: 14

19:19:05.838 [AsyncHttpClient-1-2] DEBUG org.asynchttpclient.netty.channel.ChannelManager - Adding key: http://localhost:63236 for channel [id: 0xc32d0073, L:/127.0.0.1:56945 - R:localhost/127.0.0.1:63236]
19:19:05.841 [Forwarding isElementEnabled on session 0e2759815c1ead409d7f90b49f3f684b to remote] DEBUG org.asynchttpclient.netty.request.NettyRequestSender - Using pooled Channel '[id: 0xc32d0073, L:/127.0.0.1:56945 - R:localhost/127.0.0.1:63236]' for 'GET' to 'http://localhost:63236/session/0e2759815c1ead409d7f90b49f3f684b/element/570f464d-4b08-473b-9774-ab5349f7ffd5/enabled'
19:19:05.841 [Forwarding isElementEnabled on session 0e2759815c1ead409d7f90b49f3f684b to remote] DEBUG org.asynchttpclient.netty.request.NettyRequestSender - Using open Channel [id: 0xc32d0073, L:/127.0.0.1:56945 - R:localhost/127.0.0.1:63236] for GET '/session/0e2759815c1ead409d7f90b49f3f684b/element/570f464d-4b08-473b-9774-ab5349f7ffd5/enabled'
19:19:05.851 [AsyncHttpClient-1-2] DEBUG org.asynchttpclient.netty.handler.HttpHandler - 

Request DefaultFullHttpRequest(decodeResult: success, version: HTTP/1.1, content: EmptyByteBufBE)
GET /session/0e2759815c1ead409d7f90b49f3f684b/element/570f464d-4b08-473b-9774-ab5349f7ffd5/enabled HTTP/1.1
User-Agent: selenium/4.1.2 (java windows)
Cache-Control: no-cache
Content-Type: application/json; charset=utf-8
host: localhost:63236
accept: */*

Response DefaultHttpResponse(decodeResult: success, version: HTTP/1.1)
HTTP/1.1 200 OK
Content-Type: application/json; charset=utf-8
cache-control: no-cache
content-length: 14

19:19:05.851 [AsyncHttpClient-1-2] DEBUG org.asynchttpclient.netty.channel.ChannelManager - Adding key: http://localhost:63236 for channel [id: 0xc32d0073, L:/127.0.0.1:56945 - R:localhost/127.0.0.1:63236]
19:19:05.854 [AsyncHttpClient-1-1] DEBUG org.asynchttpclient.netty.channel.DefaultChannelPool - Entry count for : http://localhost:63236 : 1
19:19:05.854 [AsyncHttpClient-1-1] DEBUG org.asynchttpclient.netty.channel.DefaultChannelPool - Entry count for : http://localhost:56946 : 1
19:19:05.856 [Forwarding findElement on session 0e2759815c1ead409d7f90b49f3f684b to remote] DEBUG org.asynchttpclient.netty.request.NettyRequestSender - Using pooled Channel '[id: 0xc32d0073, L:/127.0.0.1:56945 - R:localhost/127.0.0.1:63236]' for 'POST' to 'http://localhost:63236/session/0e2759815c1ead409d7f90b49f3f684b/element'
19:19:05.856 [Forwarding findElement on session 0e2759815c1ead409d7f90b49f3f684b to remote] DEBUG org.asynchttpclient.netty.request.NettyRequestSender - Using open Channel [id: 0xc32d0073, L:/127.0.0.1:56945 - R:localhost/127.0.0.1:63236] for POST '/session/0e2759815c1ead409d7f90b49f3f684b/element'
19:19:05.865 [AsyncHttpClient-1-2] DEBUG org.asynchttpclient.netty.handler.HttpHandler - 

Request DefaultHttpRequest(decodeResult: success, version: HTTP/1.1)
POST /session/0e2759815c1ead409d7f90b49f3f684b/element HTTP/1.1
User-Agent: selenium/4.1.2 (java windows)
Content-Length: 66
Content-Type: application/json; charset=utf-8
host: localhost:63236
accept: */*

Response DefaultHttpResponse(decodeResult: success, version: HTTP/1.1)
HTTP/1.1 200 OK
Content-Type: application/json; charset=utf-8
cache-control: no-cache
content-length: 88

19:19:05.866 [AsyncHttpClient-1-2] DEBUG org.asynchttpclient.netty.channel.ChannelManager - Adding key: http://localhost:63236 for channel [id: 0xc32d0073, L:/127.0.0.1:56945 - R:localhost/127.0.0.1:63236]
19:19:05.869 [Forwarding clickElement on session 0e2759815c1ead409d7f90b49f3f684b to remote] DEBUG org.asynchttpclient.netty.request.NettyRequestSender - Using pooled Channel '[id: 0xc32d0073, L:/127.0.0.1:56945 - R:localhost/127.0.0.1:63236]' for 'POST' to 'http://localhost:63236/session/0e2759815c1ead409d7f90b49f3f684b/element/570f464d-4b08-473b-9774-ab5349f7ffd5/click'
19:19:05.869 [Forwarding clickElement on session 0e2759815c1ead409d7f90b49f3f684b to remote] DEBUG org.asynchttpclient.netty.request.NettyRequestSender - Using open Channel [id: 0xc32d0073, L:/127.0.0.1:56945 - R:localhost/127.0.0.1:63236] for POST '/session/0e2759815c1ead409d7f90b49f3f684b/element/570f464d-4b08-473b-9774-ab5349f7ffd5/click'
19:19:05.921 [AsyncHttpClient-1-2] DEBUG org.asynchttpclient.netty.handler.HttpHandler - 

Request DefaultHttpRequest(decodeResult: success, version: HTTP/1.1)
POST /session/0e2759815c1ead409d7f90b49f3f684b/element/570f464d-4b08-473b-9774-ab5349f7ffd5/click HTTP/1.1
User-Agent: selenium/4.1.2 (java windows)
Content-Length: 50
Content-Type: application/json; charset=utf-8
host: localhost:63236
accept: */*

Response DefaultHttpResponse(decodeResult: success, version: HTTP/1.1)
HTTP/1.1 200 OK
Content-Type: application/json; charset=utf-8
cache-control: no-cache
content-length: 14

19:19:05.922 [AsyncHttpClient-1-2] DEBUG org.asynchttpclient.netty.channel.ChannelManager - Adding key: http://localhost:63236 for channel [id: 0xc32d0073, L:/127.0.0.1:56945 - R:localhost/127.0.0.1:63236]
19:19:05.932 [Forwarding screenshot on session 0e2759815c1ead409d7f90b49f3f684b to remote] DEBUG org.asynchttpclient.netty.request.NettyRequestSender - Using pooled Channel '[id: 0xc32d0073, L:/127.0.0.1:56945 - R:localhost/127.0.0.1:63236]' for 'GET' to 'http://localhost:63236/session/0e2759815c1ead409d7f90b49f3f684b/screenshot'
19:19:05.933 [Forwarding screenshot on session 0e2759815c1ead409d7f90b49f3f684b to remote] DEBUG org.asynchttpclient.netty.request.NettyRequestSender - Using open Channel [id: 0xc32d0073, L:/127.0.0.1:56945 - R:localhost/127.0.0.1:63236] for GET '/session/0e2759815c1ead409d7f90b49f3f684b/screenshot'
19:19:06.172 [AsyncHttpClient-1-2] DEBUG org.asynchttpclient.netty.handler.HttpHandler - 

Request DefaultFullHttpRequest(decodeResult: success, version: HTTP/1.1, content: EmptyByteBufBE)
GET /session/0e2759815c1ead409d7f90b49f3f684b/screenshot HTTP/1.1
User-Agent: selenium/4.1.2 (java windows)
Cache-Control: no-cache
Content-Type: application/json; charset=utf-8
host: localhost:63236
accept: */*

Response DefaultHttpResponse(decodeResult: success, version: HTTP/1.1)
HTTP/1.1 200 OK
Content-Type: application/json; charset=utf-8
cache-control: no-cache
content-length: 231088

19:19:06.174 [AsyncHttpClient-1-2] DEBUG org.asynchttpclient.netty.channel.ChannelManager - Adding key: http://localhost:63236 for channel [id: 0xc32d0073, L:/127.0.0.1:56945 - R:localhost/127.0.0.1:63236]
19:19:06.191 [main] DEBUG net.serenitybdd.core.photography.Darkroom - Send negative for processing for target\site\serenity\ad4eac8545d86ff1f21e5ed20dc4809932140e15ead7bd40df09fe1eec8267a9.png
19:19:06.192 [main] DEBUG net.thucydides.core.steps.StepInterceptor - STEP DONE: clickLoginButton
19:19:06.192 [Darkroom Processing Line] DEBUG net.serenitybdd.core.photography.DarkroomProcessingLine - Processing screenshot image in /var/screenshots/screenshot-7467040492732074270
19:19:06.192 [Darkroom Processing Line] DEBUG net.serenitybdd.core.photography.DarkroomProcessingLine - Saving screenshot to target\site\serenity\ad4eac8545d86ff1f21e5ed20dc4809932140e15ead7bd40df09fe1eec8267a9.png
  &amp#27;[32mAnd &amp#27;[0m&amp#27;[32mi click login button&amp#27;[0m                                     &amp#27;[90m# starter.stepdefenitions.LoginSteps.clickLoginButton()&amp#27;[0m
19:19:06.220 [main] DEBUG net.thucydides.core.steps.StepInterceptor - STARTING STEP: LoginSteps.successLogin - validationDialog
19:19:06.226 [Forwarding findElement on session 0e2759815c1ead409d7f90b49f3f684b to remote] DEBUG org.asynchttpclient.netty.request.NettyRequestSender - Using pooled Channel '[id: 0xc32d0073, L:/127.0.0.1:56945 - R:localhost/127.0.0.1:63236]' for 'POST' to 'http://localhost:63236/session/0e2759815c1ead409d7f90b49f3f684b/element'
19:19:06.226 [Forwarding findElement on session 0e2759815c1ead409d7f90b49f3f684b to remote] DEBUG org.asynchttpclient.netty.request.NettyRequestSender - Using open Channel [id: 0xc32d0073, L:/127.0.0.1:56945 - R:localhost/127.0.0.1:63236] for POST '/session/0e2759815c1ead409d7f90b49f3f684b/element'
19:19:06.815 [AsyncHttpClient-1-2] DEBUG org.asynchttpclient.netty.handler.HttpHandler - 

Request DefaultHttpRequest(decodeResult: success, version: HTTP/1.1)
POST /session/0e2759815c1ead409d7f90b49f3f684b/element HTTP/1.1
User-Agent: selenium/4.1.2 (java windows)
Content-Length: 68
Content-Type: application/json; charset=utf-8
host: localhost:63236
accept: */*

Response DefaultHttpResponse(decodeResult: success, version: HTTP/1.1)
HTTP/1.1 200 OK
Content-Type: application/json; charset=utf-8
cache-control: no-cache
content-length: 88

19:19:06.816 [AsyncHttpClient-1-2] DEBUG org.asynchttpclient.netty.channel.ChannelManager - Adding key: http://localhost:63236 for channel [id: 0xc32d0073, L:/127.0.0.1:56945 - R:localhost/127.0.0.1:63236]
19:19:06.830 [Forwarding isElementDisplayed on session 0e2759815c1ead409d7f90b49f3f684b to remote] DEBUG org.asynchttpclient.netty.request.NettyRequestSender - Using pooled Channel '[id: 0xc32d0073, L:/127.0.0.1:56945 - R:localhost/127.0.0.1:63236]' for 'POST' to 'http://localhost:63236/session/0e2759815c1ead409d7f90b49f3f684b/execute/sync'
19:19:06.831 [Forwarding isElementDisplayed on session 0e2759815c1ead409d7f90b49f3f684b to remote] DEBUG org.asynchttpclient.netty.request.NettyRequestSender - Using open Channel [id: 0xc32d0073, L:/127.0.0.1:56945 - R:localhost/127.0.0.1:63236] for POST '/session/0e2759815c1ead409d7f90b49f3f684b/execute/sync'
19:19:06.868 [AsyncHttpClient-1-2] DEBUG org.asynchttpclient.netty.handler.HttpHandler - 

Request DefaultHttpRequest(decodeResult: success, version: HTTP/1.1)
POST /session/0e2759815c1ead409d7f90b49f3f684b/execute/sync HTTP/1.1
User-Agent: selenium/4.1.2 (java windows)
Content-Length: 48780
Content-Type: application/json; charset=utf-8
host: localhost:63236
accept: */*

Response DefaultHttpResponse(decodeResult: success, version: HTTP/1.1)
HTTP/1.1 200 OK
Content-Type: application/json; charset=utf-8
cache-control: no-cache
content-length: 14

19:19:06.869 [AsyncHttpClient-1-2] DEBUG org.asynchttpclient.netty.channel.ChannelManager - Adding key: http://localhost:63236 for channel [id: 0xc32d0073, L:/127.0.0.1:56945 - R:localhost/127.0.0.1:63236]
19:19:06.879 [Forwarding screenshot on session 0e2759815c1ead409d7f90b49f3f684b to remote] DEBUG org.asynchttpclient.netty.request.NettyRequestSender - Using pooled Channel '[id: 0xc32d0073, L:/127.0.0.1:56945 - R:localhost/127.0.0.1:63236]' for 'GET' to 'http://localhost:63236/session/0e2759815c1ead409d7f90b49f3f684b/screenshot'
19:19:06.879 [Forwarding screenshot on session 0e2759815c1ead409d7f90b49f3f684b to remote] DEBUG org.asynchttpclient.netty.request.NettyRequestSender - Using open Channel [id: 0xc32d0073, L:/127.0.0.1:56945 - R:localhost/127.0.0.1:63236] for GET '/session/0e2759815c1ead409d7f90b49f3f684b/screenshot'
19:19:06.947 [AsyncHttpClient-1-1] DEBUG org.asynchttpclient.netty.channel.DefaultChannelPool - Entry count for : http://localhost:56946 : 1
19:19:07.081 [AsyncHttpClient-1-2] DEBUG org.asynchttpclient.netty.handler.HttpHandler - 

Request DefaultFullHttpRequest(decodeResult: success, version: HTTP/1.1, content: EmptyByteBufBE)
GET /session/0e2759815c1ead409d7f90b49f3f684b/screenshot HTTP/1.1
User-Agent: selenium/4.1.2 (java windows)
Cache-Control: no-cache
Content-Type: application/json; charset=utf-8
host: localhost:63236
accept: */*

Response DefaultHttpResponse(decodeResult: success, version: HTTP/1.1)
HTTP/1.1 200 OK
Content-Type: application/json; charset=utf-8
cache-control: no-cache
[...]
19:19:11.219 [Forwarding isElementEnabled on session 0e2759815c1ead409d7f90b49f3f684b to remote] DEBUG org.asynchttpclient.netty.request.NettyRequestSender - Using open Channel [id: 0xc32d0073, L:/127.0.0.1:56945 - R:localhost/127.0.0.1:63236] for GET '/session/0e2759815c1ead409d7f90b49f3f684b/element/fb0bac72-510b-48b7-87b6-238d5992f4ab/enabled'
19:19:11.232 [AsyncHttpClient-1-2] DEBUG org.asynchttpclient.netty.handler.HttpHandler - 

Request DefaultFullHttpRequest(decodeResult: success, version: HTTP/1.1, content: EmptyByteBufBE)
GET /session/0e2759815c1ead409d7f90b49f3f684b/element/fb0bac72-510b-48b7-87b6-238d5992f4ab/enabled HTTP/1.1
User-Agent: selenium/4.1.2 (java windows)
Cache-Control: no-cache
Content-Type: application/json; charset=utf-8
host: localhost:63236
accept: */*

Response DefaultHttpResponse(decodeResult: success, version: HTTP/1.1)
HTTP/1.1 200 OK
Content-Type: application/json; charset=utf-8
cache-control: no-cache
content-length: 14

19:19:11.233 [AsyncHttpClient-1-2] DEBUG org.asynchttpclient.netty.channel.ChannelManager - Adding key: http://localhost:63236 for channel [id: 0xc32d0073, L:/127.0.0.1:56945 - R:localhost/127.0.0.1:63236]
19:19:11.235 [Forwarding isElementEnabled on session 0e2759815c1ead409d7f90b49f3f684b to remote] DEBUG org.asynchttpclient.netty.request.NettyRequestSender - Using pooled Channel '[id: 0xc32d0073, L:/127.0.0.1:56945 - R:localhost/127.0.0.1:63236]' for 'GET' to 'http://localhost:63236/session/0e2759815c1ead409d7f90b49f3f684b/element/fb0bac72-510b-48b7-87b6-238d5992f4ab/enabled'
19:19:11.235 [Forwarding isElementEnabled on session 0e2759815c1ead409d7f90b49f3f684b to remote] DEBUG org.asynchttpclient.netty.request.NettyRequestSender - Using open Channel [id: 0xc32d0073, L:/127.0.0.1:56945 - R:localhost/127.0.0.1:63236] for GET '/session/0e2759815c1ead409d7f90b49f3f684b/element/fb0bac72-510b-48b7-87b6-238d5992f4ab/enabled'
19:19:11.244 [AsyncHttpClient-1-2] DEBUG org.asynchttpclient.netty.handler.HttpHandler - 

Request DefaultFullHttpRequest(decodeResult: success, version: HTTP/1.1, content: EmptyByteBufBE)
GET /session/0e2759815c1ead409d7f90b49f3f684b/element/fb0bac72-510b-48b7-87b6-238d5992f4ab/enabled HTTP/1.1
User-Agent: selenium/4.1.2 (java windows)
Cache-Control: no-cache
Content-Type: application/json; charset=utf-8
host: localhost:63236
accept: */*

Response DefaultHttpResponse(decodeResult: success, version: HTTP/1.1)
HTTP/1.1 200 OK
Content-Type: application/json; charset=utf-8
cache-control: no-cache
content-length: 14

19:19:11.244 [AsyncHttpClient-1-2] DEBUG org.asynchttpclient.netty.channel.ChannelManager - Adding key: http://localhost:63236 for channel [id: 0xc32d0073, L:/127.0.0.1:56945 - R:localhost/127.0.0.1:63236]
19:19:11.248 [Forwarding findElement on session 0e2759815c1ead409d7f90b49f3f684b to remote] DEBUG org.asynchttpclient.netty.request.NettyRequestSender - Using pooled Channel '[id: 0xc32d0073, L:/127.0.0.1:56945 - R:localhost/127.0.0.1:63236]' for 'POST' to 'http://localhost:63236/session/0e2759815c1ead409d7f90b49f3f684b/element'
19:19:11.248 [Forwarding findElement on session 0e2759815c1ead409d7f90b49f3f684b to remote] DEBUG org.asynchttpclient.netty.request.NettyRequestSender - Using open Channel [id: 0xc32d0073, L:/127.0.0.1:56945 - R:localhost/127.0.0.1:63236] for POST '/session/0e2759815c1ead409d7f90b49f3f684b/element'
19:19:11.257 [AsyncHttpClient-1-2] DEBUG org.asynchttpclient.netty.handler.HttpHandler - 

Request DefaultHttpRequest(decodeResult: success, version: HTTP/1.1)
POST /session/0e2759815c1ead409d7f90b49f3f684b/element HTTP/1.1
User-Agent: selenium/4.1.2 (java windows)
Content-Length: 92
Content-Type: application/json; charset=utf-8
host: localhost:63236
accept: */*

Response DefaultHttpResponse(decodeResult: success, version: HTTP/1.1)
HTTP/1.1 200 OK
Content-Type: application/json; charset=utf-8
cache-control: no-cache
content-length: 88

19:19:11.257 [AsyncHttpClient-1-2] DEBUG org.asynchttpclient.netty.channel.ChannelManager - Adding key: http://localhost:63236 for channel [id: 0xc32d0073, L:/127.0.0.1:56945 - R:localhost/127.0.0.1:63236]
19:19:11.260 [Forwarding clickElement on session 0e2759815c1ead409d7f90b49f3f684b to remote] DEBUG org.asynchttpclient.netty.request.NettyRequestSender - Using pooled Channel '[id: 0xc32d0073, L:/127.0.0.1:56945 - R:localhost/127.0.0.1:63236]' for 'POST' to 'http://localhost:63236/session/0e2759815c1ead409d7f90b49f3f684b/element/fb0bac72-510b-48b7-87b6-238d5992f4ab/click'
19:19:11.260 [Forwarding clickElement on session 0e2759815c1ead409d7f90b49f3f684b to remote] DEBUG org.asynchttpclient.netty.request.NettyRequestSender - Using open Channel [id: 0xc32d0073, L:/127.0.0.1:56945 - R:localhost/127.0.0.1:63236] for POST '/session/0e2759815c1ead409d7f90b49f3f684b/element/fb0bac72-510b-48b7-87b6-238d5992f4ab/click'
19:19:11.338 [AsyncHttpClient-1-2] DEBUG org.asynchttpclient.netty.handler.HttpHandler - 

Request DefaultHttpRequest(decodeResult: success, version: HTTP/1.1)
POST /session/0e2759815c1ead409d7f90b49f3f684b/element/fb0bac72-510b-48b7-87b6-238d5992f4ab/click HTTP/1.1
User-Agent: selenium/4.1.2 (java windows)
Content-Length: 50
Content-Type: application/json; charset=utf-8
host: localhost:63236
accept: */*

Response DefaultHttpResponse(decodeResult: success, version: HTTP/1.1)
HTTP/1.1 200 OK
Content-Type: application/json; charset=utf-8
cache-control: no-cache
content-length: 14

19:19:11.338 [AsyncHttpClient-1-2] DEBUG org.asynchttpclient.netty.channel.ChannelManager - Adding key: http://localhost:63236 for channel [id: 0xc32d0073, L:/127.0.0.1:56945 - R:localhost/127.0.0.1:63236]
19:19:11.351 [Forwarding screenshot on session 0e2759815c1ead409d7f90b49f3f684b to remote] DEBUG org.asynchttpclient.netty.request.NettyRequestSender - Using pooled Channel '[id: 0xc32d0073, L:/127.0.0.1:56945 - R:localhost/127.0.0.1:63236]' for 'GET' to 'http://localhost:63236/session/0e2759815c1ead409d7f90b49f3f684b/screenshot'
19:19:11.351 [Forwarding screenshot on session 0e2759815c1ead409d7f90b49f3f684b to remote] DEBUG org.asynchttpclient.netty.request.NettyRequestSender - Using open Channel [id: 0xc32d0073, L:/127.0.0.1:56945 - R:localhost/127.0.0.1:63236] for GET '/session/0e2759815c1ead409d7f90b49f3f684b/screenshot'
19:19:11.360 [AsyncHttpClient-1-1] DEBUG org.asynchttpclient.netty.channel.DefaultChannelPool - Entry count for : http://localhost:56946 : 1
19:19:11.543 [AsyncHttpClient-1-2] DEBUG org.asynchttpclient.netty.handler.HttpHandler - 

Request DefaultFullHttpRequest(decodeResult: success, version: HTTP/1.1, content: EmptyByteBufBE)
GET /session/0e2759815c1ead409d7f90b49f3f684b/screenshot HTTP/1.1
User-Agent: selenium/4.1.2 (java windows)
Cache-Control: no-cache
Content-Type: application/json; charset=utf-8
host: localhost:63236
accept: */*

Response DefaultHttpResponse(decodeResult: success, version: HTTP/1.1)
HTTP/1.1 200 OK
Content-Type: application/json; charset=utf-8
cache-control: no-cache
content-length: 65748

19:19:11.544 [AsyncHttpClient-1-2] DEBUG org.asynchttpclient.netty.channel.ChannelManager - Adding key: http://localhost:63236 for channel [id: 0xc32d0073, L:/127.0.0.1:56945 - R:localhost/127.0.0.1:63236]
19:19:11.551 [main] DEBUG net.serenitybdd.core.photography.Darkroom - Send negative for processing for target\site\serenity\02dfabb2238de911e037946b94fb0cbbd9de12f78072819aa67fa9f06d04baec.png
19:19:11.551 [main] DEBUG net.thucydides.core.steps.StepInterceptor - STEP DONE: clickAddBuilding
  &amp#27;[32mAnd &amp#27;[0m&amp#27;[32madmin click create&amp#27;[0m                                       &amp#27;[90m# starter.stepdefenitions.BuildingSteps.adminClickCreate()&amp#27;[0m
19:19:11.551 [Darkroom Processing Line] DEBUG net.serenitybdd.core.photography.DarkroomProcessingLine - Processing screenshot image in /var/screenshots/screenshot-2799467349780031088
19:19:11.551 [Darkroom Processing Line] DEBUG net.serenitybdd.core.photography.DarkroomProcessingLine - Saving screenshot to target\site\serenity\02dfabb2238de911e037946b94fb0cbbd9de12f78072819aa67fa9f06d04baec.png
19:19:11.578 [main] DEBUG net.thucydides.core.steps.StepInterceptor - STARTING STEP: BuildingSteps.adminFailToCreteBuildingAndGetMessage - getErrorEmpty
19:19:11.582 [Forwarding findElement on session 0e2759815c1ead409d7f90b49f3f684b to remote] DEBUG org.asynchttpclient.netty.request.NettyRequestSender - Using pooled Channel '[id: 0xc32d0073, L:/127.0.0.1:56945 - R:localhost/127.0.0.1:63236]' for 'POST' to 'http://localhost:63236/session/0e2759815c1ead409d7f90b49f3f684b/element'
19:19:11.582 [Forwarding findElement on session 0e2759815c1ead409d7f90b49f3f684b to remote] DEBUG org.asynchttpclient.netty.request.NettyRequestSender - Using open Channel [id: 0xc32d0073, L:/127.0.0.1:56945 - R:localhost/127.0.0.1:63236] for POST '/session/0e2759815c1ead409d7f90b49f3f684b/element'
19:19:11.603 [AsyncHttpClient-1-2] DEBUG org.asynchttpclient.netty.handler.HttpHandler - 

Request DefaultHttpRequest(decodeResult: success, version: HTTP/1.1)
POST /session/0e2759815c1ead409d7f90b49f3f684b/element HTTP/1.1
User-Agent: selenium/4.1.2 (java windows)
Content-Length: 93
Content-Type: application/json; charset=utf-8
host: localhost:63236
accept: */*

Response DefaultHttpResponse(decodeResult: success, version: HTTP/1.1)
HTTP/1.1 200 OK
Content-Type: application/json; charset=utf-8
cache-control: no-cache
content-length: 88

19:19:11.603 [AsyncHttpClient-1-2] DEBUG org.asynchttpclient.netty.channel.ChannelManager - Adding key: http://localhost:63236 for channel [id: 0xc32d0073, L:/127.0.0.1:56945 - R:localhost/127.0.0.1:63236]
19:19:11.609 [Forwarding isElementDisplayed on session 0e2759815c1ead409d7f90b49f3f684b to remote] DEBUG org.asynchttpclient.netty.request.NettyRequestSender - Using pooled Channel '[id: 0xc32d0073, L:/127.0.0.1:56945 - R:localhost/127.0.0.1:63236]' for 'POST' to 'http://localhost:63236/session/0e2759815c1ead409d7f90b49f3f684b/execute/sync'
19:19:11.609 [Forwarding isElementDisplayed on session 0e2759815c1ead409d7f90b49f3f684b to remote] DEBUG org.asynchttpclient.netty.request.NettyRequestSender - Using open Channel [id: 0xc32d0073, L:/127.0.0.1:56945 - R:localhost/127.0.0.1:63236] for POST '/session/0e2759815c1ead409d7f90b49f3f684b/execute/sync'
19:19:11.639 [AsyncHttpClient-1-2] DEBUG org.asynchttpclient.netty.handler.HttpHandler - 

Request DefaultHttpRequest(decodeResult: success, version: HTTP/1.1)
POST /session/0e2759815c1ead409d7f90b49f3f684b/execute/sync HTTP/1.1
User-Agent: selenium/4.1.2 (java windows)
Content-Length: 48780
Content-Type: application/json; charset=utf-8
host: localhost:63236
accept: */*

Response DefaultHttpResponse(decodeResult: success, version: HTTP/1.1)
HTTP/1.1 200 OK
Content-Type: application/json; charset=utf-8
cache-control: no-cache
content-length: 14

19:19:11.640 [AsyncHttpClient-1-2] DEBUG org.asynchttpclient.netty.channel.ChannelManager - Adding key: http://localhost:63236 for channel [id: 0xc32d0073, L:/127.0.0.1:56945 - R:localhost/127.0.0.1:63236]
19:19:11.649 [Forwarding screenshot on session 0e2759815c1ead409d7f90b49f3f684b to remote] DEBUG org.asynchttpclient.netty.request.NettyRequestSender - Using pooled Channel '[id: 0xc32d0073, L:/127.0.0.1:56945 - R:localhost/127.0.0.1:63236]' for 'GET' to 'http://localhost:63236/session/0e2759815c1ead409d7f90b49f3f684b/screenshot'
19:19:11.649 [Forwarding screenshot on session 0e2759815c1ead409d7f90b49f3f684b to remote] DEBUG org.asynchttpclient.netty.request.NettyRequestSender - Using open Channel [id: 0xc32d0073, L:/127.0.0.1:56945 - R:localhost/127.0.0.1:63236] for GET '/session/0e2759815c1ead409d7f90b49f3f684b/screenshot'
19:19:11.844 [AsyncHttpClient-1-2] DEBUG org.asynchttpclient.netty.handler.HttpHandler - 

Request DefaultFullHttpRequest(decodeResult: success, version: HTTP/1.1, content: EmptyByteBufBE)
GET /session/0e2759815c1ead409d7f90b49f3f684b/screenshot HTTP/1.1
User-Agent: selenium/4.1.2 (java windows)
Cache-Control: no-cache
Content-Type: application/json; charset=utf-8
host: localhost:63236
accept: */*

Response DefaultHttpResponse(decodeResult: success, version: HTTP/1.1)
HTTP/1.1 200 OK
Content-Type: application/json; charset=utf-8
cache-control: no-cache
content-length: 65748

19:19:11.845 [AsyncHttpClient-1-2] DEBUG org.asynchttpclient.netty.channel.ChannelManager - Adding key: http://localhost:63236 for channel [id: 0xc32d0073, L:/127.0.0.1:56945 - R:localhost/127.0.0.1:63236]
19:19:11.852 [main] DEBUG net.serenitybdd.core.photography.Darkroom - Send negative for processing for target\site\serenity\02dfabb2238de911e037946b94fb0cbbd9de12f78072819aa67fa9f06d04baec.png
19:19:11.854 [main] DEBUG net.thucydides.core.steps.StepInterceptor - STEP DONE: getErrorEmpty
  &amp#27;[32mThen &amp#27;[0m&amp#27;[32madmin fail to crete building and get message&amp#27;[0m            &amp#27;[90m# starter.stepdefenitions.BuildingSteps.adminFailToCreteBuildingAndGetMessage()&amp#27;[0m
19:19:11.872 [main] INFO  - 
  _____   ___   ___   _____     ___     _     ___   ___   ___   ___  
 |_   _| | __| / __| |_   _|   | _ \   /_\   / __| / __| | __| |   \ 
   | |   | _|  \__ \   | |     |  _/  / _ \  \__ \ \__ \ | _|  | |) |
   |_|   |___| |___/   |_|     |_|   /_/ \_\ |___/ |___/ |___| |___/ 

As admin i failed to create building with empty data
----------------------------------------------------------------------
19:19:12.084 [Driver Command Executor] DEBUG org.asynchttpclient.netty.request.NettyRequestSender - Using pooled Channel '[id: 0xc32d0073, L:/127.0.0.1:56945 - R:localhost/127.0.0.1:63236]' for 'DELETE' to 'http://localhost:63236/session/0e2759815c1ead409d7f90b49f3f684b'
19:19:12.084 [Driver Command Executor] DEBUG org.asynchttpclient.netty.request.NettyRequestSender - Using open Channel [id: 0xc32d0073, L:/127.0.0.1:56945 - R:localhost/127.0.0.1:63236] for DELETE '/session/0e2759815c1ead409d7f90b49f3f684b'
19:19:12.084 [AsyncHttpClient-1-4] DEBUG org.asynchttpclient.netty.handler.WebSocketHandler - Channel Closed: [id: 0x6d1cda49, L:/127.0.0.1:56954 ! R:localhost/127.0.0.1:56946] with attribute NettyResponseFuture{currentRetry=5,
	isDone=1,
	isCancelled=0,
	asyncHandler=org.asynchttpclient.ws.WebSocketUpgradeHandler@54e60836,
	nettyRequest=org.asynchttpclient.netty.request.NettyRequest@3108e4cc,
	future=java.util.concurrent.CompletableFuture@2ecb3c99[Completed normally],
	uri=ws://localhost:56946/devtools/browser/02db6742-4050-4127-9b32-d237d973f726,
	keepAlive=true,
	redirectCount=0,
	timeoutsHolder=null,
	inAuth=0,
	touch=1657973941067}
19:19:12.085 [AsyncHttpClient-1-4] DEBUG org.asynchttpclient.netty.channel.ChannelManager - Closing Channel [id: 0x6d1cda49, L:/127.0.0.1:56954 ! R:localhost/127.0.0.1:56946] 
19:19:12.365 [AsyncHttpClient-1-3] DEBUG org.asynchttpclient.netty.handler.HttpHandler - Unexpected I/O exception on channel [id: 0x335d21c7, L:/127.0.0.1:56953 - R:localhost/127.0.0.1:56946]
java.io.IOException: An existing connection was forcibly closed by the remote host
	at sun.nio.ch.SocketDispatcher.read0(Native Method)
	at sun.nio.ch.SocketDispatcher.read(SocketDispatcher.java:43)
	at sun.nio.ch.IOUtil.readIntoNativeBuffer(IOUtil.java:223)
	at sun.nio.ch.IOUtil.read(IOUtil.java:192)
	at sun.nio.ch.SocketChannelImpl.read(SocketChannelImpl.java:378)
	at io.netty.buffer.PooledByteBuf.setBytes(PooledByteBuf.java:258)
	at io.netty.buffer.AbstractByteBuf.writeBytes(AbstractByteBuf.java:1132)
	at io.netty.channel.socket.nio.NioSocketChannel.doReadBytes(NioSocketChannel.java:350)
	at io.netty.channel.nio.AbstractNioByteChannel$NioByteUnsafe.read(AbstractNioByteChannel.java:151)
	at io.netty.channel.nio.NioEventLoop.processSelectedKey(NioEventLoop.java:722)
	at io.netty.channel.nio.NioEventLoop.processSelectedKeysOptimized(NioEventLoop.java:658)
	at io.netty.channel.nio.NioEventLoop.processSelectedKeys(NioEventLoop.java:584)
	at io.netty.channel.nio.NioEventLoop.run(NioEventLoop.java:496)
	at io.netty.util.concurrent.SingleThreadEventExecutor$4.run(SingleThreadEventExecutor.java:986)
	at io.netty.util.internal.ThreadExecutorMap$2.run(ThreadExecutorMap.java:74)
	at io.netty.util.concurrent.FastThreadLocalRunnable.run(FastThreadLocalRunnable.java:30)
	at java.lang.Thread.run(Thread.java:750)
19:19:12.365 [AsyncHttpClient-1-3] DEBUG org.asynchttpclient.netty.channel.ChannelManager - Closing Channel [id: 0x335d21c7, L:/127.0.0.1:56953 - R:localhost/127.0.0.1:56946] 
19:19:12.368 [AsyncHttpClient-1-3] DEBUG org.asynchttpclient.netty.handler.HttpHandler - Channel Closed: [id: 0x335d21c7, L:/127.0.0.1:56953 ! R:localhost/127.0.0.1:56946] with attribute DISCARD
19:19:12.396 [AsyncHttpClient-1-2] DEBUG org.asynchttpclient.netty.handler.HttpHandler - 

Request DefaultFullHttpRequest(decodeResult: success, version: HTTP/1.1, content: EmptyByteBufBE)
DELETE /session/0e2759815c1ead409d7f90b49f3f684b HTTP/1.1
User-Agent: selenium/4.1.2 (java windows)
Content-Type: application/json; charset=utf-8
host: localhost:63236
accept: */*

Response DefaultHttpResponse(decodeResult: success, version: HTTP/1.1)
HTTP/1.1 200 OK
Content-Type: application/json; charset=utf-8
cache-control: no-cache
content-length: 14

19:19:12.397 [AsyncHttpClient-1-2] DEBUG org.asynchttpclient.netty.channel.ChannelManager - Adding key: http://localhost:63236 for channel [id: 0xc32d0073, L:/127.0.0.1:56945 - R:localhost/127.0.0.1:63236]
19:19:12.444 [AsyncHttpClient-1-1] DEBUG org.asynchttpclient.netty.channel.DefaultChannelPool - Entry count for : http://localhost:63236 : 1
19:19:12.444 [AsyncHttpClient-1-1] DEBUG org.asynchttpclient.netty.channel.DefaultChannelPool - Entry count for : http://localhost:56946 : 1
19:19:12.444 [AsyncHttpClient-1-1] DEBUG org.asynchttpclient.netty.channel.DefaultChannelPool - Adding Candidate expired Channel [id: 0x335d21c7, L:/127.0.0.1:56953 ! R:localhost/127.0.0.1:56946] isIdleTimeoutExpired=false isRemotelyClosed=true isTtlExpired=false
19:19:12.444 [AsyncHttpClient-1-1] DEBUG org.asynchttpclient.netty.channel.DefaultChannelPool - Closing Idle Channel [id: 0x335d21c7, L:/127.0.0.1:56953 ! R:localhost/127.0.0.1:56946]
19:19:12.445 [AsyncHttpClient-1-1] DEBUG org.asynchttpclient.netty.channel.DefaultChannelPool - Closed 1 connections out of 2 in 0 ms
19:19:12.527 [AsyncHttpClient-1-2] DEBUG org.asynchttpclient.netty.handler.HttpHandler - Channel Closed: [id: 0xc32d0073, L:/127.0.0.1:56945 ! R:localhost/127.0.0.1:63236] with attribute DISCARD
]]></system-out>
    <system-err><![CDATA[Starting ChromeDriver 103.0.5060.53 (a1711811edd74ff1cf2150f36ffa3b0dae40b17f-refs/branch-heads/5060@{#853}) on port 63236
Only local connections are allowed.
Please see https://chromedriver.chromium.org/security-considerations for suggestions on keeping ChromeDriver safe.
ChromeDriver was started successfully.
Jul 16, 2022 7:19:00 PM org.openqa.selenium.remote.ProtocolHandshake createSession
INFO: Detected dialect: W3C
Jul 16, 2022 7:19:01 PM org.openqa.selenium.devtools.CdpVersionFinder findNearestMatch
WARNING: Unable to find an exact match for CDP version 103, so returning the closest version found: a no-op implementation
Jul 16, 2022 7:19:01 PM org.openqa.selenium.devtools.CdpVersionFinder findNearestMatch
INFO: Unable to find CDP implementation matching 103.
Jul 16, 2022 7:19:01 PM org.openqa.selenium.chromium.ChromiumDriver lambda$new$3
WARNING: Unable to find version of CDP to use for . You may need to include a dependency on a specific version of the CDP using something similar to `org.seleniumhq.selenium:selenium-devtools-v86:4.1.2` where the version ("v86") matches the version of the chromium-based browser you're using and the version number of the artifact is the same as Selenium's.
]]></system-err>
  </testcase>
</testsuite>